2024-08-26 12:09:04,519 [INFO] Activator:176 - 


2024-08-26 12:09:04,528 [INFO] Activator:177 - !SESSION log4j initialized
2024-08-26 12:09:10,429 [INFO] LogOutputStream:77 - [STDOUT_REDIRECT] 
2024-08-26 12:09:12,983 [INFO] ApplicationProperties:184 - Using Application install path: C:\ST\STM32CubeIDE_1.15.0\STM32CubeIDE\plugins\com.st.stm32cube.common.mx_6.11.1.202404110753
2024-08-26 12:09:12,998 [INFO] DbMcusXml:78 - Set database path to: C:\ST\STM32CubeIDE_1.15.0\STM32CubeIDE\plugins\com.st.stm32cube.common.mx_6.11.1.202404110753\\db\/mcu/
2024-08-26 12:09:12,998 [INFO] ApiDb:274 - Set plugin database path to: C:\ST\STM32CubeIDE_1.15.0\STM32CubeIDE\plugins\com.st.stm32cube.common.mx_6.11.1.202404110753\\db\/plugins/boardmanager/
2024-08-26 12:09:12,999 [WARN] ApiDb:259 - Overriding images path with different value:  => C:\ST\STM32CubeIDE_1.15.0\STM32CubeIDE\plugins\com.st.stm32cube.common.mx_6.11.1.202404110753\\db\/plugins/mcufinder/images/
2024-08-26 12:09:13,012 [INFO] ApiDb:250 - Set database path to: C:\Users\conor\.stmcufinder\plugins\mcufinder//mcu/
2024-08-26 12:09:13,013 [INFO] DbMcusAds:125 - Set database path to: C:\Users\conor\.stmcufinder\plugins\mcufinder//mcu/
2024-08-26 12:09:13,016 [INFO] CrossReferenceDbSqlite:203 - Set database path to: C:\Users\conor\.stmcufinder\plugins\mcufinder//mcu/cs/
2024-08-26 12:09:13,118 [INFO] RulesReader:64 - Compatibility file has been processed (297 Rules)
2024-08-26 12:09:13,195 [INFO] DbMcusXml:78 - Set database path to: C:\ST\STM32CubeIDE_1.15.0\STM32CubeIDE\plugins\com.st.stm32cube.common.mx_6.11.1.202404110753\\db\/mcu/
2024-08-26 12:09:13,195 [INFO] ApiDb:274 - Set plugin database path to: C:\ST\STM32CubeIDE_1.15.0\STM32CubeIDE\plugins\com.st.stm32cube.common.mx_6.11.1.202404110753\\db\/plugins/boardmanager/
2024-08-26 12:09:13,195 [INFO] ApiDb:261 - Set plugin images path to: C:\ST\STM32CubeIDE_1.15.0\STM32CubeIDE\plugins\com.st.stm32cube.common.mx_6.11.1.202404110753\\db\/plugins/mcufinder/images/
2024-08-26 12:09:13,195 [WARN] DbFile:41 - Overriding database path with different value: C:\Users\conor\.stmcufinder\plugins\mcufinder/ => C:\Users\conor\.stmcufinder\plugins\mcufinder
2024-08-26 12:09:13,195 [INFO] ApiDb:250 - Set database path to: C:\Users\conor\.stmcufinder\plugins\mcufinder//mcu/
2024-08-26 12:09:13,196 [WARN] DbFile:41 - Overriding database path with different value: C:\Users\conor\.stmcufinder\plugins\mcufinder/ => C:\Users\conor\.stmcufinder\plugins\mcufinder
2024-08-26 12:09:13,196 [INFO] DbMcusAds:125 - Set database path to: C:\Users\conor\.stmcufinder\plugins\mcufinder//mcu/
2024-08-26 12:09:13,196 [WARN] DbFile:41 - Overriding database path with different value: C:\Users\conor\.stmcufinder\plugins\mcufinder/ => C:\Users\conor\.stmcufinder\plugins\mcufinder
2024-08-26 12:09:13,196 [WARN] DbFile:41 - Overriding database path with different value: C:\Users\conor\.stmcufinder\plugins\mcufinder/ => C:\Users\conor\.stmcufinder\plugins\mcufinder
2024-08-26 12:09:13,196 [INFO] CrossReferenceDbSqlite:203 - Set database path to: C:\Users\conor\.stmcufinder\plugins\mcufinder//mcu/cs/
2024-08-26 12:09:13,265 [INFO] MainPanel:264 - HeapMemory: 268435456
2024-08-26 12:09:13,340 [INFO] DbMcusXml:78 - Set database path to: C:\ST\STM32CubeIDE_1.15.0\STM32CubeIDE\plugins\com.st.stm32cube.common.mx_6.11.1.202404110753\\db\/mcu/
2024-08-26 12:09:13,340 [INFO] ApiDb:274 - Set plugin database path to: C:\ST\STM32CubeIDE_1.15.0\STM32CubeIDE\plugins\com.st.stm32cube.common.mx_6.11.1.202404110753\\db\/plugins/boardmanager/
2024-08-26 12:09:13,340 [INFO] ApiDb:261 - Set plugin images path to: C:\ST\STM32CubeIDE_1.15.0\STM32CubeIDE\plugins\com.st.stm32cube.common.mx_6.11.1.202404110753\\db\/plugins/mcufinder/images/
2024-08-26 12:09:13,341 [WARN] DbFile:41 - Overriding database path with different value: C:\Users\conor\.stmcufinder\plugins\mcufinder/ => C:\Users\conor\.stmcufinder\plugins\mcufinder
2024-08-26 12:09:13,341 [INFO] ApiDb:250 - Set database path to: C:\Users\conor\.stmcufinder\plugins\mcufinder//mcu/
2024-08-26 12:09:13,341 [WARN] DbFile:41 - Overriding database path with different value: C:\Users\conor\.stmcufinder\plugins\mcufinder/ => C:\Users\conor\.stmcufinder\plugins\mcufinder
2024-08-26 12:09:13,341 [INFO] DbMcusAds:125 - Set database path to: C:\Users\conor\.stmcufinder\plugins\mcufinder//mcu/
2024-08-26 12:09:13,341 [WARN] DbFile:41 - Overriding database path with different value: C:\Users\conor\.stmcufinder\plugins\mcufinder/ => C:\Users\conor\.stmcufinder\plugins\mcufinder
2024-08-26 12:09:13,341 [WARN] DbFile:41 - Overriding database path with different value: C:\Users\conor\.stmcufinder\plugins\mcufinder/ => C:\Users\conor\.stmcufinder\plugins\mcufinder
2024-08-26 12:09:13,341 [INFO] CrossReferenceDbSqlite:203 - Set database path to: C:\Users\conor\.stmcufinder\plugins\mcufinder//mcu/cs/
2024-08-26 12:09:13,356 [INFO] ApplicationProperties:184 - Using Application install path: C:\ST\STM32CubeIDE_1.15.0\STM32CubeIDE\plugins\com.st.stm32cube.common.mx_6.11.1.202404110753
2024-08-26 12:09:13,357 [INFO] PluginManage:196 - Search for loadable plugins [exclusion list=, ]
2024-08-26 12:09:13,358 [INFO] PluginManage:310 - Check plugin analytics
2024-08-26 12:09:13,503 [INFO] AnalyticsPlugin:253 - Accepted Software Licenses: STM32CubeMX.6.10.0,STM32CubeMX.6.11.1
2024-08-26 12:09:13,503 [INFO] AnalyticsPlugin:255 - Accepted CMSIS Pack Licenses: 
2024-08-26 12:09:13,503 [INFO] AnalyticsPlugin:257 - Accepted Firmware Licenses: FW.G4.1.5.0
2024-08-26 12:09:13,505 [INFO] PluginManage:359 - Loaded plugin analytics (category:tool,tabindex:-1)
2024-08-26 12:09:13,506 [INFO] PluginManage:310 - Check plugin cadmodel
2024-08-26 12:09:13,553 [INFO] CADModel:105 - Init CAD model plugin
2024-08-26 12:09:13,553 [INFO] PluginManage:359 - Loaded plugin cadmodel (category:power,tabindex:5)
2024-08-26 12:09:13,553 [INFO] PluginManage:310 - Check plugin clock
2024-08-26 12:09:13,573 [INFO] PluginManage:359 - Loaded plugin clock (category:base,tabindex:2)
2024-08-26 12:09:13,574 [INFO] PluginManage:310 - Check plugin ddr
2024-08-26 12:09:13,576 [INFO] PluginManage:359 - Loaded plugin ddr (category:tool,tabindex:6)
2024-08-26 12:09:13,576 [INFO] PluginManage:310 - Check plugin filemanager
2024-08-26 12:09:13,701 [INFO] PluginManage:359 - Loaded plugin filemanager (category:base,tabindex:10)
2024-08-26 12:09:13,701 [INFO] PluginManage:310 - Check plugin ipmanager
2024-08-26 12:09:13,707 [INFO] PluginManage:359 - Loaded plugin ipmanager (category:base,tabindex:5)
2024-08-26 12:09:13,707 [INFO] PluginManage:310 - Check plugin lpbam
2024-08-26 12:09:13,723 [INFO] PluginManage:359 - Loaded plugin lpbam (category:base,tabindex:0)
2024-08-26 12:09:13,723 [INFO] PluginManage:310 - Check plugin memorymap
2024-08-26 12:09:13,744 [INFO] PluginManage:359 - Loaded plugin memorymap (category:base,tabindex:4)
2024-08-26 12:09:13,744 [INFO] PluginManage:310 - Check plugin pinoutandconfiguration
2024-08-26 12:09:13,760 [INFO] PluginManage:359 - Loaded plugin pinoutandconfiguration (category:base,tabindex:1)
2024-08-26 12:09:13,760 [INFO] PluginManage:310 - Check plugin pinoutconfig
2024-08-26 12:09:13,842 [WARN] SupportedApi:132 - Cannot load RTOS API schema: s4s-elt-must-match.1: The content of 'definitions' must match (annotation?, (simpleType | complexType)?, (unique | key | keyref)*)). A problem was found starting at: attribute.
2024-08-26 12:09:13,946 [INFO] PluginManage:359 - Loaded plugin pinoutconfig (category:base,tabindex:0)
2024-08-26 12:09:13,946 [INFO] PluginManage:310 - Check plugin power
2024-08-26 12:09:13,962 [INFO] PluginManage:359 - Loaded plugin power (category:power,tabindex:4)
2024-08-26 12:09:13,962 [INFO] PluginManage:310 - Check plugin projectmanager
2024-08-26 12:09:13,974 [INFO] PluginManage:359 - Loaded plugin projectmanager (category:projectmanager,tabindex:3)
2024-08-26 12:09:13,974 [INFO] PluginManage:310 - Check plugin thirdparty
2024-08-26 12:09:14,226 [INFO] PluginManage:359 - Loaded plugin thirdparty (category:base,tabindex:-1)
2024-08-26 12:09:14,226 [INFO] PluginManage:310 - Check plugin tools
2024-08-26 12:09:14,226 [WARN] IntegrityCheckThread:84 - waiting for thirdparty lock release [integrity check]
2024-08-26 12:09:14,226 [INFO] IntegrityCheckThread:86 - entering critical section [integrity check]
2024-08-26 12:09:14,226 [INFO] ThirdPartyUpdaterWithRetryManager:70 - Updater plugin not ready yet. [1/15]
2024-08-26 12:09:14,272 [INFO] PluginManage:359 - Loaded plugin tools (category:base,tabindex:7)
2024-08-26 12:09:14,272 [INFO] PluginManage:310 - Check plugin tutovideos
2024-08-26 12:09:14,454 [INFO] PluginManage:359 - Loaded plugin tutovideos (category:base,tabindex:-1)
2024-08-26 12:09:14,454 [INFO] PluginManage:310 - Check plugin updater
2024-08-26 12:09:14,463 [INFO] PluginManage:359 - Loaded plugin updater (category:base,tabindex:12)
2024-08-26 12:09:14,464 [INFO] PluginManage:310 - Check plugin userauth
2024-08-26 12:09:14,468 [INFO] UserAuth:114 - Init User Auth plugin
2024-08-26 12:09:14,468 [INFO] PluginManage:359 - Loaded plugin userauth (category:base,tabindex:14)
2024-08-26 12:09:14,469 [INFO] PluginManage:283 - PluginManage : Loaded plugins [17]
2024-08-26 12:09:14,643 [INFO] PinOutPanel:1561 - setPackage(No Configuration,No Configuration)
2024-08-26 12:09:14,703 [INFO] CADModel:165 - CPN selected for project level
2024-08-26 12:09:14,703 [INFO] CADModel:114 - Register for checkConnection events
2024-08-26 12:09:14,726 [INFO] IPUIPlugin:80 - create IPUIPlugin
2024-08-26 12:09:14,727 [INFO] PluginManager:220 - loadIPPluginJar : add adc
2024-08-26 12:09:14,757 [INFO] IPUIPlugin:80 - create IPUIPlugin
2024-08-26 12:09:14,757 [INFO] PluginManager:220 - loadIPPluginJar : add aes
2024-08-26 12:09:14,790 [INFO] IPUIPlugin:80 - create IPUIPlugin
2024-08-26 12:09:14,790 [INFO] PluginManager:220 - loadIPPluginJar : add can
2024-08-26 12:09:14,810 [INFO] IPUIPlugin:80 - create IPUIPlugin
2024-08-26 12:09:14,810 [INFO] PluginManager:220 - loadIPPluginJar : add comp
2024-08-26 12:09:14,838 [INFO] IPUIPlugin:80 - create IPUIPlugin
2024-08-26 12:09:14,838 [INFO] PluginManager:220 - loadIPPluginJar : add cryp
2024-08-26 12:09:14,862 [INFO] IPUIPlugin:80 - create IPUIPlugin
2024-08-26 12:09:14,862 [INFO] PluginManager:220 - loadIPPluginJar : add dfsdm
2024-08-26 12:09:14,874 [INFO] IPUIPlugin:80 - create IPUIPlugin
2024-08-26 12:09:14,875 [INFO] PluginManager:220 - loadIPPluginJar : add dma
2024-08-26 12:09:14,909 [INFO] IPUIPlugin:80 - create IPUIPlugin
2024-08-26 12:09:14,910 [INFO] PluginManager:220 - loadIPPluginJar : add dma3
2024-08-26 12:09:14,946 [INFO] IPUIPlugin:80 - create IPUIPlugin
2024-08-26 12:09:14,946 [INFO] PluginManager:220 - loadIPPluginJar : add extmemmanager
2024-08-26 12:09:14,966 [INFO] IPUIPlugin:80 - create IPUIPlugin
2024-08-26 12:09:14,966 [INFO] PluginManager:220 - loadIPPluginJar : add fatfs
2024-08-26 12:09:15,007 [INFO] IPUIPlugin:80 - create IPUIPlugin
2024-08-26 12:09:15,008 [INFO] PluginManager:220 - loadIPPluginJar : add fmc
2024-08-26 12:09:15,021 [INFO] IPUIPlugin:80 - create IPUIPlugin
2024-08-26 12:09:15,022 [INFO] PluginManager:220 - loadIPPluginJar : add freertos
2024-08-26 12:09:15,041 [INFO] IPUIPlugin:80 - create IPUIPlugin
2024-08-26 12:09:15,041 [INFO] PluginManager:220 - loadIPPluginJar : add genericplugin
2024-08-26 12:09:15,115 [INFO] IPUIPlugin:80 - create IPUIPlugin
2024-08-26 12:09:15,115 [INFO] PluginManager:220 - loadIPPluginJar : add gfxmmu
2024-08-26 12:09:15,216 [INFO] IPUIPlugin:80 - create IPUIPlugin
2024-08-26 12:09:15,216 [INFO] PluginManager:220 - loadIPPluginJar : add gic
2024-08-26 12:09:15,229 [INFO] IPUIPlugin:80 - create IPUIPlugin
2024-08-26 12:09:15,229 [INFO] PluginManager:220 - loadIPPluginJar : add gpio
2024-08-26 12:09:15,306 [INFO] IPUIPlugin:80 - create IPUIPlugin
2024-08-26 12:09:15,306 [INFO] PluginManager:220 - loadIPPluginJar : add gtzc
2024-08-26 12:09:15,333 [INFO] IPUIPlugin:80 - create IPUIPlugin
2024-08-26 12:09:15,333 [INFO] PluginManager:220 - loadIPPluginJar : add hash
2024-08-26 12:09:15,379 [INFO] IPUIPlugin:80 - create IPUIPlugin
2024-08-26 12:09:15,379 [INFO] PluginManager:220 - loadIPPluginJar : add i2c
2024-08-26 12:09:15,413 [INFO] IPUIPlugin:80 - create IPUIPlugin
2024-08-26 12:09:15,413 [INFO] PluginManager:220 - loadIPPluginJar : add i2s
2024-08-26 12:09:15,446 [INFO] IPUIPlugin:80 - create IPUIPlugin
2024-08-26 12:09:15,447 [INFO] PluginManager:220 - loadIPPluginJar : add i3c
2024-08-26 12:09:15,529 [INFO] IPUIPlugin:80 - create IPUIPlugin
2024-08-26 12:09:15,529 [INFO] PluginManager:220 - loadIPPluginJar : add ipddr
2024-08-26 12:09:15,601 [INFO] IPUIPlugin:80 - create IPUIPlugin
2024-08-26 12:09:15,601 [INFO] PluginManager:220 - loadIPPluginJar : add linkedlist
2024-08-26 12:09:15,632 [INFO] IPUIPlugin:80 - create IPUIPlugin
2024-08-26 12:09:15,632 [INFO] PluginManager:220 - loadIPPluginJar : add lorawan
2024-08-26 12:09:15,665 [INFO] IPUIPlugin:80 - create IPUIPlugin
2024-08-26 12:09:15,665 [INFO] PluginManager:220 - loadIPPluginJar : add ltdc
2024-08-26 12:09:15,679 [INFO] IPUIPlugin:80 - create IPUIPlugin
2024-08-26 12:09:15,679 [INFO] PluginManager:220 - loadIPPluginJar : add mdma
2024-08-26 12:09:15,691 [INFO] IPUIPlugin:80 - create IPUIPlugin
2024-08-26 12:09:15,691 [INFO] PluginManager:220 - loadIPPluginJar : add nvic
2024-08-26 12:09:15,725 [INFO] IPUIPlugin:80 - create IPUIPlugin
2024-08-26 12:09:15,725 [INFO] PluginManager:220 - loadIPPluginJar : add opamp
2024-08-26 12:09:15,774 [INFO] IPUIPlugin:80 - create IPUIPlugin
2024-08-26 12:09:15,774 [INFO] PluginManager:220 - loadIPPluginJar : add openamp
2024-08-26 12:09:15,806 [INFO] IPUIPlugin:80 - create IPUIPlugin
2024-08-26 12:09:15,806 [INFO] PluginManager:220 - loadIPPluginJar : add pdm2pcm
2024-08-26 12:09:15,818 [INFO] IPUIPlugin:80 - create IPUIPlugin
2024-08-26 12:09:15,820 [INFO] PluginManager:220 - loadIPPluginJar : add plateformsettings
2024-08-26 12:09:15,841 [INFO] IPUIPlugin:80 - create IPUIPlugin
2024-08-26 12:09:15,841 [INFO] PluginManager:220 - loadIPPluginJar : add quadspi
2024-08-26 12:09:15,852 [INFO] IPUIPlugin:80 - create IPUIPlugin
2024-08-26 12:09:15,852 [INFO] PluginManager:220 - loadIPPluginJar : add resmgrutility
2024-08-26 12:09:15,890 [INFO] IPUIPlugin:80 - create IPUIPlugin
2024-08-26 12:09:15,890 [INFO] PluginManager:220 - loadIPPluginJar : add sai
2024-08-26 12:09:15,920 [INFO] IPUIPlugin:80 - create IPUIPlugin
2024-08-26 12:09:15,920 [INFO] PluginManager:220 - loadIPPluginJar : add spi
2024-08-26 12:09:15,974 [INFO] IPUIPlugin:80 - create IPUIPlugin
2024-08-26 12:09:15,974 [INFO] PluginManager:220 - loadIPPluginJar : add stm32_wpan
2024-08-26 12:09:15,994 [INFO] IPUIPlugin:80 - create IPUIPlugin
2024-08-26 12:09:15,994 [INFO] PluginManager:220 - loadIPPluginJar : add tim
2024-08-26 12:09:16,044 [INFO] IPUIPlugin:80 - create IPUIPlugin
2024-08-26 12:09:16,045 [INFO] PluginManager:220 - loadIPPluginJar : add touchsensing
2024-08-26 12:09:16,065 [INFO] IPUIPlugin:80 - create IPUIPlugin
2024-08-26 12:09:16,065 [INFO] PluginManager:220 - loadIPPluginJar : add tracer_emb
2024-08-26 12:09:16,086 [INFO] IPUIPlugin:80 - create IPUIPlugin
2024-08-26 12:09:16,086 [INFO] PluginManager:220 - loadIPPluginJar : add ts
2024-08-26 12:09:16,108 [INFO] IPUIPlugin:80 - create IPUIPlugin
2024-08-26 12:09:16,108 [INFO] PluginManager:220 - loadIPPluginJar : add tsc
2024-08-26 12:09:16,128 [INFO] IPUIPlugin:80 - create IPUIPlugin
2024-08-26 12:09:16,128 [INFO] PluginManager:220 - loadIPPluginJar : add ucpd
2024-08-26 12:09:16,165 [INFO] IPUIPlugin:80 - create IPUIPlugin
2024-08-26 12:09:16,166 [INFO] PluginManager:220 - loadIPPluginJar : add usart
2024-08-26 12:09:16,203 [INFO] IPUIPlugin:80 - create IPUIPlugin
2024-08-26 12:09:16,203 [INFO] PluginManager:220 - loadIPPluginJar : add usbx
2024-08-26 12:09:16,321 [INFO] CADModel:165 - CPN selected for project level
2024-08-26 12:09:16,322 [INFO] CADModel:114 - Register for checkConnection events
2024-08-26 12:09:16,322 [FATAL] Updater:308 - Updater called before beeing initialized
2024-08-26 12:09:16,322 [ERROR] CADModel:125 - Updater not yet initialized, retry later 
2024-08-26 12:09:16,431 [INFO] CADModel:165 - CPN selected for project level
2024-08-26 12:09:16,431 [INFO] CADModel:114 - Register for checkConnection events
2024-08-26 12:09:16,432 [FATAL] Updater:308 - Updater called before beeing initialized
2024-08-26 12:09:16,432 [ERROR] CADModel:125 - Updater not yet initialized, retry later 
2024-08-26 12:09:16,434 [FATAL] Updater:308 - Updater called before beeing initialized
2024-08-26 12:09:16,519 [FATAL] Updater:308 - Updater called before beeing initialized
2024-08-26 12:09:16,527 [INFO] DbMcusAds:53 - JSON generation date=Thu May 16 21:22:00 NZST 2024 (1715851320667)
2024-08-26 12:09:16,528 [FATAL] Updater:308 - Updater called before beeing initialized
2024-08-26 12:09:16,560 [WARN] DetailPanel:346 - Failed to get advertising image, set to default
2024-08-26 12:09:16,665 [FATAL] Updater:308 - Updater called before beeing initialized
2024-08-26 12:09:16,667 [FATAL] Updater:308 - Updater called before beeing initialized
2024-08-26 12:09:16,667 [FATAL] Updater:308 - Updater called before beeing initialized
2024-08-26 12:09:16,667 [WARN] DetailPanel:346 - Failed to get advertising image, set to default
2024-08-26 12:09:16,668 [FATAL] Updater:308 - Updater called before beeing initialized
2024-08-26 12:09:16,751 [ERROR] Updater:1120 - MainUpdater not yet initialized. External WinMGr cannot be set.
2024-08-26 12:09:16,761 [INFO] Updater:1056 - Updater Version found : 6.11.1
2024-08-26 12:09:16,778 [INFO] ApplicationProperties:184 - Using Application install path: C:\ST\STM32CubeIDE_1.15.0\STM32CubeIDE\plugins\com.st.stm32cube.common.mx_6.11.1.202404110753
2024-08-26 12:09:17,228 [INFO] ThirdPartyUpdaterWithRetryManager:70 - Updater plugin not ready yet. [2/15]
2024-08-26 12:09:18,380 [ERROR] LogOutputStream:75 - [STDERR_REDIRECT] Aug 26, 2024 12:09:18 PM java.util.prefs.WindowsPreferences <init>
2024-08-26 12:09:18,382 [ERROR] LogOutputStream:75 - [STDERR_REDIRECT] WARNING: Could not open/create prefs root node Software\JavaSoft\Prefs at root 0xffffffff80000002. Windows RegCreateKeyEx(...) returned error code 5.
2024-08-26 12:09:18,382 [ERROR] LogOutputStream:75 - [STDERR_REDIRECT] 
2024-08-26 12:09:18,936 [INFO] MainUpdater:2873 - connection check result : 10
2024-08-26 12:09:18,936 [INFO] MainUpdater:3567 - Updater definition file requires update
2024-08-26 12:09:18,936 [INFO] MainUpdater:290 - Updater Check For Update Now.
2024-08-26 12:09:18,937 [INFO] MicroXplorer:498 - Change Database Version : DB.6.0.111
2024-08-26 12:09:18,952 [INFO] McuFinderGlobals:63 - Set McuFinder mode to 2 (CubeIDE integrated)
2024-08-26 12:09:18,960 [INFO] UserAuth:415 - Internet connection configuration mode: 1
2024-08-26 12:09:18,979 [INFO] JxBrowserEngine:152 - Initiate JxBrowser Engine with user profile folder
2024-08-26 12:09:19,068 [INFO] ServerAccessManage:473 - Download File updaters.zip
2024-08-26 12:09:19,137 [INFO] FileExtend:240 - Unzip File : updaters.zip
2024-08-26 12:09:19,138 [INFO] FileExtend:255 - Standard Zip Deflate
2024-08-26 12:09:19,696 [INFO] ServerAccessManage:473 - Download File PacksControlFlags.xml
2024-08-26 12:09:19,939 [INFO] ServerAccessManage:473 - Download File cubemx.pidx
2024-08-26 12:09:20,025 [INFO] LoadServerUpdatesThread:375 - End of LoadServerUpdate Thread
2024-08-26 12:09:20,190 [INFO] CheckServerUpdateThread:120 - End of CheckServer Thread
2024-08-26 12:09:20,539 [WARN] PackLoader:240 - Cannot read IP mode file for STMicroelectronics.FP-SNS-MOTENVWB1.1.4.0
2024-08-26 12:09:20,555 [WARN] PackLoader:240 - Cannot read IP mode file for STMicroelectronics.X-CUBE-SMBUS.2.1.0
2024-08-26 12:09:20,566 [WARN] PackLoader:240 - Cannot read IP mode file for STMicroelectronics.X-CUBE-TOUCHGFX.4.23.1
2024-08-26 12:09:20,576 [WARN] PackLoader:240 - Cannot read IP mode file for STMicroelectronics.X-CUBE-TOUCHGFX.4.23.0
2024-08-26 12:09:20,584 [WARN] PackLoader:240 - Cannot read IP mode file for STMicroelectronics.X-CUBE-TOUCHGFX.4.23.2
2024-08-26 12:09:20,617 [WARN] PackLoader:240 - Cannot read IP mode file for STMicroelectronics.X-CUBE-AZRTOS-F7.1.1.0
2024-08-26 12:09:20,633 [WARN] PackLoader:240 - Cannot read IP mode file for STMicroelectronics.FP-SNS-MOTENV1.4.3.2
2024-08-26 12:09:20,693 [WARN] PackLoader:240 - Cannot read IP mode file for STMicroelectronics.X-CUBE-MEMS1.11.0.0
2024-08-26 12:09:20,817 [WARN] PackLoader:240 - Cannot read IP mode file for STMicroelectronics.FP-SNS-FLIGHT1.5.0.2
2024-08-26 12:09:20,831 [WARN] PackLoader:240 - Cannot read IP mode file for STMicroelectronics.X-CUBE-DISPLAY.3.0.0
2024-08-26 12:09:20,846 [WARN] PackLoader:240 - Cannot read IP mode file for STMicroelectronics.X-CUBE-BLE1.7.0.0
2024-08-26 12:09:20,859 [WARN] PackLoader:240 - Cannot read IP mode file for emotas.I-CUBE-CANOPEN.1.3.0
2024-08-26 12:09:20,876 [WARN] PackLoader:240 - Cannot read IP mode file for STMicroelectronics.X-CUBE-BLEMGR.3.1.0
2024-08-26 12:09:20,893 [WARN] PackLoader:240 - Cannot read IP mode file for STMicroelectronics.FP-SNS-SMARTAG2.1.2.0
2024-08-26 12:09:20,913 [INFO] LogOutputStream:77 - [STDOUT_REDIRECT] 1 : Invalid condition id : UX_CORESTACK_Condition cause : null
2024-08-26 12:09:20,913 [INFO] LogOutputStream:77 - [STDOUT_REDIRECT] 1 : Invalid condition id : UX_CORESTACK_Condition cause : null
2024-08-26 12:09:20,914 [INFO] LogOutputStream:77 - [STDOUT_REDIRECT] 1 : Invalid condition id : UX_CORESTACK_Condition cause : null
2024-08-26 12:09:20,915 [INFO] LogOutputStream:77 - [STDOUT_REDIRECT] 1 : Invalid condition id : UX_CORESTACK_Condition cause : null
2024-08-26 12:09:20,915 [INFO] LogOutputStream:77 - [STDOUT_REDIRECT] 1 : Invalid condition id : UX_CORESTACK_Condition cause : null
2024-08-26 12:09:20,918 [WARN] PackLoader:240 - Cannot read IP mode file for STMicroelectronics.X-CUBE-AZRTOS-WL.2.0.0
2024-08-26 12:09:20,934 [WARN] PackLoader:240 - Cannot read IP mode file for STMicroelectronics.FP-SNS-MOTENV1.5.0.0
2024-08-26 12:09:20,948 [WARN] PackLoader:240 - Cannot read IP mode file for wolfSSL.I-CUBE-wolfMQTT.1.19.0
2024-08-26 12:09:20,962 [WARN] PackLoader:240 - Cannot read IP mode file for WES.I-CUBE-Cesium.1.3.0
2024-08-26 12:09:20,974 [WARN] PackLoader:240 - Cannot read IP mode file for STMicroelectronics.X-CUBE-BLE2.3.3.0
2024-08-26 12:09:20,987 [WARN] PackLoader:240 - Cannot read IP mode file for STMicroelectronics.X-CUBE-TCPP.4.1.0
2024-08-26 12:09:21,001 [WARN] PackLoader:240 - Cannot read IP mode file for STMicroelectronics.X-CUBE-ALGOBUILD.1.3.0
2024-08-26 12:09:21,032 [WARN] PackLoader:240 - Cannot read IP mode file for STMicroelectronics.X-CUBE-AZRTOS-G0.1.1.0
2024-08-26 12:09:21,047 [WARN] PackLoader:240 - Cannot read IP mode file for STMicroelectronics.X-CUBE-SAFEA1.1.2.2
2024-08-26 12:09:21,063 [WARN] PackLoader:240 - Cannot read IP mode file for STMicroelectronics.X-CUBE-NFC4.3.0.0
2024-08-26 12:09:21,080 [WARN] PackLoader:240 - Cannot read IP mode file for EmbeddedOffice.I-CUBE-FS-RTOS.1.0.1
2024-08-26 12:09:21,081 [ERROR] ConditionMgr:805 - Attr not supported : Dmpu
2024-08-26 12:09:21,081 [ERROR] ConditionMgr:805 - Attr not supported : Dmpu
2024-08-26 12:09:21,081 [ERROR] ConditionMgr:805 - Attr not supported : Dmpu
2024-08-26 12:09:21,081 [ERROR] ConditionMgr:805 - Attr not supported : Dmpu
2024-08-26 12:09:21,081 [ERROR] ConditionMgr:805 - Attr not supported : Dmpu
2024-08-26 12:09:21,081 [ERROR] ConditionMgr:805 - Attr not supported : Dmpu
2024-08-26 12:09:21,081 [ERROR] ConditionMgr:805 - Attr not supported : Dmpu
2024-08-26 12:09:21,081 [ERROR] ConditionMgr:805 - Attr not supported : Dmpu
2024-08-26 12:09:21,081 [ERROR] ConditionMgr:805 - Attr not supported : Dmpu
2024-08-26 12:09:21,081 [ERROR] ConditionMgr:805 - Attr not supported : Dmpu
2024-08-26 12:09:21,081 [ERROR] ConditionMgr:805 - Attr not supported : Dmpu
2024-08-26 12:09:21,081 [ERROR] ConditionMgr:805 - Attr not supported : Dmpu
2024-08-26 12:09:21,081 [ERROR] ConditionMgr:805 - Attr not supported : Dmpu
2024-08-26 12:09:21,081 [ERROR] ConditionMgr:805 - Attr not supported : Dmpu
2024-08-26 12:09:21,081 [ERROR] ConditionMgr:805 - Attr not supported : Dmpu
2024-08-26 12:09:21,081 [ERROR] ConditionMgr:805 - Attr not supported : Dmpu
2024-08-26 12:09:21,081 [ERROR] ConditionMgr:805 - Attr not supported : Dmpu
2024-08-26 12:09:21,081 [ERROR] ConditionMgr:805 - Attr not supported : Dmpu
2024-08-26 12:09:21,081 [ERROR] ConditionMgr:805 - Attr not supported : Dmpu
2024-08-26 12:09:21,082 [ERROR] ConditionMgr:805 - Attr not supported : Dmpu
2024-08-26 12:09:21,082 [ERROR] ConditionMgr:805 - Attr not supported : Dmpu
2024-08-26 12:09:21,082 [ERROR] ConditionMgr:805 - Attr not supported : Dmpu
2024-08-26 12:09:21,082 [ERROR] ConditionMgr:805 - Attr not supported : Dmpu
2024-08-26 12:09:21,082 [ERROR] ConditionMgr:805 - Attr not supported : Dmpu
2024-08-26 12:09:21,082 [ERROR] ConditionMgr:805 - Attr not supported : Dmpu
2024-08-26 12:09:21,082 [ERROR] ConditionMgr:805 - Attr not supported : Dmpu
2024-08-26 12:09:21,082 [ERROR] ConditionMgr:805 - Attr not supported : Dmpu
2024-08-26 12:09:21,082 [ERROR] ConditionMgr:805 - Attr not supported : Dmpu
2024-08-26 12:09:21,082 [ERROR] ConditionMgr:805 - Attr not supported : Dmpu
2024-08-26 12:09:21,082 [ERROR] ConditionMgr:805 - Attr not supported : Dmpu
2024-08-26 12:09:21,082 [ERROR] ConditionMgr:805 - Attr not supported : Dmpu
2024-08-26 12:09:21,082 [ERROR] ConditionMgr:805 - Attr not supported : Dmpu
2024-08-26 12:09:21,082 [ERROR] ConditionMgr:805 - Attr not supported : Dmpu
2024-08-26 12:09:21,082 [ERROR] ConditionMgr:805 - Attr not supported : Dmpu
2024-08-26 12:09:21,082 [ERROR] ConditionMgr:805 - Attr not supported : Dmpu
2024-08-26 12:09:21,082 [ERROR] ConditionMgr:805 - Attr not supported : Dmpu
2024-08-26 12:09:21,082 [ERROR] ConditionMgr:805 - Attr not supported : Dmpu
2024-08-26 12:09:21,082 [ERROR] ConditionMgr:805 - Attr not supported : Dmpu
2024-08-26 12:09:21,082 [ERROR] ConditionMgr:805 - Attr not supported : Dmpu
2024-08-26 12:09:21,082 [ERROR] ConditionMgr:805 - Attr not supported : Dmpu
2024-08-26 12:09:21,083 [ERROR] ConditionMgr:805 - Attr not supported : Dmpu
2024-08-26 12:09:21,083 [ERROR] ConditionMgr:805 - Attr not supported : Dmpu
2024-08-26 12:09:21,083 [ERROR] ConditionMgr:805 - Attr not supported : Dmpu
2024-08-26 12:09:21,083 [ERROR] ConditionMgr:805 - Attr not supported : Dmpu
2024-08-26 12:09:21,083 [ERROR] ConditionMgr:805 - Attr not supported : Dmpu
2024-08-26 12:09:21,083 [ERROR] ConditionMgr:805 - Attr not supported : Dmpu
2024-08-26 12:09:21,083 [ERROR] ConditionMgr:805 - Attr not supported : Dmpu
2024-08-26 12:09:21,083 [ERROR] ConditionMgr:805 - Attr not supported : Dmpu
2024-08-26 12:09:21,083 [ERROR] ConditionMgr:805 - Attr not supported : Dmpu
2024-08-26 12:09:21,083 [ERROR] ConditionMgr:805 - Attr not supported : Dmpu
2024-08-26 12:09:21,083 [ERROR] ConditionMgr:805 - Attr not supported : Dmpu
2024-08-26 12:09:21,083 [ERROR] ConditionMgr:805 - Attr not supported : Dmpu
2024-08-26 12:09:21,083 [ERROR] ConditionMgr:805 - Attr not supported : Dmpu
2024-08-26 12:09:21,083 [ERROR] ConditionMgr:805 - Attr not supported : Dmpu
2024-08-26 12:09:21,083 [ERROR] ConditionMgr:805 - Attr not supported : Dmpu
2024-08-26 12:09:21,083 [ERROR] ConditionMgr:805 - Attr not supported : Dmpu
2024-08-26 12:09:21,083 [ERROR] ConditionMgr:805 - Attr not supported : Dmpu
2024-08-26 12:09:21,083 [ERROR] ConditionMgr:805 - Attr not supported : Dmpu
2024-08-26 12:09:21,083 [ERROR] ConditionMgr:805 - Attr not supported : Dmpu
2024-08-26 12:09:21,083 [ERROR] ConditionMgr:805 - Attr not supported : Dmpu
2024-08-26 12:09:21,083 [ERROR] ConditionMgr:805 - Attr not supported : Dmpu
2024-08-26 12:09:21,084 [ERROR] ConditionMgr:805 - Attr not supported : Dmpu
2024-08-26 12:09:21,084 [ERROR] ConditionMgr:805 - Attr not supported : Dmpu
2024-08-26 12:09:21,084 [ERROR] ConditionMgr:805 - Attr not supported : Dmpu
2024-08-26 12:09:21,096 [WARN] PackLoader:240 - Cannot read IP mode file for RealThread.X-CUBE-RT-Thread_Nano.4.1.1
2024-08-26 12:09:21,108 [WARN] PackLoader:240 - Cannot read IP mode file for STMicroelectronics.FP-ATR-SIGFOX1.3.2.0
2024-08-26 12:09:21,122 [WARN] PackLoader:240 - Cannot read IP mode file for STMicroelectronics.X-CUBE-EEPRMA1.5.1.0
2024-08-26 12:09:21,153 [WARN] PackLoader:240 - Cannot read IP mode file for SEGGER.I-CUBE-embOS.1.3.1
2024-08-26 12:09:21,191 [WARN] PackLoader:240 - Cannot read IP mode file for STMicroelectronics.X-CUBE-ALGOBUILD.1.4.0
2024-08-26 12:09:21,204 [WARN] PackLoader:240 - Cannot read IP mode file for STMicroelectronics.X-CUBE-GNSS1.6.0.0
2024-08-26 12:09:21,229 [WARN] PackLoader:240 - Cannot read IP mode file for STMicroelectronics.X-CUBE-AZRTOS-F4.1.1.0
2024-08-26 12:09:21,244 [WARN] PackLoader:240 - Cannot read IP mode file for STMicroelectronics.X-CUBE-FREERTOS.1.2.0
2024-08-26 12:09:21,255 [WARN] PackLoader:240 - Cannot read IP mode file for wolfSSL.I-CUBE-wolfSSL.5.6.6
2024-08-26 12:09:21,278 [WARN] PackLoader:240 - Cannot read IP mode file for STMicroelectronics.X-CUBE-AZRTOS-L5.2.0.0
2024-08-26 12:09:21,295 [WARN] PackLoader:240 - Cannot read IP mode file for STMicroelectronics.X-CUBE-NFC6.3.1.0
2024-08-26 12:09:21,308 [WARN] PackLoader:240 - Cannot read IP mode file for ITTIA_DB.I-CUBE-ITTIADB.8.8.0
2024-08-26 12:09:21,319 [WARN] PackLoader:240 - Cannot read IP mode file for STMicroelectronics.X-CUBE-DPower.1.2.0
2024-08-26 12:09:21,331 [WARN] PackLoader:240 - Cannot read IP mode file for STMicroelectronics.X-CUBE-AI.9.0.0
2024-08-26 12:09:21,343 [WARN] PackLoader:240 - Cannot read IP mode file for STMicroelectronics.X-CUBE-NFC7.1.0.1
2024-08-26 12:09:21,354 [WARN] PackLoader:240 - Cannot read IP mode file for wolfSSL.I-CUBE-wolfTPM.3.2.0
2024-08-26 12:09:21,368 [WARN] PackLoader:240 - Cannot read IP mode file for STMicroelectronics.X-CUBE-NFC6.3.0.0
2024-08-26 12:09:21,380 [WARN] PackLoader:240 - Cannot read IP mode file for STMicroelectronics.X-CUBE-AI.8.1.0
2024-08-26 12:09:21,405 [WARN] ConditionMgr:438 - getConditionDescription Invalid condition id : LAN8742 Phy interface Condition cause : null
2024-08-26 12:09:21,406 [WARN] PackLoader:240 - Cannot read IP mode file for STMicroelectronics.X-CUBE-AZRTOS-L4.2.0.0
2024-08-26 12:09:21,406 [WARN] ConditionMgr:1039 - genDependencies : Invalid condition id : LAN8742 Phy interface Condition cause : null
2024-08-26 12:09:21,407 [WARN] ConditionMgr:1039 - genDependencies : Invalid condition id : LAN8742 Phy interface Condition cause : null
2024-08-26 12:09:21,407 [WARN] ConditionMgr:1039 - genDependencies : Invalid condition id : LAN8742 Phy interface Condition cause : null
2024-08-26 12:09:21,420 [WARN] PackLoader:240 - Cannot read IP mode file for STMicroelectronics.X-CUBE-SFXS2LP1.4.0.0
2024-08-26 12:09:21,447 [WARN] PackLoader:240 - Cannot read IP mode file for STMicroelectronics.X-CUBE-AZRTOS-H7.3.3.0
2024-08-26 12:09:21,467 [WARN] ConditionMgr:438 - getConditionDescription Invalid condition id : UX DEVICE CLASS RTOS Condition cause : null
2024-08-26 12:09:21,468 [WARN] ConditionMgr:438 - getConditionDescription Invalid condition id : UX DEVICE CLASS RTOS Condition cause : null
2024-08-26 12:09:21,469 [WARN] PackLoader:240 - Cannot read IP mode file for STMicroelectronics.X-CUBE-AZRTOS-WB.2.0.0
2024-08-26 12:09:21,469 [WARN] ConditionMgr:1039 - genDependencies : Invalid condition id : UX DEVICE CLASS RTOS Condition cause : null
2024-08-26 12:09:21,469 [WARN] ConditionMgr:1039 - genDependencies : Invalid condition id : UX DEVICE CLASS RTOS Condition cause : null
2024-08-26 12:09:21,470 [WARN] ConditionMgr:1039 - genDependencies : Invalid condition id : UX DEVICE CLASS RTOS Condition cause : null
2024-08-26 12:09:21,470 [WARN] ConditionMgr:1039 - genDependencies : Invalid condition id : UX DEVICE CLASS RTOS Condition cause : null
2024-08-26 12:09:21,470 [WARN] ConditionMgr:1039 - genDependencies : Invalid condition id : UX DEVICE CLASS RTOS Condition cause : null
2024-08-26 12:09:21,485 [WARN] PackLoader:240 - Cannot read IP mode file for STMicroelectronics.FP-SNS-STBOX1.2.0.0
2024-08-26 12:09:21,504 [WARN] PackLoader:240 - Cannot read IP mode file for STMicroelectronics.X-CUBE-SUBG2.5.0.0
2024-08-26 12:09:21,530 [WARN] PackLoader:240 - Cannot read IP mode file for STMicroelectronics.X-CUBE-AZRTOS-G4.2.0.0
2024-08-26 12:09:21,552 [WARN] PackLoader:240 - Cannot read IP mode file for Infineon.AIROC-Wi-Fi-Bluetooth-STM32.1.5.1
2024-08-26 12:09:21,567 [WARN] PackLoader:240 - Cannot read IP mode file for STMicroelectronics.FP-SNS-MOTENVWB1.1.3.1
2024-08-26 12:09:21,586 [WARN] PackLoader:240 - Cannot read IP mode file for STMicroelectronics.X-CUBE-ISPU.2.0.0
2024-08-26 12:09:21,600 [WARN] PackLoader:240 - Cannot read IP mode file for STMicroelectronics.X-CUBE-ALS.1.0.2
2024-08-26 12:09:21,636 [WARN] PackLoader:240 - Cannot read IP mode file for STMicroelectronics.X-CUBE-MEMS1.10.0.0
2024-08-26 12:09:21,715 [WARN] PackLoader:240 - Cannot read IP mode file for STMicroelectronics.X-CUBE-FREERTOS.1.1.0
2024-08-26 12:09:21,724 [WARN] PackLoader:240 - Cannot read IP mode file for STMicroelectronics.X-CUBE-TOUCHGFX.4.24.0
2024-08-26 12:09:21,735 [WARN] PackLoader:240 - Cannot read IP mode file for portGmbH.I-Cube-SoM-uGOAL.1.1.0
2024-08-26 12:09:21,745 [WARN] PackLoader:240 - Cannot read IP mode file for STMicroelectronics.X-CUBE-ALS.1.0.1
2024-08-26 12:09:21,766 [WARN] PackLoader:240 - Cannot read IP mode file for STMicroelectronics.X-CUBE-AZRTOS-H7RS.1.0.0
2024-08-26 12:09:21,778 [WARN] PackLoader:240 - Cannot read IP mode file for STMicroelectronics.FP-ATR-ASTRA1.2.0.0
2024-08-26 12:09:21,793 [WARN] PackLoader:240 - Cannot read IP mode file for STMicroelectronics.X-CUBE-TOF1.3.4.2
2024-08-26 12:09:21,813 [WARN] PackLoader:240 - Cannot read IP mode file for STMicroelectronics.X-CUBE-TOF1.3.4.1
2024-08-26 12:09:21,839 [WARN] PackLoader:240 - Cannot read IP mode file for STMicroelectronics.X-CUBE-AZRTOS-H7.3.2.0
2024-08-26 12:09:21,850 [WARN] PackLoader:240 - Cannot read IP mode file for wolfSSL.I-CUBE-wolfSSH.1.4.17
2024-08-26 12:09:21,850 [INFO] ThirdParty:978 - Integrity check success = true
2024-08-26 12:09:21,850 [INFO] IntegrityCheckThread:100 - exiting critical section [integrity check]
2024-08-26 12:09:21,850 [INFO] IntegrityCheckThread:103 - End integrity checks thread
2024-08-26 12:09:22,934 [INFO] WebApp:161 - Instantiating new browser for Auth
2024-08-26 12:09:23,407 [INFO] WebApp:779 - Register for checkConnection events
2024-08-26 12:09:23,407 [INFO] WebApp:414 - Apply proxy settings
2024-08-26 12:09:23,407 [INFO] WebApp:499 - Chromium requires no authentication
2024-08-26 12:09:23,413 [INFO] WebApp:442 - Direct internet connection detected
2024-08-26 12:09:23,539 [INFO] WebApp:192 - Starting web application
2024-08-26 12:09:23,539 [INFO] WebApp:544 - Web application path used C:\ST\STM32CubeIDE_1.15.0\STM32CubeIDE\plugins\com.st.stm32cube.common.mx_6.11.1.202404110753\db\plugins\mcufinder\reactClient1\index.html
