2024-08-20 19:13:35,476 [INFO] Activator:176 - 


2024-08-20 19:13:35,483 [INFO] Activator:177 - !SESSION log4j initialized
2024-08-20 19:13:41,643 [INFO] LogOutputStream:77 - [STDOUT_REDIRECT] 
2024-08-20 19:13:44,469 [INFO] ApplicationProperties:184 - Using Application install path: C:\ST\STM32CubeIDE_1.15.0\STM32CubeIDE\plugins\com.st.stm32cube.common.mx_6.11.1.202404110753
2024-08-20 19:13:44,482 [INFO] DbMcusXml:78 - Set database path to: C:\ST\STM32CubeIDE_1.15.0\STM32CubeIDE\plugins\com.st.stm32cube.common.mx_6.11.1.202404110753\\db\/mcu/
2024-08-20 19:13:44,482 [INFO] ApiDb:274 - Set plugin database path to: C:\ST\STM32CubeIDE_1.15.0\STM32CubeIDE\plugins\com.st.stm32cube.common.mx_6.11.1.202404110753\\db\/plugins/boardmanager/
2024-08-20 19:13:44,482 [WARN] ApiDb:259 - Overriding images path with different value:  => C:\ST\STM32CubeIDE_1.15.0\STM32CubeIDE\plugins\com.st.stm32cube.common.mx_6.11.1.202404110753\\db\/plugins/mcufinder/images/
2024-08-20 19:13:44,494 [INFO] ApiDb:250 - Set database path to: C:\Users\conor\.stmcufinder\plugins\mcufinder//mcu/
2024-08-20 19:13:44,495 [INFO] DbMcusAds:125 - Set database path to: C:\Users\conor\.stmcufinder\plugins\mcufinder//mcu/
2024-08-20 19:13:44,496 [INFO] CrossReferenceDbSqlite:203 - Set database path to: C:\Users\conor\.stmcufinder\plugins\mcufinder//mcu/cs/
2024-08-20 19:13:44,606 [INFO] RulesReader:64 - Compatibility file has been processed (297 Rules)
2024-08-20 19:13:44,698 [INFO] DbMcusXml:78 - Set database path to: C:\ST\STM32CubeIDE_1.15.0\STM32CubeIDE\plugins\com.st.stm32cube.common.mx_6.11.1.202404110753\\db\/mcu/
2024-08-20 19:13:44,698 [INFO] ApiDb:274 - Set plugin database path to: C:\ST\STM32CubeIDE_1.15.0\STM32CubeIDE\plugins\com.st.stm32cube.common.mx_6.11.1.202404110753\\db\/plugins/boardmanager/
2024-08-20 19:13:44,698 [INFO] ApiDb:261 - Set plugin images path to: C:\ST\STM32CubeIDE_1.15.0\STM32CubeIDE\plugins\com.st.stm32cube.common.mx_6.11.1.202404110753\\db\/plugins/mcufinder/images/
2024-08-20 19:13:44,698 [WARN] DbFile:41 - Overriding database path with different value: C:\Users\conor\.stmcufinder\plugins\mcufinder/ => C:\Users\conor\.stmcufinder\plugins\mcufinder
2024-08-20 19:13:44,698 [INFO] ApiDb:250 - Set database path to: C:\Users\conor\.stmcufinder\plugins\mcufinder//mcu/
2024-08-20 19:13:44,698 [WARN] DbFile:41 - Overriding database path with different value: C:\Users\conor\.stmcufinder\plugins\mcufinder/ => C:\Users\conor\.stmcufinder\plugins\mcufinder
2024-08-20 19:13:44,698 [INFO] DbMcusAds:125 - Set database path to: C:\Users\conor\.stmcufinder\plugins\mcufinder//mcu/
2024-08-20 19:13:44,698 [WARN] DbFile:41 - Overriding database path with different value: C:\Users\conor\.stmcufinder\plugins\mcufinder/ => C:\Users\conor\.stmcufinder\plugins\mcufinder
2024-08-20 19:13:44,698 [WARN] DbFile:41 - Overriding database path with different value: C:\Users\conor\.stmcufinder\plugins\mcufinder/ => C:\Users\conor\.stmcufinder\plugins\mcufinder
2024-08-20 19:13:44,699 [INFO] CrossReferenceDbSqlite:203 - Set database path to: C:\Users\conor\.stmcufinder\plugins\mcufinder//mcu/cs/
2024-08-20 19:13:44,786 [INFO] MainPanel:264 - HeapMemory: 268435456
2024-08-20 19:13:44,872 [INFO] DbMcusXml:78 - Set database path to: C:\ST\STM32CubeIDE_1.15.0\STM32CubeIDE\plugins\com.st.stm32cube.common.mx_6.11.1.202404110753\\db\/mcu/
2024-08-20 19:13:44,873 [INFO] ApiDb:274 - Set plugin database path to: C:\ST\STM32CubeIDE_1.15.0\STM32CubeIDE\plugins\com.st.stm32cube.common.mx_6.11.1.202404110753\\db\/plugins/boardmanager/
2024-08-20 19:13:44,873 [INFO] ApiDb:261 - Set plugin images path to: C:\ST\STM32CubeIDE_1.15.0\STM32CubeIDE\plugins\com.st.stm32cube.common.mx_6.11.1.202404110753\\db\/plugins/mcufinder/images/
2024-08-20 19:13:44,873 [WARN] DbFile:41 - Overriding database path with different value: C:\Users\conor\.stmcufinder\plugins\mcufinder/ => C:\Users\conor\.stmcufinder\plugins\mcufinder
2024-08-20 19:13:44,873 [INFO] ApiDb:250 - Set database path to: C:\Users\conor\.stmcufinder\plugins\mcufinder//mcu/
2024-08-20 19:13:44,873 [WARN] DbFile:41 - Overriding database path with different value: C:\Users\conor\.stmcufinder\plugins\mcufinder/ => C:\Users\conor\.stmcufinder\plugins\mcufinder
2024-08-20 19:13:44,873 [INFO] DbMcusAds:125 - Set database path to: C:\Users\conor\.stmcufinder\plugins\mcufinder//mcu/
2024-08-20 19:13:44,873 [WARN] DbFile:41 - Overriding database path with different value: C:\Users\conor\.stmcufinder\plugins\mcufinder/ => C:\Users\conor\.stmcufinder\plugins\mcufinder
2024-08-20 19:13:44,873 [WARN] DbFile:41 - Overriding database path with different value: C:\Users\conor\.stmcufinder\plugins\mcufinder/ => C:\Users\conor\.stmcufinder\plugins\mcufinder
2024-08-20 19:13:44,873 [INFO] CrossReferenceDbSqlite:203 - Set database path to: C:\Users\conor\.stmcufinder\plugins\mcufinder//mcu/cs/
2024-08-20 19:13:44,889 [INFO] ApplicationProperties:184 - Using Application install path: C:\ST\STM32CubeIDE_1.15.0\STM32CubeIDE\plugins\com.st.stm32cube.common.mx_6.11.1.202404110753
2024-08-20 19:13:44,890 [INFO] PluginManage:196 - Search for loadable plugins [exclusion list=, ]
2024-08-20 19:13:44,891 [INFO] PluginManage:310 - Check plugin analytics
2024-08-20 19:13:45,053 [INFO] AnalyticsPlugin:253 - Accepted Software Licenses: STM32CubeMX.6.10.0,STM32CubeMX.6.11.1
2024-08-20 19:13:45,053 [INFO] AnalyticsPlugin:255 - Accepted CMSIS Pack Licenses: 
2024-08-20 19:13:45,053 [INFO] AnalyticsPlugin:257 - Accepted Firmware Licenses: FW.G4.1.5.0
2024-08-20 19:13:45,055 [INFO] PluginManage:359 - Loaded plugin analytics (category:tool,tabindex:-1)
2024-08-20 19:13:45,056 [INFO] PluginManage:310 - Check plugin cadmodel
2024-08-20 19:13:45,103 [INFO] CADModel:105 - Init CAD model plugin
2024-08-20 19:13:45,103 [INFO] PluginManage:359 - Loaded plugin cadmodel (category:power,tabindex:5)
2024-08-20 19:13:45,103 [INFO] PluginManage:310 - Check plugin clock
2024-08-20 19:13:45,124 [INFO] PluginManage:359 - Loaded plugin clock (category:base,tabindex:2)
2024-08-20 19:13:45,124 [INFO] PluginManage:310 - Check plugin ddr
2024-08-20 19:13:45,126 [INFO] PluginManage:359 - Loaded plugin ddr (category:tool,tabindex:6)
2024-08-20 19:13:45,126 [INFO] PluginManage:310 - Check plugin filemanager
2024-08-20 19:13:45,242 [INFO] PluginManage:359 - Loaded plugin filemanager (category:base,tabindex:10)
2024-08-20 19:13:45,242 [INFO] PluginManage:310 - Check plugin ipmanager
2024-08-20 19:13:45,248 [INFO] PluginManage:359 - Loaded plugin ipmanager (category:base,tabindex:5)
2024-08-20 19:13:45,248 [INFO] PluginManage:310 - Check plugin lpbam
2024-08-20 19:13:45,263 [INFO] PluginManage:359 - Loaded plugin lpbam (category:base,tabindex:0)
2024-08-20 19:13:45,263 [INFO] PluginManage:310 - Check plugin memorymap
2024-08-20 19:13:45,283 [INFO] PluginManage:359 - Loaded plugin memorymap (category:base,tabindex:4)
2024-08-20 19:13:45,283 [INFO] PluginManage:310 - Check plugin pinoutandconfiguration
2024-08-20 19:13:45,298 [INFO] PluginManage:359 - Loaded plugin pinoutandconfiguration (category:base,tabindex:1)
2024-08-20 19:13:45,298 [INFO] PluginManage:310 - Check plugin pinoutconfig
2024-08-20 19:13:45,372 [WARN] SupportedApi:132 - Cannot load RTOS API schema: s4s-elt-must-match.1: The content of 'definitions' must match (annotation?, (simpleType | complexType)?, (unique | key | keyref)*)). A problem was found starting at: attribute.
2024-08-20 19:13:45,470 [INFO] PluginManage:359 - Loaded plugin pinoutconfig (category:base,tabindex:0)
2024-08-20 19:13:45,470 [INFO] PluginManage:310 - Check plugin power
2024-08-20 19:13:45,487 [INFO] PluginManage:359 - Loaded plugin power (category:power,tabindex:4)
2024-08-20 19:13:45,487 [INFO] PluginManage:310 - Check plugin projectmanager
2024-08-20 19:13:45,499 [INFO] PluginManage:359 - Loaded plugin projectmanager (category:projectmanager,tabindex:3)
2024-08-20 19:13:45,499 [INFO] PluginManage:310 - Check plugin thirdparty
2024-08-20 19:13:45,723 [INFO] PluginManage:359 - Loaded plugin thirdparty (category:base,tabindex:-1)
2024-08-20 19:13:45,723 [INFO] PluginManage:310 - Check plugin tools
2024-08-20 19:13:45,723 [WARN] IntegrityCheckThread:84 - waiting for thirdparty lock release [integrity check]
2024-08-20 19:13:45,724 [INFO] IntegrityCheckThread:86 - entering critical section [integrity check]
2024-08-20 19:13:45,724 [INFO] ThirdPartyUpdaterWithRetryManager:70 - Updater plugin not ready yet. [1/15]
2024-08-20 19:13:45,752 [INFO] PluginManage:359 - Loaded plugin tools (category:base,tabindex:7)
2024-08-20 19:13:45,752 [INFO] PluginManage:310 - Check plugin tutovideos
2024-08-20 19:13:45,916 [INFO] PluginManage:359 - Loaded plugin tutovideos (category:base,tabindex:-1)
2024-08-20 19:13:45,916 [INFO] PluginManage:310 - Check plugin updater
2024-08-20 19:13:45,924 [INFO] PluginManage:359 - Loaded plugin updater (category:base,tabindex:12)
2024-08-20 19:13:45,924 [INFO] PluginManage:310 - Check plugin userauth
2024-08-20 19:13:45,929 [INFO] UserAuth:114 - Init User Auth plugin
2024-08-20 19:13:45,929 [INFO] PluginManage:359 - Loaded plugin userauth (category:base,tabindex:14)
2024-08-20 19:13:45,929 [INFO] PluginManage:283 - PluginManage : Loaded plugins [17]
2024-08-20 19:13:46,099 [INFO] PinOutPanel:1561 - setPackage(No Configuration,No Configuration)
2024-08-20 19:13:46,158 [INFO] CADModel:165 - CPN selected for project level
2024-08-20 19:13:46,158 [INFO] CADModel:114 - Register for checkConnection events
2024-08-20 19:13:46,183 [INFO] IPUIPlugin:80 - create IPUIPlugin
2024-08-20 19:13:46,183 [INFO] PluginManager:220 - loadIPPluginJar : add adc
2024-08-20 19:13:46,218 [INFO] IPUIPlugin:80 - create IPUIPlugin
2024-08-20 19:13:46,218 [INFO] PluginManager:220 - loadIPPluginJar : add aes
2024-08-20 19:13:46,252 [INFO] IPUIPlugin:80 - create IPUIPlugin
2024-08-20 19:13:46,252 [INFO] PluginManager:220 - loadIPPluginJar : add can
2024-08-20 19:13:46,272 [INFO] IPUIPlugin:80 - create IPUIPlugin
2024-08-20 19:13:46,273 [INFO] PluginManager:220 - loadIPPluginJar : add comp
2024-08-20 19:13:46,301 [INFO] IPUIPlugin:80 - create IPUIPlugin
2024-08-20 19:13:46,301 [INFO] PluginManager:220 - loadIPPluginJar : add cryp
2024-08-20 19:13:46,327 [INFO] IPUIPlugin:80 - create IPUIPlugin
2024-08-20 19:13:46,327 [INFO] PluginManager:220 - loadIPPluginJar : add dfsdm
2024-08-20 19:13:46,338 [INFO] IPUIPlugin:80 - create IPUIPlugin
2024-08-20 19:13:46,339 [INFO] PluginManager:220 - loadIPPluginJar : add dma
2024-08-20 19:13:46,374 [INFO] IPUIPlugin:80 - create IPUIPlugin
2024-08-20 19:13:46,375 [INFO] PluginManager:220 - loadIPPluginJar : add dma3
2024-08-20 19:13:46,412 [INFO] IPUIPlugin:80 - create IPUIPlugin
2024-08-20 19:13:46,412 [INFO] PluginManager:220 - loadIPPluginJar : add extmemmanager
2024-08-20 19:13:46,429 [INFO] IPUIPlugin:80 - create IPUIPlugin
2024-08-20 19:13:46,429 [INFO] PluginManager:220 - loadIPPluginJar : add fatfs
2024-08-20 19:13:46,465 [INFO] IPUIPlugin:80 - create IPUIPlugin
2024-08-20 19:13:46,466 [INFO] PluginManager:220 - loadIPPluginJar : add fmc
2024-08-20 19:13:46,478 [INFO] IPUIPlugin:80 - create IPUIPlugin
2024-08-20 19:13:46,478 [INFO] PluginManager:220 - loadIPPluginJar : add freertos
2024-08-20 19:13:46,495 [INFO] IPUIPlugin:80 - create IPUIPlugin
2024-08-20 19:13:46,495 [INFO] PluginManager:220 - loadIPPluginJar : add genericplugin
2024-08-20 19:13:46,572 [INFO] IPUIPlugin:80 - create IPUIPlugin
2024-08-20 19:13:46,572 [INFO] PluginManager:220 - loadIPPluginJar : add gfxmmu
2024-08-20 19:13:46,669 [INFO] IPUIPlugin:80 - create IPUIPlugin
2024-08-20 19:13:46,670 [INFO] PluginManager:220 - loadIPPluginJar : add gic
2024-08-20 19:13:46,680 [INFO] IPUIPlugin:80 - create IPUIPlugin
2024-08-20 19:13:46,680 [INFO] PluginManager:220 - loadIPPluginJar : add gpio
2024-08-20 19:13:46,752 [INFO] IPUIPlugin:80 - create IPUIPlugin
2024-08-20 19:13:46,752 [INFO] PluginManager:220 - loadIPPluginJar : add gtzc
2024-08-20 19:13:46,779 [INFO] IPUIPlugin:80 - create IPUIPlugin
2024-08-20 19:13:46,779 [INFO] PluginManager:220 - loadIPPluginJar : add hash
2024-08-20 19:13:46,824 [INFO] IPUIPlugin:80 - create IPUIPlugin
2024-08-20 19:13:46,824 [INFO] PluginManager:220 - loadIPPluginJar : add i2c
2024-08-20 19:13:46,862 [INFO] IPUIPlugin:80 - create IPUIPlugin
2024-08-20 19:13:46,863 [INFO] PluginManager:220 - loadIPPluginJar : add i2s
2024-08-20 19:13:46,900 [INFO] IPUIPlugin:80 - create IPUIPlugin
2024-08-20 19:13:46,900 [INFO] PluginManager:220 - loadIPPluginJar : add i3c
2024-08-20 19:13:46,987 [INFO] IPUIPlugin:80 - create IPUIPlugin
2024-08-20 19:13:46,987 [INFO] PluginManager:220 - loadIPPluginJar : add ipddr
2024-08-20 19:13:47,060 [INFO] IPUIPlugin:80 - create IPUIPlugin
2024-08-20 19:13:47,060 [INFO] PluginManager:220 - loadIPPluginJar : add linkedlist
2024-08-20 19:13:47,089 [INFO] IPUIPlugin:80 - create IPUIPlugin
2024-08-20 19:13:47,089 [INFO] PluginManager:220 - loadIPPluginJar : add lorawan
2024-08-20 19:13:47,120 [INFO] IPUIPlugin:80 - create IPUIPlugin
2024-08-20 19:13:47,120 [INFO] PluginManager:220 - loadIPPluginJar : add ltdc
2024-08-20 19:13:47,132 [INFO] IPUIPlugin:80 - create IPUIPlugin
2024-08-20 19:13:47,132 [INFO] PluginManager:220 - loadIPPluginJar : add mdma
2024-08-20 19:13:47,141 [INFO] IPUIPlugin:80 - create IPUIPlugin
2024-08-20 19:13:47,142 [INFO] PluginManager:220 - loadIPPluginJar : add nvic
2024-08-20 19:13:47,173 [INFO] IPUIPlugin:80 - create IPUIPlugin
2024-08-20 19:13:47,173 [INFO] PluginManager:220 - loadIPPluginJar : add opamp
2024-08-20 19:13:47,222 [INFO] IPUIPlugin:80 - create IPUIPlugin
2024-08-20 19:13:47,222 [INFO] PluginManager:220 - loadIPPluginJar : add openamp
2024-08-20 19:13:47,255 [INFO] IPUIPlugin:80 - create IPUIPlugin
2024-08-20 19:13:47,255 [INFO] PluginManager:220 - loadIPPluginJar : add pdm2pcm
2024-08-20 19:13:47,267 [INFO] IPUIPlugin:80 - create IPUIPlugin
2024-08-20 19:13:47,269 [INFO] PluginManager:220 - loadIPPluginJar : add plateformsettings
2024-08-20 19:13:47,289 [INFO] IPUIPlugin:80 - create IPUIPlugin
2024-08-20 19:13:47,289 [INFO] PluginManager:220 - loadIPPluginJar : add quadspi
2024-08-20 19:13:47,299 [INFO] IPUIPlugin:80 - create IPUIPlugin
2024-08-20 19:13:47,299 [INFO] PluginManager:220 - loadIPPluginJar : add resmgrutility
2024-08-20 19:13:47,335 [INFO] IPUIPlugin:80 - create IPUIPlugin
2024-08-20 19:13:47,335 [INFO] PluginManager:220 - loadIPPluginJar : add sai
2024-08-20 19:13:47,366 [INFO] IPUIPlugin:80 - create IPUIPlugin
2024-08-20 19:13:47,366 [INFO] PluginManager:220 - loadIPPluginJar : add spi
2024-08-20 19:13:47,425 [INFO] IPUIPlugin:80 - create IPUIPlugin
2024-08-20 19:13:47,426 [INFO] PluginManager:220 - loadIPPluginJar : add stm32_wpan
2024-08-20 19:13:47,446 [INFO] IPUIPlugin:80 - create IPUIPlugin
2024-08-20 19:13:47,446 [INFO] PluginManager:220 - loadIPPluginJar : add tim
2024-08-20 19:13:47,496 [INFO] IPUIPlugin:80 - create IPUIPlugin
2024-08-20 19:13:47,497 [INFO] PluginManager:220 - loadIPPluginJar : add touchsensing
2024-08-20 19:13:47,515 [INFO] IPUIPlugin:80 - create IPUIPlugin
2024-08-20 19:13:47,515 [INFO] PluginManager:220 - loadIPPluginJar : add tracer_emb
2024-08-20 19:13:47,536 [INFO] IPUIPlugin:80 - create IPUIPlugin
2024-08-20 19:13:47,536 [INFO] PluginManager:220 - loadIPPluginJar : add ts
2024-08-20 19:13:47,556 [INFO] IPUIPlugin:80 - create IPUIPlugin
2024-08-20 19:13:47,556 [INFO] PluginManager:220 - loadIPPluginJar : add tsc
2024-08-20 19:13:47,575 [INFO] IPUIPlugin:80 - create IPUIPlugin
2024-08-20 19:13:47,576 [INFO] PluginManager:220 - loadIPPluginJar : add ucpd
2024-08-20 19:13:47,610 [INFO] IPUIPlugin:80 - create IPUIPlugin
2024-08-20 19:13:47,611 [INFO] PluginManager:220 - loadIPPluginJar : add usart
2024-08-20 19:13:47,644 [INFO] IPUIPlugin:80 - create IPUIPlugin
2024-08-20 19:13:47,644 [INFO] PluginManager:220 - loadIPPluginJar : add usbx
2024-08-20 19:13:47,757 [INFO] CADModel:165 - CPN selected for project level
2024-08-20 19:13:47,758 [INFO] CADModel:114 - Register for checkConnection events
2024-08-20 19:13:47,758 [FATAL] Updater:308 - Updater called before beeing initialized
2024-08-20 19:13:47,758 [ERROR] CADModel:125 - Updater not yet initialized, retry later 
2024-08-20 19:13:47,869 [INFO] CADModel:165 - CPN selected for project level
2024-08-20 19:13:47,869 [INFO] CADModel:114 - Register for checkConnection events
2024-08-20 19:13:47,869 [FATAL] Updater:308 - Updater called before beeing initialized
2024-08-20 19:13:47,870 [ERROR] CADModel:125 - Updater not yet initialized, retry later 
2024-08-20 19:13:47,872 [FATAL] Updater:308 - Updater called before beeing initialized
2024-08-20 19:13:47,958 [FATAL] Updater:308 - Updater called before beeing initialized
2024-08-20 19:13:47,966 [INFO] DbMcusAds:53 - JSON generation date=Thu May 16 21:22:00 NZST 2024 (1715851320667)
2024-08-20 19:13:47,966 [FATAL] Updater:308 - Updater called before beeing initialized
2024-08-20 19:13:48,002 [WARN] DetailPanel:346 - Failed to get advertising image, set to default
2024-08-20 19:13:48,097 [FATAL] Updater:308 - Updater called before beeing initialized
2024-08-20 19:13:48,099 [FATAL] Updater:308 - Updater called before beeing initialized
2024-08-20 19:13:48,099 [FATAL] Updater:308 - Updater called before beeing initialized
2024-08-20 19:13:48,099 [WARN] DetailPanel:346 - Failed to get advertising image, set to default
2024-08-20 19:13:48,099 [FATAL] Updater:308 - Updater called before beeing initialized
2024-08-20 19:13:48,173 [ERROR] Updater:1120 - MainUpdater not yet initialized. External WinMGr cannot be set.
2024-08-20 19:13:48,183 [INFO] Updater:1056 - Updater Version found : 6.11.1
2024-08-20 19:13:48,197 [INFO] ApplicationProperties:184 - Using Application install path: C:\ST\STM32CubeIDE_1.15.0\STM32CubeIDE\plugins\com.st.stm32cube.common.mx_6.11.1.202404110753
2024-08-20 19:13:48,726 [INFO] ThirdPartyUpdaterWithRetryManager:70 - Updater plugin not ready yet. [2/15]
2024-08-20 19:13:49,774 [ERROR] LogOutputStream:75 - [STDERR_REDIRECT] Aug 20, 2024 7:13:49 PM java.util.prefs.WindowsPreferences <init>
2024-08-20 19:13:49,775 [ERROR] LogOutputStream:75 - [STDERR_REDIRECT] WARNING: Could not open/create prefs root node Software\JavaSoft\Prefs at root 0xffffffff80000002. Windows RegCreateKeyEx(...) returned error code 5.
2024-08-20 19:13:49,775 [ERROR] LogOutputStream:75 - [STDERR_REDIRECT] 
2024-08-20 19:13:50,396 [INFO] MainUpdater:2873 - connection check result : 10
2024-08-20 19:13:50,396 [INFO] MainUpdater:3567 - Updater definition file requires update
2024-08-20 19:13:50,397 [INFO] MainUpdater:290 - Updater Check For Update Now.
2024-08-20 19:13:50,397 [INFO] MicroXplorer:498 - Change Database Version : DB.6.0.111
2024-08-20 19:13:50,414 [INFO] McuFinderGlobals:63 - Set McuFinder mode to 2 (CubeIDE integrated)
2024-08-20 19:13:50,424 [INFO] UserAuth:415 - Internet connection configuration mode: 1
2024-08-20 19:13:50,444 [INFO] JxBrowserEngine:152 - Initiate JxBrowser Engine with user profile folder
2024-08-20 19:13:51,727 [WARN] MainUpdater:1194 - Updater busy. Cannot search thirdparties
2024-08-20 19:13:51,727 [INFO] ThirdPartyUpdaterWithRetryManager:96 - Updater plugin is busy. [1/15]
2024-08-20 19:13:53,152 [INFO] ServerAccessManage:473 - Download File updaters.zip
2024-08-20 19:13:53,212 [INFO] FileExtend:240 - Unzip File : updaters.zip
2024-08-20 19:13:53,212 [INFO] FileExtend:255 - Standard Zip Deflate
2024-08-20 19:13:54,216 [INFO] WebApp:161 - Instantiating new browser for Auth
2024-08-20 19:13:54,703 [INFO] WebApp:779 - Register for checkConnection events
2024-08-20 19:13:54,704 [INFO] WebApp:414 - Apply proxy settings
2024-08-20 19:13:54,704 [INFO] WebApp:499 - Chromium requires no authentication
2024-08-20 19:13:54,710 [INFO] WebApp:442 - Direct internet connection detected
2024-08-20 19:13:54,730 [WARN] MainUpdater:1194 - Updater busy. Cannot search thirdparties
2024-08-20 19:13:54,730 [INFO] ThirdPartyUpdaterWithRetryManager:96 - Updater plugin is busy. [2/15]
2024-08-20 19:13:54,838 [INFO] WebApp:192 - Starting web application
2024-08-20 19:13:54,838 [INFO] WebApp:544 - Web application path used C:\ST\STM32CubeIDE_1.15.0\STM32CubeIDE\plugins\com.st.stm32cube.common.mx_6.11.1.202404110753\db\plugins\mcufinder\reactClient1\index.html
2024-08-20 19:13:55,161 [INFO] ServerAccessManage:473 - Download File PacksControlFlags.xml
2024-08-20 19:13:56,535 [INFO] ServerAccessManage:473 - Download File cubemx.pidx
2024-08-20 19:13:57,731 [WARN] MainUpdater:1194 - Updater busy. Cannot search thirdparties
2024-08-20 19:13:57,731 [INFO] ThirdPartyUpdaterWithRetryManager:96 - Updater plugin is busy. [3/15]
2024-08-20 19:13:58,710 [INFO] ServerAccessManage:473 - Download File STMicroelectronics.X-CUBE-MEMS1.pdsc
2024-08-20 19:14:00,732 [WARN] MainUpdater:1194 - Updater busy. Cannot search thirdparties
2024-08-20 19:14:00,732 [INFO] ThirdPartyUpdaterWithRetryManager:96 - Updater plugin is busy. [4/15]
2024-08-20 19:14:03,734 [WARN] MainUpdater:1194 - Updater busy. Cannot search thirdparties
2024-08-20 19:14:03,734 [INFO] ThirdPartyUpdaterWithRetryManager:96 - Updater plugin is busy. [5/15]
2024-08-20 19:14:06,736 [WARN] MainUpdater:1194 - Updater busy. Cannot search thirdparties
2024-08-20 19:14:06,736 [INFO] ThirdPartyUpdaterWithRetryManager:96 - Updater plugin is busy. [6/15]
2024-08-20 19:14:09,737 [WARN] MainUpdater:1194 - Updater busy. Cannot search thirdparties
2024-08-20 19:14:09,737 [INFO] ThirdPartyUpdaterWithRetryManager:96 - Updater plugin is busy. [7/15]
2024-08-20 19:14:12,740 [WARN] MainUpdater:1194 - Updater busy. Cannot search thirdparties
2024-08-20 19:14:12,740 [INFO] ThirdPartyUpdaterWithRetryManager:96 - Updater plugin is busy. [8/15]
2024-08-20 19:14:15,742 [WARN] MainUpdater:1194 - Updater busy. Cannot search thirdparties
2024-08-20 19:14:15,742 [INFO] ThirdPartyUpdaterWithRetryManager:96 - Updater plugin is busy. [9/15]
2024-08-20 19:14:18,744 [WARN] MainUpdater:1194 - Updater busy. Cannot search thirdparties
2024-08-20 19:14:18,744 [INFO] ThirdPartyUpdaterWithRetryManager:96 - Updater plugin is busy. [10/15]
2024-08-20 19:14:21,746 [WARN] MainUpdater:1194 - Updater busy. Cannot search thirdparties
2024-08-20 19:14:21,746 [INFO] ThirdPartyUpdaterWithRetryManager:96 - Updater plugin is busy. [11/15]
2024-08-20 19:14:24,749 [WARN] MainUpdater:1194 - Updater busy. Cannot search thirdparties
2024-08-20 19:14:24,749 [INFO] ThirdPartyUpdaterWithRetryManager:96 - Updater plugin is busy. [12/15]
2024-08-20 19:14:27,749 [WARN] MainUpdater:1194 - Updater busy. Cannot search thirdparties
2024-08-20 19:14:27,749 [INFO] ThirdPartyUpdaterWithRetryManager:96 - Updater plugin is busy. [13/15]
2024-08-20 19:14:30,312 [WARN] PackLoader:240 - Cannot read IP mode file for STMicroelectronics.X-CUBE-MEMS1.11.0.0
2024-08-20 19:14:30,394 [INFO] CheckServerUpdateThread:120 - End of CheckServer Thread
2024-08-20 19:14:30,490 [INFO] PopulateThirdPartyThread:66 - Ending populate Thread
2024-08-20 19:14:30,491 [INFO] ThirdParty:1030 - CMSIS Pack Vendor :STMicroelectronics X-CUBE-MEMS1 11.0.0
2024-08-20 19:14:30,491 [INFO] LoadServerUpdatesThread:375 - End of LoadServerUpdate Thread
2024-08-20 19:14:30,965 [WARN] PackLoader:240 - Cannot read IP mode file for STMicroelectronics.FP-SNS-MOTENVWB1.1.4.0
2024-08-20 19:14:30,985 [WARN] PackLoader:240 - Cannot read IP mode file for STMicroelectronics.X-CUBE-SMBUS.2.1.0
2024-08-20 19:14:31,001 [WARN] PackLoader:240 - Cannot read IP mode file for STMicroelectronics.X-CUBE-TOUCHGFX.4.23.1
2024-08-20 19:14:31,014 [WARN] PackLoader:240 - Cannot read IP mode file for STMicroelectronics.X-CUBE-TOUCHGFX.4.23.0
2024-08-20 19:14:31,029 [WARN] PackLoader:240 - Cannot read IP mode file for STMicroelectronics.X-CUBE-TOUCHGFX.4.23.2
2024-08-20 19:14:31,063 [WARN] PackLoader:240 - Cannot read IP mode file for STMicroelectronics.X-CUBE-AZRTOS-F7.1.1.0
2024-08-20 19:14:31,083 [WARN] PackLoader:240 - Cannot read IP mode file for STMicroelectronics.FP-SNS-MOTENV1.4.3.2
2024-08-20 19:14:31,130 [WARN] PackLoader:240 - Cannot read IP mode file for STMicroelectronics.X-CUBE-MEMS1.11.0.0
2024-08-20 19:14:31,221 [WARN] PackLoader:240 - Cannot read IP mode file for STMicroelectronics.FP-SNS-FLIGHT1.5.0.2
2024-08-20 19:14:31,233 [WARN] PackLoader:240 - Cannot read IP mode file for STMicroelectronics.X-CUBE-DISPLAY.3.0.0
2024-08-20 19:14:31,249 [WARN] PackLoader:240 - Cannot read IP mode file for STMicroelectronics.X-CUBE-BLE1.7.0.0
2024-08-20 19:14:31,261 [WARN] PackLoader:240 - Cannot read IP mode file for emotas.I-CUBE-CANOPEN.1.3.0
2024-08-20 19:14:31,284 [WARN] PackLoader:240 - Cannot read IP mode file for STMicroelectronics.X-CUBE-BLEMGR.3.1.0
2024-08-20 19:14:31,299 [WARN] PackLoader:240 - Cannot read IP mode file for STMicroelectronics.FP-SNS-SMARTAG2.1.2.0
2024-08-20 19:14:31,321 [INFO] LogOutputStream:77 - [STDOUT_REDIRECT] 1 : Invalid condition id : UX_CORESTACK_Condition cause : null
2024-08-20 19:14:31,321 [INFO] LogOutputStream:77 - [STDOUT_REDIRECT] 1 : Invalid condition id : UX_CORESTACK_Condition cause : null
2024-08-20 19:14:31,322 [INFO] LogOutputStream:77 - [STDOUT_REDIRECT] 1 : Invalid condition id : UX_CORESTACK_Condition cause : null
2024-08-20 19:14:31,323 [INFO] LogOutputStream:77 - [STDOUT_REDIRECT] 1 : Invalid condition id : UX_CORESTACK_Condition cause : null
2024-08-20 19:14:31,324 [INFO] LogOutputStream:77 - [STDOUT_REDIRECT] 1 : Invalid condition id : UX_CORESTACK_Condition cause : null
2024-08-20 19:14:31,327 [WARN] PackLoader:240 - Cannot read IP mode file for STMicroelectronics.X-CUBE-AZRTOS-WL.2.0.0
2024-08-20 19:14:31,342 [WARN] PackLoader:240 - Cannot read IP mode file for STMicroelectronics.FP-SNS-MOTENV1.5.0.0
2024-08-20 19:14:31,357 [WARN] PackLoader:240 - Cannot read IP mode file for wolfSSL.I-CUBE-wolfMQTT.1.19.0
2024-08-20 19:14:31,372 [WARN] PackLoader:240 - Cannot read IP mode file for WES.I-CUBE-Cesium.1.3.0
2024-08-20 19:14:31,386 [WARN] PackLoader:240 - Cannot read IP mode file for STMicroelectronics.X-CUBE-BLE2.3.3.0
2024-08-20 19:14:31,399 [WARN] PackLoader:240 - Cannot read IP mode file for STMicroelectronics.X-CUBE-TCPP.4.1.0
2024-08-20 19:14:31,413 [WARN] PackLoader:240 - Cannot read IP mode file for STMicroelectronics.X-CUBE-ALGOBUILD.1.3.0
2024-08-20 19:14:31,439 [WARN] PackLoader:240 - Cannot read IP mode file for STMicroelectronics.X-CUBE-AZRTOS-G0.1.1.0
2024-08-20 19:14:31,453 [WARN] PackLoader:240 - Cannot read IP mode file for STMicroelectronics.X-CUBE-SAFEA1.1.2.2
2024-08-20 19:14:31,466 [WARN] PackLoader:240 - Cannot read IP mode file for STMicroelectronics.X-CUBE-NFC4.3.0.0
2024-08-20 19:14:31,480 [WARN] PackLoader:240 - Cannot read IP mode file for EmbeddedOffice.I-CUBE-FS-RTOS.1.0.1
2024-08-20 19:14:31,480 [ERROR] ConditionMgr:805 - Attr not supported : Dmpu
2024-08-20 19:14:31,481 [ERROR] ConditionMgr:805 - Attr not supported : Dmpu
2024-08-20 19:14:31,481 [ERROR] ConditionMgr:805 - Attr not supported : Dmpu
2024-08-20 19:14:31,481 [ERROR] ConditionMgr:805 - Attr not supported : Dmpu
2024-08-20 19:14:31,481 [ERROR] ConditionMgr:805 - Attr not supported : Dmpu
2024-08-20 19:14:31,481 [ERROR] ConditionMgr:805 - Attr not supported : Dmpu
2024-08-20 19:14:31,481 [ERROR] ConditionMgr:805 - Attr not supported : Dmpu
2024-08-20 19:14:31,481 [ERROR] ConditionMgr:805 - Attr not supported : Dmpu
2024-08-20 19:14:31,481 [ERROR] ConditionMgr:805 - Attr not supported : Dmpu
2024-08-20 19:14:31,481 [ERROR] ConditionMgr:805 - Attr not supported : Dmpu
2024-08-20 19:14:31,481 [ERROR] ConditionMgr:805 - Attr not supported : Dmpu
2024-08-20 19:14:31,481 [ERROR] ConditionMgr:805 - Attr not supported : Dmpu
2024-08-20 19:14:31,481 [ERROR] ConditionMgr:805 - Attr not supported : Dmpu
2024-08-20 19:14:31,481 [ERROR] ConditionMgr:805 - Attr not supported : Dmpu
2024-08-20 19:14:31,481 [ERROR] ConditionMgr:805 - Attr not supported : Dmpu
2024-08-20 19:14:31,481 [ERROR] ConditionMgr:805 - Attr not supported : Dmpu
2024-08-20 19:14:31,481 [ERROR] ConditionMgr:805 - Attr not supported : Dmpu
2024-08-20 19:14:31,481 [ERROR] ConditionMgr:805 - Attr not supported : Dmpu
2024-08-20 19:14:31,481 [ERROR] ConditionMgr:805 - Attr not supported : Dmpu
2024-08-20 19:14:31,481 [ERROR] ConditionMgr:805 - Attr not supported : Dmpu
2024-08-20 19:14:31,481 [ERROR] ConditionMgr:805 - Attr not supported : Dmpu
2024-08-20 19:14:31,481 [ERROR] ConditionMgr:805 - Attr not supported : Dmpu
2024-08-20 19:14:31,482 [ERROR] ConditionMgr:805 - Attr not supported : Dmpu
2024-08-20 19:14:31,482 [ERROR] ConditionMgr:805 - Attr not supported : Dmpu
2024-08-20 19:14:31,482 [ERROR] ConditionMgr:805 - Attr not supported : Dmpu
2024-08-20 19:14:31,482 [ERROR] ConditionMgr:805 - Attr not supported : Dmpu
2024-08-20 19:14:31,482 [ERROR] ConditionMgr:805 - Attr not supported : Dmpu
2024-08-20 19:14:31,482 [ERROR] ConditionMgr:805 - Attr not supported : Dmpu
2024-08-20 19:14:31,482 [ERROR] ConditionMgr:805 - Attr not supported : Dmpu
2024-08-20 19:14:31,482 [ERROR] ConditionMgr:805 - Attr not supported : Dmpu
2024-08-20 19:14:31,482 [ERROR] ConditionMgr:805 - Attr not supported : Dmpu
2024-08-20 19:14:31,482 [ERROR] ConditionMgr:805 - Attr not supported : Dmpu
2024-08-20 19:14:31,482 [ERROR] ConditionMgr:805 - Attr not supported : Dmpu
2024-08-20 19:14:31,482 [ERROR] ConditionMgr:805 - Attr not supported : Dmpu
2024-08-20 19:14:31,482 [ERROR] ConditionMgr:805 - Attr not supported : Dmpu
2024-08-20 19:14:31,482 [ERROR] ConditionMgr:805 - Attr not supported : Dmpu
2024-08-20 19:14:31,482 [ERROR] ConditionMgr:805 - Attr not supported : Dmpu
2024-08-20 19:14:31,482 [ERROR] ConditionMgr:805 - Attr not supported : Dmpu
2024-08-20 19:14:31,482 [ERROR] ConditionMgr:805 - Attr not supported : Dmpu
2024-08-20 19:14:31,482 [ERROR] ConditionMgr:805 - Attr not supported : Dmpu
2024-08-20 19:14:31,482 [ERROR] ConditionMgr:805 - Attr not supported : Dmpu
2024-08-20 19:14:31,483 [ERROR] ConditionMgr:805 - Attr not supported : Dmpu
2024-08-20 19:14:31,483 [ERROR] ConditionMgr:805 - Attr not supported : Dmpu
2024-08-20 19:14:31,483 [ERROR] ConditionMgr:805 - Attr not supported : Dmpu
2024-08-20 19:14:31,483 [ERROR] ConditionMgr:805 - Attr not supported : Dmpu
2024-08-20 19:14:31,483 [ERROR] ConditionMgr:805 - Attr not supported : Dmpu
2024-08-20 19:14:31,483 [ERROR] ConditionMgr:805 - Attr not supported : Dmpu
2024-08-20 19:14:31,483 [ERROR] ConditionMgr:805 - Attr not supported : Dmpu
2024-08-20 19:14:31,483 [ERROR] ConditionMgr:805 - Attr not supported : Dmpu
2024-08-20 19:14:31,483 [ERROR] ConditionMgr:805 - Attr not supported : Dmpu
2024-08-20 19:14:31,483 [ERROR] ConditionMgr:805 - Attr not supported : Dmpu
2024-08-20 19:14:31,483 [ERROR] ConditionMgr:805 - Attr not supported : Dmpu
2024-08-20 19:14:31,483 [ERROR] ConditionMgr:805 - Attr not supported : Dmpu
2024-08-20 19:14:31,483 [ERROR] ConditionMgr:805 - Attr not supported : Dmpu
2024-08-20 19:14:31,483 [ERROR] ConditionMgr:805 - Attr not supported : Dmpu
2024-08-20 19:14:31,483 [ERROR] ConditionMgr:805 - Attr not supported : Dmpu
2024-08-20 19:14:31,483 [ERROR] ConditionMgr:805 - Attr not supported : Dmpu
2024-08-20 19:14:31,483 [ERROR] ConditionMgr:805 - Attr not supported : Dmpu
2024-08-20 19:14:31,483 [ERROR] ConditionMgr:805 - Attr not supported : Dmpu
2024-08-20 19:14:31,483 [ERROR] ConditionMgr:805 - Attr not supported : Dmpu
2024-08-20 19:14:31,484 [ERROR] ConditionMgr:805 - Attr not supported : Dmpu
2024-08-20 19:14:31,484 [ERROR] ConditionMgr:805 - Attr not supported : Dmpu
2024-08-20 19:14:31,484 [ERROR] ConditionMgr:805 - Attr not supported : Dmpu
2024-08-20 19:14:31,484 [ERROR] ConditionMgr:805 - Attr not supported : Dmpu
2024-08-20 19:14:31,496 [WARN] PackLoader:240 - Cannot read IP mode file for RealThread.X-CUBE-RT-Thread_Nano.4.1.1
2024-08-20 19:14:31,507 [WARN] PackLoader:240 - Cannot read IP mode file for STMicroelectronics.FP-ATR-SIGFOX1.3.2.0
2024-08-20 19:14:31,521 [WARN] PackLoader:240 - Cannot read IP mode file for STMicroelectronics.X-CUBE-EEPRMA1.5.1.0
2024-08-20 19:14:31,552 [WARN] PackLoader:240 - Cannot read IP mode file for SEGGER.I-CUBE-embOS.1.3.1
2024-08-20 19:14:31,600 [WARN] PackLoader:240 - Cannot read IP mode file for STMicroelectronics.X-CUBE-ALGOBUILD.1.4.0
2024-08-20 19:14:31,613 [WARN] PackLoader:240 - Cannot read IP mode file for STMicroelectronics.X-CUBE-GNSS1.6.0.0
2024-08-20 19:14:31,647 [WARN] PackLoader:240 - Cannot read IP mode file for STMicroelectronics.X-CUBE-AZRTOS-F4.1.1.0
2024-08-20 19:14:31,667 [WARN] PackLoader:240 - Cannot read IP mode file for STMicroelectronics.X-CUBE-FREERTOS.1.2.0
2024-08-20 19:14:31,683 [WARN] PackLoader:240 - Cannot read IP mode file for wolfSSL.I-CUBE-wolfSSL.5.6.6
2024-08-20 19:14:31,710 [WARN] PackLoader:240 - Cannot read IP mode file for STMicroelectronics.X-CUBE-AZRTOS-L5.2.0.0
2024-08-20 19:14:31,736 [WARN] PackLoader:240 - Cannot read IP mode file for STMicroelectronics.X-CUBE-NFC6.3.1.0
2024-08-20 19:14:31,755 [WARN] PackLoader:240 - Cannot read IP mode file for ITTIA_DB.I-CUBE-ITTIADB.8.8.0
2024-08-20 19:14:31,775 [WARN] PackLoader:240 - Cannot read IP mode file for STMicroelectronics.X-CUBE-DPower.1.2.0
2024-08-20 19:14:31,799 [WARN] PackLoader:240 - Cannot read IP mode file for STMicroelectronics.X-CUBE-AI.9.0.0
2024-08-20 19:14:31,818 [WARN] PackLoader:240 - Cannot read IP mode file for STMicroelectronics.X-CUBE-NFC7.1.0.1
2024-08-20 19:14:31,826 [WARN] PackLoader:240 - Cannot read IP mode file for wolfSSL.I-CUBE-wolfTPM.3.2.0
2024-08-20 19:14:31,843 [WARN] PackLoader:240 - Cannot read IP mode file for STMicroelectronics.X-CUBE-NFC6.3.0.0
2024-08-20 19:14:31,858 [WARN] PackLoader:240 - Cannot read IP mode file for STMicroelectronics.X-CUBE-AI.8.1.0
2024-08-20 19:14:31,889 [WARN] ConditionMgr:438 - getConditionDescription Invalid condition id : LAN8742 Phy interface Condition cause : null
2024-08-20 19:14:31,890 [WARN] PackLoader:240 - Cannot read IP mode file for STMicroelectronics.X-CUBE-AZRTOS-L4.2.0.0
2024-08-20 19:14:31,890 [WARN] ConditionMgr:1039 - genDependencies : Invalid condition id : LAN8742 Phy interface Condition cause : null
2024-08-20 19:14:31,891 [WARN] ConditionMgr:1039 - genDependencies : Invalid condition id : LAN8742 Phy interface Condition cause : null
2024-08-20 19:14:31,891 [WARN] ConditionMgr:1039 - genDependencies : Invalid condition id : LAN8742 Phy interface Condition cause : null
2024-08-20 19:14:31,908 [WARN] PackLoader:240 - Cannot read IP mode file for STMicroelectronics.X-CUBE-SFXS2LP1.4.0.0
2024-08-20 19:14:31,936 [WARN] PackLoader:240 - Cannot read IP mode file for STMicroelectronics.X-CUBE-AZRTOS-H7.3.3.0
2024-08-20 19:14:31,958 [WARN] ConditionMgr:438 - getConditionDescription Invalid condition id : UX DEVICE CLASS RTOS Condition cause : null
2024-08-20 19:14:31,958 [WARN] ConditionMgr:438 - getConditionDescription Invalid condition id : UX DEVICE CLASS RTOS Condition cause : null
2024-08-20 19:14:31,959 [WARN] PackLoader:240 - Cannot read IP mode file for STMicroelectronics.X-CUBE-AZRTOS-WB.2.0.0
2024-08-20 19:14:31,960 [WARN] ConditionMgr:1039 - genDependencies : Invalid condition id : UX DEVICE CLASS RTOS Condition cause : null
2024-08-20 19:14:31,960 [WARN] ConditionMgr:1039 - genDependencies : Invalid condition id : UX DEVICE CLASS RTOS Condition cause : null
2024-08-20 19:14:31,960 [WARN] ConditionMgr:1039 - genDependencies : Invalid condition id : UX DEVICE CLASS RTOS Condition cause : null
2024-08-20 19:14:31,960 [WARN] ConditionMgr:1039 - genDependencies : Invalid condition id : UX DEVICE CLASS RTOS Condition cause : null
2024-08-20 19:14:31,960 [WARN] ConditionMgr:1039 - genDependencies : Invalid condition id : UX DEVICE CLASS RTOS Condition cause : null
2024-08-20 19:14:31,976 [WARN] PackLoader:240 - Cannot read IP mode file for STMicroelectronics.FP-SNS-STBOX1.2.0.0
2024-08-20 19:14:31,996 [WARN] PackLoader:240 - Cannot read IP mode file for STMicroelectronics.X-CUBE-SUBG2.5.0.0
2024-08-20 19:14:32,022 [WARN] PackLoader:240 - Cannot read IP mode file for STMicroelectronics.X-CUBE-AZRTOS-G4.2.0.0
2024-08-20 19:14:32,044 [WARN] PackLoader:240 - Cannot read IP mode file for Infineon.AIROC-Wi-Fi-Bluetooth-STM32.1.5.1
2024-08-20 19:14:32,059 [WARN] PackLoader:240 - Cannot read IP mode file for STMicroelectronics.FP-SNS-MOTENVWB1.1.3.1
2024-08-20 19:14:32,075 [WARN] PackLoader:240 - Cannot read IP mode file for STMicroelectronics.X-CUBE-ISPU.2.0.0
2024-08-20 19:14:32,087 [WARN] PackLoader:240 - Cannot read IP mode file for STMicroelectronics.X-CUBE-ALS.1.0.2
2024-08-20 19:14:32,121 [WARN] PackLoader:240 - Cannot read IP mode file for STMicroelectronics.X-CUBE-MEMS1.10.0.0
2024-08-20 19:14:32,202 [WARN] PackLoader:240 - Cannot read IP mode file for STMicroelectronics.X-CUBE-FREERTOS.1.1.0
2024-08-20 19:14:32,220 [WARN] PackLoader:240 - Cannot read IP mode file for STMicroelectronics.X-CUBE-TOUCHGFX.4.24.0
2024-08-20 19:14:32,240 [WARN] PackLoader:240 - Cannot read IP mode file for portGmbH.I-Cube-SoM-uGOAL.1.1.0
2024-08-20 19:14:32,256 [WARN] PackLoader:240 - Cannot read IP mode file for STMicroelectronics.X-CUBE-ALS.1.0.1
2024-08-20 19:14:32,292 [WARN] PackLoader:240 - Cannot read IP mode file for STMicroelectronics.X-CUBE-AZRTOS-H7RS.1.0.0
2024-08-20 19:14:32,301 [WARN] PackLoader:240 - Cannot read IP mode file for STMicroelectronics.FP-ATR-ASTRA1.2.0.0
2024-08-20 19:14:32,323 [WARN] PackLoader:240 - Cannot read IP mode file for STMicroelectronics.X-CUBE-TOF1.3.4.2
2024-08-20 19:14:32,349 [WARN] PackLoader:240 - Cannot read IP mode file for STMicroelectronics.X-CUBE-TOF1.3.4.1
2024-08-20 19:14:32,381 [WARN] PackLoader:240 - Cannot read IP mode file for STMicroelectronics.X-CUBE-AZRTOS-H7.3.2.0
2024-08-20 19:14:32,388 [WARN] PackLoader:240 - Cannot read IP mode file for wolfSSL.I-CUBE-wolfSSH.1.4.17
2024-08-20 19:14:32,388 [INFO] ThirdParty:978 - Integrity check success = true
2024-08-20 19:14:32,388 [INFO] IntegrityCheckThread:100 - exiting critical section [integrity check]
2024-08-20 19:14:32,388 [INFO] IntegrityCheckThread:103 - End integrity checks thread
