2024-03-18 16:44:05,705 [INFO] I2cTimingTraitement:330 - 0x00303D5B
2024-03-18 19:31:24,320 [INFO] I2cTimingTraitement:330 - 0x00303D5B
2024-03-18 19:33:05,736 [WARN] IpParametersView:151 - Warning: This peripheral hasn't parameters
2024-03-18 19:33:05,741 [WARN] MainPanel:272 - <html><b><center>Warning: This peripheral has no parameters to be configured<br></b></html>
2024-03-18 19:33:05,769 [WARN] IpParametersView:151 - Warning: This peripheral hasn't parameters
2024-03-18 19:33:05,774 [WARN] MainPanel:272 - <html><b><center>Warning: This peripheral has no parameters to be configured<br></b></html>
2024-03-18 19:33:05,813 [WARN] IpParametersView:151 - Warning: This peripheral hasn't parameters
2024-03-18 19:33:05,817 [WARN] MainPanel:272 - <html><b><center>Warning: This peripheral has no parameters to be configured<br></b></html>
2024-03-18 20:07:05,594 [INFO] I2cTimingTraitement:330 - 0x00303D5B
2024-03-18 20:12:50,761 [INFO] ADCParametersView:116 -                Rank 1 : false
2024-03-18 20:12:50,778 [INFO] ADCParametersView:116 -                Rank 1 : false
2024-03-18 20:12:50,778 [INFO] ADCParametersView:116 -                Rank 1 : false
2024-03-18 20:12:50,779 [INFO] ADCParametersView:116 -                Rank 1 : false
2024-03-18 20:12:50,779 [INFO] ADCParametersView:116 -                Rank 1 : false
2024-03-18 20:12:50,779 [INFO] ADCParametersView:116 -                Rank 1 : false
2024-03-18 20:12:50,780 [INFO] ADCParametersView:116 -                Rank 1 : false
2024-03-18 20:12:50,780 [INFO] ADCParametersView:116 -                Rank 1 : false
2024-03-18 20:12:50,780 [INFO] ADCParametersView:116 -                Rank 1 : false
2024-03-18 20:12:50,781 [INFO] ADCParametersView:116 -                Rank 1 : false
2024-03-18 20:12:50,781 [INFO] ADCParametersView:116 -                Rank 1 : false
2024-03-18 20:12:50,781 [INFO] ADCParametersView:116 -                Rank 1 : false
2024-03-18 20:12:50,782 [INFO] ADCParametersView:116 -                Rank 1 : false
2024-03-18 20:12:50,782 [INFO] ADCParametersView:116 -                Rank 1 : false
2024-03-18 20:12:50,782 [INFO] ADCParametersView:116 -                Rank 1 : false
2024-03-18 20:12:50,783 [INFO] ADCParametersView:116 -                Rank 1 : false
2024-03-18 20:12:50,783 [INFO] ADCParametersView:116 -                Rank 1 : false
2024-03-18 20:12:50,783 [INFO] ADCParametersView:116 -                Rank 1 : false
2024-03-18 20:12:50,784 [INFO] ADCParametersView:116 -                Rank 1 : false
2024-03-18 20:12:50,784 [INFO] ADCParametersView:116 -                Rank 1 : false
2024-03-18 20:12:50,784 [INFO] ADCParametersView:116 -                Rank 1 : false
2024-03-18 20:12:50,784 [INFO] ADCParametersView:116 -                Rank 1 : false
2024-03-18 20:12:50,792 [INFO] ADCParametersView:116 -                Rank 1 : false
2024-03-18 20:12:50,854 [INFO] NvicIntPanel:101 - NVIC parent = com.st.microxplorer.plugins.ip.nvic.MultiNvicIntPanel[,0,0,0x0,invalid,layout=javax.swing.BoxLayout,alignmentX=0.0,alignmentY=0.0,border=,flags=9,maximumSize=,minimumSize=,preferredSize=]
2024-03-18 20:12:50,917 [INFO] NvicIntPanel:101 - NVIC parent = com.st.microxplorer.plugins.ip.nvic.MultiNvicIntPanel[,0,0,0x0,invalid,layout=javax.swing.BoxLayout,alignmentX=0.0,alignmentY=0.0,border=,flags=9,maximumSize=,minimumSize=,preferredSize=]
2024-03-18 20:12:50,980 [INFO] NvicIntPanel:101 - NVIC parent = com.st.microxplorer.plugins.ip.nvic.MultiNvicIntPanel[,0,0,0x0,invalid,layout=javax.swing.BoxLayout,alignmentX=0.0,alignmentY=0.0,border=,flags=9,maximumSize=,minimumSize=,preferredSize=]
2024-03-18 20:12:51,041 [INFO] NvicIntPanel:101 - NVIC parent = com.st.microxplorer.plugins.ip.nvic.MultiNvicIntPanel[,0,0,0x0,invalid,layout=javax.swing.BoxLayout,alignmentX=0.0,alignmentY=0.0,border=,flags=9,maximumSize=,minimumSize=,preferredSize=]
2024-03-18 20:12:51,071 [INFO] ADCParametersView:116 -                Rank 1 : false
2024-03-18 20:12:51,072 [INFO] ADCParametersView:116 -                Rank 1 : false
2024-03-18 20:12:51,072 [INFO] ADCParametersView:116 -                Rank 1 : false
2024-03-18 20:12:51,073 [INFO] ADCParametersView:116 -                Rank 1 : false
2024-03-18 20:12:51,073 [INFO] ADCParametersView:116 -                Rank 1 : false
2024-03-18 20:12:51,073 [INFO] ADCParametersView:116 -                Rank 1 : false
2024-03-18 20:12:51,074 [INFO] ADCParametersView:116 -                Rank 1 : false
2024-03-18 20:12:51,074 [INFO] ADCParametersView:116 -                Rank 1 : false
2024-03-18 20:12:51,074 [INFO] ADCParametersView:116 -                Rank 1 : false
2024-03-18 20:12:51,075 [INFO] ADCParametersView:116 -                Rank 1 : false
2024-03-18 20:12:51,075 [INFO] ADCParametersView:116 -                Rank 1 : false
2024-03-18 20:12:51,075 [INFO] ADCParametersView:116 -                Rank 1 : false
2024-03-18 20:12:51,076 [INFO] ADCParametersView:116 -                Rank 1 : false
2024-03-18 20:12:51,076 [INFO] ADCParametersView:116 -                Rank 1 : false
2024-03-18 20:12:51,076 [INFO] ADCParametersView:116 -                Rank 1 : false
2024-03-18 20:12:51,077 [INFO] ADCParametersView:116 -                Rank 1 : false
2024-03-18 20:12:51,077 [INFO] ADCParametersView:116 -                Rank 1 : false
2024-03-18 20:12:51,077 [INFO] ADCParametersView:116 -                Rank 1 : false
2024-03-18 20:12:51,077 [INFO] ADCParametersView:116 -                Rank 1 : false
2024-03-18 20:12:51,077 [INFO] ADCParametersView:116 -                Rank 1 : false
2024-03-18 20:12:51,078 [INFO] ADCParametersView:116 -                Rank 1 : false
2024-03-18 20:12:51,085 [INFO] ADCParametersView:116 -                Rank 1 : false
2024-03-18 20:12:51,099 [INFO] ADCParametersView:116 -                Rank 1 : false
2024-03-18 20:12:51,099 [INFO] ADCParametersView:116 -                Rank 1 : false
2024-03-18 20:12:51,100 [INFO] ADCParametersView:116 -                Rank 1 : false
2024-03-18 20:12:51,100 [INFO] ADCParametersView:116 -                Rank 1 : false
2024-03-18 20:12:51,100 [INFO] ADCParametersView:116 -                Rank 1 : false
2024-03-18 20:12:51,101 [INFO] ADCParametersView:116 -                Rank 1 : false
2024-03-18 20:12:51,101 [INFO] ADCParametersView:116 -                Rank 1 : false
2024-03-18 20:12:51,101 [INFO] ADCParametersView:116 -                Rank 1 : false
2024-03-18 20:12:51,101 [INFO] ADCParametersView:116 -                Rank 1 : false
2024-03-18 20:12:51,102 [INFO] ADCParametersView:116 -                Rank 1 : false
2024-03-18 20:12:51,102 [INFO] ADCParametersView:116 -                Rank 1 : false
2024-03-18 20:12:51,102 [INFO] ADCParametersView:116 -                Rank 1 : false
2024-03-18 20:12:51,103 [INFO] ADCParametersView:116 -                Rank 1 : false
2024-03-18 20:12:51,105 [INFO] ADCParametersView:116 -                Rank 1 : false
2024-03-18 20:12:51,105 [INFO] ADCParametersView:116 -                Rank 1 : false
2024-03-18 20:12:51,106 [INFO] ADCParametersView:116 -                Rank 1 : false
2024-03-18 20:12:51,106 [INFO] ADCParametersView:116 -                Rank 1 : false
2024-03-18 20:12:51,106 [INFO] ADCParametersView:116 -                Rank 1 : false
2024-03-18 20:12:51,107 [INFO] ADCParametersView:116 -                Rank 1 : false
2024-03-18 20:12:51,107 [INFO] ADCParametersView:116 -                Rank 1 : false
2024-03-18 20:12:51,107 [INFO] ADCParametersView:116 -                Rank 1 : false
2024-03-18 20:12:51,114 [INFO] ADCParametersView:116 -                Rank 1 : false
2024-03-18 20:12:53,822 [INFO] Mcu:1675 - InternalPropertyChange: try BijectiveRequest:IN3 Differential
2024-03-18 20:12:54,039 [INFO] ADCParametersView:116 -                Rank 1 : false
2024-03-18 20:12:54,039 [INFO] ADCParametersView:116 -                Rank 1 : false
2024-03-18 20:12:54,040 [INFO] ADCParametersView:116 -                Rank 1 : false
2024-03-18 20:12:54,040 [INFO] ADCParametersView:116 -                Rank 1 : false
2024-03-18 20:12:54,040 [INFO] ADCParametersView:116 -                Rank 1 : false
2024-03-18 20:12:54,041 [INFO] ADCParametersView:116 -                Rank 1 : false
2024-03-18 20:12:54,041 [INFO] ADCParametersView:116 -                Rank 1 : false
2024-03-18 20:12:54,041 [INFO] ADCParametersView:116 -                Rank 1 : false
2024-03-18 20:12:54,041 [INFO] ADCParametersView:116 -                Rank 1 : false
2024-03-18 20:12:54,042 [INFO] ADCParametersView:116 -                Rank 1 : false
2024-03-18 20:12:54,042 [INFO] ADCParametersView:116 -                Rank 1 : false
2024-03-18 20:12:54,042 [INFO] ADCParametersView:116 -                Rank 1 : false
2024-03-18 20:12:54,042 [INFO] ADCParametersView:116 -                Rank 1 : false
2024-03-18 20:12:54,042 [INFO] ADCParametersView:116 -                Rank 1 : false
2024-03-18 20:12:54,043 [INFO] ADCParametersView:116 -                Rank 1 : false
2024-03-18 20:12:54,043 [INFO] ADCParametersView:116 -                Rank 1 : false
2024-03-18 20:12:54,043 [INFO] ADCParametersView:116 -                Rank 1 : false
2024-03-18 20:12:54,043 [INFO] ADCParametersView:116 -                Rank 1 : false
2024-03-18 20:12:54,044 [INFO] ADCParametersView:116 -                Rank 1 : false
2024-03-18 20:12:54,044 [INFO] ADCParametersView:116 -                Rank 1 : false
2024-03-18 20:12:54,044 [INFO] ADCParametersView:116 -                Rank 1 : false
2024-03-18 20:12:54,050 [INFO] ADCParametersView:116 -                Rank 1 : false
2024-03-18 20:12:54,063 [INFO] ADCParametersView:116 -                Rank 1 : false
2024-03-18 20:12:54,064 [INFO] ADCParametersView:116 -                Rank 1 : false
2024-03-18 20:12:54,064 [INFO] ADCParametersView:116 -                Rank 1 : false
2024-03-18 20:12:54,065 [INFO] ADCParametersView:116 -                Rank 1 : false
2024-03-18 20:12:54,065 [INFO] ADCParametersView:116 -                Rank 1 : false
2024-03-18 20:12:54,065 [INFO] ADCParametersView:116 -                Rank 1 : false
2024-03-18 20:12:54,065 [INFO] ADCParametersView:116 -                Rank 1 : false
2024-03-18 20:12:54,066 [INFO] ADCParametersView:116 -                Rank 1 : false
2024-03-18 20:12:54,066 [INFO] ADCParametersView:116 -                Rank 1 : false
2024-03-18 20:12:54,066 [INFO] ADCParametersView:116 -                Rank 1 : false
2024-03-18 20:12:54,066 [INFO] ADCParametersView:116 -                Rank 1 : false
2024-03-18 20:12:54,066 [INFO] ADCParametersView:116 -                Rank 1 : false
2024-03-18 20:12:54,067 [INFO] ADCParametersView:116 -                Rank 1 : false
2024-03-18 20:12:54,067 [INFO] ADCParametersView:116 -                Rank 1 : false
2024-03-18 20:12:54,067 [INFO] ADCParametersView:116 -                Rank 1 : false
2024-03-18 20:12:54,067 [INFO] ADCParametersView:116 -                Rank 1 : false
2024-03-18 20:12:54,067 [INFO] ADCParametersView:116 -                Rank 1 : false
2024-03-18 20:12:54,067 [INFO] ADCParametersView:116 -                Rank 1 : false
2024-03-18 20:12:54,067 [INFO] ADCParametersView:116 -                Rank 1 : false
2024-03-18 20:12:54,068 [INFO] ADCParametersView:116 -                Rank 1 : false
2024-03-18 20:12:54,068 [INFO] ADCParametersView:116 -                Rank 1 : false
2024-03-18 20:12:54,075 [INFO] ADCParametersView:116 -                Rank 1 : false
2024-03-18 20:12:54,102 [INFO] ADCParametersView:116 -                Rank 1 : false
2024-03-18 20:12:54,103 [INFO] ADCParametersView:116 -                Rank 1 : false
2024-03-18 20:12:54,104 [INFO] ADCParametersView:116 -                Rank 1 : false
2024-03-18 20:12:54,104 [INFO] ADCParametersView:116 -                Rank 1 : false
2024-03-18 20:12:54,104 [INFO] ADCParametersView:116 -                Rank 1 : false
2024-03-18 20:12:54,104 [INFO] ADCParametersView:116 -                Rank 1 : false
2024-03-18 20:12:54,105 [INFO] ADCParametersView:116 -                Rank 1 : false
2024-03-18 20:12:54,105 [INFO] ADCParametersView:116 -                Rank 1 : false
2024-03-18 20:12:54,107 [INFO] ADCParametersView:116 -                Rank 1 : false
2024-03-18 20:12:54,107 [INFO] ADCParametersView:116 -                Rank 1 : false
2024-03-18 20:12:54,107 [INFO] ADCParametersView:116 -                Rank 1 : false
2024-03-18 20:12:54,107 [INFO] ADCParametersView:116 -                Rank 1 : false
2024-03-18 20:12:54,107 [INFO] ADCParametersView:116 -                Rank 1 : false
2024-03-18 20:12:54,108 [INFO] ADCParametersView:116 -                Rank 1 : false
2024-03-18 20:12:54,108 [INFO] ADCParametersView:116 -                Rank 1 : false
2024-03-18 20:12:54,108 [INFO] ADCParametersView:116 -                Rank 1 : false
2024-03-18 20:12:54,109 [INFO] ADCParametersView:116 -                Rank 1 : false
2024-03-18 20:12:54,109 [INFO] ADCParametersView:116 -                Rank 1 : false
2024-03-18 20:12:54,109 [INFO] ADCParametersView:116 -                Rank 1 : false
2024-03-18 20:12:54,109 [INFO] ADCParametersView:116 -                Rank 1 : false
2024-03-18 20:12:54,109 [INFO] ADCParametersView:116 -                Rank 1 : false
2024-03-18 20:12:54,117 [INFO] ADCParametersView:116 -                Rank 1 : false
2024-03-18 20:12:54,129 [INFO] ADCParametersView:116 -                Rank 1 : false
2024-03-18 20:12:54,129 [INFO] ADCParametersView:116 -                Rank 1 : false
2024-03-18 20:12:54,130 [INFO] ADCParametersView:116 -                Rank 1 : false
2024-03-18 20:12:54,130 [INFO] ADCParametersView:116 -                Rank 1 : false
2024-03-18 20:12:54,130 [INFO] ADCParametersView:116 -                Rank 1 : false
2024-03-18 20:12:54,130 [INFO] ADCParametersView:116 -                Rank 1 : false
2024-03-18 20:12:54,131 [INFO] ADCParametersView:116 -                Rank 1 : false
2024-03-18 20:12:54,131 [INFO] ADCParametersView:116 -                Rank 1 : false
2024-03-18 20:12:54,132 [INFO] ADCParametersView:116 -                Rank 1 : false
2024-03-18 20:12:54,132 [INFO] ADCParametersView:116 -                Rank 1 : false
2024-03-18 20:12:54,132 [INFO] ADCParametersView:116 -                Rank 1 : false
2024-03-18 20:12:54,132 [INFO] ADCParametersView:116 -                Rank 1 : false
2024-03-18 20:12:54,133 [INFO] ADCParametersView:116 -                Rank 1 : false
2024-03-18 20:12:54,133 [INFO] ADCParametersView:116 -                Rank 1 : false
2024-03-18 20:12:54,133 [INFO] ADCParametersView:116 -                Rank 1 : false
2024-03-18 20:12:54,134 [INFO] ADCParametersView:116 -                Rank 1 : false
2024-03-18 20:12:54,134 [INFO] ADCParametersView:116 -                Rank 1 : false
2024-03-18 20:12:54,134 [INFO] ADCParametersView:116 -                Rank 1 : false
2024-03-18 20:12:54,134 [INFO] ADCParametersView:116 -                Rank 1 : false
2024-03-18 20:12:54,135 [INFO] ADCParametersView:116 -                Rank 1 : false
2024-03-18 20:12:54,135 [INFO] ADCParametersView:116 -                Rank 1 : false
2024-03-18 20:12:54,142 [INFO] ADCParametersView:116 -                Rank 1 : false
2024-03-18 20:12:54,185 [INFO] ADCParametersView:116 -                Rank 1 : false
2024-03-18 20:12:54,185 [INFO] ADCParametersView:116 -                Rank 1 : false
2024-03-18 20:12:54,185 [INFO] ADCParametersView:116 -                Rank 1 : false
2024-03-18 20:12:54,187 [INFO] ADCParametersView:116 -                Rank 1 : false
2024-03-18 20:12:54,187 [INFO] ADCParametersView:116 -                Rank 1 : false
2024-03-18 20:12:54,187 [INFO] ADCParametersView:116 -                Rank 1 : false
2024-03-18 20:12:54,188 [INFO] ADCParametersView:116 -                Rank 1 : false
2024-03-18 20:12:54,188 [INFO] ADCParametersView:116 -                Rank 1 : false
2024-03-18 20:12:54,188 [INFO] ADCParametersView:116 -                Rank 1 : false
2024-03-18 20:12:54,188 [INFO] ADCParametersView:116 -                Rank 1 : false
2024-03-18 20:12:54,189 [INFO] ADCParametersView:116 -                Rank 1 : false
2024-03-18 20:12:54,189 [INFO] ADCParametersView:116 -                Rank 1 : false
2024-03-18 20:12:54,189 [INFO] ADCParametersView:116 -                Rank 1 : false
2024-03-18 20:12:54,189 [INFO] ADCParametersView:116 -                Rank 1 : false
2024-03-18 20:12:54,190 [INFO] ADCParametersView:116 -                Rank 1 : false
2024-03-18 20:12:54,190 [INFO] ADCParametersView:116 -                Rank 1 : false
2024-03-18 20:12:54,190 [INFO] ADCParametersView:116 -                Rank 1 : false
2024-03-18 20:12:54,190 [INFO] ADCParametersView:116 -                Rank 1 : false
2024-03-18 20:12:54,190 [INFO] ADCParametersView:116 -                Rank 1 : false
2024-03-18 20:12:54,191 [INFO] ADCParametersView:116 -                Rank 1 : false
2024-03-18 20:12:54,191 [INFO] ADCParametersView:116 -                Rank 1 : false
2024-03-18 20:12:54,198 [INFO] ADCParametersView:116 -                Rank 1 : false
2024-03-18 20:12:54,209 [INFO] ADCParametersView:116 -                Rank 1 : false
2024-03-18 20:12:54,209 [INFO] ADCParametersView:116 -                Rank 1 : false
2024-03-18 20:12:54,209 [INFO] ADCParametersView:116 -                Rank 1 : false
2024-03-18 20:12:54,210 [INFO] ADCParametersView:116 -                Rank 1 : false
2024-03-18 20:12:54,210 [INFO] ADCParametersView:116 -                Rank 1 : false
2024-03-18 20:12:54,210 [INFO] ADCParametersView:116 -                Rank 1 : false
2024-03-18 20:12:54,210 [INFO] ADCParametersView:116 -                Rank 1 : false
2024-03-18 20:12:54,211 [INFO] ADCParametersView:116 -                Rank 1 : false
2024-03-18 20:12:54,211 [INFO] ADCParametersView:116 -                Rank 1 : false
2024-03-18 20:12:54,211 [INFO] ADCParametersView:116 -                Rank 1 : false
2024-03-18 20:12:54,211 [INFO] ADCParametersView:116 -                Rank 1 : false
2024-03-18 20:12:54,211 [INFO] ADCParametersView:116 -                Rank 1 : false
2024-03-18 20:12:54,212 [INFO] ADCParametersView:116 -                Rank 1 : false
2024-03-18 20:12:54,212 [INFO] ADCParametersView:116 -                Rank 1 : false
2024-03-18 20:12:54,212 [INFO] ADCParametersView:116 -                Rank 1 : false
2024-03-18 20:12:54,212 [INFO] ADCParametersView:116 -                Rank 1 : false
2024-03-18 20:12:54,213 [INFO] ADCParametersView:116 -                Rank 1 : false
2024-03-18 20:12:54,213 [INFO] ADCParametersView:116 -                Rank 1 : false
2024-03-18 20:12:54,213 [INFO] ADCParametersView:116 -                Rank 1 : false
2024-03-18 20:12:54,213 [INFO] ADCParametersView:116 -                Rank 1 : false
2024-03-18 20:12:54,213 [INFO] ADCParametersView:116 -                Rank 1 : false
2024-03-18 20:12:54,220 [INFO] ADCParametersView:116 -                Rank 1 : false
2024-03-18 20:12:56,338 [INFO] ADCParametersView:116 -                Rank 1 : false
2024-03-18 20:12:56,339 [INFO] ADCParametersView:116 -                Rank 1 : false
2024-03-18 20:12:56,339 [INFO] ADCParametersView:116 -                Rank 1 : false
2024-03-18 20:12:56,340 [INFO] ADCParametersView:116 -                Rank 1 : false
2024-03-18 20:12:56,340 [INFO] ADCParametersView:116 -                Rank 1 : false
2024-03-18 20:12:56,340 [INFO] ADCParametersView:116 -                Rank 1 : false
2024-03-18 20:12:56,340 [INFO] ADCParametersView:116 -                Rank 1 : false
2024-03-18 20:12:56,341 [INFO] ADCParametersView:116 -                Rank 1 : false
2024-03-18 20:12:56,341 [INFO] ADCParametersView:116 -                Rank 1 : false
2024-03-18 20:12:56,341 [INFO] ADCParametersView:116 -                Rank 1 : false
2024-03-18 20:12:56,341 [INFO] ADCParametersView:116 -                Rank 1 : false
2024-03-18 20:12:56,341 [INFO] ADCParametersView:116 -                Rank 1 : false
2024-03-18 20:12:56,342 [INFO] ADCParametersView:116 -                Rank 1 : false
2024-03-18 20:12:56,342 [INFO] ADCParametersView:116 -                Rank 1 : false
2024-03-18 20:12:56,342 [INFO] ADCParametersView:116 -                Rank 1 : false
2024-03-18 20:12:56,342 [INFO] ADCParametersView:116 -                Rank 1 : false
2024-03-18 20:12:56,342 [INFO] ADCParametersView:116 -                Rank 1 : false
2024-03-18 20:12:56,343 [INFO] ADCParametersView:116 -                Rank 1 : false
2024-03-18 20:12:56,343 [INFO] ADCParametersView:116 -                Rank 1 : false
2024-03-18 20:12:56,343 [INFO] ADCParametersView:116 -                Rank 1 : false
2024-03-18 20:12:56,343 [INFO] ADCParametersView:116 -                Rank 1 : false
2024-03-18 20:12:56,349 [INFO] ADCParametersView:116 -                Rank 1 : false
2024-03-18 20:12:56,363 [INFO] ADCParametersView:116 -                Rank 1 : false
2024-03-18 20:12:56,364 [INFO] ADCParametersView:116 -                Rank 1 : false
2024-03-18 20:12:56,364 [INFO] ADCParametersView:116 -                Rank 1 : false
2024-03-18 20:12:56,364 [INFO] ADCParametersView:116 -                Rank 1 : false
2024-03-18 20:12:56,364 [INFO] ADCParametersView:116 -                Rank 1 : false
2024-03-18 20:12:56,365 [INFO] ADCParametersView:116 -                Rank 1 : false
2024-03-18 20:12:56,365 [INFO] ADCParametersView:116 -                Rank 1 : false
2024-03-18 20:12:56,365 [INFO] ADCParametersView:116 -                Rank 1 : false
2024-03-18 20:12:56,365 [INFO] ADCParametersView:116 -                Rank 1 : false
2024-03-18 20:12:56,366 [INFO] ADCParametersView:116 -                Rank 1 : false
2024-03-18 20:12:56,366 [INFO] ADCParametersView:116 -                Rank 1 : false
2024-03-18 20:12:56,366 [INFO] ADCParametersView:116 -                Rank 1 : false
2024-03-18 20:12:56,366 [INFO] ADCParametersView:116 -                Rank 1 : false
2024-03-18 20:12:56,367 [INFO] ADCParametersView:116 -                Rank 1 : false
2024-03-18 20:12:56,367 [INFO] ADCParametersView:116 -                Rank 1 : false
2024-03-18 20:12:56,367 [INFO] ADCParametersView:116 -                Rank 1 : false
2024-03-18 20:12:56,369 [INFO] ADCParametersView:116 -                Rank 1 : false
2024-03-18 20:12:56,371 [INFO] ADCParametersView:116 -                Rank 1 : false
2024-03-18 20:12:56,371 [INFO] ADCParametersView:116 -                Rank 1 : false
2024-03-18 20:12:56,371 [INFO] ADCParametersView:116 -                Rank 1 : false
2024-03-18 20:12:56,372 [INFO] ADCParametersView:116 -                Rank 1 : false
2024-03-18 20:12:56,379 [INFO] ADCParametersView:116 -                Rank 1 : false
2024-03-18 20:12:56,405 [INFO] ADCParametersView:116 -                Rank 1 : false
2024-03-18 20:12:56,406 [INFO] ADCParametersView:116 -                Rank 1 : false
2024-03-18 20:12:56,406 [INFO] ADCParametersView:116 -                Rank 1 : false
2024-03-18 20:12:56,406 [INFO] ADCParametersView:116 -                Rank 1 : false
2024-03-18 20:12:56,407 [INFO] ADCParametersView:116 -                Rank 1 : false
2024-03-18 20:12:56,407 [INFO] ADCParametersView:116 -                Rank 1 : false
2024-03-18 20:12:56,407 [INFO] ADCParametersView:116 -                Rank 1 : false
2024-03-18 20:12:56,407 [INFO] ADCParametersView:116 -                Rank 1 : false
2024-03-18 20:12:56,407 [INFO] ADCParametersView:116 -                Rank 1 : false
2024-03-18 20:12:56,407 [INFO] ADCParametersView:116 -                Rank 1 : false
2024-03-18 20:12:56,408 [INFO] ADCParametersView:116 -                Rank 1 : false
2024-03-18 20:12:56,408 [INFO] ADCParametersView:116 -                Rank 1 : false
2024-03-18 20:12:56,408 [INFO] ADCParametersView:116 -                Rank 1 : false
2024-03-18 20:12:56,408 [INFO] ADCParametersView:116 -                Rank 1 : false
2024-03-18 20:12:56,409 [INFO] ADCParametersView:116 -                Rank 1 : false
2024-03-18 20:12:56,409 [INFO] ADCParametersView:116 -                Rank 1 : false
2024-03-18 20:12:56,409 [INFO] ADCParametersView:116 -                Rank 1 : false
2024-03-18 20:12:56,409 [INFO] ADCParametersView:116 -                Rank 1 : false
2024-03-18 20:12:56,409 [INFO] ADCParametersView:116 -                Rank 1 : false
2024-03-18 20:12:56,410 [INFO] ADCParametersView:116 -                Rank 1 : false
2024-03-18 20:12:56,410 [INFO] ADCParametersView:116 -                Rank 1 : false
2024-03-18 20:12:56,417 [INFO] ADCParametersView:116 -                Rank 1 : false
2024-03-18 20:12:56,428 [INFO] ADCParametersView:116 -                Rank 1 : false
2024-03-18 20:12:56,429 [INFO] ADCParametersView:116 -                Rank 1 : false
2024-03-18 20:12:56,429 [INFO] ADCParametersView:116 -                Rank 1 : false
2024-03-18 20:12:56,429 [INFO] ADCParametersView:116 -                Rank 1 : false
2024-03-18 20:12:56,430 [INFO] ADCParametersView:116 -                Rank 1 : false
2024-03-18 20:12:56,430 [INFO] ADCParametersView:116 -                Rank 1 : false
2024-03-18 20:12:56,430 [INFO] ADCParametersView:116 -                Rank 1 : false
2024-03-18 20:12:56,430 [INFO] ADCParametersView:116 -                Rank 1 : false
2024-03-18 20:12:56,430 [INFO] ADCParametersView:116 -                Rank 1 : false
2024-03-18 20:12:56,431 [INFO] ADCParametersView:116 -                Rank 1 : false
2024-03-18 20:12:56,431 [INFO] ADCParametersView:116 -                Rank 1 : false
2024-03-18 20:12:56,431 [INFO] ADCParametersView:116 -                Rank 1 : false
2024-03-18 20:12:56,431 [INFO] ADCParametersView:116 -                Rank 1 : false
2024-03-18 20:12:56,431 [INFO] ADCParametersView:116 -                Rank 1 : false
2024-03-18 20:12:56,432 [INFO] ADCParametersView:116 -                Rank 1 : false
2024-03-18 20:12:56,432 [INFO] ADCParametersView:116 -                Rank 1 : false
2024-03-18 20:12:56,432 [INFO] ADCParametersView:116 -                Rank 1 : false
2024-03-18 20:12:56,433 [INFO] ADCParametersView:116 -                Rank 1 : false
2024-03-18 20:12:56,433 [INFO] ADCParametersView:116 -                Rank 1 : false
2024-03-18 20:12:56,433 [INFO] ADCParametersView:116 -                Rank 1 : false
2024-03-18 20:12:56,433 [INFO] ADCParametersView:116 -                Rank 1 : false
2024-03-18 20:12:56,440 [INFO] ADCParametersView:116 -                Rank 1 : false
2024-03-18 20:12:56,484 [INFO] ADCParametersView:116 -                Rank 1 : false
2024-03-18 20:12:56,485 [INFO] ADCParametersView:116 -                Rank 1 : false
2024-03-18 20:12:56,485 [INFO] ADCParametersView:116 -                Rank 1 : false
2024-03-18 20:12:56,486 [INFO] ADCParametersView:116 -                Rank 1 : false
2024-03-18 20:12:56,486 [INFO] ADCParametersView:116 -                Rank 1 : false
2024-03-18 20:12:56,486 [INFO] ADCParametersView:116 -                Rank 1 : false
2024-03-18 20:12:56,486 [INFO] ADCParametersView:116 -                Rank 1 : false
2024-03-18 20:12:56,486 [INFO] ADCParametersView:116 -                Rank 1 : false
2024-03-18 20:12:56,487 [INFO] ADCParametersView:116 -                Rank 1 : false
2024-03-18 20:12:56,487 [INFO] ADCParametersView:116 -                Rank 1 : false
2024-03-18 20:12:56,487 [INFO] ADCParametersView:116 -                Rank 1 : false
2024-03-18 20:12:56,487 [INFO] ADCParametersView:116 -                Rank 1 : false
2024-03-18 20:12:56,487 [INFO] ADCParametersView:116 -                Rank 1 : false
2024-03-18 20:12:56,487 [INFO] ADCParametersView:116 -                Rank 1 : false
2024-03-18 20:12:56,488 [INFO] ADCParametersView:116 -                Rank 1 : false
2024-03-18 20:12:56,488 [INFO] ADCParametersView:116 -                Rank 1 : false
2024-03-18 20:12:56,488 [INFO] ADCParametersView:116 -                Rank 1 : false
2024-03-18 20:12:56,488 [INFO] ADCParametersView:116 -                Rank 1 : false
2024-03-18 20:12:56,488 [INFO] ADCParametersView:116 -                Rank 1 : false
2024-03-18 20:12:56,489 [INFO] ADCParametersView:116 -                Rank 1 : false
2024-03-18 20:12:56,489 [INFO] ADCParametersView:116 -                Rank 1 : false
2024-03-18 20:12:56,495 [INFO] ADCParametersView:116 -                Rank 1 : false
2024-03-18 20:12:56,507 [INFO] ADCParametersView:116 -                Rank 1 : false
2024-03-18 20:12:56,507 [INFO] ADCParametersView:116 -                Rank 1 : false
2024-03-18 20:12:56,507 [INFO] ADCParametersView:116 -                Rank 1 : false
2024-03-18 20:12:56,507 [INFO] ADCParametersView:116 -                Rank 1 : false
2024-03-18 20:12:56,508 [INFO] ADCParametersView:116 -                Rank 1 : false
2024-03-18 20:12:56,508 [INFO] ADCParametersView:116 -                Rank 1 : false
2024-03-18 20:12:56,508 [INFO] ADCParametersView:116 -                Rank 1 : false
2024-03-18 20:12:56,508 [INFO] ADCParametersView:116 -                Rank 1 : false
2024-03-18 20:12:56,509 [INFO] ADCParametersView:116 -                Rank 1 : false
2024-03-18 20:12:56,509 [INFO] ADCParametersView:116 -                Rank 1 : false
2024-03-18 20:12:56,509 [INFO] ADCParametersView:116 -                Rank 1 : false
2024-03-18 20:12:56,509 [INFO] ADCParametersView:116 -                Rank 1 : false
2024-03-18 20:12:56,510 [INFO] ADCParametersView:116 -                Rank 1 : false
2024-03-18 20:12:56,510 [INFO] ADCParametersView:116 -                Rank 1 : false
2024-03-18 20:12:56,510 [INFO] ADCParametersView:116 -                Rank 1 : false
2024-03-18 20:12:56,510 [INFO] ADCParametersView:116 -                Rank 1 : false
2024-03-18 20:12:56,511 [INFO] ADCParametersView:116 -                Rank 1 : false
2024-03-18 20:12:56,511 [INFO] ADCParametersView:116 -                Rank 1 : false
2024-03-18 20:12:56,511 [INFO] ADCParametersView:116 -                Rank 1 : false
2024-03-18 20:12:56,511 [INFO] ADCParametersView:116 -                Rank 1 : false
2024-03-18 20:12:56,512 [INFO] ADCParametersView:116 -                Rank 1 : false
2024-03-18 20:12:56,518 [INFO] ADCParametersView:116 -                Rank 1 : false
2024-03-18 20:12:58,764 [INFO] ADCParametersView:116 -                Rank 1 : false
2024-03-18 20:12:58,765 [INFO] ADCParametersView:116 -                Rank 1 : false
2024-03-18 20:12:58,765 [INFO] ADCParametersView:116 -                Rank 1 : false
2024-03-18 20:12:58,765 [INFO] ADCParametersView:116 -                Rank 1 : false
2024-03-18 20:12:58,766 [INFO] ADCParametersView:116 -                Rank 1 : false
2024-03-18 20:12:58,766 [INFO] ADCParametersView:116 -                Rank 1 : false
2024-03-18 20:12:58,766 [INFO] ADCParametersView:116 -                Rank 1 : false
2024-03-18 20:12:58,766 [INFO] ADCParametersView:116 -                Rank 1 : false
2024-03-18 20:12:58,767 [INFO] ADCParametersView:116 -                Rank 1 : false
2024-03-18 20:12:58,767 [INFO] ADCParametersView:116 -                Rank 1 : false
2024-03-18 20:12:58,767 [INFO] ADCParametersView:116 -                Rank 1 : false
2024-03-18 20:12:58,767 [INFO] ADCParametersView:116 -                Rank 1 : false
2024-03-18 20:12:58,767 [INFO] ADCParametersView:116 -                Rank 1 : false
2024-03-18 20:12:58,767 [INFO] ADCParametersView:116 -                Rank 1 : false
2024-03-18 20:12:58,768 [INFO] ADCParametersView:116 -                Rank 1 : false
2024-03-18 20:12:58,768 [INFO] ADCParametersView:116 -                Rank 1 : false
2024-03-18 20:12:58,768 [INFO] ADCParametersView:116 -                Rank 1 : false
2024-03-18 20:12:58,768 [INFO] ADCParametersView:116 -                Rank 1 : false
2024-03-18 20:12:58,769 [INFO] ADCParametersView:116 -                Rank 1 : false
2024-03-18 20:12:58,769 [INFO] ADCParametersView:116 -                Rank 1 : false
2024-03-18 20:12:58,769 [INFO] ADCParametersView:116 -                Rank 1 : false
2024-03-18 20:12:58,777 [INFO] ADCParametersView:116 -                Rank 1 : false
2024-03-18 20:12:58,789 [INFO] ADCParametersView:116 -                Rank 1 : false
2024-03-18 20:12:58,789 [INFO] ADCParametersView:116 -                Rank 1 : false
2024-03-18 20:12:58,790 [INFO] ADCParametersView:116 -                Rank 1 : false
2024-03-18 20:12:58,790 [INFO] ADCParametersView:116 -                Rank 1 : false
2024-03-18 20:12:58,791 [INFO] ADCParametersView:116 -                Rank 1 : false
2024-03-18 20:12:58,791 [INFO] ADCParametersView:116 -                Rank 1 : false
2024-03-18 20:12:58,792 [INFO] ADCParametersView:116 -                Rank 1 : false
2024-03-18 20:12:58,792 [INFO] ADCParametersView:116 -                Rank 1 : false
2024-03-18 20:12:58,792 [INFO] ADCParametersView:116 -                Rank 1 : false
2024-03-18 20:12:58,792 [INFO] ADCParametersView:116 -                Rank 1 : false
2024-03-18 20:12:58,792 [INFO] ADCParametersView:116 -                Rank 1 : false
2024-03-18 20:12:58,793 [INFO] ADCParametersView:116 -                Rank 1 : false
2024-03-18 20:12:58,793 [INFO] ADCParametersView:116 -                Rank 1 : false
2024-03-18 20:12:58,793 [INFO] ADCParametersView:116 -                Rank 1 : false
2024-03-18 20:12:58,793 [INFO] ADCParametersView:116 -                Rank 1 : false
2024-03-18 20:12:58,793 [INFO] ADCParametersView:116 -                Rank 1 : false
2024-03-18 20:12:58,794 [INFO] ADCParametersView:116 -                Rank 1 : false
2024-03-18 20:12:58,794 [INFO] ADCParametersView:116 -                Rank 1 : false
2024-03-18 20:12:58,794 [INFO] ADCParametersView:116 -                Rank 1 : false
2024-03-18 20:12:58,794 [INFO] ADCParametersView:116 -                Rank 1 : false
2024-03-18 20:12:58,795 [INFO] ADCParametersView:116 -                Rank 1 : false
2024-03-18 20:12:58,800 [INFO] ADCParametersView:116 -                Rank 1 : false
2024-03-18 20:12:58,829 [INFO] ADCParametersView:116 -                Rank 1 : false
2024-03-18 20:12:58,829 [INFO] ADCParametersView:116 -                Rank 1 : false
2024-03-18 20:12:58,830 [INFO] ADCParametersView:116 -                Rank 1 : false
2024-03-18 20:12:58,830 [INFO] ADCParametersView:116 -                Rank 1 : false
2024-03-18 20:12:58,830 [INFO] ADCParametersView:116 -                Rank 1 : false
2024-03-18 20:12:58,830 [INFO] ADCParametersView:116 -                Rank 1 : false
2024-03-18 20:12:58,831 [INFO] ADCParametersView:116 -                Rank 1 : false
2024-03-18 20:12:58,831 [INFO] ADCParametersView:116 -                Rank 1 : false
2024-03-18 20:12:58,831 [INFO] ADCParametersView:116 -                Rank 1 : false
2024-03-18 20:12:58,831 [INFO] ADCParametersView:116 -                Rank 1 : false
2024-03-18 20:12:58,832 [INFO] ADCParametersView:116 -                Rank 1 : false
2024-03-18 20:12:58,832 [INFO] ADCParametersView:116 -                Rank 1 : false
2024-03-18 20:12:58,832 [INFO] ADCParametersView:116 -                Rank 1 : false
2024-03-18 20:12:58,832 [INFO] ADCParametersView:116 -                Rank 1 : false
2024-03-18 20:12:58,832 [INFO] ADCParametersView:116 -                Rank 1 : false
2024-03-18 20:12:58,833 [INFO] ADCParametersView:116 -                Rank 1 : false
2024-03-18 20:12:58,833 [INFO] ADCParametersView:116 -                Rank 1 : false
2024-03-18 20:12:58,833 [INFO] ADCParametersView:116 -                Rank 1 : false
2024-03-18 20:12:58,834 [INFO] ADCParametersView:116 -                Rank 1 : false
2024-03-18 20:12:58,834 [INFO] ADCParametersView:116 -                Rank 1 : false
2024-03-18 20:12:58,834 [INFO] ADCParametersView:116 -                Rank 1 : false
2024-03-18 20:12:58,841 [INFO] ADCParametersView:116 -                Rank 1 : false
2024-03-18 20:12:58,852 [INFO] ADCParametersView:116 -                Rank 1 : false
2024-03-18 20:12:58,853 [INFO] ADCParametersView:116 -                Rank 1 : false
2024-03-18 20:12:58,853 [INFO] ADCParametersView:116 -                Rank 1 : false
2024-03-18 20:12:58,853 [INFO] ADCParametersView:116 -                Rank 1 : false
2024-03-18 20:12:58,854 [INFO] ADCParametersView:116 -                Rank 1 : false
2024-03-18 20:12:58,854 [INFO] ADCParametersView:116 -                Rank 1 : false
2024-03-18 20:12:58,854 [INFO] ADCParametersView:116 -                Rank 1 : false
2024-03-18 20:12:58,854 [INFO] ADCParametersView:116 -                Rank 1 : false
2024-03-18 20:12:58,855 [INFO] ADCParametersView:116 -                Rank 1 : false
2024-03-18 20:12:58,855 [INFO] ADCParametersView:116 -                Rank 1 : false
2024-03-18 20:12:58,855 [INFO] ADCParametersView:116 -                Rank 1 : false
2024-03-18 20:12:58,855 [INFO] ADCParametersView:116 -                Rank 1 : false
2024-03-18 20:12:58,855 [INFO] ADCParametersView:116 -                Rank 1 : false
2024-03-18 20:12:58,855 [INFO] ADCParametersView:116 -                Rank 1 : false
2024-03-18 20:12:58,855 [INFO] ADCParametersView:116 -                Rank 1 : false
2024-03-18 20:12:58,855 [INFO] ADCParametersView:116 -                Rank 1 : false
2024-03-18 20:12:58,857 [INFO] ADCParametersView:116 -                Rank 1 : false
2024-03-18 20:12:58,857 [INFO] ADCParametersView:116 -                Rank 1 : false
2024-03-18 20:12:58,857 [INFO] ADCParametersView:116 -                Rank 1 : false
2024-03-18 20:12:58,857 [INFO] ADCParametersView:116 -                Rank 1 : false
2024-03-18 20:12:58,857 [INFO] ADCParametersView:116 -                Rank 1 : false
2024-03-18 20:12:58,864 [INFO] ADCParametersView:116 -                Rank 1 : false
2024-03-18 20:12:58,908 [INFO] ADCParametersView:116 -                Rank 1 : false
2024-03-18 20:12:58,909 [INFO] ADCParametersView:116 -                Rank 1 : false
2024-03-18 20:12:58,909 [INFO] ADCParametersView:116 -                Rank 1 : false
2024-03-18 20:12:58,910 [INFO] ADCParametersView:116 -                Rank 1 : false
2024-03-18 20:12:58,910 [INFO] ADCParametersView:116 -                Rank 1 : false
2024-03-18 20:12:58,910 [INFO] ADCParametersView:116 -                Rank 1 : false
2024-03-18 20:12:58,910 [INFO] ADCParametersView:116 -                Rank 1 : false
2024-03-18 20:12:58,911 [INFO] ADCParametersView:116 -                Rank 1 : false
2024-03-18 20:12:58,911 [INFO] ADCParametersView:116 -                Rank 1 : false
2024-03-18 20:12:58,911 [INFO] ADCParametersView:116 -                Rank 1 : false
2024-03-18 20:12:58,911 [INFO] ADCParametersView:116 -                Rank 1 : false
2024-03-18 20:12:58,912 [INFO] ADCParametersView:116 -                Rank 1 : false
2024-03-18 20:12:58,912 [INFO] ADCParametersView:116 -                Rank 1 : false
2024-03-18 20:12:58,912 [INFO] ADCParametersView:116 -                Rank 1 : false
2024-03-18 20:12:58,912 [INFO] ADCParametersView:116 -                Rank 1 : false
2024-03-18 20:12:58,913 [INFO] ADCParametersView:116 -                Rank 1 : false
2024-03-18 20:12:58,913 [INFO] ADCParametersView:116 -                Rank 1 : false
2024-03-18 20:12:58,913 [INFO] ADCParametersView:116 -                Rank 1 : false
2024-03-18 20:12:58,913 [INFO] ADCParametersView:116 -                Rank 1 : false
2024-03-18 20:12:58,914 [INFO] ADCParametersView:116 -                Rank 1 : false
2024-03-18 20:12:58,914 [INFO] ADCParametersView:116 -                Rank 1 : false
2024-03-18 20:12:58,920 [INFO] ADCParametersView:116 -                Rank 1 : false
2024-03-18 20:12:58,932 [INFO] ADCParametersView:116 -                Rank 1 : false
2024-03-18 20:12:58,933 [INFO] ADCParametersView:116 -                Rank 1 : false
2024-03-18 20:12:58,933 [INFO] ADCParametersView:116 -                Rank 1 : false
2024-03-18 20:12:58,934 [INFO] ADCParametersView:116 -                Rank 1 : false
2024-03-18 20:12:58,934 [INFO] ADCParametersView:116 -                Rank 1 : false
2024-03-18 20:12:58,934 [INFO] ADCParametersView:116 -                Rank 1 : false
2024-03-18 20:12:58,934 [INFO] ADCParametersView:116 -                Rank 1 : false
2024-03-18 20:12:58,934 [INFO] ADCParametersView:116 -                Rank 1 : false
2024-03-18 20:12:58,935 [INFO] ADCParametersView:116 -                Rank 1 : false
2024-03-18 20:12:58,935 [INFO] ADCParametersView:116 -                Rank 1 : false
2024-03-18 20:12:58,935 [INFO] ADCParametersView:116 -                Rank 1 : false
2024-03-18 20:12:58,935 [INFO] ADCParametersView:116 -                Rank 1 : false
2024-03-18 20:12:58,936 [INFO] ADCParametersView:116 -                Rank 1 : false
2024-03-18 20:12:58,936 [INFO] ADCParametersView:116 -                Rank 1 : false
2024-03-18 20:12:58,936 [INFO] ADCParametersView:116 -                Rank 1 : false
2024-03-18 20:12:58,936 [INFO] ADCParametersView:116 -                Rank 1 : false
2024-03-18 20:12:58,937 [INFO] ADCParametersView:116 -                Rank 1 : false
2024-03-18 20:12:58,937 [INFO] ADCParametersView:116 -                Rank 1 : false
2024-03-18 20:12:58,937 [INFO] ADCParametersView:116 -                Rank 1 : false
2024-03-18 20:12:58,937 [INFO] ADCParametersView:116 -                Rank 1 : false
2024-03-18 20:12:58,937 [INFO] ADCParametersView:116 -                Rank 1 : false
2024-03-18 20:12:58,944 [INFO] ADCParametersView:116 -                Rank 1 : false
2024-03-18 20:13:00,372 [INFO] ADCParametersView:116 -                Rank 1 : false
2024-03-18 20:13:00,373 [INFO] ADCParametersView:116 -                Rank 1 : false
2024-03-18 20:13:00,373 [INFO] ADCParametersView:116 -                Rank 1 : false
2024-03-18 20:13:00,373 [INFO] ADCParametersView:116 -                Rank 1 : false
2024-03-18 20:13:00,374 [INFO] ADCParametersView:116 -                Rank 1 : false
2024-03-18 20:13:00,374 [INFO] ADCParametersView:116 -                Rank 1 : false
2024-03-18 20:13:00,374 [INFO] ADCParametersView:116 -                Rank 1 : false
2024-03-18 20:13:00,374 [INFO] ADCParametersView:116 -                Rank 1 : false
2024-03-18 20:13:00,374 [INFO] ADCParametersView:116 -                Rank 1 : false
2024-03-18 20:13:00,375 [INFO] ADCParametersView:116 -                Rank 1 : false
2024-03-18 20:13:00,375 [INFO] ADCParametersView:116 -                Rank 1 : false
2024-03-18 20:13:00,375 [INFO] ADCParametersView:116 -                Rank 1 : false
2024-03-18 20:13:00,375 [INFO] ADCParametersView:116 -                Rank 1 : false
2024-03-18 20:13:00,375 [INFO] ADCParametersView:116 -                Rank 1 : false
2024-03-18 20:13:00,376 [INFO] ADCParametersView:116 -                Rank 1 : false
2024-03-18 20:13:00,376 [INFO] ADCParametersView:116 -                Rank 1 : false
2024-03-18 20:13:00,376 [INFO] ADCParametersView:116 -                Rank 1 : false
2024-03-18 20:13:00,376 [INFO] ADCParametersView:116 -                Rank 1 : false
2024-03-18 20:13:00,376 [INFO] ADCParametersView:116 -                Rank 1 : false
2024-03-18 20:13:00,377 [INFO] ADCParametersView:116 -                Rank 1 : false
2024-03-18 20:13:00,377 [INFO] ADCParametersView:116 -                Rank 1 : false
2024-03-18 20:13:00,383 [INFO] ADCParametersView:116 -                Rank 1 : false
2024-03-18 20:13:00,395 [INFO] ADCParametersView:116 -                Rank 1 : false
2024-03-18 20:13:00,395 [INFO] ADCParametersView:116 -                Rank 1 : false
2024-03-18 20:13:00,395 [INFO] ADCParametersView:116 -                Rank 1 : false
2024-03-18 20:13:00,395 [INFO] ADCParametersView:116 -                Rank 1 : false
2024-03-18 20:13:00,395 [INFO] ADCParametersView:116 -                Rank 1 : false
2024-03-18 20:13:00,395 [INFO] ADCParametersView:116 -                Rank 1 : false
2024-03-18 20:13:00,397 [INFO] ADCParametersView:116 -                Rank 1 : false
2024-03-18 20:13:00,397 [INFO] ADCParametersView:116 -                Rank 1 : false
2024-03-18 20:13:00,397 [INFO] ADCParametersView:116 -                Rank 1 : false
2024-03-18 20:13:00,397 [INFO] ADCParametersView:116 -                Rank 1 : false
2024-03-18 20:13:00,398 [INFO] ADCParametersView:116 -                Rank 1 : false
2024-03-18 20:13:00,398 [INFO] ADCParametersView:116 -                Rank 1 : false
2024-03-18 20:13:00,398 [INFO] ADCParametersView:116 -                Rank 1 : false
2024-03-18 20:13:00,398 [INFO] ADCParametersView:116 -                Rank 1 : false
2024-03-18 20:13:00,399 [INFO] ADCParametersView:116 -                Rank 1 : false
2024-03-18 20:13:00,399 [INFO] ADCParametersView:116 -                Rank 1 : false
2024-03-18 20:13:00,399 [INFO] ADCParametersView:116 -                Rank 1 : false
2024-03-18 20:13:00,399 [INFO] ADCParametersView:116 -                Rank 1 : false
2024-03-18 20:13:00,399 [INFO] ADCParametersView:116 -                Rank 1 : false
2024-03-18 20:13:00,399 [INFO] ADCParametersView:116 -                Rank 1 : false
2024-03-18 20:13:00,400 [INFO] ADCParametersView:116 -                Rank 1 : false
2024-03-18 20:13:00,406 [INFO] ADCParametersView:116 -                Rank 1 : false
2024-03-18 20:13:00,433 [INFO] ADCParametersView:116 -                Rank 1 : false
2024-03-18 20:13:00,433 [INFO] ADCParametersView:116 -                Rank 1 : false
2024-03-18 20:13:00,433 [INFO] ADCParametersView:116 -                Rank 1 : false
2024-03-18 20:13:00,434 [INFO] ADCParametersView:116 -                Rank 1 : false
2024-03-18 20:13:00,434 [INFO] ADCParametersView:116 -                Rank 1 : false
2024-03-18 20:13:00,434 [INFO] ADCParametersView:116 -                Rank 1 : false
2024-03-18 20:13:00,434 [INFO] ADCParametersView:116 -                Rank 1 : false
2024-03-18 20:13:00,435 [INFO] ADCParametersView:116 -                Rank 1 : false
2024-03-18 20:13:00,435 [INFO] ADCParametersView:116 -                Rank 1 : false
2024-03-18 20:13:00,435 [INFO] ADCParametersView:116 -                Rank 1 : false
2024-03-18 20:13:00,435 [INFO] ADCParametersView:116 -                Rank 1 : false
2024-03-18 20:13:00,435 [INFO] ADCParametersView:116 -                Rank 1 : false
2024-03-18 20:13:00,435 [INFO] ADCParametersView:116 -                Rank 1 : false
2024-03-18 20:13:00,435 [INFO] ADCParametersView:116 -                Rank 1 : false
2024-03-18 20:13:00,437 [INFO] ADCParametersView:116 -                Rank 1 : false
2024-03-18 20:13:00,437 [INFO] ADCParametersView:116 -                Rank 1 : false
2024-03-18 20:13:00,437 [INFO] ADCParametersView:116 -                Rank 1 : false
2024-03-18 20:13:00,437 [INFO] ADCParametersView:116 -                Rank 1 : false
2024-03-18 20:13:00,438 [INFO] ADCParametersView:116 -                Rank 1 : false
2024-03-18 20:13:00,438 [INFO] ADCParametersView:116 -                Rank 1 : false
2024-03-18 20:13:00,438 [INFO] ADCParametersView:116 -                Rank 1 : false
2024-03-18 20:13:00,447 [INFO] ADCParametersView:116 -                Rank 1 : false
2024-03-18 20:13:00,459 [INFO] ADCParametersView:116 -                Rank 1 : false
2024-03-18 20:13:00,459 [INFO] ADCParametersView:116 -                Rank 1 : false
2024-03-18 20:13:00,459 [INFO] ADCParametersView:116 -                Rank 1 : false
2024-03-18 20:13:00,459 [INFO] ADCParametersView:116 -                Rank 1 : false
2024-03-18 20:13:00,460 [INFO] ADCParametersView:116 -                Rank 1 : false
2024-03-18 20:13:00,460 [INFO] ADCParametersView:116 -                Rank 1 : false
2024-03-18 20:13:00,460 [INFO] ADCParametersView:116 -                Rank 1 : false
2024-03-18 20:13:00,461 [INFO] ADCParametersView:116 -                Rank 1 : false
2024-03-18 20:13:00,461 [INFO] ADCParametersView:116 -                Rank 1 : false
2024-03-18 20:13:00,461 [INFO] ADCParametersView:116 -                Rank 1 : false
2024-03-18 20:13:00,461 [INFO] ADCParametersView:116 -                Rank 1 : false
2024-03-18 20:13:00,462 [INFO] ADCParametersView:116 -                Rank 1 : false
2024-03-18 20:13:00,462 [INFO] ADCParametersView:116 -                Rank 1 : false
2024-03-18 20:13:00,462 [INFO] ADCParametersView:116 -                Rank 1 : false
2024-03-18 20:13:00,462 [INFO] ADCParametersView:116 -                Rank 1 : false
2024-03-18 20:13:00,462 [INFO] ADCParametersView:116 -                Rank 1 : false
2024-03-18 20:13:00,463 [INFO] ADCParametersView:116 -                Rank 1 : false
2024-03-18 20:13:00,463 [INFO] ADCParametersView:116 -                Rank 1 : false
2024-03-18 20:13:00,463 [INFO] ADCParametersView:116 -                Rank 1 : false
2024-03-18 20:13:00,463 [INFO] ADCParametersView:116 -                Rank 1 : false
2024-03-18 20:13:00,464 [INFO] ADCParametersView:116 -                Rank 1 : false
2024-03-18 20:13:00,469 [INFO] ADCParametersView:116 -                Rank 1 : false
2024-03-18 20:13:00,513 [INFO] ADCParametersView:116 -                Rank 1 : false
2024-03-18 20:13:00,514 [INFO] ADCParametersView:116 -                Rank 1 : false
2024-03-18 20:13:00,514 [INFO] ADCParametersView:116 -                Rank 1 : false
2024-03-18 20:13:00,515 [INFO] ADCParametersView:116 -                Rank 1 : false
2024-03-18 20:13:00,515 [INFO] ADCParametersView:116 -                Rank 1 : false
2024-03-18 20:13:00,515 [INFO] ADCParametersView:116 -                Rank 1 : false
2024-03-18 20:13:00,515 [INFO] ADCParametersView:116 -                Rank 1 : false
2024-03-18 20:13:00,515 [INFO] ADCParametersView:116 -                Rank 1 : false
2024-03-18 20:13:00,515 [INFO] ADCParametersView:116 -                Rank 1 : false
2024-03-18 20:13:00,515 [INFO] ADCParametersView:116 -                Rank 1 : false
2024-03-18 20:13:00,515 [INFO] ADCParametersView:116 -                Rank 1 : false
2024-03-18 20:13:00,517 [INFO] ADCParametersView:116 -                Rank 1 : false
2024-03-18 20:13:00,517 [INFO] ADCParametersView:116 -                Rank 1 : false
2024-03-18 20:13:00,517 [INFO] ADCParametersView:116 -                Rank 1 : false
2024-03-18 20:13:00,517 [INFO] ADCParametersView:116 -                Rank 1 : false
2024-03-18 20:13:00,518 [INFO] ADCParametersView:116 -                Rank 1 : false
2024-03-18 20:13:00,518 [INFO] ADCParametersView:116 -                Rank 1 : false
2024-03-18 20:13:00,518 [INFO] ADCParametersView:116 -                Rank 1 : false
2024-03-18 20:13:00,518 [INFO] ADCParametersView:116 -                Rank 1 : false
2024-03-18 20:13:00,518 [INFO] ADCParametersView:116 -                Rank 1 : false
2024-03-18 20:13:00,519 [INFO] ADCParametersView:116 -                Rank 1 : false
2024-03-18 20:13:00,525 [INFO] ADCParametersView:116 -                Rank 1 : false
2024-03-18 20:13:00,537 [INFO] ADCParametersView:116 -                Rank 1 : false
2024-03-18 20:13:00,537 [INFO] ADCParametersView:116 -                Rank 1 : false
2024-03-18 20:13:00,537 [INFO] ADCParametersView:116 -                Rank 1 : false
2024-03-18 20:13:00,538 [INFO] ADCParametersView:116 -                Rank 1 : false
2024-03-18 20:13:00,538 [INFO] ADCParametersView:116 -                Rank 1 : false
2024-03-18 20:13:00,538 [INFO] ADCParametersView:116 -                Rank 1 : false
2024-03-18 20:13:00,538 [INFO] ADCParametersView:116 -                Rank 1 : false
2024-03-18 20:13:00,539 [INFO] ADCParametersView:116 -                Rank 1 : false
2024-03-18 20:13:00,539 [INFO] ADCParametersView:116 -                Rank 1 : false
2024-03-18 20:13:00,539 [INFO] ADCParametersView:116 -                Rank 1 : false
2024-03-18 20:13:00,539 [INFO] ADCParametersView:116 -                Rank 1 : false
2024-03-18 20:13:00,539 [INFO] ADCParametersView:116 -                Rank 1 : false
2024-03-18 20:13:00,540 [INFO] ADCParametersView:116 -                Rank 1 : false
2024-03-18 20:13:00,540 [INFO] ADCParametersView:116 -                Rank 1 : false
2024-03-18 20:13:00,540 [INFO] ADCParametersView:116 -                Rank 1 : false
2024-03-18 20:13:00,540 [INFO] ADCParametersView:116 -                Rank 1 : false
2024-03-18 20:13:00,541 [INFO] ADCParametersView:116 -                Rank 1 : false
2024-03-18 20:13:00,541 [INFO] ADCParametersView:116 -                Rank 1 : false
2024-03-18 20:13:00,541 [INFO] ADCParametersView:116 -                Rank 1 : false
2024-03-18 20:13:00,541 [INFO] ADCParametersView:116 -                Rank 1 : false
2024-03-18 20:13:00,542 [INFO] ADCParametersView:116 -                Rank 1 : false
2024-03-18 20:13:00,547 [INFO] ADCParametersView:116 -                Rank 1 : false
2024-03-18 20:13:01,991 [INFO] ADCParametersView:116 -                Rank 1 : false
2024-03-18 20:13:01,992 [INFO] ADCParametersView:116 -                Rank 1 : false
2024-03-18 20:13:01,992 [INFO] ADCParametersView:116 -                Rank 1 : false
2024-03-18 20:13:01,993 [INFO] ADCParametersView:116 -                Rank 1 : false
2024-03-18 20:13:01,993 [INFO] ADCParametersView:116 -                Rank 1 : false
2024-03-18 20:13:01,993 [INFO] ADCParametersView:116 -                Rank 1 : false
2024-03-18 20:13:01,993 [INFO] ADCParametersView:116 -                Rank 1 : false
2024-03-18 20:13:01,994 [INFO] ADCParametersView:116 -                Rank 1 : false
2024-03-18 20:13:01,994 [INFO] ADCParametersView:116 -                Rank 1 : false
2024-03-18 20:13:01,994 [INFO] ADCParametersView:116 -                Rank 1 : false
2024-03-18 20:13:01,994 [INFO] ADCParametersView:116 -                Rank 1 : false
2024-03-18 20:13:01,994 [INFO] ADCParametersView:116 -                Rank 1 : false
2024-03-18 20:13:01,995 [INFO] ADCParametersView:116 -                Rank 1 : false
2024-03-18 20:13:01,995 [INFO] ADCParametersView:116 -                Rank 1 : false
2024-03-18 20:13:01,995 [INFO] ADCParametersView:116 -                Rank 1 : false
2024-03-18 20:13:01,995 [INFO] ADCParametersView:116 -                Rank 1 : false
2024-03-18 20:13:01,995 [INFO] ADCParametersView:116 -                Rank 1 : false
2024-03-18 20:13:01,996 [INFO] ADCParametersView:116 -                Rank 1 : false
2024-03-18 20:13:01,996 [INFO] ADCParametersView:116 -                Rank 1 : false
2024-03-18 20:13:01,996 [INFO] ADCParametersView:116 -                Rank 1 : false
2024-03-18 20:13:01,996 [INFO] ADCParametersView:116 -                Rank 1 : false
2024-03-18 20:13:02,002 [INFO] ADCParametersView:116 -                Rank 1 : false
2024-03-18 20:13:02,016 [INFO] ADCParametersView:116 -                Rank 1 : false
2024-03-18 20:13:02,017 [INFO] ADCParametersView:116 -                Rank 1 : false
2024-03-18 20:13:02,017 [INFO] ADCParametersView:116 -                Rank 1 : false
2024-03-18 20:13:02,017 [INFO] ADCParametersView:116 -                Rank 1 : false
2024-03-18 20:13:02,017 [INFO] ADCParametersView:116 -                Rank 1 : false
2024-03-18 20:13:02,017 [INFO] ADCParametersView:116 -                Rank 1 : false
2024-03-18 20:13:02,018 [INFO] ADCParametersView:116 -                Rank 1 : false
2024-03-18 20:13:02,018 [INFO] ADCParametersView:116 -                Rank 1 : false
2024-03-18 20:13:02,018 [INFO] ADCParametersView:116 -                Rank 1 : false
2024-03-18 20:13:02,019 [INFO] ADCParametersView:116 -                Rank 1 : false
2024-03-18 20:13:02,019 [INFO] ADCParametersView:116 -                Rank 1 : false
2024-03-18 20:13:02,019 [INFO] ADCParametersView:116 -                Rank 1 : false
2024-03-18 20:13:02,019 [INFO] ADCParametersView:116 -                Rank 1 : false
2024-03-18 20:13:02,019 [INFO] ADCParametersView:116 -                Rank 1 : false
2024-03-18 20:13:02,020 [INFO] ADCParametersView:116 -                Rank 1 : false
2024-03-18 20:13:02,020 [INFO] ADCParametersView:116 -                Rank 1 : false
2024-03-18 20:13:02,020 [INFO] ADCParametersView:116 -                Rank 1 : false
2024-03-18 20:13:02,020 [INFO] ADCParametersView:116 -                Rank 1 : false
2024-03-18 20:13:02,021 [INFO] ADCParametersView:116 -                Rank 1 : false
2024-03-18 20:13:02,021 [INFO] ADCParametersView:116 -                Rank 1 : false
2024-03-18 20:13:02,021 [INFO] ADCParametersView:116 -                Rank 1 : false
2024-03-18 20:13:02,028 [INFO] ADCParametersView:116 -                Rank 1 : false
2024-03-18 20:13:02,056 [INFO] ADCParametersView:116 -                Rank 1 : false
2024-03-18 20:13:02,056 [INFO] ADCParametersView:116 -                Rank 1 : false
2024-03-18 20:13:02,057 [INFO] ADCParametersView:116 -                Rank 1 : false
2024-03-18 20:13:02,057 [INFO] ADCParametersView:116 -                Rank 1 : false
2024-03-18 20:13:02,057 [INFO] ADCParametersView:116 -                Rank 1 : false
2024-03-18 20:13:02,057 [INFO] ADCParametersView:116 -                Rank 1 : false
2024-03-18 20:13:02,057 [INFO] ADCParametersView:116 -                Rank 1 : false
2024-03-18 20:13:02,057 [INFO] ADCParametersView:116 -                Rank 1 : false
2024-03-18 20:13:02,058 [INFO] ADCParametersView:116 -                Rank 1 : false
2024-03-18 20:13:02,058 [INFO] ADCParametersView:116 -                Rank 1 : false
2024-03-18 20:13:02,058 [INFO] ADCParametersView:116 -                Rank 1 : false
2024-03-18 20:13:02,058 [INFO] ADCParametersView:116 -                Rank 1 : false
2024-03-18 20:13:02,058 [INFO] ADCParametersView:116 -                Rank 1 : false
2024-03-18 20:13:02,059 [INFO] ADCParametersView:116 -                Rank 1 : false
2024-03-18 20:13:02,059 [INFO] ADCParametersView:116 -                Rank 1 : false
2024-03-18 20:13:02,059 [INFO] ADCParametersView:116 -                Rank 1 : false
2024-03-18 20:13:02,059 [INFO] ADCParametersView:116 -                Rank 1 : false
2024-03-18 20:13:02,060 [INFO] ADCParametersView:116 -                Rank 1 : false
2024-03-18 20:13:02,060 [INFO] ADCParametersView:116 -                Rank 1 : false
2024-03-18 20:13:02,060 [INFO] ADCParametersView:116 -                Rank 1 : false
2024-03-18 20:13:02,060 [INFO] ADCParametersView:116 -                Rank 1 : false
2024-03-18 20:13:02,067 [INFO] ADCParametersView:116 -                Rank 1 : false
2024-03-18 20:13:02,081 [INFO] ADCParametersView:116 -                Rank 1 : false
2024-03-18 20:13:02,081 [INFO] ADCParametersView:116 -                Rank 1 : false
2024-03-18 20:13:02,081 [INFO] ADCParametersView:116 -                Rank 1 : false
2024-03-18 20:13:02,082 [INFO] ADCParametersView:116 -                Rank 1 : false
2024-03-18 20:13:02,082 [INFO] ADCParametersView:116 -                Rank 1 : false
2024-03-18 20:13:02,082 [INFO] ADCParametersView:116 -                Rank 1 : false
2024-03-18 20:13:02,082 [INFO] ADCParametersView:116 -                Rank 1 : false
2024-03-18 20:13:02,083 [INFO] ADCParametersView:116 -                Rank 1 : false
2024-03-18 20:13:02,083 [INFO] ADCParametersView:116 -                Rank 1 : false
2024-03-18 20:13:02,083 [INFO] ADCParametersView:116 -                Rank 1 : false
2024-03-18 20:13:02,083 [INFO] ADCParametersView:116 -                Rank 1 : false
2024-03-18 20:13:02,084 [INFO] ADCParametersView:116 -                Rank 1 : false
2024-03-18 20:13:02,084 [INFO] ADCParametersView:116 -                Rank 1 : false
2024-03-18 20:13:02,084 [INFO] ADCParametersView:116 -                Rank 1 : false
2024-03-18 20:13:02,084 [INFO] ADCParametersView:116 -                Rank 1 : false
2024-03-18 20:13:02,085 [INFO] ADCParametersView:116 -                Rank 1 : false
2024-03-18 20:13:02,085 [INFO] ADCParametersView:116 -                Rank 1 : false
2024-03-18 20:13:02,085 [INFO] ADCParametersView:116 -                Rank 1 : false
2024-03-18 20:13:02,085 [INFO] ADCParametersView:116 -                Rank 1 : false
2024-03-18 20:13:02,085 [INFO] ADCParametersView:116 -                Rank 1 : false
2024-03-18 20:13:02,085 [INFO] ADCParametersView:116 -                Rank 1 : false
2024-03-18 20:13:02,092 [INFO] ADCParametersView:116 -                Rank 1 : false
2024-03-18 20:13:02,141 [INFO] ADCParametersView:116 -                Rank 1 : false
2024-03-18 20:13:02,141 [INFO] ADCParametersView:116 -                Rank 1 : false
2024-03-18 20:13:02,142 [INFO] ADCParametersView:116 -                Rank 1 : false
2024-03-18 20:13:02,142 [INFO] ADCParametersView:116 -                Rank 1 : false
2024-03-18 20:13:02,142 [INFO] ADCParametersView:116 -                Rank 1 : false
2024-03-18 20:13:02,142 [INFO] ADCParametersView:116 -                Rank 1 : false
2024-03-18 20:13:02,143 [INFO] ADCParametersView:116 -                Rank 1 : false
2024-03-18 20:13:02,143 [INFO] ADCParametersView:116 -                Rank 1 : false
2024-03-18 20:13:02,143 [INFO] ADCParametersView:116 -                Rank 1 : false
2024-03-18 20:13:02,143 [INFO] ADCParametersView:116 -                Rank 1 : false
2024-03-18 20:13:02,143 [INFO] ADCParametersView:116 -                Rank 1 : false
2024-03-18 20:13:02,144 [INFO] ADCParametersView:116 -                Rank 1 : false
2024-03-18 20:13:02,144 [INFO] ADCParametersView:116 -                Rank 1 : false
2024-03-18 20:13:02,144 [INFO] ADCParametersView:116 -                Rank 1 : false
2024-03-18 20:13:02,144 [INFO] ADCParametersView:116 -                Rank 1 : false
2024-03-18 20:13:02,145 [INFO] ADCParametersView:116 -                Rank 1 : false
2024-03-18 20:13:02,145 [INFO] ADCParametersView:116 -                Rank 1 : false
2024-03-18 20:13:02,145 [INFO] ADCParametersView:116 -                Rank 1 : false
2024-03-18 20:13:02,145 [INFO] ADCParametersView:116 -                Rank 1 : false
2024-03-18 20:13:02,145 [INFO] ADCParametersView:116 -                Rank 1 : false
2024-03-18 20:13:02,146 [INFO] ADCParametersView:116 -                Rank 1 : false
2024-03-18 20:13:02,152 [INFO] ADCParametersView:116 -                Rank 1 : false
2024-03-18 20:13:02,164 [INFO] ADCParametersView:116 -                Rank 1 : false
2024-03-18 20:13:02,165 [INFO] ADCParametersView:116 -                Rank 1 : false
2024-03-18 20:13:02,165 [INFO] ADCParametersView:116 -                Rank 1 : false
2024-03-18 20:13:02,165 [INFO] ADCParametersView:116 -                Rank 1 : false
2024-03-18 20:13:02,165 [INFO] ADCParametersView:116 -                Rank 1 : false
2024-03-18 20:13:02,166 [INFO] ADCParametersView:116 -                Rank 1 : false
2024-03-18 20:13:02,166 [INFO] ADCParametersView:116 -                Rank 1 : false
2024-03-18 20:13:02,166 [INFO] ADCParametersView:116 -                Rank 1 : false
2024-03-18 20:13:02,166 [INFO] ADCParametersView:116 -                Rank 1 : false
2024-03-18 20:13:02,166 [INFO] ADCParametersView:116 -                Rank 1 : false
2024-03-18 20:13:02,167 [INFO] ADCParametersView:116 -                Rank 1 : false
2024-03-18 20:13:02,167 [INFO] ADCParametersView:116 -                Rank 1 : false
2024-03-18 20:13:02,167 [INFO] ADCParametersView:116 -                Rank 1 : false
2024-03-18 20:13:02,167 [INFO] ADCParametersView:116 -                Rank 1 : false
2024-03-18 20:13:02,167 [INFO] ADCParametersView:116 -                Rank 1 : false
2024-03-18 20:13:02,167 [INFO] ADCParametersView:116 -                Rank 1 : false
2024-03-18 20:13:02,168 [INFO] ADCParametersView:116 -                Rank 1 : false
2024-03-18 20:13:02,168 [INFO] ADCParametersView:116 -                Rank 1 : false
2024-03-18 20:13:02,168 [INFO] ADCParametersView:116 -                Rank 1 : false
2024-03-18 20:13:02,168 [INFO] ADCParametersView:116 -                Rank 1 : false
2024-03-18 20:13:02,168 [INFO] ADCParametersView:116 -                Rank 1 : false
2024-03-18 20:13:02,174 [INFO] ADCParametersView:116 -                Rank 1 : false
2024-03-18 20:13:04,196 [INFO] ADCParametersView:116 -                Rank 1 : false
2024-03-18 20:13:04,197 [INFO] ADCParametersView:116 -                Rank 1 : false
2024-03-18 20:13:04,197 [INFO] ADCParametersView:116 -                Rank 1 : false
2024-03-18 20:13:04,198 [INFO] ADCParametersView:116 -                Rank 1 : false
2024-03-18 20:13:04,198 [INFO] ADCParametersView:116 -                Rank 1 : false
2024-03-18 20:13:04,198 [INFO] ADCParametersView:116 -                Rank 1 : false
2024-03-18 20:13:04,198 [INFO] ADCParametersView:116 -                Rank 1 : false
2024-03-18 20:13:04,198 [INFO] ADCParametersView:116 -                Rank 1 : false
2024-03-18 20:13:04,198 [INFO] ADCParametersView:116 -                Rank 1 : false
2024-03-18 20:13:04,198 [INFO] ADCParametersView:116 -                Rank 1 : false
2024-03-18 20:13:04,199 [INFO] ADCParametersView:116 -                Rank 1 : false
2024-03-18 20:13:04,199 [INFO] ADCParametersView:116 -                Rank 1 : false
2024-03-18 20:13:04,199 [INFO] ADCParametersView:116 -                Rank 1 : false
2024-03-18 20:13:04,199 [INFO] ADCParametersView:116 -                Rank 1 : false
2024-03-18 20:13:04,199 [INFO] ADCParametersView:116 -                Rank 1 : false
2024-03-18 20:13:04,200 [INFO] ADCParametersView:116 -                Rank 1 : false
2024-03-18 20:13:04,200 [INFO] ADCParametersView:116 -                Rank 1 : false
2024-03-18 20:13:04,201 [INFO] ADCParametersView:116 -                Rank 1 : false
2024-03-18 20:13:04,201 [INFO] ADCParametersView:116 -                Rank 1 : false
2024-03-18 20:13:04,201 [INFO] ADCParametersView:116 -                Rank 1 : false
2024-03-18 20:13:04,201 [INFO] ADCParametersView:116 -                Rank 1 : false
2024-03-18 20:13:04,208 [INFO] ADCParametersView:116 -                Rank 1 : false
2024-03-18 20:13:04,231 [INFO] ADCParametersView:116 -                Rank 1 : false
2024-03-18 20:13:04,231 [INFO] ADCParametersView:116 -                Rank 1 : false
2024-03-18 20:13:04,231 [INFO] ADCParametersView:116 -                Rank 1 : false
2024-03-18 20:13:04,232 [INFO] ADCParametersView:116 -                Rank 1 : false
2024-03-18 20:13:04,232 [INFO] ADCParametersView:116 -                Rank 1 : false
2024-03-18 20:13:04,232 [INFO] ADCParametersView:116 -                Rank 1 : false
2024-03-18 20:13:04,233 [INFO] ADCParametersView:116 -                Rank 1 : false
2024-03-18 20:13:04,233 [INFO] ADCParametersView:116 -                Rank 1 : false
2024-03-18 20:13:04,233 [INFO] ADCParametersView:116 -                Rank 1 : false
2024-03-18 20:13:04,233 [INFO] ADCParametersView:116 -                Rank 1 : false
2024-03-18 20:13:04,234 [INFO] ADCParametersView:116 -                Rank 1 : false
2024-03-18 20:13:04,234 [INFO] ADCParametersView:116 -                Rank 1 : false
2024-03-18 20:13:04,234 [INFO] ADCParametersView:116 -                Rank 1 : false
2024-03-18 20:13:04,234 [INFO] ADCParametersView:116 -                Rank 1 : false
2024-03-18 20:13:04,235 [INFO] ADCParametersView:116 -                Rank 1 : false
2024-03-18 20:13:04,235 [INFO] ADCParametersView:116 -                Rank 1 : false
2024-03-18 20:13:04,235 [INFO] ADCParametersView:116 -                Rank 1 : false
2024-03-18 20:13:04,235 [INFO] ADCParametersView:116 -                Rank 1 : false
2024-03-18 20:13:04,235 [INFO] ADCParametersView:116 -                Rank 1 : false
2024-03-18 20:13:04,236 [INFO] ADCParametersView:116 -                Rank 1 : false
2024-03-18 20:13:04,236 [INFO] ADCParametersView:116 -                Rank 1 : false
2024-03-18 20:13:04,242 [INFO] ADCParametersView:116 -                Rank 1 : false
2024-03-18 20:13:04,269 [INFO] ADCParametersView:116 -                Rank 1 : false
2024-03-18 20:13:04,269 [INFO] ADCParametersView:116 -                Rank 1 : false
2024-03-18 20:13:04,269 [INFO] ADCParametersView:116 -                Rank 1 : false
2024-03-18 20:13:04,270 [INFO] ADCParametersView:116 -                Rank 1 : false
2024-03-18 20:13:04,270 [INFO] ADCParametersView:116 -                Rank 1 : false
2024-03-18 20:13:04,270 [INFO] ADCParametersView:116 -                Rank 1 : false
2024-03-18 20:13:04,270 [INFO] ADCParametersView:116 -                Rank 1 : false
2024-03-18 20:13:04,271 [INFO] ADCParametersView:116 -                Rank 1 : false
2024-03-18 20:13:04,271 [INFO] ADCParametersView:116 -                Rank 1 : false
2024-03-18 20:13:04,271 [INFO] ADCParametersView:116 -                Rank 1 : false
2024-03-18 20:13:04,271 [INFO] ADCParametersView:116 -                Rank 1 : false
2024-03-18 20:13:04,271 [INFO] ADCParametersView:116 -                Rank 1 : false
2024-03-18 20:13:04,272 [INFO] ADCParametersView:116 -                Rank 1 : false
2024-03-18 20:13:04,272 [INFO] ADCParametersView:116 -                Rank 1 : false
2024-03-18 20:13:04,272 [INFO] ADCParametersView:116 -                Rank 1 : false
2024-03-18 20:13:04,272 [INFO] ADCParametersView:116 -                Rank 1 : false
2024-03-18 20:13:04,273 [INFO] ADCParametersView:116 -                Rank 1 : false
2024-03-18 20:13:04,273 [INFO] ADCParametersView:116 -                Rank 1 : false
2024-03-18 20:13:04,273 [INFO] ADCParametersView:116 -                Rank 1 : false
2024-03-18 20:13:04,273 [INFO] ADCParametersView:116 -                Rank 1 : false
2024-03-18 20:13:04,273 [INFO] ADCParametersView:116 -                Rank 1 : false
2024-03-18 20:13:04,280 [INFO] ADCParametersView:116 -                Rank 1 : false
2024-03-18 20:13:04,292 [INFO] ADCParametersView:116 -                Rank 1 : false
2024-03-18 20:13:04,293 [INFO] ADCParametersView:116 -                Rank 1 : false
2024-03-18 20:13:04,293 [INFO] ADCParametersView:116 -                Rank 1 : false
2024-03-18 20:13:04,293 [INFO] ADCParametersView:116 -                Rank 1 : false
2024-03-18 20:13:04,293 [INFO] ADCParametersView:116 -                Rank 1 : false
2024-03-18 20:13:04,294 [INFO] ADCParametersView:116 -                Rank 1 : false
2024-03-18 20:13:04,294 [INFO] ADCParametersView:116 -                Rank 1 : false
2024-03-18 20:13:04,294 [INFO] ADCParametersView:116 -                Rank 1 : false
2024-03-18 20:13:04,294 [INFO] ADCParametersView:116 -                Rank 1 : false
2024-03-18 20:13:04,294 [INFO] ADCParametersView:116 -                Rank 1 : false
2024-03-18 20:13:04,295 [INFO] ADCParametersView:116 -                Rank 1 : false
2024-03-18 20:13:04,295 [INFO] ADCParametersView:116 -                Rank 1 : false
2024-03-18 20:13:04,295 [INFO] ADCParametersView:116 -                Rank 1 : false
2024-03-18 20:13:04,295 [INFO] ADCParametersView:116 -                Rank 1 : false
2024-03-18 20:13:04,295 [INFO] ADCParametersView:116 -                Rank 1 : false
2024-03-18 20:13:04,296 [INFO] ADCParametersView:116 -                Rank 1 : false
2024-03-18 20:13:04,296 [INFO] ADCParametersView:116 -                Rank 1 : false
2024-03-18 20:13:04,296 [INFO] ADCParametersView:116 -                Rank 1 : false
2024-03-18 20:13:04,296 [INFO] ADCParametersView:116 -                Rank 1 : false
2024-03-18 20:13:04,296 [INFO] ADCParametersView:116 -                Rank 1 : false
2024-03-18 20:13:04,296 [INFO] ADCParametersView:116 -                Rank 1 : false
2024-03-18 20:13:04,304 [INFO] ADCParametersView:116 -                Rank 1 : false
2024-03-18 20:13:04,347 [INFO] ADCParametersView:116 -                Rank 1 : false
2024-03-18 20:13:04,347 [INFO] ADCParametersView:116 -                Rank 1 : false
2024-03-18 20:13:04,348 [INFO] ADCParametersView:116 -                Rank 1 : false
2024-03-18 20:13:04,348 [INFO] ADCParametersView:116 -                Rank 1 : false
2024-03-18 20:13:04,348 [INFO] ADCParametersView:116 -                Rank 1 : false
2024-03-18 20:13:04,348 [INFO] ADCParametersView:116 -                Rank 1 : false
2024-03-18 20:13:04,349 [INFO] ADCParametersView:116 -                Rank 1 : false
2024-03-18 20:13:04,349 [INFO] ADCParametersView:116 -                Rank 1 : false
2024-03-18 20:13:04,349 [INFO] ADCParametersView:116 -                Rank 1 : false
2024-03-18 20:13:04,349 [INFO] ADCParametersView:116 -                Rank 1 : false
2024-03-18 20:13:04,349 [INFO] ADCParametersView:116 -                Rank 1 : false
2024-03-18 20:13:04,350 [INFO] ADCParametersView:116 -                Rank 1 : false
2024-03-18 20:13:04,350 [INFO] ADCParametersView:116 -                Rank 1 : false
2024-03-18 20:13:04,350 [INFO] ADCParametersView:116 -                Rank 1 : false
2024-03-18 20:13:04,350 [INFO] ADCParametersView:116 -                Rank 1 : false
2024-03-18 20:13:04,350 [INFO] ADCParametersView:116 -                Rank 1 : false
2024-03-18 20:13:04,351 [INFO] ADCParametersView:116 -                Rank 1 : false
2024-03-18 20:13:04,351 [INFO] ADCParametersView:116 -                Rank 1 : false
2024-03-18 20:13:04,351 [INFO] ADCParametersView:116 -                Rank 1 : false
2024-03-18 20:13:04,351 [INFO] ADCParametersView:116 -                Rank 1 : false
2024-03-18 20:13:04,351 [INFO] ADCParametersView:116 -                Rank 1 : false
2024-03-18 20:13:04,358 [INFO] ADCParametersView:116 -                Rank 1 : false
2024-03-18 20:13:04,372 [INFO] ADCParametersView:116 -                Rank 1 : false
2024-03-18 20:13:04,373 [INFO] ADCParametersView:116 -                Rank 1 : false
2024-03-18 20:13:04,373 [INFO] ADCParametersView:116 -                Rank 1 : false
2024-03-18 20:13:04,373 [INFO] ADCParametersView:116 -                Rank 1 : false
2024-03-18 20:13:04,373 [INFO] ADCParametersView:116 -                Rank 1 : false
2024-03-18 20:13:04,374 [INFO] ADCParametersView:116 -                Rank 1 : false
2024-03-18 20:13:04,374 [INFO] ADCParametersView:116 -                Rank 1 : false
2024-03-18 20:13:04,374 [INFO] ADCParametersView:116 -                Rank 1 : false
2024-03-18 20:13:04,375 [INFO] ADCParametersView:116 -                Rank 1 : false
2024-03-18 20:13:04,375 [INFO] ADCParametersView:116 -                Rank 1 : false
2024-03-18 20:13:04,375 [INFO] ADCParametersView:116 -                Rank 1 : false
2024-03-18 20:13:04,375 [INFO] ADCParametersView:116 -                Rank 1 : false
2024-03-18 20:13:04,376 [INFO] ADCParametersView:116 -                Rank 1 : false
2024-03-18 20:13:04,376 [INFO] ADCParametersView:116 -                Rank 1 : false
2024-03-18 20:13:04,376 [INFO] ADCParametersView:116 -                Rank 1 : false
2024-03-18 20:13:04,376 [INFO] ADCParametersView:116 -                Rank 1 : false
2024-03-18 20:13:04,377 [INFO] ADCParametersView:116 -                Rank 1 : false
2024-03-18 20:13:04,377 [INFO] ADCParametersView:116 -                Rank 1 : false
2024-03-18 20:13:04,377 [INFO] ADCParametersView:116 -                Rank 1 : false
2024-03-18 20:13:04,378 [INFO] ADCParametersView:116 -                Rank 1 : false
2024-03-18 20:13:04,378 [INFO] ADCParametersView:116 -                Rank 1 : false
2024-03-18 20:13:04,385 [INFO] ADCParametersView:116 -                Rank 1 : false
2024-03-18 20:14:09,523 [INFO] ParamManager:896 - [Generic UI] PropertyChangeEvent: TAB_STATUS_CHANGED , "dont care", "never mind"
2024-03-18 20:14:09,544 [INFO] ParamManager:896 - [Generic UI] PropertyChangeEvent: TAB_STATUS_CHANGED , "dont care", "never mind"
2024-03-18 20:14:09,547 [INFO] ADCParametersView:116 -                Rank 1 : false
2024-03-18 20:14:09,562 [INFO] ADCParametersView:116 -                Rank 1 : false
2024-03-18 20:14:09,563 [INFO] ADCParametersView:116 -                Rank 1 : false
2024-03-18 20:14:09,563 [INFO] ADCParametersView:116 -                Rank 1 : false
2024-03-18 20:14:09,563 [INFO] ADCParametersView:116 -                Rank 1 : false
2024-03-18 20:14:09,564 [INFO] ADCParametersView:116 -                Rank 1 : false
2024-03-18 20:14:09,564 [INFO] ADCParametersView:116 -                Rank 1 : false
2024-03-18 20:14:09,564 [INFO] ADCParametersView:116 -                Rank 1 : false
2024-03-18 20:14:09,565 [INFO] ADCParametersView:116 -                Rank 1 : false
2024-03-18 20:14:09,565 [INFO] ADCParametersView:116 -                Rank 1 : false
2024-03-18 20:14:09,565 [INFO] ADCParametersView:116 -                Rank 1 : false
2024-03-18 20:14:09,565 [INFO] ADCParametersView:116 -                Rank 1 : false
2024-03-18 20:14:09,566 [INFO] ADCParametersView:116 -                Rank 1 : false
2024-03-18 20:14:09,566 [INFO] ADCParametersView:116 -                Rank 1 : false
2024-03-18 20:14:09,566 [INFO] ADCParametersView:116 -                Rank 1 : false
2024-03-18 20:14:09,566 [INFO] ADCParametersView:116 -                Rank 1 : false
2024-03-18 20:14:09,567 [INFO] ADCParametersView:116 -                Rank 1 : false
2024-03-18 20:14:09,567 [INFO] ADCParametersView:116 -                Rank 1 : false
2024-03-18 20:14:09,567 [INFO] ADCParametersView:116 -                Rank 1 : false
2024-03-18 20:14:09,567 [INFO] ADCParametersView:116 -                Rank 1 : false
2024-03-18 20:14:09,567 [INFO] ADCParametersView:116 -                Rank 1 : false
2024-03-18 20:14:09,568 [INFO] ADCParametersView:116 -                Rank 1 : false
2024-03-18 20:14:09,573 [INFO] ADCParametersView:116 -                Rank 1 : false
2024-03-18 20:14:09,640 [INFO] NvicIntPanel:101 - NVIC parent = com.st.microxplorer.plugins.ip.nvic.MultiNvicIntPanel[,0,0,0x0,invalid,layout=javax.swing.BoxLayout,alignmentX=0.0,alignmentY=0.0,border=,flags=9,maximumSize=,minimumSize=,preferredSize=]
2024-03-18 20:14:09,708 [INFO] NvicIntPanel:101 - NVIC parent = com.st.microxplorer.plugins.ip.nvic.MultiNvicIntPanel[,0,0,0x0,invalid,layout=javax.swing.BoxLayout,alignmentX=0.0,alignmentY=0.0,border=,flags=9,maximumSize=,minimumSize=,preferredSize=]
2024-03-18 20:14:09,777 [INFO] NvicIntPanel:101 - NVIC parent = com.st.microxplorer.plugins.ip.nvic.MultiNvicIntPanel[,0,0,0x0,invalid,layout=javax.swing.BoxLayout,alignmentX=0.0,alignmentY=0.0,border=,flags=9,maximumSize=,minimumSize=,preferredSize=]
2024-03-18 20:14:09,815 [INFO] ADCParametersView:116 -                Rank 1 : false
2024-03-18 20:14:09,816 [INFO] ADCParametersView:116 -                Rank 1 : false
2024-03-18 20:14:09,816 [INFO] ADCParametersView:116 -                Rank 1 : false
2024-03-18 20:14:09,816 [INFO] ADCParametersView:116 -                Rank 1 : false
2024-03-18 20:14:09,816 [INFO] ADCParametersView:116 -                Rank 1 : false
2024-03-18 20:14:09,816 [INFO] ADCParametersView:116 -                Rank 1 : false
2024-03-18 20:14:09,817 [INFO] ADCParametersView:116 -                Rank 1 : false
2024-03-18 20:14:09,817 [INFO] ADCParametersView:116 -                Rank 1 : false
2024-03-18 20:14:09,817 [INFO] ADCParametersView:116 -                Rank 1 : false
2024-03-18 20:14:09,817 [INFO] ADCParametersView:116 -                Rank 1 : false
2024-03-18 20:14:09,817 [INFO] ADCParametersView:116 -                Rank 1 : false
2024-03-18 20:14:09,817 [INFO] ADCParametersView:116 -                Rank 1 : false
2024-03-18 20:14:09,817 [INFO] ADCParametersView:116 -                Rank 1 : false
2024-03-18 20:14:09,819 [INFO] ADCParametersView:116 -                Rank 1 : false
2024-03-18 20:14:09,819 [INFO] ADCParametersView:116 -                Rank 1 : false
2024-03-18 20:14:09,819 [INFO] ADCParametersView:116 -                Rank 1 : false
2024-03-18 20:14:09,819 [INFO] ADCParametersView:116 -                Rank 1 : false
2024-03-18 20:14:09,819 [INFO] ADCParametersView:116 -                Rank 1 : false
2024-03-18 20:14:09,820 [INFO] ADCParametersView:116 -                Rank 1 : false
2024-03-18 20:14:09,820 [INFO] ADCParametersView:116 -                Rank 1 : false
2024-03-18 20:14:09,820 [INFO] ADCParametersView:116 -                Rank 1 : false
2024-03-18 20:14:09,826 [INFO] ADCParametersView:116 -                Rank 1 : false
2024-03-18 20:14:09,837 [INFO] ADCParametersView:116 -                Rank 1 : false
2024-03-18 20:14:09,837 [INFO] ADCParametersView:116 -                Rank 1 : false
2024-03-18 20:14:09,837 [INFO] ADCParametersView:116 -                Rank 1 : false
2024-03-18 20:14:09,837 [INFO] ADCParametersView:116 -                Rank 1 : false
2024-03-18 20:14:09,839 [INFO] ADCParametersView:116 -                Rank 1 : false
2024-03-18 20:14:09,839 [INFO] ADCParametersView:116 -                Rank 1 : false
2024-03-18 20:14:09,839 [INFO] ADCParametersView:116 -                Rank 1 : false
2024-03-18 20:14:09,839 [INFO] ADCParametersView:116 -                Rank 1 : false
2024-03-18 20:14:09,840 [INFO] ADCParametersView:116 -                Rank 1 : false
2024-03-18 20:14:09,840 [INFO] ADCParametersView:116 -                Rank 1 : false
2024-03-18 20:14:09,852 [INFO] ADCParametersView:116 -                Rank 1 : false
2024-03-18 20:14:09,868 [INFO] ADCParametersView:116 -                Rank 1 : false
2024-03-18 20:14:09,883 [INFO] ADCParametersView:116 -                Rank 1 : false
2024-03-18 20:14:09,884 [INFO] ADCParametersView:116 -                Rank 1 : false
2024-03-18 20:14:09,884 [INFO] ADCParametersView:116 -                Rank 1 : false
2024-03-18 20:14:09,884 [INFO] ADCParametersView:116 -                Rank 1 : false
2024-03-18 20:14:09,884 [INFO] ADCParametersView:116 -                Rank 1 : false
2024-03-18 20:14:09,884 [INFO] ADCParametersView:116 -                Rank 1 : false
2024-03-18 20:14:09,885 [INFO] ADCParametersView:116 -                Rank 1 : false
2024-03-18 20:14:09,885 [INFO] ADCParametersView:116 -                Rank 1 : false
2024-03-18 20:14:09,885 [INFO] ADCParametersView:116 -                Rank 1 : false
2024-03-18 20:14:09,891 [INFO] ADCParametersView:116 -                Rank 1 : false
2024-03-18 20:15:45,190 [INFO] UtilMem:75 - End SaveConfig() Used Memory: 380209504 Bytes (584056832)
