2024-04-02 22:42:21,745 [INFO] Activator:176 - 


2024-04-02 22:42:21,747 [INFO] Activator:177 - !SESSION log4j initialized
2024-04-02 22:42:24,227 [INFO] LogOutputStream:77 - [STDOUT_REDIRECT] 
2024-04-02 22:42:26,008 [INFO] ApplicationProperties:184 - Using Application install path: C:\ST\STM32CubeIDE_1.14.1\STM32CubeIDE\plugins\com.st.stm32cube.common.mx_6.10.0.202311202037
2024-04-02 22:42:26,019 [INFO] DbMcusXml:78 - Set database path to: C:\ST\STM32CubeIDE_1.14.1\STM32CubeIDE\plugins\com.st.stm32cube.common.mx_6.10.0.202311202037\\db\/mcu/
2024-04-02 22:42:26,020 [INFO] ApiDb:274 - Set plugin database path to: C:\ST\STM32CubeIDE_1.14.1\STM32CubeIDE\plugins\com.st.stm32cube.common.mx_6.10.0.202311202037\\db\/plugins/boardmanager/
2024-04-02 22:42:26,020 [WARN] ApiDb:259 - Overriding images path with different value:  => C:\ST\STM32CubeIDE_1.14.1\STM32CubeIDE\plugins\com.st.stm32cube.common.mx_6.10.0.202311202037\\db\/plugins/mcufinder/images/
2024-04-02 22:42:26,025 [INFO] ApiDb:250 - Set database path to: C:\Users\sirli\.stmcufinder\plugins\mcufinder//mcu/
2024-04-02 22:42:26,026 [INFO] DbMcusAds:125 - Set database path to: C:\Users\sirli\.stmcufinder\plugins\mcufinder//mcu/
2024-04-02 22:42:26,027 [INFO] CrossReferenceDbSqlite:203 - Set database path to: C:\Users\sirli\.stmcufinder\plugins\mcufinder//mcu/cs/
2024-04-02 22:42:26,116 [INFO] RulesReader:64 - Compatibility file has been processed (297 Rules)
2024-04-02 22:42:26,216 [INFO] DbMcusXml:78 - Set database path to: C:\ST\STM32CubeIDE_1.14.1\STM32CubeIDE\plugins\com.st.stm32cube.common.mx_6.10.0.202311202037\\db\/mcu/
2024-04-02 22:42:26,217 [INFO] ApiDb:274 - Set plugin database path to: C:\ST\STM32CubeIDE_1.14.1\STM32CubeIDE\plugins\com.st.stm32cube.common.mx_6.10.0.202311202037\\db\/plugins/boardmanager/
2024-04-02 22:42:26,217 [INFO] ApiDb:261 - Set plugin images path to: C:\ST\STM32CubeIDE_1.14.1\STM32CubeIDE\plugins\com.st.stm32cube.common.mx_6.10.0.202311202037\\db\/plugins/mcufinder/images/
2024-04-02 22:42:26,219 [WARN] DbFile:41 - Overriding database path with different value: C:\Users\sirli\.stmcufinder\plugins\mcufinder/ => C:\Users\sirli\.stmcufinder\plugins\mcufinder
2024-04-02 22:42:26,220 [INFO] ApiDb:250 - Set database path to: C:\Users\sirli\.stmcufinder\plugins\mcufinder//mcu/
2024-04-02 22:42:26,220 [WARN] DbFile:41 - Overriding database path with different value: C:\Users\sirli\.stmcufinder\plugins\mcufinder/ => C:\Users\sirli\.stmcufinder\plugins\mcufinder
2024-04-02 22:42:26,220 [INFO] DbMcusAds:125 - Set database path to: C:\Users\sirli\.stmcufinder\plugins\mcufinder//mcu/
2024-04-02 22:42:26,221 [WARN] DbFile:41 - Overriding database path with different value: C:\Users\sirli\.stmcufinder\plugins\mcufinder/ => C:\Users\sirli\.stmcufinder\plugins\mcufinder
2024-04-02 22:42:26,221 [WARN] DbFile:41 - Overriding database path with different value: C:\Users\sirli\.stmcufinder\plugins\mcufinder/ => C:\Users\sirli\.stmcufinder\plugins\mcufinder
2024-04-02 22:42:26,222 [INFO] CrossReferenceDbSqlite:203 - Set database path to: C:\Users\sirli\.stmcufinder\plugins\mcufinder//mcu/cs/
2024-04-02 22:42:26,285 [INFO] MainPanel:264 - HeapMemory: 268435456
2024-04-02 22:42:26,330 [INFO] DbMcusXml:78 - Set database path to: C:\ST\STM32CubeIDE_1.14.1\STM32CubeIDE\plugins\com.st.stm32cube.common.mx_6.10.0.202311202037\\db\/mcu/
2024-04-02 22:42:26,331 [INFO] ApiDb:274 - Set plugin database path to: C:\ST\STM32CubeIDE_1.14.1\STM32CubeIDE\plugins\com.st.stm32cube.common.mx_6.10.0.202311202037\\db\/plugins/boardmanager/
2024-04-02 22:42:26,331 [INFO] ApiDb:261 - Set plugin images path to: C:\ST\STM32CubeIDE_1.14.1\STM32CubeIDE\plugins\com.st.stm32cube.common.mx_6.10.0.202311202037\\db\/plugins/mcufinder/images/
2024-04-02 22:42:26,331 [WARN] DbFile:41 - Overriding database path with different value: C:\Users\sirli\.stmcufinder\plugins\mcufinder/ => C:\Users\sirli\.stmcufinder\plugins\mcufinder
2024-04-02 22:42:26,331 [INFO] ApiDb:250 - Set database path to: C:\Users\sirli\.stmcufinder\plugins\mcufinder//mcu/
2024-04-02 22:42:26,333 [WARN] DbFile:41 - Overriding database path with different value: C:\Users\sirli\.stmcufinder\plugins\mcufinder/ => C:\Users\sirli\.stmcufinder\plugins\mcufinder
2024-04-02 22:42:26,333 [INFO] DbMcusAds:125 - Set database path to: C:\Users\sirli\.stmcufinder\plugins\mcufinder//mcu/
2024-04-02 22:42:26,333 [WARN] DbFile:41 - Overriding database path with different value: C:\Users\sirli\.stmcufinder\plugins\mcufinder/ => C:\Users\sirli\.stmcufinder\plugins\mcufinder
2024-04-02 22:42:26,334 [WARN] DbFile:41 - Overriding database path with different value: C:\Users\sirli\.stmcufinder\plugins\mcufinder/ => C:\Users\sirli\.stmcufinder\plugins\mcufinder
2024-04-02 22:42:26,334 [INFO] CrossReferenceDbSqlite:203 - Set database path to: C:\Users\sirli\.stmcufinder\plugins\mcufinder//mcu/cs/
2024-04-02 22:42:26,345 [INFO] ApplicationProperties:184 - Using Application install path: C:\ST\STM32CubeIDE_1.14.1\STM32CubeIDE\plugins\com.st.stm32cube.common.mx_6.10.0.202311202037
2024-04-02 22:42:26,347 [INFO] PluginManage:196 - Search for loadable plugins [exclusion list=, ]
2024-04-02 22:42:26,348 [INFO] PluginManage:310 - Check plugin analytics
2024-04-02 22:42:26,492 [INFO] AnalyticsPlugin:253 - Accepted Software Licenses: 
2024-04-02 22:42:26,492 [INFO] AnalyticsPlugin:255 - Accepted CMSIS Pack Licenses: 
2024-04-02 22:42:26,493 [INFO] AnalyticsPlugin:257 - Accepted Firmware Licenses: FW.G4.1.5.0
2024-04-02 22:42:26,496 [INFO] PluginManage:359 - Loaded plugin analytics (category:tool,tabindex:-1)
2024-04-02 22:42:26,496 [INFO] PluginManage:310 - Check plugin cadmodel
2024-04-02 22:42:26,508 [INFO] CADModel:105 - Init CAD model plugin
2024-04-02 22:42:26,509 [INFO] PluginManage:359 - Loaded plugin cadmodel (category:power,tabindex:5)
2024-04-02 22:42:26,509 [INFO] PluginManage:310 - Check plugin clock
2024-04-02 22:42:26,525 [INFO] PluginManage:359 - Loaded plugin clock (category:base,tabindex:2)
2024-04-02 22:42:26,525 [INFO] PluginManage:310 - Check plugin ddr
2024-04-02 22:42:26,527 [INFO] PluginManage:359 - Loaded plugin ddr (category:tool,tabindex:6)
2024-04-02 22:42:26,527 [INFO] PluginManage:310 - Check plugin filemanager
2024-04-02 22:42:26,648 [INFO] PluginManage:359 - Loaded plugin filemanager (category:base,tabindex:10)
2024-04-02 22:42:26,649 [INFO] PluginManage:310 - Check plugin ipmanager
2024-04-02 22:42:26,654 [INFO] PluginManage:359 - Loaded plugin ipmanager (category:base,tabindex:5)
2024-04-02 22:42:26,655 [INFO] PluginManage:310 - Check plugin lpbam
2024-04-02 22:42:26,668 [INFO] PluginManage:359 - Loaded plugin lpbam (category:base,tabindex:0)
2024-04-02 22:42:26,669 [INFO] PluginManage:310 - Check plugin memorymap
2024-04-02 22:42:26,683 [INFO] PluginManage:359 - Loaded plugin memorymap (category:base,tabindex:4)
2024-04-02 22:42:26,683 [INFO] PluginManage:310 - Check plugin pinoutandconfiguration
2024-04-02 22:42:26,696 [INFO] PluginManage:359 - Loaded plugin pinoutandconfiguration (category:base,tabindex:1)
2024-04-02 22:42:26,696 [INFO] PluginManage:310 - Check plugin pinoutconfig
2024-04-02 22:42:26,758 [WARN] SupportedApi:132 - Cannot load RTOS API schema: s4s-elt-must-match.1: The content of 'definitions' must match (annotation?, (simpleType | complexType)?, (unique | key | keyref)*)). A problem was found starting at: attribute.
2024-04-02 22:42:26,854 [INFO] PluginManage:359 - Loaded plugin pinoutconfig (category:base,tabindex:0)
2024-04-02 22:42:26,854 [INFO] PluginManage:310 - Check plugin power
2024-04-02 22:42:26,867 [INFO] PluginManage:359 - Loaded plugin power (category:power,tabindex:4)
2024-04-02 22:42:26,867 [INFO] PluginManage:310 - Check plugin projectmanager
2024-04-02 22:42:26,879 [INFO] PluginManage:359 - Loaded plugin projectmanager (category:projectmanager,tabindex:3)
2024-04-02 22:42:26,879 [INFO] PluginManage:310 - Check plugin thirdparty
2024-04-02 22:42:27,055 [INFO] PluginManage:359 - Loaded plugin thirdparty (category:base,tabindex:-1)
2024-04-02 22:42:27,055 [WARN] IntegrityCheckThread:84 - waiting for thirdparty lock release [integrity check]
2024-04-02 22:42:27,056 [INFO] IntegrityCheckThread:86 - entering critical section [integrity check]
2024-04-02 22:42:27,056 [INFO] PluginManage:310 - Check plugin tools
2024-04-02 22:42:27,056 [INFO] ThirdPartyUpdaterWithRetryManager:70 - Updater plugin not ready yet. [1/15]
2024-04-02 22:42:27,079 [INFO] PluginManage:359 - Loaded plugin tools (category:base,tabindex:7)
2024-04-02 22:42:27,080 [INFO] PluginManage:310 - Check plugin tutovideos
2024-04-02 22:42:27,201 [INFO] PluginManage:359 - Loaded plugin tutovideos (category:base,tabindex:-1)
2024-04-02 22:42:27,205 [INFO] PluginManage:310 - Check plugin updater
2024-04-02 22:42:27,229 [INFO] PluginManage:359 - Loaded plugin updater (category:base,tabindex:12)
2024-04-02 22:42:27,235 [INFO] PluginManage:310 - Check plugin userauth
2024-04-02 22:42:27,253 [INFO] UserAuth:114 - Init User Auth plugin
2024-04-02 22:42:27,259 [INFO] PluginManage:359 - Loaded plugin userauth (category:base,tabindex:14)
2024-04-02 22:42:27,259 [INFO] PluginManage:283 - PluginManage : Loaded plugins [17]
2024-04-02 22:42:27,405 [INFO] PinOutPanel:1499 - setPackage(No Configuration,No Configuration)
2024-04-02 22:42:27,455 [INFO] CADModel:165 - CPN selected for project level
2024-04-02 22:42:27,456 [INFO] CADModel:114 - Register for checkConnection events
2024-04-02 22:42:27,475 [INFO] IPUIPlugin:80 - create IPUIPlugin
2024-04-02 22:42:27,475 [INFO] PluginManager:220 - loadIPPluginJar : add adc
2024-04-02 22:42:27,503 [INFO] IPUIPlugin:80 - create IPUIPlugin
2024-04-02 22:42:27,505 [INFO] PluginManager:220 - loadIPPluginJar : add aes
2024-04-02 22:42:27,534 [INFO] IPUIPlugin:80 - create IPUIPlugin
2024-04-02 22:42:27,535 [INFO] PluginManager:220 - loadIPPluginJar : add can
2024-04-02 22:42:27,550 [INFO] IPUIPlugin:80 - create IPUIPlugin
2024-04-02 22:42:27,551 [INFO] PluginManager:220 - loadIPPluginJar : add comp
2024-04-02 22:42:27,573 [INFO] IPUIPlugin:80 - create IPUIPlugin
2024-04-02 22:42:27,573 [INFO] PluginManager:220 - loadIPPluginJar : add cryp
2024-04-02 22:42:27,595 [INFO] IPUIPlugin:80 - create IPUIPlugin
2024-04-02 22:42:27,595 [INFO] PluginManager:220 - loadIPPluginJar : add dfsdm
2024-04-02 22:42:27,606 [INFO] IPUIPlugin:80 - create IPUIPlugin
2024-04-02 22:42:27,607 [INFO] PluginManager:220 - loadIPPluginJar : add dma
2024-04-02 22:42:27,636 [INFO] IPUIPlugin:80 - create IPUIPlugin
2024-04-02 22:42:27,637 [INFO] PluginManager:220 - loadIPPluginJar : add dma3
2024-04-02 22:42:27,651 [INFO] IPUIPlugin:80 - create IPUIPlugin
2024-04-02 22:42:27,652 [INFO] PluginManager:220 - loadIPPluginJar : add fatfs
2024-04-02 22:42:27,687 [INFO] IPUIPlugin:80 - create IPUIPlugin
2024-04-02 22:42:27,687 [INFO] PluginManager:220 - loadIPPluginJar : add fmc
2024-04-02 22:42:27,699 [INFO] IPUIPlugin:80 - create IPUIPlugin
2024-04-02 22:42:27,699 [INFO] PluginManager:220 - loadIPPluginJar : add freertos
2024-04-02 22:42:27,713 [INFO] IPUIPlugin:80 - create IPUIPlugin
2024-04-02 22:42:27,714 [INFO] PluginManager:220 - loadIPPluginJar : add genericplugin
2024-04-02 22:42:27,771 [INFO] IPUIPlugin:80 - create IPUIPlugin
2024-04-02 22:42:27,773 [INFO] PluginManager:220 - loadIPPluginJar : add gfxmmu
2024-04-02 22:42:27,857 [INFO] IPUIPlugin:80 - create IPUIPlugin
2024-04-02 22:42:27,858 [INFO] PluginManager:220 - loadIPPluginJar : add gic
2024-04-02 22:42:27,867 [INFO] IPUIPlugin:80 - create IPUIPlugin
2024-04-02 22:42:27,868 [INFO] PluginManager:220 - loadIPPluginJar : add gpio
2024-04-02 22:42:27,933 [INFO] IPUIPlugin:80 - create IPUIPlugin
2024-04-02 22:42:27,936 [INFO] PluginManager:220 - loadIPPluginJar : add gtzc
2024-04-02 22:42:27,965 [INFO] IPUIPlugin:80 - create IPUIPlugin
2024-04-02 22:42:27,966 [INFO] PluginManager:220 - loadIPPluginJar : add hash
2024-04-02 22:42:28,002 [INFO] IPUIPlugin:80 - create IPUIPlugin
2024-04-02 22:42:28,002 [INFO] PluginManager:220 - loadIPPluginJar : add i2c
2024-04-02 22:42:28,030 [INFO] IPUIPlugin:80 - create IPUIPlugin
2024-04-02 22:42:28,031 [INFO] PluginManager:220 - loadIPPluginJar : add i2s
2024-04-02 22:42:28,062 [INFO] IPUIPlugin:80 - create IPUIPlugin
2024-04-02 22:42:28,062 [INFO] PluginManager:220 - loadIPPluginJar : add i3c
2024-04-02 22:42:28,141 [INFO] IPUIPlugin:80 - create IPUIPlugin
2024-04-02 22:42:28,142 [INFO] PluginManager:220 - loadIPPluginJar : add ipddr
2024-04-02 22:42:28,201 [INFO] IPUIPlugin:80 - create IPUIPlugin
2024-04-02 22:42:28,202 [INFO] PluginManager:220 - loadIPPluginJar : add linkedlist
2024-04-02 22:42:28,225 [INFO] IPUIPlugin:80 - create IPUIPlugin
2024-04-02 22:42:28,225 [INFO] PluginManager:220 - loadIPPluginJar : add lorawan
2024-04-02 22:42:28,252 [INFO] IPUIPlugin:80 - create IPUIPlugin
2024-04-02 22:42:28,252 [INFO] PluginManager:220 - loadIPPluginJar : add ltdc
2024-04-02 22:42:28,263 [INFO] IPUIPlugin:80 - create IPUIPlugin
2024-04-02 22:42:28,263 [INFO] PluginManager:220 - loadIPPluginJar : add mdma
2024-04-02 22:42:28,273 [INFO] IPUIPlugin:80 - create IPUIPlugin
2024-04-02 22:42:28,273 [INFO] PluginManager:220 - loadIPPluginJar : add nvic
2024-04-02 22:42:28,298 [INFO] IPUIPlugin:80 - create IPUIPlugin
2024-04-02 22:42:28,299 [INFO] PluginManager:220 - loadIPPluginJar : add opamp
2024-04-02 22:42:28,341 [INFO] IPUIPlugin:80 - create IPUIPlugin
2024-04-02 22:42:28,341 [INFO] PluginManager:220 - loadIPPluginJar : add openamp
2024-04-02 22:42:28,372 [INFO] IPUIPlugin:80 - create IPUIPlugin
2024-04-02 22:42:28,373 [INFO] PluginManager:220 - loadIPPluginJar : add pdm2pcm
2024-04-02 22:42:28,383 [INFO] IPUIPlugin:80 - create IPUIPlugin
2024-04-02 22:42:28,385 [INFO] PluginManager:220 - loadIPPluginJar : add plateformsettings
2024-04-02 22:42:28,401 [INFO] IPUIPlugin:80 - create IPUIPlugin
2024-04-02 22:42:28,401 [INFO] PluginManager:220 - loadIPPluginJar : add quadspi
2024-04-02 22:42:28,412 [INFO] IPUIPlugin:80 - create IPUIPlugin
2024-04-02 22:42:28,412 [INFO] PluginManager:220 - loadIPPluginJar : add resmgrutility
2024-04-02 22:42:28,448 [INFO] IPUIPlugin:80 - create IPUIPlugin
2024-04-02 22:42:28,448 [INFO] PluginManager:220 - loadIPPluginJar : add sai
2024-04-02 22:42:28,474 [INFO] IPUIPlugin:80 - create IPUIPlugin
2024-04-02 22:42:28,475 [INFO] PluginManager:220 - loadIPPluginJar : add spi
2024-04-02 22:42:28,523 [INFO] IPUIPlugin:80 - create IPUIPlugin
2024-04-02 22:42:28,524 [INFO] PluginManager:220 - loadIPPluginJar : add stm32_wpan
2024-04-02 22:42:28,542 [INFO] IPUIPlugin:80 - create IPUIPlugin
2024-04-02 22:42:28,542 [INFO] PluginManager:220 - loadIPPluginJar : add tim
2024-04-02 22:42:28,580 [INFO] IPUIPlugin:80 - create IPUIPlugin
2024-04-02 22:42:28,580 [INFO] PluginManager:220 - loadIPPluginJar : add touchsensing
2024-04-02 22:42:28,596 [INFO] IPUIPlugin:80 - create IPUIPlugin
2024-04-02 22:42:28,597 [INFO] PluginManager:220 - loadIPPluginJar : add tracer_emb
2024-04-02 22:42:28,613 [INFO] IPUIPlugin:80 - create IPUIPlugin
2024-04-02 22:42:28,614 [INFO] PluginManager:220 - loadIPPluginJar : add ts
2024-04-02 22:42:28,628 [INFO] IPUIPlugin:80 - create IPUIPlugin
2024-04-02 22:42:28,628 [INFO] PluginManager:220 - loadIPPluginJar : add tsc
2024-04-02 22:42:28,643 [INFO] IPUIPlugin:80 - create IPUIPlugin
2024-04-02 22:42:28,644 [INFO] PluginManager:220 - loadIPPluginJar : add ucpd
2024-04-02 22:42:28,677 [INFO] IPUIPlugin:80 - create IPUIPlugin
2024-04-02 22:42:28,677 [INFO] PluginManager:220 - loadIPPluginJar : add usart
2024-04-02 22:42:28,708 [INFO] IPUIPlugin:80 - create IPUIPlugin
2024-04-02 22:42:28,709 [INFO] PluginManager:220 - loadIPPluginJar : add usbx
2024-04-02 22:42:28,820 [INFO] CADModel:165 - CPN selected for project level
2024-04-02 22:42:28,820 [INFO] CADModel:114 - Register for checkConnection events
2024-04-02 22:42:28,821 [FATAL] Updater:308 - Updater called before beeing initialized
2024-04-02 22:42:28,821 [ERROR] CADModel:125 - Updater not yet initialized, retry later 
2024-04-02 22:42:28,923 [INFO] CADModel:165 - CPN selected for project level
2024-04-02 22:42:28,923 [INFO] CADModel:114 - Register for checkConnection events
2024-04-02 22:42:28,923 [FATAL] Updater:308 - Updater called before beeing initialized
2024-04-02 22:42:28,923 [ERROR] CADModel:125 - Updater not yet initialized, retry later 
2024-04-02 22:42:28,927 [FATAL] Updater:308 - Updater called before beeing initialized
2024-04-02 22:42:29,002 [FATAL] Updater:308 - Updater called before beeing initialized
2024-04-02 22:42:29,009 [INFO] DbMcusAds:53 - JSON generation date=Wed Nov 29 23:52:27 NZDT 2023 (1701255147349)
2024-04-02 22:42:29,014 [FATAL] Updater:308 - Updater called before beeing initialized
2024-04-02 22:42:29,071 [WARN] DetailPanel:346 - Failed to get advertising image, set to default
2024-04-02 22:42:29,154 [FATAL] Updater:308 - Updater called before beeing initialized
2024-04-02 22:42:29,155 [FATAL] Updater:308 - Updater called before beeing initialized
2024-04-02 22:42:29,156 [FATAL] Updater:308 - Updater called before beeing initialized
2024-04-02 22:42:29,156 [WARN] DetailPanel:346 - Failed to get advertising image, set to default
2024-04-02 22:42:29,157 [FATAL] Updater:308 - Updater called before beeing initialized
2024-04-02 22:42:29,199 [ERROR] Updater:1120 - MainUpdater not yet initialized. External WinMGr cannot be set.
2024-04-02 22:42:29,208 [INFO] Updater:1056 - Updater Version found : 6.10.0
2024-04-02 22:42:29,220 [INFO] ApplicationProperties:184 - Using Application install path: C:\ST\STM32CubeIDE_1.14.1\STM32CubeIDE\plugins\com.st.stm32cube.common.mx_6.10.0.202311202037
2024-04-02 22:42:30,058 [INFO] ThirdPartyUpdaterWithRetryManager:70 - Updater plugin not ready yet. [2/15]
2024-04-02 22:42:30,802 [ERROR] LogOutputStream:75 - [STDERR_REDIRECT] Apr 02, 2024 10:42:30 PM java.util.prefs.WindowsPreferences <init>
2024-04-02 22:42:30,805 [ERROR] LogOutputStream:75 - [STDERR_REDIRECT] WARNING: Could not open/create prefs root node Software\JavaSoft\Prefs at root 0xffffffff80000002. Windows RegCreateKeyEx(...) returned error code 5.
2024-04-02 22:42:30,805 [ERROR] LogOutputStream:75 - [STDERR_REDIRECT] 
2024-04-02 22:42:32,491 [INFO] MainUpdater:2873 - connection check result : 10
2024-04-02 22:42:32,493 [INFO] MainUpdater:290 - Updater Check For Update Now.
2024-04-02 22:42:32,494 [INFO] MicroXplorer:498 - Change Database Version : DB.6.0.100
2024-04-02 22:42:32,503 [INFO] McuFinderGlobals:63 - Set McuFinder mode to 2 (CubeIDE integrated)
2024-04-02 22:42:32,668 [INFO] CheckServerUpdateThread:120 - End of CheckServer Thread
2024-04-02 22:42:32,778 [INFO] UserAuth:404 - Internet connection configuration mode: 1
2024-04-02 22:42:32,791 [INFO] JxBrowserEngine:152 - Initiate JxBrowser Engine with user profile folder
2024-04-02 22:42:33,194 [WARN] PackLoader:240 - Cannot read IP mode file for STMicroelectronics.X-CUBE-SMBUS.2.1.0
2024-04-02 22:42:33,205 [WARN] PackLoader:240 - Cannot read IP mode file for STMicroelectronics.X-CUBE-TOUCHGFX.4.23.1
2024-04-02 22:42:33,214 [WARN] PackLoader:240 - Cannot read IP mode file for STMicroelectronics.X-CUBE-TOUCHGFX.4.23.0
2024-04-02 22:42:33,254 [WARN] PackLoader:240 - Cannot read IP mode file for STMicroelectronics.X-CUBE-AZRTOS-F7.1.1.0
2024-04-02 22:42:33,268 [WARN] PackLoader:240 - Cannot read IP mode file for STMicroelectronics.FP-SNS-MOTENV1.4.3.2
2024-04-02 22:42:33,279 [WARN] PackLoader:240 - Cannot read IP mode file for STMicroelectronics.FP-SNS-FLIGHT1.5.0.2
2024-04-02 22:42:33,292 [WARN] PackLoader:240 - Cannot read IP mode file for STMicroelectronics.X-CUBE-DISPLAY.3.0.0
2024-04-02 22:42:33,310 [WARN] PackLoader:240 - Cannot read IP mode file for STMicroelectronics.X-CUBE-BLE1.7.0.0
2024-04-02 22:42:33,319 [WARN] PackLoader:240 - Cannot read IP mode file for emotas.I-CUBE-CANOPEN.1.3.0
2024-04-02 22:42:33,333 [WARN] PackLoader:240 - Cannot read IP mode file for STMicroelectronics.X-CUBE-BLEMGR.3.1.0
2024-04-02 22:42:33,348 [WARN] PackLoader:240 - Cannot read IP mode file for STMicroelectronics.FP-SNS-SMARTAG2.1.2.0
2024-04-02 22:42:33,372 [INFO] LogOutputStream:77 - [STDOUT_REDIRECT] 1 : Invalid condition id : UX_CORESTACK_Condition cause : null
2024-04-02 22:42:33,373 [INFO] LogOutputStream:77 - [STDOUT_REDIRECT] 1 : Invalid condition id : UX_CORESTACK_Condition cause : null
2024-04-02 22:42:33,374 [INFO] LogOutputStream:77 - [STDOUT_REDIRECT] 1 : Invalid condition id : UX_CORESTACK_Condition cause : null
2024-04-02 22:42:33,375 [INFO] LogOutputStream:77 - [STDOUT_REDIRECT] 1 : Invalid condition id : UX_CORESTACK_Condition cause : null
2024-04-02 22:42:33,376 [INFO] LogOutputStream:77 - [STDOUT_REDIRECT] 1 : Invalid condition id : UX_CORESTACK_Condition cause : null
2024-04-02 22:42:33,379 [WARN] PackLoader:240 - Cannot read IP mode file for STMicroelectronics.X-CUBE-AZRTOS-WL.2.0.0
2024-04-02 22:42:33,388 [WARN] PackLoader:240 - Cannot read IP mode file for STMicroelectronics.FP-SNS-MOTENV1.5.0.0
2024-04-02 22:42:33,402 [WARN] PackLoader:240 - Cannot read IP mode file for WES.I-CUBE-Cesium.1.3.0
2024-04-02 22:42:33,424 [WARN] PackLoader:240 - Cannot read IP mode file for STMicroelectronics.X-CUBE-BLE2.3.3.0
2024-04-02 22:42:33,433 [WARN] PackLoader:240 - Cannot read IP mode file for STMicroelectronics.X-CUBE-ALGOBUILD.1.3.0
2024-04-02 22:42:33,451 [WARN] PackLoader:240 - Cannot read IP mode file for STMicroelectronics.X-CUBE-AZRTOS-G0.1.1.0
2024-04-02 22:42:33,462 [WARN] PackLoader:240 - Cannot read IP mode file for STMicroelectronics.X-CUBE-SAFEA1.1.2.2
2024-04-02 22:42:33,473 [WARN] PackLoader:240 - Cannot read IP mode file for STMicroelectronics.X-CUBE-NFC4.3.0.0
2024-04-02 22:42:33,481 [WARN] PackLoader:240 - Cannot read IP mode file for STMicroelectronics.FP-ATR-SIGFOX1.3.2.0
2024-04-02 22:42:33,494 [WARN] PackLoader:240 - Cannot read IP mode file for STMicroelectronics.X-CUBE-EEPRMA1.5.1.0
2024-04-02 22:42:33,543 [WARN] PackLoader:240 - Cannot read IP mode file for SEGGER.I-CUBE-embOS.1.3.1
2024-04-02 22:42:33,575 [WARN] PackLoader:240 - Cannot read IP mode file for STMicroelectronics.X-CUBE-GNSS1.6.0.0
2024-04-02 22:42:33,599 [WARN] PackLoader:240 - Cannot read IP mode file for STMicroelectronics.X-CUBE-AZRTOS-F4.1.1.0
2024-04-02 22:42:33,610 [WARN] PackLoader:240 - Cannot read IP mode file for wolfSSL.I-CUBE-wolfSSL.5.6.6
2024-04-02 22:42:33,627 [WARN] PackLoader:240 - Cannot read IP mode file for STMicroelectronics.X-CUBE-AZRTOS-L5.2.0.0
2024-04-02 22:42:33,641 [WARN] PackLoader:240 - Cannot read IP mode file for STMicroelectronics.X-CUBE-NFC6.3.1.0
2024-04-02 22:42:33,655 [WARN] PackLoader:240 - Cannot read IP mode file for ITTIA_DB.I-CUBE-ITTIADB.8.8.0
2024-04-02 22:42:33,675 [WARN] PackLoader:240 - Cannot read IP mode file for STMicroelectronics.X-CUBE-NFC7.1.0.1
2024-04-02 22:42:33,685 [WARN] PackLoader:240 - Cannot read IP mode file for STMicroelectronics.X-CUBE-NFC6.3.0.0
2024-04-02 22:42:33,695 [WARN] PackLoader:240 - Cannot read IP mode file for STMicroelectronics.X-CUBE-AI.8.1.0
2024-04-02 22:42:33,716 [WARN] ConditionMgr:438 - getConditionDescription Invalid condition id : LAN8742 Phy interface Condition cause : null
2024-04-02 22:42:33,717 [WARN] PackLoader:240 - Cannot read IP mode file for STMicroelectronics.X-CUBE-AZRTOS-L4.2.0.0
2024-04-02 22:42:33,719 [WARN] ConditionMgr:1039 - genDependencies : Invalid condition id : LAN8742 Phy interface Condition cause : null
2024-04-02 22:42:33,719 [WARN] ConditionMgr:1039 - genDependencies : Invalid condition id : LAN8742 Phy interface Condition cause : null
2024-04-02 22:42:33,720 [WARN] ConditionMgr:1039 - genDependencies : Invalid condition id : LAN8742 Phy interface Condition cause : null
2024-04-02 22:42:33,729 [WARN] PackLoader:240 - Cannot read IP mode file for STMicroelectronics.X-CUBE-SFXS2LP1.4.0.0
2024-04-02 22:42:33,743 [WARN] ConditionMgr:438 - getConditionDescription Invalid condition id : UX DEVICE CLASS RTOS Condition cause : null
2024-04-02 22:42:33,744 [WARN] ConditionMgr:438 - getConditionDescription Invalid condition id : UX DEVICE CLASS RTOS Condition cause : null
2024-04-02 22:42:33,746 [WARN] PackLoader:240 - Cannot read IP mode file for STMicroelectronics.X-CUBE-AZRTOS-WB.2.0.0
2024-04-02 22:42:33,747 [WARN] ConditionMgr:1039 - genDependencies : Invalid condition id : UX DEVICE CLASS RTOS Condition cause : null
2024-04-02 22:42:33,747 [WARN] ConditionMgr:1039 - genDependencies : Invalid condition id : UX DEVICE CLASS RTOS Condition cause : null
2024-04-02 22:42:33,748 [WARN] ConditionMgr:1039 - genDependencies : Invalid condition id : UX DEVICE CLASS RTOS Condition cause : null
2024-04-02 22:42:33,748 [WARN] ConditionMgr:1039 - genDependencies : Invalid condition id : UX DEVICE CLASS RTOS Condition cause : null
2024-04-02 22:42:33,749 [WARN] ConditionMgr:1039 - genDependencies : Invalid condition id : UX DEVICE CLASS RTOS Condition cause : null
2024-04-02 22:42:33,762 [WARN] PackLoader:240 - Cannot read IP mode file for STMicroelectronics.X-CUBE-SUBG2.5.0.0
2024-04-02 22:42:33,782 [WARN] PackLoader:240 - Cannot read IP mode file for STMicroelectronics.X-CUBE-AZRTOS-G4.2.0.0
2024-04-02 22:42:33,798 [WARN] PackLoader:240 - Cannot read IP mode file for Infineon.AIROC-Wi-Fi-Bluetooth-STM32.1.5.1
2024-04-02 22:42:33,810 [WARN] PackLoader:240 - Cannot read IP mode file for STMicroelectronics.FP-SNS-MOTENVWB1.1.3.1
2024-04-02 22:42:33,820 [WARN] PackLoader:240 - Cannot read IP mode file for STMicroelectronics.X-CUBE-ISPU.2.0.0
2024-04-02 22:42:33,849 [WARN] PackLoader:240 - Cannot read IP mode file for STMicroelectronics.X-CUBE-MEMS1.10.0.0
2024-04-02 22:42:33,926 [WARN] PackLoader:240 - Cannot read IP mode file for STMicroelectronics.X-CUBE-FREERTOS.1.1.0
2024-04-02 22:42:33,934 [WARN] PackLoader:240 - Cannot read IP mode file for portGmbH.I-Cube-SoM-uGOAL.1.1.0
2024-04-02 22:42:33,942 [WARN] PackLoader:240 - Cannot read IP mode file for STMicroelectronics.X-CUBE-ALS.1.0.1
2024-04-02 22:42:33,952 [WARN] PackLoader:240 - Cannot read IP mode file for STMicroelectronics.FP-ATR-ASTRA1.2.0.0
2024-04-02 22:42:33,965 [WARN] PackLoader:240 - Cannot read IP mode file for STMicroelectronics.X-CUBE-TOF1.3.4.0
2024-04-02 22:42:33,983 [WARN] PackLoader:240 - Cannot read IP mode file for STMicroelectronics.X-CUBE-TOF1.3.4.1
2024-04-02 22:42:34,011 [WARN] PackLoader:240 - Cannot read IP mode file for STMicroelectronics.X-CUBE-AZRTOS-H7.3.2.0
2024-04-02 22:42:34,013 [INFO] ThirdParty:978 - Integrity check success = true
2024-04-02 22:42:34,013 [INFO] IntegrityCheckThread:100 - exiting critical section [integrity check]
2024-04-02 22:42:34,014 [INFO] IntegrityCheckThread:103 - End integrity checks thread
2024-04-02 22:42:34,415 [INFO] WebApp:161 - Instantiating new browser for Auth
2024-04-02 22:42:34,799 [INFO] WebApp:780 - Register for checkConnection events
2024-04-02 22:42:34,800 [INFO] WebApp:414 - Apply proxy settings
2024-04-02 22:42:34,801 [INFO] WebApp:499 - Chromium requires no authentication
2024-04-02 22:42:34,805 [INFO] WebApp:442 - Direct internet connection detected
2024-04-02 22:42:34,910 [INFO] WebApp:192 - Starting web application
2024-04-02 22:42:34,911 [INFO] WebApp:544 - Web application path used C:\ST\STM32CubeIDE_1.14.1\STM32CubeIDE\plugins\com.st.stm32cube.common.mx_6.10.0.202311202037\db\plugins\mcufinder\reactClient1\index.html
2024-04-02 22:42:55,565 [ERROR] LogOutputStream:75 - [STDERR_REDIRECT] SLF4J: Failed to load class "org.slf4j.impl.StaticLoggerBinder".
2024-04-02 22:42:55,567 [ERROR] LogOutputStream:75 - [STDERR_REDIRECT] SLF4J: Defaulting to no-operation (NOP) logger implementation
2024-04-02 22:42:55,568 [ERROR] LogOutputStream:75 - [STDERR_REDIRECT] SLF4J: See http://www.slf4j.org/codes.html#StaticLoggerBinder for further details.
2024-04-02 22:43:59,065 [INFO] McuFinderGlobals:63 - Set McuFinder mode to 2 (CubeIDE integrated)
2024-04-02 22:43:59,086 [INFO] MainUpdater:2873 - connection check result : 10
2024-04-02 22:43:59,471 [INFO] ApiDb:581 - Connected to CubeFinder SQLite database (C:\Users\sirli\.stmcufinder\plugins\mcufinder\mcu\cube-finder-db.db)
2024-04-02 22:43:59,538 [INFO] ApiDb:668 - CubeFinder database Data Model version=2.1
2024-04-02 22:43:59,542 [INFO] ApiDb:669 - CubeFinder database Configuration version=3.0.39
2024-04-02 22:43:59,557 [INFO] ApiDb:670 - CubeFinder database generation date=2024-03-26 (1711369621)
2024-04-02 22:43:59,573 [INFO] ApiDb:671 - CubeFinder database FW Pack versions=[FP-ATR-ASTRA1_V2.0.0, FP-SNS-FLIGHT1_V5.0.1, FP-SNS-FLIGHT1_V5.0.2, FP-SNS-MOTENV1_V4.3.1, FP-SNS-MOTENV1_V4.3.2, FP-SNS-MOTENVWB1_V1.3.1, FP-SNS-SMARTAG2_V1.2.0, STM32Cube_FW_C0_V1.1.0, STM32Cube_FW_F4_V1.28.0, STM32Cube_FW_F7_V1.17.0, STM32Cube_FW_G0_V1.6.2, STM32Cube_FW_G4_V1.5.2, STM32Cube_FW_H5_V0.5.1, STM32Cube_FW_H5_V1.1.1, STM32Cube_FW_H5_V1.2.0, STM32Cube_FW_H5_V1.2.0RC4, STM32Cube_FW_H7RS_V1.0.0, STM32Cube_FW_H7RS_V1.0.0RC4, STM32Cube_FW_H7_V1.11.0, STM32Cube_FW_L0_V1.12.2, STM32Cube_FW_L5_V1.5.1, STM32Cube_FW_U0_V1.0.0, STM32Cube_FW_U0_V1.0.0RC1, STM32Cube_FW_U5_V1.3.0RC4, STM32Cube_FW_U5_V1.5.0, STM32Cube_FW_U5_V1.5.0RC1, STM32Cube_FW_WBA_V1.0.0RC1, STM32Cube_FW_WBA_V1.2.0, STM32Cube_FW_WBA_V1.2.0RC2, STM32Cube_FW_WBA_V1.3.0, STM32Cube_FW_WBA_V1.3.0RC1, STM32Cube_FW_WB_V1.15.0RC1, STM32Cube_FW_WB_V1.16.0, STM32Cube_FW_WB_V1.16.0RC2, STM32Cube_FW_WB_V1.18.0, STM32Cube_FW_WB_V1.19.0, STM32Cube_FW_WL_V1.3.0, X-CUBE-ALGOBUILD_V1.3.0, X-CUBE-ALS_V1.0.1, X-CUBE-AZRTOS-F4_V1.1.0, X-CUBE-AZRTOS-F7_V1.1.0, X-CUBE-AZRTOS-G0_V1.1.0, X-CUBE-AZRTOS-G4_V2.0.0, X-CUBE-AZRTOS-H7_V3.2.0, X-CUBE-AZRTOS-L4_V1.0.0, X-CUBE-AZRTOS-L4_V2.0.0, X-CUBE-AZRTOS-L5_V1.1.0, X-CUBE-AZRTOS-WB_V2.0.0, X-CUBE-AZRTOS-WL_V2.0.0, X-CUBE-BLE1_V7.0.0, X-CUBE-BLE2_V3.3.0, X-CUBE-BLEMGR_V3.1.0, X-CUBE-EEPRMA1_V4.1.0, X-CUBE-EEPRMA1_V5.1.0, X-CUBE-FREERTOS_V1.1.0, X-CUBE-GNSS1_V6.0.0, X-CUBE-MEMS1_V10.0.0, X-CUBE-MEMS1_V9.1.0, X-CUBE-MEMS1_V9.4.0, X-CUBE-MEMS1_V9.6.0, X-CUBE-NFC4_V3.0.0, X-CUBE-NFC7_V1.0.1, X-CUBE-SFXS2LP1_V4.0.0, X-CUBE-SUBG2_V5.0.0, X-CUBE-TOF1_V3.4.0]
2024-04-02 22:43:59,652 [INFO] DbBoardsSqlite:226 - include board P-NUCLEO-WB55-NUCLEO as a kit item of type 'Nucleo-64'
2024-04-02 22:43:59,653 [INFO] DbBoardsSqlite:226 - include board P-NUCLEO-WB55-USBDONGLE as a kit item of type 'Nucleo USB Dongle'
2024-04-02 22:43:59,653 [INFO] DbBoardsSqlite:226 - include board STEVAL-IDP005V1 as a kit item of type 'Evaluation Board'
2024-04-02 22:43:59,654 [INFO] DbBoardsSqlite:226 - include board STEVAL-IDP005V2 as a kit item of type 'Evaluation Board'
2024-04-02 22:43:59,702 [INFO] ApiDb:240 - Found 371 in-development CPN: [B-G473E-ZEST1S, B-WB1M-WPAN1, B-WL5M-SUBG1, NUCLEO-C031C6, NUCLEO-H503RB, NUCLEO-H563ZI, NUCLEO-U545RE-Q, NUCLEO-U5A5ZJ-Q, NUCLEO-WBA52CG, NUCLEO-WBA55CG, STEVAL-MKBOXPRO, STEVAL-PROTEUS1, STEVAL-STWINBX1, STM320518-EVAL, STM32C0116-DK, STM32C011D6Y3TR, STM32C011D6Y6TR, STM32C011F4P3, STM32C011F4P6, STM32C011F4U3, STM32C011F4U6TR, STM32C011F6P3, STM32C011F6P6, STM32C011F6U3, STM32C011F6U6TR, STM32C011J4M3, STM32C011J4M6, STM32C011J6M3, STM32C011J6M6, STM32C0316-DK, STM32C031C4T3, STM32C031C4T6, STM32C031C4U3, STM32C031C4U6, STM32C031C6T3, STM32C031C6T6, STM32C031C6U3, STM32C031C6U6, STM32C031F4P3, STM32C031F4P6, STM32C031F6P3, STM32C031F6P6, STM32C031G4U3, STM32C031G4U6, STM32C031G6U3, STM32C031G6U6, STM32C031K4T3, STM32C031K4T6, STM32C031K4U3, STM32C031K4U6, STM32C031K6T3, STM32C031K6T6, STM32C031K6U3, STM32C031K6U6, STM32G071K8TXN, STM32G071K8UXN, STM32G081GBU6N, STM32G081KBT6N, STM32G081KBUXN, STM32G0B1CCT6N, STM32G0B1KCT6, STM32G0B1NEY6TR, STM32G0B1RCT6N, STM32G0C1CCT6, STM32G0C1CCT6N, STM32G0C1CCU6N, STM32G0C1CET6N, STM32G0C1CEU6N, STM32G0C1KCT6, STM32G0C1NEY6TR, STM32G0C1RCI6N, STM32G0C1RCT6N, STM32G0C1REI6N, STM32G0C1RET6N, STM32G0C1VCI6, STM32G0C1VEI6, STM32G471CCT6, STM32G471CCU6, STM32G471CET3, STM32G471CET6, STM32G471CEU3, STM32G471CEU6, STM32G471MCT6, STM32G471MET3, STM32G471MET6, STM32G471MEY6TR, STM32G471QCT6, STM32G471QET3, STM32G471RCT6, STM32G471RET3, STM32G471RET6, STM32G471VCH6, STM32G471VCI6, STM32G471VCT6, STM32G471VEH3, STM32G471VEH6, STM32G471VEI3, STM32G471VEI6, STM32G471VET3, STM32G471VET6, STM32G474CCT6, STM32H503CBT6, STM32H503CBU6, STM32H503EBY6TR, STM32H503KBU6, STM32H503RBT6, STM32H562AGI6, STM32H562AII6, STM32H562IGK6, STM32H562IGT6, STM32H562IIK6, STM32H562IIT6, STM32H562RGT6, STM32H562RGV6, STM32H562RIT6, STM32H562RIV6, STM32H562VGT6, STM32H562VIT6, STM32H562ZGT6, STM32H562ZIT6, STM32H563AGI6, STM32H563AII3Q, STM32H563AII6, STM32H563IGK6, STM32H563IGT6, STM32H563IIK3Q, STM32H563IIK6, STM32H563IIT3Q, STM32H563IIT6, STM32H563MIY3QTR, STM32H563RGT6, STM32H563RGV6, STM32H563RIT6, STM32H563RIV6, STM32H563VGT6, STM32H563VIT3Q, STM32H563VIT6, STM32H563ZGT6, STM32H563ZIT3Q, STM32H563ZIT6, STM32H573AII3Q, STM32H573AII6, STM32H573I-DK, STM32H573IIK3Q, STM32H573IIK6, STM32H573IIT3Q, STM32H573IIT6, STM32H573MIY3QTR, STM32H573RIT6, STM32H573RIV6, STM32H573VIT3Q, STM32H573VIT6, STM32H573ZIT3Q, STM32H573ZIT6, STM32L4R5QGI6STR, STM32MP131AAE3, STM32MP131AAF3, STM32MP131AAG3, STM32MP131CAE3, STM32MP131CAF3, STM32MP131CAG3, STM32MP131DAE7, STM32MP131DAF7, STM32MP131DAG7, STM32MP131FAE7, STM32MP131FAF7, STM32MP131FAG7, STM32MP133AAE3, STM32MP133AAF3, STM32MP133AAG3, STM32MP133CAE3, STM32MP133CAF3, STM32MP133CAG3, STM32MP133DAE7, STM32MP133DAF7, STM32MP133DAG7, STM32MP133FAE7, STM32MP133FAF7, STM32MP133FAG7, STM32MP135AAE3, STM32MP135AAF3, STM32MP135AAG3, STM32MP135CAE3, STM32MP135CAF3, STM32MP135CAG3, STM32MP135DAE7, STM32MP135DAF7, STM32MP135DAG7, STM32MP135F-DK, STM32MP135FAE7, STM32MP135FAF7, STM32MP135FAF7T, STM32MP135FAF7U, STM32MP135FAG7, STM32U535CBT6, STM32U535CBT6Q, STM32U535CBU6, STM32U535CBU6Q, STM32U535CCT6, STM32U535CCT6Q, STM32U535CCU6, STM32U535CCU6Q, STM32U535CET6, STM32U535CET6Q, STM32U535CEU6, STM32U535CEU6Q, STM32U535JEY6QTR, STM32U535NCY6QTR, STM32U535NEY6QTR, STM32U535RBI6, STM32U535RBI6Q, STM32U535RBT6, STM32U535RBT6Q, STM32U535RCI6, STM32U535RCI6Q, STM32U535RCT6, STM32U535RCT6Q, STM32U535REI6, STM32U535REI6Q, STM32U535RET6, STM32U535RET6Q, STM32U535VCI6, STM32U535VCI6Q, STM32U535VCT6, STM32U535VCT6Q, STM32U535VEI6, STM32U535VEI6Q, STM32U535VET6, STM32U535VET6Q, STM32U545CET6, STM32U545CET6Q, STM32U545CEU6, STM32U545CEU6Q, STM32U545JEY6QTR, STM32U545NEY6QTR, STM32U545REI6, STM32U545REI6Q, STM32U545RET6, STM32U545RET6Q, STM32U545VEI6, STM32U545VEI6Q, STM32U545VET6, STM32U545VET6Q, STM32U595AIH6, STM32U595AIH6Q, STM32U595AJH6, STM32U595AJH6Q, STM32U595QII6, STM32U595QII6Q, STM32U595QJI6, STM32U595QJI6Q, STM32U595RIT6, STM32U595RIT6Q, STM32U595RJT6, STM32U595RJT6Q, STM32U595VIT6, STM32U595VIT6Q, STM32U595VJT6, STM32U595VJT6Q, STM32U595ZIT6, STM32U595ZIT6Q, STM32U595ZIY6QTR, STM32U595ZJT6, STM32U595ZJT6Q, STM32U595ZJY6QTR, STM32U599BJY6QTR, STM32U599NIH6Q, STM32U599NJH6Q, STM32U599VIT6Q, STM32U599VJT6, STM32U599VJT6Q, STM32U599ZIT6Q, STM32U599ZIY6QTR, STM32U599ZJT6Q, STM32U599ZJY6QTR, STM32U5A5AJH6, STM32U5A5AJH6Q, STM32U5A5QJI6, STM32U5A5QJI6Q, STM32U5A5RJT6, STM32U5A5RJT6Q, STM32U5A5VJT6, STM32U5A5VJT6Q, STM32U5A5ZJT6, STM32U5A5ZJT6Q, STM32U5A5ZJY6QTR, STM32U5A9BJY6QTR, STM32U5A9J-DK, STM32U5A9NJH6Q, STM32U5A9VJT6Q, STM32U5A9ZJT6Q, STM32U5A9ZJY6QTR, STM32U5F7VIT6, STM32U5F7VIT6Q, STM32U5F7VJT6, STM32U5F7VJT6Q, STM32U5F9BJY6QTR, STM32U5F9NJH6Q, STM32U5F9VIT6Q, STM32U5F9VJT6Q, STM32U5F9ZIJ6QTR, STM32U5F9ZIT6Q, STM32U5F9ZJJ6QTR, STM32U5F9ZJT6Q, STM32U5G7VJT6, STM32U5G7VJT6Q, STM32U5G9BJY6QTR, STM32U5G9J-DK1, STM32U5G9J-DK2, STM32U5G9NJH6Q, STM32U5G9VJT6Q, STM32U5G9ZJJ6QTR, STM32U5G9ZJT6Q, STM32WB1MMCH6, STM32WBA50KEU6, STM32WBA50KEU6TR, STM32WBA50KGU6, STM32WBA50KGU6TR, STM32WBA52CEU6, STM32WBA52CEU6TR, STM32WBA52CEU7, STM32WBA52CEU7TR, STM32WBA52CGU6, STM32WBA52CGU6TR, STM32WBA52CGU6U, STM32WBA52CGU7, STM32WBA52CGU7TR, STM32WBA52KEU6, STM32WBA52KEU6TR, STM32WBA52KGU6, STM32WBA52KGU6TR, STM32WBA54CEU6, STM32WBA54CEU6TR, STM32WBA54CEU7, STM32WBA54CEU7TR, STM32WBA54CGU6, STM32WBA54CGU6TR, STM32WBA54CGU7, STM32WBA54CGU7TR, STM32WBA54KEU6, STM32WBA54KEU6TR, STM32WBA54KEU7, STM32WBA54KEU7TR, STM32WBA54KGU6, STM32WBA54KGU6TR, STM32WBA54KGU7, STM32WBA54KGU7TR, STM32WBA55CEU6, STM32WBA55CEU6TR, STM32WBA55CEU7, STM32WBA55CEU7TR, STM32WBA55CGU6, STM32WBA55CGU6TR, STM32WBA55CGU6U, STM32WBA55CGU7, STM32WBA55CGU7TR, STM32WBA55G-DK1, STM32WBA55HEF6, STM32WBA55HEF7, STM32WBA55HGF6, STM32WBA55HGF7, STM32WBA55UEI6, STM32WBA55UEI6TR, STM32WBA55UEI7, STM32WBA55UEI7TR, STM32WBA55UGI6, STM32WBA55UGI6TR, STM32WBA55UGI7, STM32WBA55UGI7TR, STM32WL5MOCH6, STM32WL5MOCH6TR]
2024-04-02 22:43:59,715 [INFO] ApiDb:668 - CubeFinder database Data Model version=2.1
2024-04-02 22:43:59,727 [INFO] ApiDb:669 - CubeFinder database Configuration version=3.0.39
2024-04-02 22:43:59,727 [INFO] ApiDb:670 - CubeFinder database generation date=2024-03-26 (1711369621)
2024-04-02 22:43:59,728 [INFO] ApiDb:671 - CubeFinder database FW Pack versions=[FP-ATR-ASTRA1_V2.0.0, FP-SNS-FLIGHT1_V5.0.1, FP-SNS-FLIGHT1_V5.0.2, FP-SNS-MOTENV1_V4.3.1, FP-SNS-MOTENV1_V4.3.2, FP-SNS-MOTENVWB1_V1.3.1, FP-SNS-SMARTAG2_V1.2.0, STM32Cube_FW_C0_V1.1.0, STM32Cube_FW_F4_V1.28.0, STM32Cube_FW_F7_V1.17.0, STM32Cube_FW_G0_V1.6.2, STM32Cube_FW_G4_V1.5.2, STM32Cube_FW_H5_V0.5.1, STM32Cube_FW_H5_V1.1.1, STM32Cube_FW_H5_V1.2.0, STM32Cube_FW_H5_V1.2.0RC4, STM32Cube_FW_H7RS_V1.0.0, STM32Cube_FW_H7RS_V1.0.0RC4, STM32Cube_FW_H7_V1.11.0, STM32Cube_FW_L0_V1.12.2, STM32Cube_FW_L5_V1.5.1, STM32Cube_FW_U0_V1.0.0, STM32Cube_FW_U0_V1.0.0RC1, STM32Cube_FW_U5_V1.3.0RC4, STM32Cube_FW_U5_V1.5.0, STM32Cube_FW_U5_V1.5.0RC1, STM32Cube_FW_WBA_V1.0.0RC1, STM32Cube_FW_WBA_V1.2.0, STM32Cube_FW_WBA_V1.2.0RC2, STM32Cube_FW_WBA_V1.3.0, STM32Cube_FW_WBA_V1.3.0RC1, STM32Cube_FW_WB_V1.15.0RC1, STM32Cube_FW_WB_V1.16.0, STM32Cube_FW_WB_V1.16.0RC2, STM32Cube_FW_WB_V1.18.0, STM32Cube_FW_WB_V1.19.0, STM32Cube_FW_WL_V1.3.0, X-CUBE-ALGOBUILD_V1.3.0, X-CUBE-ALS_V1.0.1, X-CUBE-AZRTOS-F4_V1.1.0, X-CUBE-AZRTOS-F7_V1.1.0, X-CUBE-AZRTOS-G0_V1.1.0, X-CUBE-AZRTOS-G4_V2.0.0, X-CUBE-AZRTOS-H7_V3.2.0, X-CUBE-AZRTOS-L4_V1.0.0, X-CUBE-AZRTOS-L4_V2.0.0, X-CUBE-AZRTOS-L5_V1.1.0, X-CUBE-AZRTOS-WB_V2.0.0, X-CUBE-AZRTOS-WL_V2.0.0, X-CUBE-BLE1_V7.0.0, X-CUBE-BLE2_V3.3.0, X-CUBE-BLEMGR_V3.1.0, X-CUBE-EEPRMA1_V4.1.0, X-CUBE-EEPRMA1_V5.1.0, X-CUBE-FREERTOS_V1.1.0, X-CUBE-GNSS1_V6.0.0, X-CUBE-MEMS1_V10.0.0, X-CUBE-MEMS1_V9.1.0, X-CUBE-MEMS1_V9.4.0, X-CUBE-MEMS1_V9.6.0, X-CUBE-NFC4_V3.0.0, X-CUBE-NFC7_V1.0.1, X-CUBE-SFXS2LP1_V4.0.0, X-CUBE-SUBG2_V5.0.0, X-CUBE-TOF1_V3.4.0]
2024-04-02 22:44:01,306 [INFO] ApiDb:240 - Found 371 in-development CPN: [B-G473E-ZEST1S, B-WB1M-WPAN1, B-WL5M-SUBG1, NUCLEO-C031C6, NUCLEO-H503RB, NUCLEO-H563ZI, NUCLEO-U545RE-Q, NUCLEO-U5A5ZJ-Q, NUCLEO-WBA52CG, NUCLEO-WBA55CG, STEVAL-MKBOXPRO, STEVAL-PROTEUS1, STEVAL-STWINBX1, STM320518-EVAL, STM32C0116-DK, STM32C011D6Y3TR, STM32C011D6Y6TR, STM32C011F4P3, STM32C011F4P6, STM32C011F4U3, STM32C011F4U6TR, STM32C011F6P3, STM32C011F6P6, STM32C011F6U3, STM32C011F6U6TR, STM32C011J4M3, STM32C011J4M6, STM32C011J6M3, STM32C011J6M6, STM32C0316-DK, STM32C031C4T3, STM32C031C4T6, STM32C031C4U3, STM32C031C4U6, STM32C031C6T3, STM32C031C6T6, STM32C031C6U3, STM32C031C6U6, STM32C031F4P3, STM32C031F4P6, STM32C031F6P3, STM32C031F6P6, STM32C031G4U3, STM32C031G4U6, STM32C031G6U3, STM32C031G6U6, STM32C031K4T3, STM32C031K4T6, STM32C031K4U3, STM32C031K4U6, STM32C031K6T3, STM32C031K6T6, STM32C031K6U3, STM32C031K6U6, STM32G071K8TXN, STM32G071K8UXN, STM32G081GBU6N, STM32G081KBT6N, STM32G081KBUXN, STM32G0B1CCT6N, STM32G0B1KCT6, STM32G0B1NEY6TR, STM32G0B1RCT6N, STM32G0C1CCT6, STM32G0C1CCT6N, STM32G0C1CCU6N, STM32G0C1CET6N, STM32G0C1CEU6N, STM32G0C1KCT6, STM32G0C1NEY6TR, STM32G0C1RCI6N, STM32G0C1RCT6N, STM32G0C1REI6N, STM32G0C1RET6N, STM32G0C1VCI6, STM32G0C1VEI6, STM32G471CCT6, STM32G471CCU6, STM32G471CET3, STM32G471CET6, STM32G471CEU3, STM32G471CEU6, STM32G471MCT6, STM32G471MET3, STM32G471MET6, STM32G471MEY6TR, STM32G471QCT6, STM32G471QET3, STM32G471RCT6, STM32G471RET3, STM32G471RET6, STM32G471VCH6, STM32G471VCI6, STM32G471VCT6, STM32G471VEH3, STM32G471VEH6, STM32G471VEI3, STM32G471VEI6, STM32G471VET3, STM32G471VET6, STM32G474CCT6, STM32H503CBT6, STM32H503CBU6, STM32H503EBY6TR, STM32H503KBU6, STM32H503RBT6, STM32H562AGI6, STM32H562AII6, STM32H562IGK6, STM32H562IGT6, STM32H562IIK6, STM32H562IIT6, STM32H562RGT6, STM32H562RGV6, STM32H562RIT6, STM32H562RIV6, STM32H562VGT6, STM32H562VIT6, STM32H562ZGT6, STM32H562ZIT6, STM32H563AGI6, STM32H563AII3Q, STM32H563AII6, STM32H563IGK6, STM32H563IGT6, STM32H563IIK3Q, STM32H563IIK6, STM32H563IIT3Q, STM32H563IIT6, STM32H563MIY3QTR, STM32H563RGT6, STM32H563RGV6, STM32H563RIT6, STM32H563RIV6, STM32H563VGT6, STM32H563VIT3Q, STM32H563VIT6, STM32H563ZGT6, STM32H563ZIT3Q, STM32H563ZIT6, STM32H573AII3Q, STM32H573AII6, STM32H573I-DK, STM32H573IIK3Q, STM32H573IIK6, STM32H573IIT3Q, STM32H573IIT6, STM32H573MIY3QTR, STM32H573RIT6, STM32H573RIV6, STM32H573VIT3Q, STM32H573VIT6, STM32H573ZIT3Q, STM32H573ZIT6, STM32L4R5QGI6STR, STM32MP131AAE3, STM32MP131AAF3, STM32MP131AAG3, STM32MP131CAE3, STM32MP131CAF3, STM32MP131CAG3, STM32MP131DAE7, STM32MP131DAF7, STM32MP131DAG7, STM32MP131FAE7, STM32MP131FAF7, STM32MP131FAG7, STM32MP133AAE3, STM32MP133AAF3, STM32MP133AAG3, STM32MP133CAE3, STM32MP133CAF3, STM32MP133CAG3, STM32MP133DAE7, STM32MP133DAF7, STM32MP133DAG7, STM32MP133FAE7, STM32MP133FAF7, STM32MP133FAG7, STM32MP135AAE3, STM32MP135AAF3, STM32MP135AAG3, STM32MP135CAE3, STM32MP135CAF3, STM32MP135CAG3, STM32MP135DAE7, STM32MP135DAF7, STM32MP135DAG7, STM32MP135F-DK, STM32MP135FAE7, STM32MP135FAF7, STM32MP135FAF7T, STM32MP135FAF7U, STM32MP135FAG7, STM32U535CBT6, STM32U535CBT6Q, STM32U535CBU6, STM32U535CBU6Q, STM32U535CCT6, STM32U535CCT6Q, STM32U535CCU6, STM32U535CCU6Q, STM32U535CET6, STM32U535CET6Q, STM32U535CEU6, STM32U535CEU6Q, STM32U535JEY6QTR, STM32U535NCY6QTR, STM32U535NEY6QTR, STM32U535RBI6, STM32U535RBI6Q, STM32U535RBT6, STM32U535RBT6Q, STM32U535RCI6, STM32U535RCI6Q, STM32U535RCT6, STM32U535RCT6Q, STM32U535REI6, STM32U535REI6Q, STM32U535RET6, STM32U535RET6Q, STM32U535VCI6, STM32U535VCI6Q, STM32U535VCT6, STM32U535VCT6Q, STM32U535VEI6, STM32U535VEI6Q, STM32U535VET6, STM32U535VET6Q, STM32U545CET6, STM32U545CET6Q, STM32U545CEU6, STM32U545CEU6Q, STM32U545JEY6QTR, STM32U545NEY6QTR, STM32U545REI6, STM32U545REI6Q, STM32U545RET6, STM32U545RET6Q, STM32U545VEI6, STM32U545VEI6Q, STM32U545VET6, STM32U545VET6Q, STM32U595AIH6, STM32U595AIH6Q, STM32U595AJH6, STM32U595AJH6Q, STM32U595QII6, STM32U595QII6Q, STM32U595QJI6, STM32U595QJI6Q, STM32U595RIT6, STM32U595RIT6Q, STM32U595RJT6, STM32U595RJT6Q, STM32U595VIT6, STM32U595VIT6Q, STM32U595VJT6, STM32U595VJT6Q, STM32U595ZIT6, STM32U595ZIT6Q, STM32U595ZIY6QTR, STM32U595ZJT6, STM32U595ZJT6Q, STM32U595ZJY6QTR, STM32U599BJY6QTR, STM32U599NIH6Q, STM32U599NJH6Q, STM32U599VIT6Q, STM32U599VJT6, STM32U599VJT6Q, STM32U599ZIT6Q, STM32U599ZIY6QTR, STM32U599ZJT6Q, STM32U599ZJY6QTR, STM32U5A5AJH6, STM32U5A5AJH6Q, STM32U5A5QJI6, STM32U5A5QJI6Q, STM32U5A5RJT6, STM32U5A5RJT6Q, STM32U5A5VJT6, STM32U5A5VJT6Q, STM32U5A5ZJT6, STM32U5A5ZJT6Q, STM32U5A5ZJY6QTR, STM32U5A9BJY6QTR, STM32U5A9J-DK, STM32U5A9NJH6Q, STM32U5A9VJT6Q, STM32U5A9ZJT6Q, STM32U5A9ZJY6QTR, STM32U5F7VIT6, STM32U5F7VIT6Q, STM32U5F7VJT6, STM32U5F7VJT6Q, STM32U5F9BJY6QTR, STM32U5F9NJH6Q, STM32U5F9VIT6Q, STM32U5F9VJT6Q, STM32U5F9ZIJ6QTR, STM32U5F9ZIT6Q, STM32U5F9ZJJ6QTR, STM32U5F9ZJT6Q, STM32U5G7VJT6, STM32U5G7VJT6Q, STM32U5G9BJY6QTR, STM32U5G9J-DK1, STM32U5G9J-DK2, STM32U5G9NJH6Q, STM32U5G9VJT6Q, STM32U5G9ZJJ6QTR, STM32U5G9ZJT6Q, STM32WB1MMCH6, STM32WBA50KEU6, STM32WBA50KEU6TR, STM32WBA50KGU6, STM32WBA50KGU6TR, STM32WBA52CEU6, STM32WBA52CEU6TR, STM32WBA52CEU7, STM32WBA52CEU7TR, STM32WBA52CGU6, STM32WBA52CGU6TR, STM32WBA52CGU6U, STM32WBA52CGU7, STM32WBA52CGU7TR, STM32WBA52KEU6, STM32WBA52KEU6TR, STM32WBA52KGU6, STM32WBA52KGU6TR, STM32WBA54CEU6, STM32WBA54CEU6TR, STM32WBA54CEU7, STM32WBA54CEU7TR, STM32WBA54CGU6, STM32WBA54CGU6TR, STM32WBA54CGU7, STM32WBA54CGU7TR, STM32WBA54KEU6, STM32WBA54KEU6TR, STM32WBA54KEU7, STM32WBA54KEU7TR, STM32WBA54KGU6, STM32WBA54KGU6TR, STM32WBA54KGU7, STM32WBA54KGU7TR, STM32WBA55CEU6, STM32WBA55CEU6TR, STM32WBA55CEU7, STM32WBA55CEU7TR, STM32WBA55CGU6, STM32WBA55CGU6TR, STM32WBA55CGU6U, STM32WBA55CGU7, STM32WBA55CGU7TR, STM32WBA55G-DK1, STM32WBA55HEF6, STM32WBA55HEF7, STM32WBA55HGF6, STM32WBA55HGF7, STM32WBA55UEI6, STM32WBA55UEI6TR, STM32WBA55UEI7, STM32WBA55UEI7TR, STM32WBA55UGI6, STM32WBA55UGI6TR, STM32WBA55UGI7, STM32WBA55UGI7TR, STM32WL5MOCH6, STM32WL5MOCH6TR]
2024-04-02 22:44:01,313 [INFO] DbMcus:218 - Found 4069 MCUs, 4069 are supported
2024-04-02 22:44:01,314 [INFO] ApiDb:423 - Load user favorites file C:\Users\sirli/.stm32cubeide/favorites.mcus.txt: 0 item(s)
2024-04-02 22:44:01,314 [INFO] ApiDb:427 - User favorites MCUs=[]
2024-04-02 22:44:01,315 [INFO] DbMcus:224 - Set 0 / 0 favorites MCUs
2024-04-02 22:44:01,573 [INFO] BoardInfo:889 - No configuration file found for board NUCLEO-H7S3L8
2024-04-02 22:44:01,574 [INFO] DbBoards:161 - Board is not supported: NUCLEO-H7S3L8
2024-04-02 22:44:01,592 [INFO] BoardInfo:889 - No configuration file found for board NUCLEO-U031R8
2024-04-02 22:44:01,592 [INFO] DbBoards:161 - Board is not supported: NUCLEO-U031R8
2024-04-02 22:44:01,593 [INFO] BoardInfo:889 - No configuration file found for board NUCLEO-U083RC
2024-04-02 22:44:01,595 [INFO] DbBoards:161 - Board is not supported: NUCLEO-U083RC
2024-04-02 22:44:01,605 [INFO] BoardInfo:889 - No configuration file found for board P-NUCLEO-WB55
2024-04-02 22:44:01,605 [INFO] DbBoards:161 - Kit is not supported: P-NUCLEO-WB55
2024-04-02 22:44:01,609 [INFO] BoardInfo:889 - No configuration file found for board STEVAL-BFA001V1B
2024-04-02 22:44:01,610 [INFO] DbBoards:161 - Kit is not supported: STEVAL-BFA001V1B
2024-04-02 22:44:01,611 [INFO] BoardInfo:889 - No configuration file found for board STEVAL-BFA001V2B
2024-04-02 22:44:01,611 [INFO] DbBoards:161 - Kit is not supported: STEVAL-BFA001V2B
2024-04-02 22:44:01,684 [INFO] BoardInfo:889 - No configuration file found for board STM32H7S78-DK
2024-04-02 22:44:01,685 [INFO] DbBoards:161 - Board is not supported: STM32H7S78-DK
2024-04-02 22:44:01,706 [INFO] BoardInfo:889 - No configuration file found for board STM32U083C-DK
2024-04-02 22:44:01,716 [INFO] DbBoards:161 - Board is not supported: STM32U083C-DK
2024-04-02 22:44:01,726 [INFO] DbBoards:168 - Found 198 boards, 190 are supported
2024-04-02 22:44:01,727 [INFO] DbBoards:169 - Found 198 boards, 3 of them is supported for  Bsp
2024-04-02 22:44:01,729 [INFO] ApiDb:423 - Load user favorites file C:\Users\sirli/.stm32cubeide/favorites.boards.txt: 0 item(s)
2024-04-02 22:44:01,729 [INFO] ApiDb:427 - User favorites Boards=[]
2024-04-02 22:44:01,729 [INFO] DbBoards:198 - Set 0 / 0 favorites Boards
2024-04-02 22:44:01,730 [INFO] McuFinderGlobals:76 - Set McuFinderConnectedMode to true
2024-04-02 22:44:01,734 [INFO] MultiScanPanel:200 - Auto-refresh data requested => check proxy status ongoing
2024-04-02 22:44:01,735 [INFO] FinderPluginLoader:95 - Searching for filters in installed packs
2024-04-02 22:44:02,599 [INFO] LoadUrlFilesThread:185 - End of LoadServerUrlFiles without Thread
2024-04-02 22:44:02,613 [INFO] DetailPanel:341 - Set advertising image to C:/Users/sirli/STM32Cube/Repository/\en.prom-stm32wl3-mcu-finder.jpg
2024-04-02 22:44:26,730 [INFO] MainUpdater:2873 - connection check result : 10
2024-04-02 22:44:26,731 [INFO] MainUpdater:2873 - connection check result : 10
2024-04-02 22:44:26,764 [INFO] MicroXplorer:468 - Change Database Path : 
2024-04-02 22:44:26,764 [INFO] MicroXplorer:498 - Change Database Version : DB.6.0.100
2024-04-02 22:44:26,767 [WARN] ThirdParty:871 - waiting for thirdparty lock release [close project]
2024-04-02 22:44:26,768 [INFO] ThirdParty:873 - entering critical section [close project]
2024-04-02 22:44:26,769 [INFO] ThirdParty:883 - exiting critical section [close project]
2024-04-02 22:44:26,770 [INFO] PinOutPanel:1499 - setPackage(No Configuration,No Configuration)
2024-04-02 22:44:26,773 [INFO] UtilMem:75 - Begin LoadConfig() Used Memory: 401725600 Bytes (455081984)
2024-04-02 22:44:26,774 [INFO] MicroXplorer:468 - Change Database Path : 
2024-04-02 22:44:26,774 [INFO] MicroXplorer:498 - Change Database Version : DB.6.0.100
2024-04-02 22:44:26,775 [INFO] OpenFileManager:312 - Change cursor
2024-04-02 22:44:26,797 [INFO] Mcu:2016 - Initializing MCU STM32G431R(6-8-B)Tx STM32G431RBTx STM32G431RBT6TR
2024-04-02 22:44:29,303 [INFO] Context:659 - Trying to add GPIOservice into a context  which must be forbidden
2024-04-02 22:44:29,968 [INFO] RtosManager:555 - Registered RTOS mode: class=CMSIS, group=RTOS, mode=CMSIS_V1, owner=FREERTOS
2024-04-02 22:44:29,969 [INFO] RtosManager:555 - Registered RTOS mode: class=CMSIS, group=RTOS2, mode=CMSIS_V2, owner=FREERTOS
2024-04-02 22:44:29,970 [INFO] RtosManager:555 - Registered RTOS mode: class=RTOS, group=Core, mode=CMSIS_V1, owner=FREERTOS
2024-04-02 22:44:29,970 [INFO] RtosManager:555 - Registered RTOS mode: class=RTOS, group=Core, mode=CMSIS_V2, owner=FREERTOS
2024-04-02 22:44:29,971 [WARN] ModelIntegratedComponent:184 - Missing modes for component STMicroelectronics:FreeRTOS:0.0.1:STMicroelectronics:RTOS:FreeRTOS:Core:::10.2.0:
2024-04-02 22:44:29,983 [WARN] ModelIntegratedComponent:63 - No mode defined for component null
2024-04-02 22:44:29,983 [WARN] ModelIntegratedComponent:63 - No mode defined for component null
2024-04-02 22:44:29,983 [WARN] ModelIntegratedComponent:63 - No mode defined for component null
2024-04-02 22:44:29,983 [WARN] ModelIntegratedComponent:63 - No mode defined for component null
2024-04-02 22:44:29,985 [WARN] ModelIntegratedComponent:63 - No mode defined for component null
2024-04-02 22:44:29,985 [WARN] ModelIntegratedComponent:63 - No mode defined for component null
2024-04-02 22:44:29,985 [WARN] ModelIntegratedComponent:63 - No mode defined for component null
2024-04-02 22:44:29,985 [WARN] ModelIntegratedComponent:63 - No mode defined for component null
2024-04-02 22:44:29,986 [WARN] ModelIntegratedComponent:63 - No mode defined for component null
2024-04-02 22:44:29,986 [WARN] ModelIntegratedComponent:63 - No mode defined for component null
2024-04-02 22:44:29,986 [WARN] ModelIntegratedComponent:63 - No mode defined for component null
2024-04-02 22:44:29,987 [WARN] ModelIntegratedComponent:63 - No mode defined for component null
2024-04-02 22:44:29,987 [WARN] ModelIntegratedComponent:63 - No mode defined for component null
2024-04-02 22:44:29,987 [WARN] ModelIntegratedComponent:63 - No mode defined for component null
2024-04-02 22:44:29,988 [WARN] ModelIntegratedComponent:63 - No mode defined for component null
2024-04-02 22:44:29,988 [WARN] ModelIntegratedComponent:63 - No mode defined for component null
2024-04-02 22:44:29,988 [WARN] ModelIntegratedComponent:63 - No mode defined for component null
2024-04-02 22:44:29,989 [WARN] ModelIntegratedComponent:63 - No mode defined for component null
2024-04-02 22:44:29,989 [WARN] ModelIntegratedComponent:63 - No mode defined for component null
2024-04-02 22:44:29,989 [WARN] ModelIntegratedComponent:63 - No mode defined for component null
2024-04-02 22:44:29,990 [WARN] ModelIntegratedComponent:63 - No mode defined for component null
2024-04-02 22:44:29,990 [WARN] ModelIntegratedComponent:63 - No mode defined for component null
2024-04-02 22:44:29,990 [WARN] ModelIntegratedComponent:63 - No mode defined for component null
2024-04-02 22:44:29,991 [WARN] ModelIntegratedComponent:63 - No mode defined for component null
2024-04-02 22:44:29,991 [WARN] ModelIntegratedComponent:63 - No mode defined for component null
2024-04-02 22:44:29,991 [WARN] ModelIntegratedComponent:63 - No mode defined for component null
2024-04-02 22:44:29,992 [WARN] ModelIntegratedComponent:63 - No mode defined for component null
2024-04-02 22:44:29,992 [WARN] ModelIntegratedComponent:63 - No mode defined for component null
2024-04-02 22:44:29,992 [WARN] ModelIntegratedComponent:63 - No mode defined for component null
2024-04-02 22:44:29,993 [WARN] ModelIntegratedComponent:63 - No mode defined for component null
2024-04-02 22:44:29,993 [WARN] ModelIntegratedComponent:63 - No mode defined for component null
2024-04-02 22:44:29,993 [WARN] ModelIntegratedComponent:63 - No mode defined for component null
2024-04-02 22:44:29,994 [WARN] ModelIntegratedComponent:63 - No mode defined for component null
2024-04-02 22:44:30,064 [INFO] ThirdPartyModel:298 - Start build external matchings
2024-04-02 22:44:30,330 [INFO] ThirdPartyModel:316 - End build external matchings
2024-04-02 22:44:30,341 [INFO] ImportTextPane:194 - (OptionalMessage_ERROR) IP (ADC1) : Parameter (CommonPathInternal) has invalid value (null|null|null|null)
2024-04-02 22:44:30,342 [INFO] ImportTextPane:194 - (OptionalMessage_ERROR) IP (ADC2) : Parameter (CommonPathInternal) has invalid value (null|null|null|null)
2024-04-02 22:44:30,622 [INFO] UtilMem:75 - End LoadConfig() Used Memory: 242340384 Bytes (596639744)
2024-04-02 22:44:30,707 [INFO] MicroXplorer:468 - Change Database Path : 
2024-04-02 22:44:30,707 [INFO] MicroXplorer:498 - Change Database Version : DB.6.0.100
2024-04-02 22:44:30,708 [WARN] ThirdParty:833 - waiting for thirdparty lock release [change project]
2024-04-02 22:44:30,708 [INFO] ThirdParty:835 - entering critical section [change project]
2024-04-02 22:44:30,709 [INFO] ThirdParty:1030 - CMSIS Pack Vendor :STMicroelectronics USBPD 4.1
2024-04-02 22:44:30,709 [INFO] ThirdParty:1030 - CMSIS Pack Vendor :STMicroelectronics X-CUBE-GNSS1 6.0.0
2024-04-02 22:44:30,709 [INFO] ThirdParty:1030 - CMSIS Pack Vendor :STMicroelectronics USB_HOST 2.0.0
2024-04-02 22:44:30,710 [INFO] ThirdParty:1030 - CMSIS Pack Vendor :STMicroelectronics X-CUBE-AZRTOS-F4 1.1.0
2024-04-02 22:44:30,710 [INFO] ThirdParty:1030 - CMSIS Pack Vendor :STMicroelectronics LIBJPEG 8.0.0
2024-04-02 22:44:30,710 [INFO] ThirdParty:1030 - CMSIS Pack Vendor :STMicroelectronics X-CUBE-SMBUS 2.1.0
2024-04-02 22:44:30,711 [INFO] ThirdParty:1030 - CMSIS Pack Vendor :STMicroelectronics USB_DEVICE 3.0.0
2024-04-02 22:44:30,711 [INFO] ThirdParty:1030 - CMSIS Pack Vendor :STMicroelectronics X-CUBE-AZRTOS-WB 2.0.0
2024-04-02 22:44:30,711 [INFO] ThirdParty:1030 - CMSIS Pack Vendor :wolfSSL I-CUBE-wolfSSL 5.6.6
2024-04-02 22:44:30,711 [INFO] ThirdParty:1030 - CMSIS Pack Vendor :STMicroelectronics X-CUBE-TOUCHGFX 4.23.1
2024-04-02 22:44:30,712 [INFO] ThirdParty:1030 - CMSIS Pack Vendor :STMicroelectronics X-CUBE-TOUCHGFX 4.23.0
2024-04-02 22:44:30,712 [INFO] ThirdParty:1030 - CMSIS Pack Vendor :STMicroelectronics X-CUBE-AZRTOS-F7 1.1.0
2024-04-02 22:44:30,712 [INFO] ThirdParty:1030 - CMSIS Pack Vendor :STMicroelectronics X-CUBE-AZRTOS-L5 2.0.0
2024-04-02 22:44:30,713 [INFO] ThirdParty:1030 - CMSIS Pack Vendor :STMicroelectronics USB_DEVICE 2.0.0
2024-04-02 22:44:30,713 [INFO] ThirdParty:1030 - CMSIS Pack Vendor :STMicroelectronics X-CUBE-NFC6 3.1.0
2024-04-02 22:44:30,713 [INFO] ThirdParty:1030 - CMSIS Pack Vendor :ITTIA_DB I-CUBE-ITTIADB 8.8.0
2024-04-02 22:44:30,714 [INFO] ThirdParty:1030 - CMSIS Pack Vendor :STMicroelectronics FP-SNS-MOTENV1 4.3.2
2024-04-02 22:44:30,714 [INFO] ThirdParty:1030 - CMSIS Pack Vendor :STMicroelectronics X-CUBE-ALGOBUILD 1.3.0
2024-04-02 22:44:30,714 [INFO] ThirdParty:1030 - CMSIS Pack Vendor :STMicroelectronics FreeRTOS 0.0.1
2024-04-02 22:44:30,715 [INFO] ThirdParty:1030 - CMSIS Pack Vendor :STMicroelectronics X-CUBE-AZRTOS-G0 1.1.0
2024-04-02 22:44:30,716 [INFO] ThirdParty:1030 - CMSIS Pack Vendor :STMicroelectronics X-CUBE-SAFEA1 1.2.2
2024-04-02 22:44:30,716 [INFO] ThirdParty:1030 - CMSIS Pack Vendor :STMicroelectronics X-CUBE-NFC4 3.0.0
2024-04-02 22:44:30,716 [INFO] ThirdParty:1030 - CMSIS Pack Vendor :STMicroelectronics X-CUBE-SUBG2 5.0.0
2024-04-02 22:44:30,717 [INFO] ThirdParty:1030 - CMSIS Pack Vendor :STMicroelectronics STM32_WPAN 1.0.0
2024-04-02 22:44:30,717 [INFO] ThirdParty:1030 - CMSIS Pack Vendor :STMicroelectronics lwIP 2.0.3
2024-04-02 22:44:30,717 [INFO] ThirdParty:1030 - CMSIS Pack Vendor :STMicroelectronics FP-SNS-FLIGHT1 5.0.2
2024-04-02 22:44:30,717 [INFO] ThirdParty:1030 - CMSIS Pack Vendor :STMicroelectronics USB_HOST 1.0.0
2024-04-02 22:44:30,718 [INFO] ThirdParty:1030 - CMSIS Pack Vendor :STMicroelectronics X-CUBE-AZRTOS-G4 2.0.0
2024-04-02 22:44:30,718 [INFO] ThirdParty:1030 - CMSIS Pack Vendor :STMicroelectronics PDM2PCM 3.1.0
2024-04-02 22:44:30,718 [INFO] ThirdParty:1030 - CMSIS Pack Vendor :Infineon AIROC-Wi-Fi-Bluetooth-STM32 1.5.1
2024-04-02 22:44:30,719 [INFO] ThirdParty:1030 - CMSIS Pack Vendor :STMicroelectronics PDM2PCM 3.3.0
2024-04-02 22:44:30,719 [INFO] ThirdParty:1030 - CMSIS Pack Vendor :STMicroelectronics X-CUBE-DISPLAY 3.0.0
2024-04-02 22:44:30,720 [INFO] ThirdParty:1030 - CMSIS Pack Vendor :STMicroelectronics FP-SNS-MOTENVWB1 1.3.1
2024-04-02 22:44:30,720 [INFO] ThirdParty:1030 - CMSIS Pack Vendor :STMicroelectronics X-CUBE-BLE1 7.0.0
2024-04-02 22:44:30,721 [INFO] ThirdParty:1030 - CMSIS Pack Vendor :STMicroelectronics FP-ATR-SIGFOX1 3.2.0
2024-04-02 22:44:30,721 [INFO] ThirdParty:1030 - CMSIS Pack Vendor :STMicroelectronics X-CUBE-ISPU 2.0.0
2024-04-02 22:44:30,721 [INFO] ThirdParty:1030 - CMSIS Pack Vendor :STMicroelectronics X-CUBE-EEPRMA1 5.1.0
2024-04-02 22:44:30,722 [INFO] ThirdParty:1030 - CMSIS Pack Vendor :STMicroelectronics HAL Drivers 0.0.0
2024-04-02 22:44:30,722 [INFO] ThirdParty:1030 - CMSIS Pack Vendor :STMicroelectronics MBEDTLS 2.16.2
2024-04-02 22:44:30,722 [INFO] ThirdParty:1030 - CMSIS Pack Vendor :emotas I-CUBE-CANOPEN 1.3.0
2024-04-02 22:44:30,723 [INFO] ThirdParty:1030 - CMSIS Pack Vendor :STMicroelectronics X-CUBE-MEMS1 10.0.0
2024-04-02 22:44:30,723 [INFO] ThirdParty:1030 - CMSIS Pack Vendor :STMicroelectronics X-CUBE-FREERTOS 1.1.0
2024-04-02 22:44:30,723 [INFO] ThirdParty:1030 - CMSIS Pack Vendor :STMicroelectronics X-CUBE-NFC7 1.0.1
2024-04-02 22:44:30,724 [INFO] ThirdParty:1030 - CMSIS Pack Vendor :STMicroelectronics MBEDTLS 2.14.1
2024-04-02 22:44:30,724 [INFO] ThirdParty:1030 - CMSIS Pack Vendor :STMicroelectronics X-CUBE-NFC6 3.0.0
2024-04-02 22:44:30,724 [INFO] ThirdParty:1030 - CMSIS Pack Vendor :portGmbH I-Cube-SoM-uGOAL 1.1.0
2024-04-02 22:44:30,724 [INFO] ThirdParty:1030 - CMSIS Pack Vendor :STMicroelectronics X-CUBE-ALS 1.0.1
2024-04-02 22:44:30,724 [INFO] ThirdParty:1030 - CMSIS Pack Vendor :STMicroelectronics X-CUBE-BLEMGR 3.1.0
2024-04-02 22:44:30,725 [INFO] ThirdParty:1030 - CMSIS Pack Vendor :STMicroelectronics ThreadX 1.0.0
2024-04-02 22:44:30,725 [INFO] ThirdParty:1030 - CMSIS Pack Vendor :STMicroelectronics FP-SNS-SMARTAG2 1.2.0
2024-04-02 22:44:30,725 [INFO] ThirdParty:1030 - CMSIS Pack Vendor :STMicroelectronics X-CUBE-AZRTOS-WL 2.0.0
2024-04-02 22:44:30,725 [INFO] ThirdParty:1030 - CMSIS Pack Vendor :SEGGER I-CUBE-embOS 1.3.1
2024-04-02 22:44:30,726 [INFO] ThirdParty:1030 - CMSIS Pack Vendor :STMicroelectronics FP-SNS-MOTENV1 5.0.0
2024-04-02 22:44:30,726 [INFO] ThirdParty:1030 - CMSIS Pack Vendor :STMicroelectronics USB_DEVICE 1.0.0
2024-04-02 22:44:30,726 [INFO] ThirdParty:1030 - CMSIS Pack Vendor :STMicroelectronics X-CUBE-AI 8.1.0
2024-04-02 22:44:30,726 [INFO] ThirdParty:1030 - CMSIS Pack Vendor :STMicroelectronics X-CUBE-AZRTOS-L4 2.0.0
2024-04-02 22:44:30,727 [INFO] ThirdParty:1030 - CMSIS Pack Vendor :STMicroelectronics ThreadX 0.0.2
2024-04-02 22:44:30,727 [INFO] ThirdParty:1030 - CMSIS Pack Vendor :WES I-CUBE-Cesium 1.3.0
2024-04-02 22:44:30,727 [INFO] ThirdParty:1030 - CMSIS Pack Vendor :STMicroelectronics FP-ATR-ASTRA1 2.0.0
2024-04-02 22:44:30,728 [INFO] ThirdParty:1030 - CMSIS Pack Vendor :STMicroelectronics lwIP 2.1.2
2024-04-02 22:44:30,728 [INFO] ThirdParty:1030 - CMSIS Pack Vendor :STMicroelectronics X-CUBE-SFXS2LP1 4.0.0
2024-04-02 22:44:30,728 [INFO] ThirdParty:1030 - CMSIS Pack Vendor :STMicroelectronics X-CUBE-BLE2 3.3.0
2024-04-02 22:44:30,728 [INFO] ThirdParty:1030 - CMSIS Pack Vendor :STMicroelectronics X-CUBE-TOF1 3.4.0
2024-04-02 22:44:30,729 [INFO] ThirdParty:1030 - CMSIS Pack Vendor :STMicroelectronics X-CUBE-TOF1 3.4.1
2024-04-02 22:44:30,729 [INFO] ThirdParty:1030 - CMSIS Pack Vendor :STMicroelectronics X-CUBE-AZRTOS-H7 3.2.0
2024-04-02 22:44:30,729 [INFO] ThirdParty:1030 - CMSIS Pack Vendor :STMicroelectronics PDM2PCM 3.2.0
2024-04-02 22:44:30,730 [INFO] ThirdParty:841 - exiting critical section [change project]
2024-04-02 22:44:31,007 [INFO] PinOutPanel:1499 - setPackage(No Configuration,No Configuration)
2024-04-02 22:44:31,010 [INFO] PinOutPanel:1499 - setPackage(STM32G431RBTx,LQFP64)
2024-04-02 22:44:31,345 [INFO] UtilMem:75 - Before build in PCC Used Memory: 301675680 Bytes (596639744)
2024-04-02 22:44:32,284 [INFO] UtilMem:75 - After build in PCC Used Memory: 410208344 Bytes (596639744)
2024-04-02 22:44:32,310 [INFO] IPUIPlugin:80 - create IPUIPlugin
2024-04-02 22:44:32,311 [INFO] IPUIPlugin:80 - create IPUIPlugin
2024-04-02 22:44:32,311 [INFO] IPUIPlugin:80 - create IPUIPlugin
2024-04-02 22:44:32,311 [INFO] IPUIPlugin:80 - create IPUIPlugin
2024-04-02 22:44:32,312 [INFO] IPUIPlugin:80 - create IPUIPlugin
2024-04-02 22:44:32,312 [INFO] IPUIPlugin:80 - create IPUIPlugin
2024-04-02 22:44:32,313 [INFO] IPUIPlugin:80 - create IPUIPlugin
2024-04-02 22:44:32,313 [INFO] IPUIPlugin:80 - create IPUIPlugin
2024-04-02 22:44:32,313 [INFO] IPUIPlugin:80 - create IPUIPlugin
2024-04-02 22:44:32,314 [INFO] IPUIPlugin:80 - create IPUIPlugin
2024-04-02 22:44:32,314 [INFO] IPUIPlugin:80 - create IPUIPlugin
2024-04-02 22:44:32,314 [INFO] IPUIPlugin:80 - create IPUIPlugin
2024-04-02 22:44:32,315 [INFO] IPUIPlugin:80 - create IPUIPlugin
2024-04-02 22:44:32,316 [INFO] IPUIPlugin:80 - create IPUIPlugin
2024-04-02 22:44:32,316 [INFO] IPUIPlugin:80 - create IPUIPlugin
2024-04-02 22:44:32,316 [INFO] IPUIPlugin:80 - create IPUIPlugin
2024-04-02 22:44:32,317 [INFO] IPUIPlugin:80 - create IPUIPlugin
2024-04-02 22:44:32,317 [INFO] IPUIPlugin:80 - create IPUIPlugin
2024-04-02 22:44:32,318 [INFO] IPUIPlugin:80 - create IPUIPlugin
2024-04-02 22:44:32,318 [INFO] IPUIPlugin:80 - create IPUIPlugin
2024-04-02 22:44:32,318 [INFO] IPUIPlugin:80 - create IPUIPlugin
2024-04-02 22:44:32,319 [INFO] IPUIPlugin:80 - create IPUIPlugin
2024-04-02 22:44:32,319 [INFO] IPUIPlugin:80 - create IPUIPlugin
2024-04-02 22:44:32,319 [INFO] IPUIPlugin:80 - create IPUIPlugin
2024-04-02 22:44:32,320 [INFO] IPUIPlugin:80 - create IPUIPlugin
2024-04-02 22:44:32,320 [INFO] IPUIPlugin:80 - create IPUIPlugin
2024-04-02 22:44:32,321 [INFO] IPUIPlugin:80 - create IPUIPlugin
2024-04-02 22:44:32,321 [INFO] IPUIPlugin:80 - create IPUIPlugin
2024-04-02 22:44:32,321 [INFO] IPUIPlugin:80 - create IPUIPlugin
2024-04-02 22:44:32,322 [INFO] IPUIPlugin:80 - create IPUIPlugin
2024-04-02 22:44:32,322 [INFO] IPUIPlugin:80 - create IPUIPlugin
2024-04-02 22:44:32,323 [INFO] IPUIPlugin:80 - create IPUIPlugin
2024-04-02 22:44:32,323 [INFO] IPUIPlugin:80 - create IPUIPlugin
2024-04-02 22:44:32,323 [INFO] IPUIPlugin:80 - create IPUIPlugin
2024-04-02 22:44:32,324 [INFO] IPUIPlugin:80 - create IPUIPlugin
2024-04-02 22:44:32,324 [INFO] IPUIPlugin:80 - create IPUIPlugin
2024-04-02 22:44:32,324 [INFO] IPUIPlugin:80 - create IPUIPlugin
2024-04-02 22:44:32,325 [INFO] IPUIPlugin:80 - create IPUIPlugin
2024-04-02 22:44:32,325 [INFO] IPUIPlugin:80 - create IPUIPlugin
2024-04-02 22:44:32,326 [INFO] IPUIPlugin:80 - create IPUIPlugin
2024-04-02 22:44:32,326 [INFO] IPUIPlugin:80 - create IPUIPlugin
2024-04-02 22:44:32,327 [INFO] IPUIPlugin:80 - create IPUIPlugin
2024-04-02 22:44:32,327 [INFO] IPUIPlugin:80 - create IPUIPlugin
2024-04-02 22:44:32,328 [INFO] IPUIPlugin:80 - create IPUIPlugin
2024-04-02 22:44:32,328 [INFO] IPUIPlugin:80 - create IPUIPlugin
2024-04-02 22:44:32,328 [INFO] IPUIPlugin:80 - create IPUIPlugin
2024-04-02 22:44:32,329 [INFO] IPUIPlugin:80 - create IPUIPlugin
2024-04-02 22:44:32,329 [INFO] IPUIPlugin:80 - create IPUIPlugin
2024-04-02 22:44:32,330 [INFO] IPUIPlugin:80 - create IPUIPlugin
2024-04-02 22:44:32,330 [INFO] IPUIPlugin:80 - create IPUIPlugin
2024-04-02 22:44:32,331 [INFO] IPUIPlugin:80 - create IPUIPlugin
2024-04-02 22:44:32,331 [INFO] IPUIPlugin:80 - create IPUIPlugin
2024-04-02 22:44:32,332 [INFO] IPUIPlugin:80 - create IPUIPlugin
2024-04-02 22:44:32,332 [INFO] IPUIPlugin:80 - create IPUIPlugin
2024-04-02 22:44:32,333 [INFO] IPUIPlugin:80 - create IPUIPlugin
2024-04-02 22:44:32,333 [INFO] IPUIPlugin:80 - create IPUIPlugin
2024-04-02 22:44:32,334 [INFO] IPUIPlugin:80 - create IPUIPlugin
2024-04-02 22:44:32,334 [INFO] IPUIPlugin:80 - create IPUIPlugin
2024-04-02 22:44:32,588 [INFO] CADModel:165 - CPN selected for project levelSTM32G431RBT6TR
2024-04-02 22:44:32,589 [INFO] CADModel:114 - Register for checkConnection events
2024-04-02 22:44:32,641 [INFO] OpenFileManager:343 - Restore cursor
2024-04-02 22:44:33,864 [INFO] UtilMem:75 - End SaveConfig() Used Memory: 305469960 Bytes (596639744)
2024-04-02 22:44:44,178 [INFO] AnalyticsPlugin:368 - Accepted License(s): [FW.G4.1.5.0]
2024-04-02 22:44:44,179 [INFO] FileExtend:240 - Unzip File : stm32cube_fw_g4_v150.zip
2024-04-02 22:44:44,180 [INFO] FileExtend:255 - Standard Zip Deflate
2024-04-02 22:44:58,627 [INFO] ServerAccessManage:473 - Download File stm32cube_fw_g4_v152.zip
2024-04-02 22:45:07,047 [INFO] FileExtend:240 - Unzip File : stm32cube_fw_g4_v152.zip
2024-04-02 22:45:07,047 [INFO] FileExtend:255 - Standard Zip Deflate
2024-04-02 22:45:16,381 [INFO] LoadServerPackagesThread:196 - End of LoadServerPackages Thread
2024-04-02 22:45:16,511 [INFO] ThirdPartyModel:298 - Start build external matchings
2024-04-02 22:45:16,516 [INFO] UtilMem:75 - End SaveConfig() Used Memory: 661980240 Bytes (1073741824)
2024-04-02 22:45:16,793 [INFO] ThirdPartyModel:316 - End build external matchings
2024-04-02 22:45:16,799 [INFO] CheckServerUpdateThread:120 - End of CheckServer Thread
2024-04-02 22:45:18,810 [INFO] BlockDiagram:2759 - set Specific Code input for plugin: SPI
2024-04-02 22:45:18,811 [INFO] BlockDiagram:2759 - set Specific Code input for plugin: SPI
2024-04-02 22:45:18,812 [INFO] BlockDiagram:2759 - set Specific Code input for plugin: DAC
2024-04-02 22:45:18,812 [INFO] BlockDiagram:2759 - set Specific Code input for plugin: UCPD
2024-04-02 22:45:18,813 [INFO] BlockDiagram:2759 - set Specific Code input for plugin: ADC
2024-04-02 22:45:18,813 [INFO] BlockDiagram:2759 - set Specific Code input for plugin: SYS
2024-04-02 22:45:18,813 [INFO] BlockDiagram:2759 - set Specific Code input for plugin: ADC
2024-04-02 22:45:18,814 [INFO] BlockDiagram:2759 - set Specific Code input for plugin: RCC
2024-04-02 22:45:18,814 [INFO] BlockDiagram:2759 - set Specific Code input for plugin: I2C
2024-04-02 22:45:18,814 [INFO] BlockDiagram:2759 - set Specific Code input for plugin: NVIC
2024-04-02 22:45:18,816 [INFO] BlockDiagram:2759 - set Specific Code input for plugin: USART
2024-04-02 22:45:18,816 [INFO] BlockDiagram:2759 - set Specific Code input for plugin: USB
2024-04-02 22:45:18,817 [INFO] BlockDiagram:2759 - set Specific Code input for plugin: GPIO
2024-04-02 22:45:18,826 [INFO] CodeGenerator:807 - code generatio: config db path: C:\ST\STM32CubeIDE_1.14.1\STM32CubeIDE\plugins\com.st.stm32cube.common.mx_6.10.0.202311202037\\db\
2024-04-02 22:45:19,079 [INFO] CodeEngine:255 - oldGeneratedFile, \\TRUENAS\logans-data\ENEL400\enel400-data-logger\software\g4_software\datalogger\datalogger\MXTmpFiles\license.tmp_save
2024-04-02 22:45:19,458 [INFO] CodeEngine:279 - Generated code: \\TRUENAS\logans-data\ENEL400\enel400-data-logger\software\g4_software\datalogger\datalogger\MXTmpFiles\license.tmp
2024-04-02 22:45:19,672 [INFO] CodeEngine:255 - oldGeneratedFile, \\TRUENAS\logans-data\ENEL400\enel400-data-logger\software\g4_software\datalogger\datalogger\MXTmpFiles\gpio.tmp_save
2024-04-02 22:45:19,895 [INFO] CodeEngine:279 - Generated code: \\TRUENAS\logans-data\ENEL400\enel400-data-logger\software\g4_software\datalogger\datalogger\MXTmpFiles\gpio.tmp
2024-04-02 22:45:20,701 [INFO] CodeEngine:255 - oldGeneratedFile, \\TRUENAS\logans-data\ENEL400\enel400-data-logger\software\g4_software\datalogger\datalogger\Core\Src\stm32g4xx_it.c_save
2024-04-02 22:45:20,934 [INFO] CodeEngine:279 - Generated code: \\TRUENAS\logans-data\ENEL400\enel400-data-logger\software\g4_software\datalogger\datalogger\Core\Src\stm32g4xx_it.c
2024-04-02 22:45:20,961 [INFO] CodeEngine:255 - oldGeneratedFile, \\TRUENAS\logans-data\ENEL400\enel400-data-logger\software\g4_software\datalogger\datalogger\Core\Inc\stm32g4xx_it.h_save
2024-04-02 22:45:21,089 [INFO] CodeEngine:279 - Generated code: \\TRUENAS\logans-data\ENEL400\enel400-data-logger\software\g4_software\datalogger\datalogger\Core\Inc\stm32g4xx_it.h
2024-04-02 22:45:21,141 [INFO] CodeEngine:255 - oldGeneratedFile, \\TRUENAS\logans-data\ENEL400\enel400-data-logger\software\g4_software\datalogger\datalogger\Core\Src\stm32g4xx_hal_msp.c_save
2024-04-02 22:45:21,377 [INFO] CodeEngine:279 - Generated code: \\TRUENAS\logans-data\ENEL400\enel400-data-logger\software\g4_software\datalogger\datalogger\Core\Src\stm32g4xx_hal_msp.c
2024-04-02 22:45:21,449 [INFO] CodeEngine:255 - oldGeneratedFile, \\TRUENAS\logans-data\ENEL400\enel400-data-logger\software\g4_software\datalogger\datalogger\MXTmpFiles\system.tmp_save
2024-04-02 22:45:21,533 [INFO] CodeEngine:279 - Generated code: \\TRUENAS\logans-data\ENEL400\enel400-data-logger\software\g4_software\datalogger\datalogger\MXTmpFiles\system.tmp
2024-04-02 22:45:21,556 [INFO] CodeEngine:255 - oldGeneratedFile, \\TRUENAS\logans-data\ENEL400\enel400-data-logger\software\g4_software\datalogger\datalogger\Core\Inc\stm32_assert.h_save
2024-04-02 22:45:21,645 [INFO] CodeEngine:279 - Generated code: \\TRUENAS\logans-data\ENEL400\enel400-data-logger\software\g4_software\datalogger\datalogger\Core\Inc\stm32_assert.h
2024-04-02 22:45:21,694 [INFO] CodeEngine:311 - oldGeneratedFile, \\TRUENAS\logans-data\ENEL400\enel400-data-logger\software\g4_software\datalogger\datalogger\Core\Inc\stm32g4xx_hal_conf.h_save
2024-04-02 22:45:21,847 [INFO] CodeEngine:335 - Generated code: \\TRUENAS\logans-data\ENEL400\enel400-data-logger\software\g4_software\datalogger\datalogger\Core\Inc\stm32g4xx_hal_conf.h
2024-04-02 22:45:21,908 [WARN] IPConfigManager:2946 - Warning: the RefConfig RCC_CommonPeriphClockConfig is not available in your config.xml file
2024-04-02 22:45:21,944 [INFO] CodeEngine:255 - oldGeneratedFile, \\TRUENAS\logans-data\ENEL400\enel400-data-logger\software\g4_software\datalogger\datalogger\Core\Inc\main.h_save
2024-04-02 22:45:22,228 [INFO] CodeEngine:279 - Generated code: \\TRUENAS\logans-data\ENEL400\enel400-data-logger\software\g4_software\datalogger\datalogger\Core\Inc\main.h
2024-04-02 22:45:22,257 [INFO] CodeEngine:255 - oldGeneratedFile, \\TRUENAS\logans-data\ENEL400\enel400-data-logger\software\g4_software\datalogger\datalogger\Core\Src\main.c_save
2024-04-02 22:45:22,440 [INFO] CodeEngine:279 - Generated code: \\TRUENAS\logans-data\ENEL400\enel400-data-logger\software\g4_software\datalogger\datalogger\Core\Src\main.c
2024-04-02 22:45:23,567 [INFO] ProjectBuilder:3076 - Time for Copy HAL[1] : 838mS.
2024-04-02 22:45:23,580 [INFO] ProjectBuilder:4485 - Project Generator version: 4.2.0-B44
2024-04-02 22:45:23,729 [INFO] ConfigFileManager:1495 - The Die is : DIE468
2024-04-02 22:45:23,742 [INFO] ApiDbMcu:508 - Load IP Config File for FATFS
2024-04-02 22:45:23,766 [INFO] ApiDbMcu:508 - Load IP Config File for FREERTOS
2024-04-02 22:45:23,791 [INFO] ApiDbMcu:508 - Load IP Config File for USBPD
2024-04-02 22:45:23,804 [INFO] ApiDbMcu:508 - Load IP Config File for USB_Device
2024-04-02 22:45:24,669 [INFO] LogOutputStream:77 - [STDOUT_REDIRECT] 
2024-04-02 22:45:27,664 [INFO] ProjectBuilder:4747 - Time for Generating toolchain IDE Files: 4084mS.
2024-04-02 22:45:27,680 [INFO] ProjectBuilder:2947 - Time for Copy CMSIS : 16mS.
2024-04-02 22:45:27,689 [INFO] ProjectBuilder:2947 - Time for Copy CMSIS : 0mS.
2024-04-02 22:45:28,435 [INFO] McuFinderGlobals:76 - Set McuFinderConnectedMode to true
2024-04-02 22:45:28,599 [INFO] ApiDb:448 - Save user favorites file C:\Users\sirli/.stm32cubeide/favorites.mcus.txt: 0 item(s)
2024-04-02 22:45:28,599 [INFO] ApiDb:452 - User favorites MCUs=[]
2024-04-02 22:45:28,919 [ERROR] LogOutputStream:75 - [STDERR_REDIRECT] Exception in thread "AWT-EventQueue-0" java.awt.IllegalComponentStateException: Native resources unavailable
2024-04-02 22:45:28,921 [ERROR] LogOutputStream:75 - [STDERR_REDIRECT] 	at java.desktop/sun.awt.windows.WWindowPeer.getScreenImOn(Native Method)
2024-04-02 22:45:28,923 [ERROR] LogOutputStream:75 - [STDERR_REDIRECT] 	at java.desktop/sun.awt.windows.WWindowPeer.updateGC(WWindowPeer.java:566)
2024-04-02 22:45:28,924 [ERROR] LogOutputStream:75 - [STDERR_REDIRECT] 	at java.desktop/java.awt.event.InvocationEvent.dispatch(InvocationEvent.java:318)
2024-04-02 22:45:28,926 [ERROR] LogOutputStream:75 - [STDERR_REDIRECT] 	at java.desktop/java.awt.EventQueue.dispatchEventImpl(EventQueue.java:773)
2024-04-02 22:45:28,927 [ERROR] LogOutputStream:75 - [STDERR_REDIRECT] 	at java.desktop/java.awt.EventQueue$4.run(EventQueue.java:720)
2024-04-02 22:45:28,928 [ERROR] LogOutputStream:75 - [STDERR_REDIRECT] 	at java.desktop/java.awt.EventQueue$4.run(EventQueue.java:714)
2024-04-02 22:45:28,930 [ERROR] LogOutputStream:75 - [STDERR_REDIRECT] 	at java.base/java.security.AccessController.doPrivileged(AccessController.java:399)
2024-04-02 22:45:28,931 [ERROR] LogOutputStream:75 - [STDERR_REDIRECT] 	at java.base/java.security.ProtectionDomain$JavaSecurityAccessImpl.doIntersectionPrivilege(ProtectionDomain.java:86)
2024-04-02 22:45:28,934 [ERROR] LogOutputStream:75 - [STDERR_REDIRECT] 	at java.base/java.security.ProtectionDomain$JavaSecurityAccessImpl.doIntersectionPrivilege(ProtectionDomain.java:97)
2024-04-02 22:45:28,935 [ERROR] LogOutputStream:75 - [STDERR_REDIRECT] 	at java.desktop/java.awt.EventQueue$5.run(EventQueue.java:747)
2024-04-02 22:45:28,937 [ERROR] LogOutputStream:75 - [STDERR_REDIRECT] 	at java.desktop/java.awt.EventQueue$5.run(EventQueue.java:745)
2024-04-02 22:45:28,938 [ERROR] LogOutputStream:75 - [STDERR_REDIRECT] 	at java.base/java.security.AccessController.doPrivileged(AccessController.java:399)
2024-04-02 22:45:28,940 [ERROR] LogOutputStream:75 - [STDERR_REDIRECT] 	at java.base/java.security.ProtectionDomain$JavaSecurityAccessImpl.doIntersectionPrivilege(ProtectionDomain.java:86)
2024-04-02 22:45:28,942 [ERROR] LogOutputStream:75 - [STDERR_REDIRECT] 	at java.desktop/java.awt.EventQueue.dispatchEvent(EventQueue.java:744)
2024-04-02 22:45:28,943 [ERROR] LogOutputStream:75 - [STDERR_REDIRECT] 	at java.desktop/java.awt.EventDispatchThread.pumpOneEventForFilters(EventDispatchThread.java:203)
2024-04-02 22:45:28,944 [ERROR] LogOutputStream:75 - [STDERR_REDIRECT] 	at java.desktop/java.awt.EventDispatchThread.pumpEventsForFilter(EventDispatchThread.java:124)
2024-04-02 22:45:28,946 [ERROR] LogOutputStream:75 - [STDERR_REDIRECT] 	at java.desktop/java.awt.EventDispatchThread.pumpEventsForHierarchy(EventDispatchThread.java:113)
2024-04-02 22:45:28,948 [ERROR] LogOutputStream:75 - [STDERR_REDIRECT] 	at java.desktop/java.awt.EventDispatchThread.pumpEvents(EventDispatchThread.java:109)
2024-04-02 22:45:28,949 [ERROR] LogOutputStream:75 - [STDERR_REDIRECT] 	at java.desktop/java.awt.EventDispatchThread.pumpEvents(EventDispatchThread.java:101)
2024-04-02 22:45:28,951 [ERROR] LogOutputStream:75 - [STDERR_REDIRECT] 	at java.desktop/java.awt.EventDispatchThread.run(EventDispatchThread.java:90)
