2024-09-08 15:14:29,542 [INFO] Activator:176 - 


2024-09-08 15:14:29,548 [INFO] Activator:177 - !SESSION log4j initialized
2024-09-08 15:14:35,239 [INFO] LogOutputStream:77 - [STDOUT_REDIRECT] 
2024-09-08 15:14:38,050 [INFO] ApplicationProperties:184 - Using Application install path: C:\ST\STM32CubeIDE_1.15.0\STM32CubeIDE\plugins\com.st.stm32cube.common.mx_6.12.0.202406281431
2024-09-08 15:14:38,072 [INFO] DbMcusXml:78 - Set database path to: C:\ST\STM32CubeIDE_1.15.0\STM32CubeIDE\plugins\com.st.stm32cube.common.mx_6.12.0.202406281431\\db\/mcu/
2024-09-08 15:14:38,072 [INFO] ApiDb:274 - Set plugin database path to: C:\ST\STM32CubeIDE_1.15.0\STM32CubeIDE\plugins\com.st.stm32cube.common.mx_6.12.0.202406281431\\db\/plugins/boardmanager/
2024-09-08 15:14:38,073 [WARN] ApiDb:259 - Overriding images path with different value:  => C:\ST\STM32CubeIDE_1.15.0\STM32CubeIDE\plugins\com.st.stm32cube.common.mx_6.12.0.202406281431\\db\/plugins/mcufinder/images/
2024-09-08 15:14:38,088 [INFO] ApiDb:250 - Set database path to: C:\Users\conor\.stmcufinder\plugins\mcufinder//mcu/
2024-09-08 15:14:38,089 [INFO] DbMcusAds:125 - Set database path to: C:\Users\conor\.stmcufinder\plugins\mcufinder//mcu/
2024-09-08 15:14:38,092 [INFO] CrossReferenceDbSqlite:203 - Set database path to: C:\Users\conor\.stmcufinder\plugins\mcufinder//mcu/cs/
2024-09-08 15:14:38,243 [INFO] RulesReader:64 - Compatibility file has been processed (297 Rules)
2024-09-08 15:14:38,354 [INFO] DbMcusXml:78 - Set database path to: C:\ST\STM32CubeIDE_1.15.0\STM32CubeIDE\plugins\com.st.stm32cube.common.mx_6.12.0.202406281431\\db\/mcu/
2024-09-08 15:14:38,355 [INFO] ApiDb:274 - Set plugin database path to: C:\ST\STM32CubeIDE_1.15.0\STM32CubeIDE\plugins\com.st.stm32cube.common.mx_6.12.0.202406281431\\db\/plugins/boardmanager/
2024-09-08 15:14:38,355 [INFO] ApiDb:261 - Set plugin images path to: C:\ST\STM32CubeIDE_1.15.0\STM32CubeIDE\plugins\com.st.stm32cube.common.mx_6.12.0.202406281431\\db\/plugins/mcufinder/images/
2024-09-08 15:14:38,355 [WARN] DbFile:41 - Overriding database path with different value: C:\Users\conor\.stmcufinder\plugins\mcufinder/ => C:\Users\conor\.stmcufinder\plugins\mcufinder
2024-09-08 15:14:38,355 [INFO] ApiDb:250 - Set database path to: C:\Users\conor\.stmcufinder\plugins\mcufinder//mcu/
2024-09-08 15:14:38,355 [WARN] DbFile:41 - Overriding database path with different value: C:\Users\conor\.stmcufinder\plugins\mcufinder/ => C:\Users\conor\.stmcufinder\plugins\mcufinder
2024-09-08 15:14:38,355 [INFO] DbMcusAds:125 - Set database path to: C:\Users\conor\.stmcufinder\plugins\mcufinder//mcu/
2024-09-08 15:14:38,356 [WARN] DbFile:41 - Overriding database path with different value: C:\Users\conor\.stmcufinder\plugins\mcufinder/ => C:\Users\conor\.stmcufinder\plugins\mcufinder
2024-09-08 15:14:38,356 [WARN] DbFile:41 - Overriding database path with different value: C:\Users\conor\.stmcufinder\plugins\mcufinder/ => C:\Users\conor\.stmcufinder\plugins\mcufinder
2024-09-08 15:14:38,356 [INFO] CrossReferenceDbSqlite:203 - Set database path to: C:\Users\conor\.stmcufinder\plugins\mcufinder//mcu/cs/
2024-09-08 15:14:38,452 [INFO] MainPanel:268 - HeapMemory: 268435456
2024-09-08 15:14:38,570 [INFO] DbMcusXml:78 - Set database path to: C:\ST\STM32CubeIDE_1.15.0\STM32CubeIDE\plugins\com.st.stm32cube.common.mx_6.12.0.202406281431\\db\/mcu/
2024-09-08 15:14:38,571 [INFO] ApiDb:274 - Set plugin database path to: C:\ST\STM32CubeIDE_1.15.0\STM32CubeIDE\plugins\com.st.stm32cube.common.mx_6.12.0.202406281431\\db\/plugins/boardmanager/
2024-09-08 15:14:38,571 [INFO] ApiDb:261 - Set plugin images path to: C:\ST\STM32CubeIDE_1.15.0\STM32CubeIDE\plugins\com.st.stm32cube.common.mx_6.12.0.202406281431\\db\/plugins/mcufinder/images/
2024-09-08 15:14:38,571 [WARN] DbFile:41 - Overriding database path with different value: C:\Users\conor\.stmcufinder\plugins\mcufinder/ => C:\Users\conor\.stmcufinder\plugins\mcufinder
2024-09-08 15:14:38,571 [INFO] ApiDb:250 - Set database path to: C:\Users\conor\.stmcufinder\plugins\mcufinder//mcu/
2024-09-08 15:14:38,571 [WARN] DbFile:41 - Overriding database path with different value: C:\Users\conor\.stmcufinder\plugins\mcufinder/ => C:\Users\conor\.stmcufinder\plugins\mcufinder
2024-09-08 15:14:38,571 [INFO] DbMcusAds:125 - Set database path to: C:\Users\conor\.stmcufinder\plugins\mcufinder//mcu/
2024-09-08 15:14:38,571 [WARN] DbFile:41 - Overriding database path with different value: C:\Users\conor\.stmcufinder\plugins\mcufinder/ => C:\Users\conor\.stmcufinder\plugins\mcufinder
2024-09-08 15:14:38,571 [WARN] DbFile:41 - Overriding database path with different value: C:\Users\conor\.stmcufinder\plugins\mcufinder/ => C:\Users\conor\.stmcufinder\plugins\mcufinder
2024-09-08 15:14:38,571 [INFO] CrossReferenceDbSqlite:203 - Set database path to: C:\Users\conor\.stmcufinder\plugins\mcufinder//mcu/cs/
2024-09-08 15:14:38,591 [INFO] ApplicationProperties:184 - Using Application install path: C:\ST\STM32CubeIDE_1.15.0\STM32CubeIDE\plugins\com.st.stm32cube.common.mx_6.12.0.202406281431
2024-09-08 15:14:38,592 [INFO] PluginManage:196 - Search for loadable plugins [exclusion list=, ]
2024-09-08 15:14:38,594 [INFO] PluginManage:310 - Check plugin analytics
2024-09-08 15:14:38,794 [INFO] AnalyticsPlugin:253 - Accepted Software Licenses: STM32CubeMX.6.10.0,STM32CubeMX.6.11.1,STM32CubeMX.6.12.0
2024-09-08 15:14:38,795 [INFO] AnalyticsPlugin:255 - Accepted CMSIS Pack Licenses: 
2024-09-08 15:14:38,795 [INFO] AnalyticsPlugin:257 - Accepted Firmware Licenses: FW.G4.1.5.0,FW.G4.1.6.0
2024-09-08 15:14:38,797 [INFO] PluginManage:359 - Loaded plugin analytics (category:tool,tabindex:-1)
2024-09-08 15:14:38,797 [INFO] PluginManage:310 - Check plugin cadmodel
2024-09-08 15:14:38,813 [INFO] CADModel:105 - Init CAD model plugin
2024-09-08 15:14:38,813 [INFO] PluginManage:359 - Loaded plugin cadmodel (category:power,tabindex:5)
2024-09-08 15:14:38,814 [INFO] PluginManage:310 - Check plugin clock
2024-09-08 15:14:38,835 [INFO] PluginManage:359 - Loaded plugin clock (category:base,tabindex:2)
2024-09-08 15:14:38,835 [INFO] PluginManage:310 - Check plugin ddr
2024-09-08 15:14:38,837 [INFO] PluginManage:359 - Loaded plugin ddr (category:tool,tabindex:6)
2024-09-08 15:14:38,838 [INFO] PluginManage:310 - Check plugin filemanager
2024-09-08 15:14:39,036 [INFO] PluginManage:359 - Loaded plugin filemanager (category:base,tabindex:10)
2024-09-08 15:14:39,037 [INFO] PluginManage:310 - Check plugin ipmanager
2024-09-08 15:14:39,047 [INFO] PluginManage:359 - Loaded plugin ipmanager (category:base,tabindex:5)
2024-09-08 15:14:39,047 [INFO] PluginManage:310 - Check plugin lpbam
2024-09-08 15:14:39,073 [INFO] PluginManage:359 - Loaded plugin lpbam (category:base,tabindex:0)
2024-09-08 15:14:39,074 [INFO] PluginManage:310 - Check plugin memorymap
2024-09-08 15:14:39,108 [INFO] PluginManage:359 - Loaded plugin memorymap (category:base,tabindex:4)
2024-09-08 15:14:39,108 [INFO] PluginManage:310 - Check plugin pinoutandconfiguration
2024-09-08 15:14:39,132 [INFO] PluginManage:359 - Loaded plugin pinoutandconfiguration (category:base,tabindex:1)
2024-09-08 15:14:39,132 [INFO] PluginManage:310 - Check plugin pinoutconfig
2024-09-08 15:14:39,234 [WARN] SupportedApi:132 - Cannot load RTOS API schema: s4s-elt-must-match.1: The content of 'definitions' must match (annotation?, (simpleType | complexType)?, (unique | key | keyref)*)). A problem was found starting at: attribute.
2024-09-08 15:14:39,397 [INFO] PluginManage:359 - Loaded plugin pinoutconfig (category:base,tabindex:0)
2024-09-08 15:14:39,397 [INFO] PluginManage:310 - Check plugin power
2024-09-08 15:14:39,428 [INFO] PluginManage:359 - Loaded plugin power (category:power,tabindex:4)
2024-09-08 15:14:39,428 [INFO] PluginManage:310 - Check plugin projectmanager
2024-09-08 15:14:39,446 [INFO] PluginManage:359 - Loaded plugin projectmanager (category:projectmanager,tabindex:4)
2024-09-08 15:14:39,446 [INFO] PluginManage:310 - Check plugin rif
2024-09-08 15:14:39,468 [INFO] PluginManage:359 - Loaded plugin rif (category:base,tabindex:3)
2024-09-08 15:14:39,468 [INFO] PluginManage:310 - Check plugin thirdparty
2024-09-08 15:14:39,826 [INFO] PluginManage:359 - Loaded plugin thirdparty (category:base,tabindex:-1)
2024-09-08 15:14:39,826 [WARN] IntegrityCheckThread:84 - waiting for thirdparty lock release [integrity check]
2024-09-08 15:14:39,826 [INFO] PluginManage:310 - Check plugin tools
2024-09-08 15:14:39,826 [INFO] IntegrityCheckThread:86 - entering critical section [integrity check]
2024-09-08 15:14:39,827 [INFO] ThirdPartyUpdaterWithRetryManager:70 - Updater plugin not ready yet. [1/15]
2024-09-08 15:14:39,866 [INFO] PluginManage:359 - Loaded plugin tools (category:base,tabindex:7)
2024-09-08 15:14:39,866 [INFO] PluginManage:310 - Check plugin tutovideos
2024-09-08 15:14:40,060 [INFO] PluginManage:359 - Loaded plugin tutovideos (category:base,tabindex:-1)
2024-09-08 15:14:40,060 [INFO] PluginManage:310 - Check plugin updater
2024-09-08 15:14:40,078 [INFO] PluginManage:359 - Loaded plugin updater (category:base,tabindex:12)
2024-09-08 15:14:40,079 [INFO] PluginManage:310 - Check plugin userauth
2024-09-08 15:14:40,085 [INFO] UserAuth:113 - Init User Auth plugin
2024-09-08 15:14:40,085 [INFO] PluginManage:359 - Loaded plugin userauth (category:base,tabindex:14)
2024-09-08 15:14:40,085 [INFO] PluginManage:283 - PluginManage : Loaded plugins [18]
2024-09-08 15:14:40,342 [INFO] PinOutPanel:1561 - setPackage(No Configuration,No Configuration)
2024-09-08 15:14:40,436 [INFO] CADModel:165 - CPN selected for project level
2024-09-08 15:14:40,436 [INFO] CADModel:114 - Register for checkConnection events
2024-09-08 15:14:40,462 [INFO] IPUIPlugin:80 - create IPUIPlugin
2024-09-08 15:14:40,462 [INFO] PluginManager:220 - loadIPPluginJar : add adc
2024-09-08 15:14:40,505 [INFO] IPUIPlugin:80 - create IPUIPlugin
2024-09-08 15:14:40,506 [INFO] PluginManager:220 - loadIPPluginJar : add aes
2024-09-08 15:14:40,554 [INFO] IPUIPlugin:80 - create IPUIPlugin
2024-09-08 15:14:40,554 [INFO] PluginManager:220 - loadIPPluginJar : add can
2024-09-08 15:14:40,582 [INFO] IPUIPlugin:80 - create IPUIPlugin
2024-09-08 15:14:40,582 [INFO] PluginManager:220 - loadIPPluginJar : add comp
2024-09-08 15:14:40,621 [INFO] IPUIPlugin:80 - create IPUIPlugin
2024-09-08 15:14:40,621 [INFO] PluginManager:220 - loadIPPluginJar : add cryp
2024-09-08 15:14:40,635 [INFO] IPUIPlugin:80 - create IPUIPlugin
2024-09-08 15:14:40,635 [INFO] PluginManager:220 - loadIPPluginJar : add ddr_ctrl_phy
2024-09-08 15:14:40,669 [INFO] IPUIPlugin:80 - create IPUIPlugin
2024-09-08 15:14:40,669 [INFO] PluginManager:220 - loadIPPluginJar : add dfsdm
2024-09-08 15:14:40,687 [INFO] IPUIPlugin:80 - create IPUIPlugin
2024-09-08 15:14:40,687 [INFO] PluginManager:220 - loadIPPluginJar : add dma
2024-09-08 15:14:40,739 [INFO] IPUIPlugin:80 - create IPUIPlugin
2024-09-08 15:14:40,739 [INFO] PluginManager:220 - loadIPPluginJar : add dma3
2024-09-08 15:14:40,793 [INFO] IPUIPlugin:80 - create IPUIPlugin
2024-09-08 15:14:40,793 [INFO] PluginManager:220 - loadIPPluginJar : add extmemmanager
2024-09-08 15:14:40,819 [INFO] IPUIPlugin:80 - create IPUIPlugin
2024-09-08 15:14:40,820 [INFO] PluginManager:220 - loadIPPluginJar : add fatfs
2024-09-08 15:14:40,876 [INFO] IPUIPlugin:80 - create IPUIPlugin
2024-09-08 15:14:40,876 [INFO] PluginManager:220 - loadIPPluginJar : add fmc
2024-09-08 15:14:40,894 [INFO] IPUIPlugin:80 - create IPUIPlugin
2024-09-08 15:14:40,894 [INFO] PluginManager:220 - loadIPPluginJar : add freertos
2024-09-08 15:14:40,920 [INFO] IPUIPlugin:80 - create IPUIPlugin
2024-09-08 15:14:40,920 [INFO] PluginManager:220 - loadIPPluginJar : add genericplugin
2024-09-08 15:14:41,057 [INFO] IPUIPlugin:80 - create IPUIPlugin
2024-09-08 15:14:41,057 [INFO] PluginManager:220 - loadIPPluginJar : add gfxmmu
2024-09-08 15:14:41,226 [INFO] IPUIPlugin:80 - create IPUIPlugin
2024-09-08 15:14:41,226 [INFO] PluginManager:220 - loadIPPluginJar : add gic
2024-09-08 15:14:41,241 [INFO] IPUIPlugin:80 - create IPUIPlugin
2024-09-08 15:14:41,241 [INFO] PluginManager:220 - loadIPPluginJar : add gpio
2024-09-08 15:14:41,349 [INFO] IPUIPlugin:80 - create IPUIPlugin
2024-09-08 15:14:41,349 [INFO] PluginManager:220 - loadIPPluginJar : add gtzc
2024-09-08 15:14:41,389 [INFO] IPUIPlugin:80 - create IPUIPlugin
2024-09-08 15:14:41,389 [INFO] PluginManager:220 - loadIPPluginJar : add hash
2024-09-08 15:14:41,451 [INFO] IPUIPlugin:80 - create IPUIPlugin
2024-09-08 15:14:41,451 [INFO] PluginManager:220 - loadIPPluginJar : add i2c
2024-09-08 15:14:41,495 [INFO] IPUIPlugin:80 - create IPUIPlugin
2024-09-08 15:14:41,495 [INFO] PluginManager:220 - loadIPPluginJar : add i2s
2024-09-08 15:14:41,540 [INFO] IPUIPlugin:80 - create IPUIPlugin
2024-09-08 15:14:41,540 [INFO] PluginManager:220 - loadIPPluginJar : add i3c
2024-09-08 15:14:41,658 [INFO] IPUIPlugin:80 - create IPUIPlugin
2024-09-08 15:14:41,658 [INFO] PluginManager:220 - loadIPPluginJar : add ipddr
2024-09-08 15:14:41,776 [INFO] IPUIPlugin:80 - create IPUIPlugin
2024-09-08 15:14:41,776 [INFO] PluginManager:220 - loadIPPluginJar : add linkedlist
2024-09-08 15:14:41,818 [INFO] IPUIPlugin:80 - create IPUIPlugin
2024-09-08 15:14:41,819 [INFO] PluginManager:220 - loadIPPluginJar : add lorawan
2024-09-08 15:14:41,868 [INFO] IPUIPlugin:80 - create IPUIPlugin
2024-09-08 15:14:41,868 [INFO] PluginManager:220 - loadIPPluginJar : add ltdc
2024-09-08 15:14:41,885 [INFO] IPUIPlugin:80 - create IPUIPlugin
2024-09-08 15:14:41,885 [INFO] PluginManager:220 - loadIPPluginJar : add mdma
2024-09-08 15:14:41,898 [INFO] IPUIPlugin:80 - create IPUIPlugin
2024-09-08 15:14:41,898 [INFO] PluginManager:220 - loadIPPluginJar : add nvic
2024-09-08 15:14:41,949 [INFO] IPUIPlugin:80 - create IPUIPlugin
2024-09-08 15:14:41,950 [INFO] PluginManager:220 - loadIPPluginJar : add opamp
2024-09-08 15:14:42,027 [INFO] IPUIPlugin:80 - create IPUIPlugin
2024-09-08 15:14:42,028 [INFO] PluginManager:220 - loadIPPluginJar : add openamp
2024-09-08 15:14:42,077 [INFO] IPUIPlugin:80 - create IPUIPlugin
2024-09-08 15:14:42,077 [INFO] PluginManager:220 - loadIPPluginJar : add pdm2pcm
2024-09-08 15:14:42,092 [INFO] IPUIPlugin:80 - create IPUIPlugin
2024-09-08 15:14:42,094 [INFO] PluginManager:220 - loadIPPluginJar : add plateformsettings
2024-09-08 15:14:42,119 [INFO] IPUIPlugin:80 - create IPUIPlugin
2024-09-08 15:14:42,119 [INFO] PluginManager:220 - loadIPPluginJar : add quadspi
2024-09-08 15:14:42,157 [INFO] IPUIPlugin:80 - create IPUIPlugin
2024-09-08 15:14:42,158 [INFO] PluginManager:220 - loadIPPluginJar : add radio
2024-09-08 15:14:42,175 [INFO] IPUIPlugin:80 - create IPUIPlugin
2024-09-08 15:14:42,175 [INFO] PluginManager:220 - loadIPPluginJar : add resmgrutility
2024-09-08 15:14:42,240 [INFO] IPUIPlugin:80 - create IPUIPlugin
2024-09-08 15:14:42,240 [INFO] PluginManager:220 - loadIPPluginJar : add sai
2024-09-08 15:14:42,286 [INFO] IPUIPlugin:80 - create IPUIPlugin
2024-09-08 15:14:42,286 [INFO] PluginManager:220 - loadIPPluginJar : add spi
2024-09-08 15:14:42,364 [INFO] IPUIPlugin:80 - create IPUIPlugin
2024-09-08 15:14:42,364 [INFO] PluginManager:220 - loadIPPluginJar : add stm32_wpan
2024-09-08 15:14:42,388 [INFO] IPUIPlugin:80 - create IPUIPlugin
2024-09-08 15:14:42,388 [INFO] PluginManager:220 - loadIPPluginJar : add tim
2024-09-08 15:14:42,456 [INFO] IPUIPlugin:80 - create IPUIPlugin
2024-09-08 15:14:42,456 [INFO] PluginManager:220 - loadIPPluginJar : add touchsensing
2024-09-08 15:14:42,485 [INFO] IPUIPlugin:80 - create IPUIPlugin
2024-09-08 15:14:42,485 [INFO] PluginManager:220 - loadIPPluginJar : add tracer_emb
2024-09-08 15:14:42,512 [INFO] IPUIPlugin:80 - create IPUIPlugin
2024-09-08 15:14:42,512 [INFO] PluginManager:220 - loadIPPluginJar : add ts
2024-09-08 15:14:42,540 [INFO] IPUIPlugin:80 - create IPUIPlugin
2024-09-08 15:14:42,541 [INFO] PluginManager:220 - loadIPPluginJar : add tsc
2024-09-08 15:14:42,565 [INFO] IPUIPlugin:80 - create IPUIPlugin
2024-09-08 15:14:42,565 [INFO] PluginManager:220 - loadIPPluginJar : add ucpd
2024-09-08 15:14:42,617 [INFO] IPUIPlugin:80 - create IPUIPlugin
2024-09-08 15:14:42,617 [INFO] PluginManager:220 - loadIPPluginJar : add usart
2024-09-08 15:14:42,670 [INFO] IPUIPlugin:80 - create IPUIPlugin
2024-09-08 15:14:42,670 [INFO] PluginManager:220 - loadIPPluginJar : add usbx
2024-09-08 15:14:42,800 [INFO] CADModel:165 - CPN selected for project level
2024-09-08 15:14:42,801 [INFO] CADModel:114 - Register for checkConnection events
2024-09-08 15:14:42,801 [FATAL] Updater:334 - Updater called before beeing initialized
2024-09-08 15:14:42,801 [ERROR] CADModel:125 - Updater not yet initialized, retry later 
2024-09-08 15:14:42,827 [INFO] ThirdPartyUpdaterWithRetryManager:70 - Updater plugin not ready yet. [2/15]
2024-09-08 15:14:42,967 [INFO] CADModel:165 - CPN selected for project level
2024-09-08 15:14:42,967 [INFO] CADModel:114 - Register for checkConnection events
2024-09-08 15:14:42,967 [FATAL] Updater:334 - Updater called before beeing initialized
2024-09-08 15:14:42,967 [ERROR] CADModel:125 - Updater not yet initialized, retry later 
2024-09-08 15:14:42,974 [FATAL] Updater:334 - Updater called before beeing initialized
2024-09-08 15:14:43,069 [FATAL] Updater:334 - Updater called before beeing initialized
2024-09-08 15:14:43,081 [INFO] DbMcusAds:53 - JSON generation date=Thu May 16 21:22:00 NZST 2024 (1715851320667)
2024-09-08 15:14:43,081 [FATAL] Updater:334 - Updater called before beeing initialized
2024-09-08 15:14:43,127 [WARN] DetailPanel:346 - Failed to get advertising image, set to default
2024-09-08 15:14:43,265 [FATAL] Updater:334 - Updater called before beeing initialized
2024-09-08 15:14:43,268 [FATAL] Updater:334 - Updater called before beeing initialized
2024-09-08 15:14:43,268 [FATAL] Updater:334 - Updater called before beeing initialized
2024-09-08 15:14:43,268 [WARN] DetailPanel:346 - Failed to get advertising image, set to default
2024-09-08 15:14:43,269 [FATAL] Updater:334 - Updater called before beeing initialized
2024-09-08 15:14:43,329 [ERROR] Updater:1164 - MainUpdater not yet initialized. External WinMGr cannot be set.
2024-09-08 15:14:43,341 [INFO] Updater:1100 - Updater Version found : 6.12.0
2024-09-08 15:14:43,356 [INFO] ApplicationProperties:184 - Using Application install path: C:\ST\STM32CubeIDE_1.15.0\STM32CubeIDE\plugins\com.st.stm32cube.common.mx_6.12.0.202406281431
2024-09-08 15:14:44,935 [ERROR] LogOutputStream:75 - [STDERR_REDIRECT] Sep 08, 2024 3:14:44 PM java.util.prefs.WindowsPreferences <init>
2024-09-08 15:14:44,936 [ERROR] LogOutputStream:75 - [STDERR_REDIRECT] WARNING: Could not open/create prefs root node Software\JavaSoft\Prefs at root 0xffffffff80000002. Windows RegCreateKeyEx(...) returned error code 5.
2024-09-08 15:14:44,937 [ERROR] LogOutputStream:75 - [STDERR_REDIRECT] 
2024-09-08 15:14:45,828 [FATAL] Updater:334 - Updater called before beeing initialized
2024-09-08 15:14:45,828 [ERROR] IntegrityCheckThread:130 - Cannot retrieve database content from updater: error 21
2024-09-08 15:14:45,828 [INFO] ThirdParty:978 - Integrity check success = false
2024-09-08 15:14:45,828 [INFO] IntegrityCheckThread:100 - exiting critical section [integrity check]
2024-09-08 15:14:45,828 [INFO] IntegrityCheckThread:103 - End integrity checks thread
2024-09-08 15:14:46,698 [INFO] MainUpdater:2873 - connection check result : 10
2024-09-08 15:14:46,698 [INFO] MainUpdater:290 - Updater Check For Update Now.
2024-09-08 15:14:46,698 [INFO] MicroXplorer:498 - Change Database Version : DB.6.0.120
2024-09-08 15:14:46,715 [INFO] McuFinderGlobals:63 - Set McuFinder mode to 2 (CubeIDE integrated)
2024-09-08 15:14:46,722 [INFO] UserAuth:417 - Internet connection configuration mode: 1
2024-09-08 15:14:46,746 [INFO] JxBrowserEngine:152 - Initiate JxBrowser Engine with user profile folder
2024-09-08 15:14:46,894 [INFO] CheckServerUpdateThread:120 - End of CheckServer Thread
2024-09-08 15:14:49,287 [INFO] WebApp:167 - Instantiating new browser for Auth
2024-09-08 15:14:49,965 [INFO] WebApp:448 - Apply proxy settings
2024-09-08 15:14:49,965 [INFO] WebApp:533 - Chromium requires no authentication
2024-09-08 15:14:49,978 [INFO] WebApp:476 - Direct internet connection detected
2024-09-08 15:14:50,000 [INFO] WebApp:869 - Register for checkConnection events
2024-09-08 15:14:50,000 [INFO] WebApp:448 - Apply proxy settings
2024-09-08 15:14:50,000 [INFO] WebApp:533 - Chromium requires no authentication
2024-09-08 15:14:50,001 [INFO] WebApp:476 - Direct internet connection detected
2024-09-08 15:14:50,135 [INFO] WebApp:220 - Starting web application
2024-09-08 15:14:50,136 [INFO] WebApp:578 - Web application path used C:\ST\STM32CubeIDE_1.15.0\STM32CubeIDE\plugins\com.st.stm32cube.common.mx_6.12.0.202406281431\db\plugins\mcufinder\reactClient1\index.html
2024-09-08 15:14:50,263 [INFO] UserAuth:417 - Internet connection configuration mode: 1
2024-09-08 15:14:50,467 [INFO] WebApp:186 - Connection restablished
2024-09-08 16:25:12,113 [INFO] WebApp:189 - Connection lost
2024-09-08 16:25:18,858 [INFO] WebApp:186 - Connection restablished
2024-09-08 20:50:52,154 [INFO] WebApp:189 - Connection lost
2024-09-08 20:50:59,809 [INFO] WebApp:186 - Connection restablished
2024-09-08 23:24:48,859 [ERROR] LogOutputStream:75 - [STDERR_REDIRECT] 
