2024-09-12 09:18:18,522 [INFO] Activator:176 - 


2024-09-12 09:18:18,529 [INFO] Activator:177 - !SESSION log4j initialized
2024-09-12 09:18:25,985 [INFO] LogOutputStream:77 - [STDOUT_REDIRECT] 
2024-09-12 09:18:33,304 [INFO] ApplicationProperties:184 - Using Application install path: C:\ST\STM32CubeIDE_1.15.0\STM32CubeIDE\plugins\com.st.stm32cube.common.mx_6.12.0.202406281431
2024-09-12 09:18:33,342 [INFO] DbMcusXml:78 - Set database path to: C:\ST\STM32CubeIDE_1.15.0\STM32CubeIDE\plugins\com.st.stm32cube.common.mx_6.12.0.202406281431\\db\/mcu/
2024-09-12 09:18:33,342 [INFO] ApiDb:274 - Set plugin database path to: C:\ST\STM32CubeIDE_1.15.0\STM32CubeIDE\plugins\com.st.stm32cube.common.mx_6.12.0.202406281431\\db\/plugins/boardmanager/
2024-09-12 09:18:33,343 [WARN] ApiDb:259 - Overriding images path with different value:  => C:\ST\STM32CubeIDE_1.15.0\STM32CubeIDE\plugins\com.st.stm32cube.common.mx_6.12.0.202406281431\\db\/plugins/mcufinder/images/
2024-09-12 09:18:33,365 [INFO] ApiDb:250 - Set database path to: C:\Users\conor\.stmcufinder\plugins\mcufinder//mcu/
2024-09-12 09:18:33,367 [INFO] DbMcusAds:125 - Set database path to: C:\Users\conor\.stmcufinder\plugins\mcufinder//mcu/
2024-09-12 09:18:33,371 [INFO] CrossReferenceDbSqlite:203 - Set database path to: C:\Users\conor\.stmcufinder\plugins\mcufinder//mcu/cs/
2024-09-12 09:18:33,574 [INFO] RulesReader:64 - Compatibility file has been processed (297 Rules)
2024-09-12 09:18:33,710 [INFO] DbMcusXml:78 - Set database path to: C:\ST\STM32CubeIDE_1.15.0\STM32CubeIDE\plugins\com.st.stm32cube.common.mx_6.12.0.202406281431\\db\/mcu/
2024-09-12 09:18:33,710 [INFO] ApiDb:274 - Set plugin database path to: C:\ST\STM32CubeIDE_1.15.0\STM32CubeIDE\plugins\com.st.stm32cube.common.mx_6.12.0.202406281431\\db\/plugins/boardmanager/
2024-09-12 09:18:33,711 [INFO] ApiDb:261 - Set plugin images path to: C:\ST\STM32CubeIDE_1.15.0\STM32CubeIDE\plugins\com.st.stm32cube.common.mx_6.12.0.202406281431\\db\/plugins/mcufinder/images/
2024-09-12 09:18:33,711 [WARN] DbFile:41 - Overriding database path with different value: C:\Users\conor\.stmcufinder\plugins\mcufinder/ => C:\Users\conor\.stmcufinder\plugins\mcufinder
2024-09-12 09:18:33,711 [INFO] ApiDb:250 - Set database path to: C:\Users\conor\.stmcufinder\plugins\mcufinder//mcu/
2024-09-12 09:18:33,711 [WARN] DbFile:41 - Overriding database path with different value: C:\Users\conor\.stmcufinder\plugins\mcufinder/ => C:\Users\conor\.stmcufinder\plugins\mcufinder
2024-09-12 09:18:33,711 [INFO] DbMcusAds:125 - Set database path to: C:\Users\conor\.stmcufinder\plugins\mcufinder//mcu/
2024-09-12 09:18:33,711 [WARN] DbFile:41 - Overriding database path with different value: C:\Users\conor\.stmcufinder\plugins\mcufinder/ => C:\Users\conor\.stmcufinder\plugins\mcufinder
2024-09-12 09:18:33,711 [WARN] DbFile:41 - Overriding database path with different value: C:\Users\conor\.stmcufinder\plugins\mcufinder/ => C:\Users\conor\.stmcufinder\plugins\mcufinder
2024-09-12 09:18:33,711 [INFO] CrossReferenceDbSqlite:203 - Set database path to: C:\Users\conor\.stmcufinder\plugins\mcufinder//mcu/cs/
2024-09-12 09:18:33,872 [INFO] MainPanel:268 - HeapMemory: 268435456
2024-09-12 09:18:34,043 [INFO] DbMcusXml:78 - Set database path to: C:\ST\STM32CubeIDE_1.15.0\STM32CubeIDE\plugins\com.st.stm32cube.common.mx_6.12.0.202406281431\\db\/mcu/
2024-09-12 09:18:34,043 [INFO] ApiDb:274 - Set plugin database path to: C:\ST\STM32CubeIDE_1.15.0\STM32CubeIDE\plugins\com.st.stm32cube.common.mx_6.12.0.202406281431\\db\/plugins/boardmanager/
2024-09-12 09:18:34,043 [INFO] ApiDb:261 - Set plugin images path to: C:\ST\STM32CubeIDE_1.15.0\STM32CubeIDE\plugins\com.st.stm32cube.common.mx_6.12.0.202406281431\\db\/plugins/mcufinder/images/
2024-09-12 09:18:34,043 [WARN] DbFile:41 - Overriding database path with different value: C:\Users\conor\.stmcufinder\plugins\mcufinder/ => C:\Users\conor\.stmcufinder\plugins\mcufinder
2024-09-12 09:18:34,044 [INFO] ApiDb:250 - Set database path to: C:\Users\conor\.stmcufinder\plugins\mcufinder//mcu/
2024-09-12 09:18:34,044 [WARN] DbFile:41 - Overriding database path with different value: C:\Users\conor\.stmcufinder\plugins\mcufinder/ => C:\Users\conor\.stmcufinder\plugins\mcufinder
2024-09-12 09:18:34,044 [INFO] DbMcusAds:125 - Set database path to: C:\Users\conor\.stmcufinder\plugins\mcufinder//mcu/
2024-09-12 09:18:34,044 [WARN] DbFile:41 - Overriding database path with different value: C:\Users\conor\.stmcufinder\plugins\mcufinder/ => C:\Users\conor\.stmcufinder\plugins\mcufinder
2024-09-12 09:18:34,044 [WARN] DbFile:41 - Overriding database path with different value: C:\Users\conor\.stmcufinder\plugins\mcufinder/ => C:\Users\conor\.stmcufinder\plugins\mcufinder
2024-09-12 09:18:34,044 [INFO] CrossReferenceDbSqlite:203 - Set database path to: C:\Users\conor\.stmcufinder\plugins\mcufinder//mcu/cs/
2024-09-12 09:18:34,067 [INFO] ApplicationProperties:184 - Using Application install path: C:\ST\STM32CubeIDE_1.15.0\STM32CubeIDE\plugins\com.st.stm32cube.common.mx_6.12.0.202406281431
2024-09-12 09:18:34,069 [INFO] PluginManage:196 - Search for loadable plugins [exclusion list=, ]
2024-09-12 09:18:34,072 [INFO] PluginManage:310 - Check plugin analytics
2024-09-12 09:18:34,355 [INFO] AnalyticsPlugin:253 - Accepted Software Licenses: STM32CubeMX.6.10.0,STM32CubeMX.6.11.1,STM32CubeMX.6.12.0
2024-09-12 09:18:34,355 [INFO] AnalyticsPlugin:255 - Accepted CMSIS Pack Licenses: 
2024-09-12 09:18:34,355 [INFO] AnalyticsPlugin:257 - Accepted Firmware Licenses: FW.G4.1.5.0,FW.G4.1.6.0
2024-09-12 09:18:34,359 [INFO] PluginManage:359 - Loaded plugin analytics (category:tool,tabindex:-1)
2024-09-12 09:18:34,359 [INFO] PluginManage:310 - Check plugin cadmodel
2024-09-12 09:18:34,377 [INFO] CADModel:105 - Init CAD model plugin
2024-09-12 09:18:34,378 [INFO] PluginManage:359 - Loaded plugin cadmodel (category:power,tabindex:5)
2024-09-12 09:18:34,378 [INFO] PluginManage:310 - Check plugin clock
2024-09-12 09:18:34,414 [INFO] PluginManage:359 - Loaded plugin clock (category:base,tabindex:2)
2024-09-12 09:18:34,414 [INFO] PluginManage:310 - Check plugin ddr
2024-09-12 09:18:34,419 [INFO] PluginManage:359 - Loaded plugin ddr (category:tool,tabindex:6)
2024-09-12 09:18:34,420 [INFO] PluginManage:310 - Check plugin filemanager
2024-09-12 09:18:34,669 [INFO] PluginManage:359 - Loaded plugin filemanager (category:base,tabindex:10)
2024-09-12 09:18:34,669 [INFO] PluginManage:310 - Check plugin ipmanager
2024-09-12 09:18:34,679 [INFO] PluginManage:359 - Loaded plugin ipmanager (category:base,tabindex:5)
2024-09-12 09:18:34,679 [INFO] PluginManage:310 - Check plugin lpbam
2024-09-12 09:18:34,704 [INFO] PluginManage:359 - Loaded plugin lpbam (category:base,tabindex:0)
2024-09-12 09:18:34,704 [INFO] PluginManage:310 - Check plugin memorymap
2024-09-12 09:18:34,749 [INFO] PluginManage:359 - Loaded plugin memorymap (category:base,tabindex:4)
2024-09-12 09:18:34,749 [INFO] PluginManage:310 - Check plugin pinoutandconfiguration
2024-09-12 09:18:34,774 [INFO] PluginManage:359 - Loaded plugin pinoutandconfiguration (category:base,tabindex:1)
2024-09-12 09:18:34,774 [INFO] PluginManage:310 - Check plugin pinoutconfig
2024-09-12 09:18:34,964 [WARN] SupportedApi:132 - Cannot load RTOS API schema: s4s-elt-must-match.1: The content of 'definitions' must match (annotation?, (simpleType | complexType)?, (unique | key | keyref)*)). A problem was found starting at: attribute.
2024-09-12 09:18:35,196 [INFO] PluginManage:359 - Loaded plugin pinoutconfig (category:base,tabindex:0)
2024-09-12 09:18:35,196 [INFO] PluginManage:310 - Check plugin power
2024-09-12 09:18:35,219 [INFO] PluginManage:359 - Loaded plugin power (category:power,tabindex:4)
2024-09-12 09:18:35,219 [INFO] PluginManage:310 - Check plugin projectmanager
2024-09-12 09:18:35,238 [INFO] PluginManage:359 - Loaded plugin projectmanager (category:projectmanager,tabindex:4)
2024-09-12 09:18:35,239 [INFO] PluginManage:310 - Check plugin rif
2024-09-12 09:18:35,261 [INFO] PluginManage:359 - Loaded plugin rif (category:base,tabindex:3)
2024-09-12 09:18:35,262 [INFO] PluginManage:310 - Check plugin thirdparty
2024-09-12 09:18:35,681 [INFO] PluginManage:359 - Loaded plugin thirdparty (category:base,tabindex:-1)
2024-09-12 09:18:35,681 [WARN] IntegrityCheckThread:84 - waiting for thirdparty lock release [integrity check]
2024-09-12 09:18:35,681 [INFO] PluginManage:310 - Check plugin tools
2024-09-12 09:18:35,681 [INFO] IntegrityCheckThread:86 - entering critical section [integrity check]
2024-09-12 09:18:35,681 [INFO] ThirdPartyUpdaterWithRetryManager:70 - Updater plugin not ready yet. [1/15]
2024-09-12 09:18:35,730 [INFO] PluginManage:359 - Loaded plugin tools (category:base,tabindex:7)
2024-09-12 09:18:35,731 [INFO] PluginManage:310 - Check plugin tutovideos
2024-09-12 09:18:36,012 [INFO] PluginManage:359 - Loaded plugin tutovideos (category:base,tabindex:-1)
2024-09-12 09:18:36,012 [INFO] PluginManage:310 - Check plugin updater
2024-09-12 09:18:36,058 [INFO] PluginManage:359 - Loaded plugin updater (category:base,tabindex:12)
2024-09-12 09:18:36,059 [INFO] PluginManage:310 - Check plugin userauth
2024-09-12 09:18:36,071 [INFO] UserAuth:113 - Init User Auth plugin
2024-09-12 09:18:36,071 [INFO] PluginManage:359 - Loaded plugin userauth (category:base,tabindex:14)
2024-09-12 09:18:36,071 [INFO] PluginManage:283 - PluginManage : Loaded plugins [18]
2024-09-12 09:18:36,717 [INFO] PinOutPanel:1561 - setPackage(No Configuration,No Configuration)
2024-09-12 09:18:36,941 [INFO] CADModel:165 - CPN selected for project level
2024-09-12 09:18:36,941 [INFO] CADModel:114 - Register for checkConnection events
2024-09-12 09:18:36,979 [INFO] IPUIPlugin:80 - create IPUIPlugin
2024-09-12 09:18:36,979 [INFO] PluginManager:220 - loadIPPluginJar : add adc
2024-09-12 09:18:37,045 [INFO] IPUIPlugin:80 - create IPUIPlugin
2024-09-12 09:18:37,045 [INFO] PluginManager:220 - loadIPPluginJar : add aes
2024-09-12 09:18:37,110 [INFO] IPUIPlugin:80 - create IPUIPlugin
2024-09-12 09:18:37,111 [INFO] PluginManager:220 - loadIPPluginJar : add can
2024-09-12 09:18:37,183 [INFO] IPUIPlugin:80 - create IPUIPlugin
2024-09-12 09:18:37,183 [INFO] PluginManager:220 - loadIPPluginJar : add comp
2024-09-12 09:18:37,241 [INFO] IPUIPlugin:80 - create IPUIPlugin
2024-09-12 09:18:37,242 [INFO] PluginManager:220 - loadIPPluginJar : add cryp
2024-09-12 09:18:37,258 [INFO] IPUIPlugin:80 - create IPUIPlugin
2024-09-12 09:18:37,258 [INFO] PluginManager:220 - loadIPPluginJar : add ddr_ctrl_phy
2024-09-12 09:18:37,307 [INFO] IPUIPlugin:80 - create IPUIPlugin
2024-09-12 09:18:37,307 [INFO] PluginManager:220 - loadIPPluginJar : add dfsdm
2024-09-12 09:18:37,331 [INFO] IPUIPlugin:80 - create IPUIPlugin
2024-09-12 09:18:37,332 [INFO] PluginManager:220 - loadIPPluginJar : add dma
2024-09-12 09:18:37,393 [INFO] IPUIPlugin:80 - create IPUIPlugin
2024-09-12 09:18:37,394 [INFO] PluginManager:220 - loadIPPluginJar : add dma3
2024-09-12 09:18:37,462 [INFO] IPUIPlugin:80 - create IPUIPlugin
2024-09-12 09:18:37,463 [INFO] PluginManager:220 - loadIPPluginJar : add extmemmanager
2024-09-12 09:18:37,492 [INFO] IPUIPlugin:80 - create IPUIPlugin
2024-09-12 09:18:37,492 [INFO] PluginManager:220 - loadIPPluginJar : add fatfs
2024-09-12 09:18:37,560 [INFO] IPUIPlugin:80 - create IPUIPlugin
2024-09-12 09:18:37,560 [INFO] PluginManager:220 - loadIPPluginJar : add fmc
2024-09-12 09:18:37,601 [INFO] IPUIPlugin:80 - create IPUIPlugin
2024-09-12 09:18:37,601 [INFO] PluginManager:220 - loadIPPluginJar : add freertos
2024-09-12 09:18:37,647 [INFO] IPUIPlugin:80 - create IPUIPlugin
2024-09-12 09:18:37,647 [INFO] PluginManager:220 - loadIPPluginJar : add genericplugin
2024-09-12 09:18:37,833 [INFO] IPUIPlugin:80 - create IPUIPlugin
2024-09-12 09:18:37,833 [INFO] PluginManager:220 - loadIPPluginJar : add gfxmmu
2024-09-12 09:18:38,031 [INFO] IPUIPlugin:80 - create IPUIPlugin
2024-09-12 09:18:38,032 [INFO] PluginManager:220 - loadIPPluginJar : add gic
2024-09-12 09:18:38,051 [INFO] IPUIPlugin:80 - create IPUIPlugin
2024-09-12 09:18:38,051 [INFO] PluginManager:220 - loadIPPluginJar : add gpio
2024-09-12 09:18:38,189 [INFO] IPUIPlugin:80 - create IPUIPlugin
2024-09-12 09:18:38,190 [INFO] PluginManager:220 - loadIPPluginJar : add gtzc
2024-09-12 09:18:38,238 [INFO] IPUIPlugin:80 - create IPUIPlugin
2024-09-12 09:18:38,238 [INFO] PluginManager:220 - loadIPPluginJar : add hash
2024-09-12 09:18:38,318 [INFO] IPUIPlugin:80 - create IPUIPlugin
2024-09-12 09:18:38,319 [INFO] PluginManager:220 - loadIPPluginJar : add i2c
2024-09-12 09:18:38,376 [INFO] IPUIPlugin:80 - create IPUIPlugin
2024-09-12 09:18:38,377 [INFO] PluginManager:220 - loadIPPluginJar : add i2s
2024-09-12 09:18:38,445 [INFO] IPUIPlugin:80 - create IPUIPlugin
2024-09-12 09:18:38,445 [INFO] PluginManager:220 - loadIPPluginJar : add i3c
2024-09-12 09:18:38,588 [INFO] IPUIPlugin:80 - create IPUIPlugin
2024-09-12 09:18:38,589 [INFO] PluginManager:220 - loadIPPluginJar : add ipddr
2024-09-12 09:18:38,684 [INFO] ThirdPartyUpdaterWithRetryManager:70 - Updater plugin not ready yet. [2/15]
2024-09-12 09:18:38,727 [INFO] IPUIPlugin:80 - create IPUIPlugin
2024-09-12 09:18:38,727 [INFO] PluginManager:220 - loadIPPluginJar : add linkedlist
2024-09-12 09:18:38,792 [INFO] IPUIPlugin:80 - create IPUIPlugin
2024-09-12 09:18:38,792 [INFO] PluginManager:220 - loadIPPluginJar : add lorawan
2024-09-12 09:18:38,843 [INFO] IPUIPlugin:80 - create IPUIPlugin
2024-09-12 09:18:38,843 [INFO] PluginManager:220 - loadIPPluginJar : add ltdc
2024-09-12 09:18:38,859 [INFO] IPUIPlugin:80 - create IPUIPlugin
2024-09-12 09:18:38,860 [INFO] PluginManager:220 - loadIPPluginJar : add mdma
2024-09-12 09:18:38,879 [INFO] IPUIPlugin:80 - create IPUIPlugin
2024-09-12 09:18:38,879 [INFO] PluginManager:220 - loadIPPluginJar : add nvic
2024-09-12 09:18:38,940 [INFO] IPUIPlugin:80 - create IPUIPlugin
2024-09-12 09:18:38,940 [INFO] PluginManager:220 - loadIPPluginJar : add opamp
2024-09-12 09:18:39,033 [INFO] IPUIPlugin:80 - create IPUIPlugin
2024-09-12 09:18:39,033 [INFO] PluginManager:220 - loadIPPluginJar : add openamp
2024-09-12 09:18:39,100 [INFO] IPUIPlugin:80 - create IPUIPlugin
2024-09-12 09:18:39,101 [INFO] PluginManager:220 - loadIPPluginJar : add pdm2pcm
2024-09-12 09:18:39,119 [INFO] IPUIPlugin:80 - create IPUIPlugin
2024-09-12 09:18:39,121 [INFO] PluginManager:220 - loadIPPluginJar : add plateformsettings
2024-09-12 09:18:39,152 [INFO] IPUIPlugin:80 - create IPUIPlugin
2024-09-12 09:18:39,152 [INFO] PluginManager:220 - loadIPPluginJar : add quadspi
2024-09-12 09:18:39,189 [INFO] IPUIPlugin:80 - create IPUIPlugin
2024-09-12 09:18:39,190 [INFO] PluginManager:220 - loadIPPluginJar : add radio
2024-09-12 09:18:39,210 [INFO] IPUIPlugin:80 - create IPUIPlugin
2024-09-12 09:18:39,210 [INFO] PluginManager:220 - loadIPPluginJar : add resmgrutility
2024-09-12 09:18:39,271 [INFO] IPUIPlugin:80 - create IPUIPlugin
2024-09-12 09:18:39,271 [INFO] PluginManager:220 - loadIPPluginJar : add sai
2024-09-12 09:18:39,329 [INFO] IPUIPlugin:80 - create IPUIPlugin
2024-09-12 09:18:39,329 [INFO] PluginManager:220 - loadIPPluginJar : add spi
2024-09-12 09:18:39,443 [INFO] IPUIPlugin:80 - create IPUIPlugin
2024-09-12 09:18:39,443 [INFO] PluginManager:220 - loadIPPluginJar : add stm32_wpan
2024-09-12 09:18:39,473 [INFO] IPUIPlugin:80 - create IPUIPlugin
2024-09-12 09:18:39,474 [INFO] PluginManager:220 - loadIPPluginJar : add tim
2024-09-12 09:18:39,552 [INFO] IPUIPlugin:80 - create IPUIPlugin
2024-09-12 09:18:39,552 [INFO] PluginManager:220 - loadIPPluginJar : add touchsensing
2024-09-12 09:18:39,583 [INFO] IPUIPlugin:80 - create IPUIPlugin
2024-09-12 09:18:39,583 [INFO] PluginManager:220 - loadIPPluginJar : add tracer_emb
2024-09-12 09:18:39,617 [INFO] IPUIPlugin:80 - create IPUIPlugin
2024-09-12 09:18:39,617 [INFO] PluginManager:220 - loadIPPluginJar : add ts
2024-09-12 09:18:39,649 [INFO] IPUIPlugin:80 - create IPUIPlugin
2024-09-12 09:18:39,649 [INFO] PluginManager:220 - loadIPPluginJar : add tsc
2024-09-12 09:18:39,679 [INFO] IPUIPlugin:80 - create IPUIPlugin
2024-09-12 09:18:39,679 [INFO] PluginManager:220 - loadIPPluginJar : add ucpd
2024-09-12 09:18:39,743 [INFO] IPUIPlugin:80 - create IPUIPlugin
2024-09-12 09:18:39,743 [INFO] PluginManager:220 - loadIPPluginJar : add usart
2024-09-12 09:18:39,806 [INFO] IPUIPlugin:80 - create IPUIPlugin
2024-09-12 09:18:39,807 [INFO] PluginManager:220 - loadIPPluginJar : add usbx
2024-09-12 09:18:39,977 [INFO] CADModel:165 - CPN selected for project level
2024-09-12 09:18:39,977 [INFO] CADModel:114 - Register for checkConnection events
2024-09-12 09:18:39,977 [FATAL] Updater:334 - Updater called before beeing initialized
2024-09-12 09:18:39,977 [ERROR] CADModel:125 - Updater not yet initialized, retry later 
2024-09-12 09:18:40,157 [INFO] CADModel:165 - CPN selected for project level
2024-09-12 09:18:40,157 [INFO] CADModel:114 - Register for checkConnection events
2024-09-12 09:18:40,157 [FATAL] Updater:334 - Updater called before beeing initialized
2024-09-12 09:18:40,157 [ERROR] CADModel:125 - Updater not yet initialized, retry later 
2024-09-12 09:18:40,160 [FATAL] Updater:334 - Updater called before beeing initialized
2024-09-12 09:18:40,289 [FATAL] Updater:334 - Updater called before beeing initialized
2024-09-12 09:18:40,305 [INFO] DbMcusAds:53 - JSON generation date=Thu May 16 21:22:00 NZST 2024 (1715851320667)
2024-09-12 09:18:40,306 [FATAL] Updater:334 - Updater called before beeing initialized
2024-09-12 09:18:40,356 [WARN] DetailPanel:346 - Failed to get advertising image, set to default
2024-09-12 09:18:40,535 [FATAL] Updater:334 - Updater called before beeing initialized
2024-09-12 09:18:40,537 [FATAL] Updater:334 - Updater called before beeing initialized
2024-09-12 09:18:40,537 [FATAL] Updater:334 - Updater called before beeing initialized
2024-09-12 09:18:40,538 [WARN] DetailPanel:346 - Failed to get advertising image, set to default
2024-09-12 09:18:40,538 [FATAL] Updater:334 - Updater called before beeing initialized
2024-09-12 09:18:40,613 [ERROR] Updater:1164 - MainUpdater not yet initialized. External WinMGr cannot be set.
2024-09-12 09:18:40,628 [INFO] Updater:1100 - Updater Version found : 6.12.0
2024-09-12 09:18:40,650 [INFO] ApplicationProperties:184 - Using Application install path: C:\ST\STM32CubeIDE_1.15.0\STM32CubeIDE\plugins\com.st.stm32cube.common.mx_6.12.0.202406281431
2024-09-12 09:18:41,685 [INFO] ThirdPartyUpdaterWithRetryManager:70 - Updater plugin not ready yet. [3/15]
2024-09-12 09:18:42,246 [ERROR] LogOutputStream:75 - [STDERR_REDIRECT] Sep 12, 2024 9:18:42 AM java.util.prefs.WindowsPreferences <init>
2024-09-12 09:18:42,248 [ERROR] LogOutputStream:75 - [STDERR_REDIRECT] WARNING: Could not open/create prefs root node Software\JavaSoft\Prefs at root 0xffffffff80000002. Windows RegCreateKeyEx(...) returned error code 5.
2024-09-12 09:18:42,248 [ERROR] LogOutputStream:75 - [STDERR_REDIRECT] 
2024-09-12 09:18:42,744 [INFO] MainUpdater:2873 - connection check result : 10
2024-09-12 09:18:42,744 [INFO] MainUpdater:3567 - Updater definition file requires update
2024-09-12 09:18:42,745 [INFO] MainUpdater:290 - Updater Check For Update Now.
2024-09-12 09:18:42,745 [INFO] MicroXplorer:498 - Change Database Version : DB.6.0.120
2024-09-12 09:18:42,762 [INFO] McuFinderGlobals:63 - Set McuFinder mode to 2 (CubeIDE integrated)
2024-09-12 09:18:42,768 [INFO] UserAuth:417 - Internet connection configuration mode: 1
2024-09-12 09:18:42,792 [INFO] JxBrowserEngine:152 - Initiate JxBrowser Engine with user profile folder
2024-09-12 09:18:43,910 [INFO] ServerAccessManage:473 - Download File updaters.zip
2024-09-12 09:18:44,006 [INFO] FileExtend:240 - Unzip File : updaters.zip
2024-09-12 09:18:44,006 [INFO] FileExtend:255 - Standard Zip Deflate
2024-09-12 09:18:44,675 [INFO] ServerAccessManage:473 - Download File PacksControlFlags.xml
2024-09-12 09:18:44,690 [WARN] MainUpdater:1194 - Updater busy. Cannot search thirdparties
2024-09-12 09:18:44,690 [INFO] ThirdPartyUpdaterWithRetryManager:96 - Updater plugin is busy. [1/15]
2024-09-12 09:18:46,298 [INFO] ServerAccessManage:473 - Download File cubemx.pidx
2024-09-12 09:18:46,522 [INFO] WebApp:167 - Instantiating new browser for Auth
2024-09-12 09:18:47,655 [INFO] WebApp:448 - Apply proxy settings
2024-09-12 09:18:47,656 [INFO] WebApp:533 - Chromium requires no authentication
2024-09-12 09:18:47,668 [INFO] WebApp:476 - Direct internet connection detected
2024-09-12 09:18:47,693 [WARN] MainUpdater:1194 - Updater busy. Cannot search thirdparties
2024-09-12 09:18:47,693 [INFO] ThirdPartyUpdaterWithRetryManager:96 - Updater plugin is busy. [2/15]
2024-09-12 09:18:47,712 [INFO] WebApp:869 - Register for checkConnection events
2024-09-12 09:18:47,712 [INFO] WebApp:448 - Apply proxy settings
2024-09-12 09:18:47,712 [INFO] WebApp:533 - Chromium requires no authentication
2024-09-12 09:18:47,713 [INFO] WebApp:476 - Direct internet connection detected
2024-09-12 09:18:47,904 [INFO] WebApp:220 - Starting web application
2024-09-12 09:18:47,904 [INFO] WebApp:578 - Web application path used C:\ST\STM32CubeIDE_1.15.0\STM32CubeIDE\plugins\com.st.stm32cube.common.mx_6.12.0.202406281431\db\plugins\mcufinder\reactClient1\index.html
2024-09-12 09:18:48,060 [INFO] UserAuth:417 - Internet connection configuration mode: 1
2024-09-12 09:18:48,187 [INFO] WebApp:186 - Connection restablished
2024-09-12 09:18:48,198 [INFO] ServerAccessManage:473 - Download File STMicroelectronics.X-CUBE-GNSS1.pdsc
2024-09-12 09:18:50,694 [WARN] MainUpdater:1194 - Updater busy. Cannot search thirdparties
2024-09-12 09:18:50,694 [INFO] ThirdPartyUpdaterWithRetryManager:96 - Updater plugin is busy. [3/15]
2024-09-12 09:18:53,695 [WARN] MainUpdater:1194 - Updater busy. Cannot search thirdparties
2024-09-12 09:18:53,695 [INFO] ThirdPartyUpdaterWithRetryManager:96 - Updater plugin is busy. [4/15]
2024-09-12 09:18:55,644 [ERROR] ServerAccessManage:1089 - Problem, file not found on Server
2024-09-12 09:18:56,697 [WARN] MainUpdater:1194 - Updater busy. Cannot search thirdparties
2024-09-12 09:18:56,697 [INFO] ThirdPartyUpdaterWithRetryManager:96 - Updater plugin is busy. [5/15]
2024-09-12 09:18:56,881 [ERROR] ServerAccessManage:1089 - Problem, file not found on Server
2024-09-12 09:18:58,093 [ERROR] ServerAccessManage:1089 - Problem, file not found on Server
2024-09-12 09:18:59,272 [ERROR] ServerAccessManage:1089 - Problem, file not found on Server
2024-09-12 09:18:59,699 [WARN] MainUpdater:1194 - Updater busy. Cannot search thirdparties
2024-09-12 09:18:59,699 [INFO] ThirdPartyUpdaterWithRetryManager:96 - Updater plugin is busy. [6/15]
2024-09-12 09:19:00,450 [ERROR] ServerAccessManage:1089 - Problem, file not found on Server
2024-09-12 09:19:01,628 [ERROR] ServerAccessManage:1089 - Problem, file not found on Server
2024-09-12 09:19:02,571 [WARN] PackLoader:240 - Cannot read IP mode file for STMicroelectronics.X-CUBE-GNSS1.7.0.0
2024-09-12 09:19:02,575 [INFO] PopulateThirdPartyThread:66 - Ending populate Thread
2024-09-12 09:19:02,577 [INFO] ThirdParty:1030 - CMSIS Pack Vendor :STMicroelectronics X-CUBE-GNSS1 7.0.0
2024-09-12 09:19:02,577 [INFO] LoadServerUpdatesThread:375 - End of LoadServerUpdate Thread
2024-09-12 09:19:02,695 [INFO] CheckServerUpdateThread:120 - End of CheckServer Thread
2024-09-12 09:19:02,956 [WARN] PackLoader:240 - Cannot read IP mode file for STMicroelectronics.FP-SNS-MOTENVWB1.1.4.0
2024-09-12 09:19:02,973 [WARN] PackLoader:240 - Cannot read IP mode file for STMicroelectronics.X-CUBE-SMBUS.2.1.0
2024-09-12 09:19:02,988 [WARN] PackLoader:240 - Cannot read IP mode file for STMicroelectronics.X-CUBE-TOUCHGFX.4.23.1
2024-09-12 09:19:02,999 [WARN] PackLoader:240 - Cannot read IP mode file for STMicroelectronics.X-CUBE-TOUCHGFX.4.23.0
2024-09-12 09:19:03,012 [WARN] PackLoader:240 - Cannot read IP mode file for STMicroelectronics.X-CUBE-TOUCHGFX.4.23.2
2024-09-12 09:19:03,056 [WARN] PackLoader:240 - Cannot read IP mode file for STMicroelectronics.X-CUBE-AZRTOS-F7.1.1.0
2024-09-12 09:19:03,078 [WARN] PackLoader:240 - Cannot read IP mode file for STMicroelectronics.FP-SNS-MOTENV1.4.3.2
2024-09-12 09:19:03,164 [WARN] PackLoader:240 - Cannot read IP mode file for STMicroelectronics.X-CUBE-MEMS1.11.0.0
2024-09-12 09:19:03,338 [WARN] PackLoader:240 - Cannot read IP mode file for STMicroelectronics.FP-SNS-FLIGHT1.5.0.2
2024-09-12 09:19:03,358 [WARN] PackLoader:240 - Cannot read IP mode file for STMicroelectronics.X-CUBE-DISPLAY.3.0.0
2024-09-12 09:19:03,376 [WARN] PackLoader:240 - Cannot read IP mode file for STMicroelectronics.X-CUBE-BLE1.7.0.0
2024-09-12 09:19:03,392 [WARN] PackLoader:240 - Cannot read IP mode file for emotas.I-CUBE-CANOPEN.1.3.0
2024-09-12 09:19:03,412 [WARN] PackLoader:240 - Cannot read IP mode file for STMicroelectronics.X-CUBE-BLEMGR.3.1.0
2024-09-12 09:19:03,428 [WARN] PackLoader:240 - Cannot read IP mode file for STMicroelectronics.FP-SNS-SMARTAG2.1.2.0
2024-09-12 09:19:03,450 [INFO] LogOutputStream:77 - [STDOUT_REDIRECT] 1 : Invalid condition id : UX_CORESTACK_Condition cause : null
2024-09-12 09:19:03,450 [INFO] LogOutputStream:77 - [STDOUT_REDIRECT] 1 : Invalid condition id : UX_CORESTACK_Condition cause : null
2024-09-12 09:19:03,451 [INFO] LogOutputStream:77 - [STDOUT_REDIRECT] 1 : Invalid condition id : UX_CORESTACK_Condition cause : null
2024-09-12 09:19:03,452 [INFO] LogOutputStream:77 - [STDOUT_REDIRECT] 1 : Invalid condition id : UX_CORESTACK_Condition cause : null
2024-09-12 09:19:03,454 [INFO] LogOutputStream:77 - [STDOUT_REDIRECT] 1 : Invalid condition id : UX_CORESTACK_Condition cause : null
2024-09-12 09:19:03,457 [WARN] PackLoader:240 - Cannot read IP mode file for STMicroelectronics.X-CUBE-AZRTOS-WL.2.0.0
2024-09-12 09:19:03,472 [WARN] PackLoader:240 - Cannot read IP mode file for STMicroelectronics.FP-SNS-MOTENV1.5.0.0
2024-09-12 09:19:03,479 [WARN] PackLoader:240 - Cannot read IP mode file for wolfSSL.I-CUBE-wolfMQTT.1.19.0
2024-09-12 09:19:03,496 [WARN] PackLoader:240 - Cannot read IP mode file for WES.I-CUBE-Cesium.1.3.0
2024-09-12 09:19:03,512 [WARN] PackLoader:240 - Cannot read IP mode file for STMicroelectronics.X-CUBE-BLE2.3.3.0
2024-09-12 09:19:03,528 [WARN] PackLoader:240 - Cannot read IP mode file for STMicroelectronics.X-CUBE-TCPP.4.1.0
2024-09-12 09:19:03,542 [WARN] PackLoader:240 - Cannot read IP mode file for STMicroelectronics.X-CUBE-ALGOBUILD.1.3.0
2024-09-12 09:19:03,569 [WARN] PackLoader:240 - Cannot read IP mode file for STMicroelectronics.X-CUBE-AZRTOS-G0.1.1.0
2024-09-12 09:19:03,586 [WARN] PackLoader:240 - Cannot read IP mode file for STMicroelectronics.X-CUBE-SAFEA1.1.2.2
2024-09-12 09:19:03,602 [WARN] PackLoader:240 - Cannot read IP mode file for STMicroelectronics.X-CUBE-NFC4.3.0.0
2024-09-12 09:19:03,634 [WARN] PackLoader:240 - Cannot read IP mode file for EmbeddedOffice.I-CUBE-FS-RTOS.1.0.1
2024-09-12 09:19:03,634 [ERROR] ConditionMgr:805 - Attr not supported : Dmpu
2024-09-12 09:19:03,634 [ERROR] ConditionMgr:805 - Attr not supported : Dmpu
2024-09-12 09:19:03,634 [ERROR] ConditionMgr:805 - Attr not supported : Dmpu
2024-09-12 09:19:03,635 [ERROR] ConditionMgr:805 - Attr not supported : Dmpu
2024-09-12 09:19:03,635 [ERROR] ConditionMgr:805 - Attr not supported : Dmpu
2024-09-12 09:19:03,635 [ERROR] ConditionMgr:805 - Attr not supported : Dmpu
2024-09-12 09:19:03,635 [ERROR] ConditionMgr:805 - Attr not supported : Dmpu
2024-09-12 09:19:03,635 [ERROR] ConditionMgr:805 - Attr not supported : Dmpu
2024-09-12 09:19:03,635 [ERROR] ConditionMgr:805 - Attr not supported : Dmpu
2024-09-12 09:19:03,635 [ERROR] ConditionMgr:805 - Attr not supported : Dmpu
2024-09-12 09:19:03,635 [ERROR] ConditionMgr:805 - Attr not supported : Dmpu
2024-09-12 09:19:03,635 [ERROR] ConditionMgr:805 - Attr not supported : Dmpu
2024-09-12 09:19:03,635 [ERROR] ConditionMgr:805 - Attr not supported : Dmpu
2024-09-12 09:19:03,635 [ERROR] ConditionMgr:805 - Attr not supported : Dmpu
2024-09-12 09:19:03,635 [ERROR] ConditionMgr:805 - Attr not supported : Dmpu
2024-09-12 09:19:03,635 [ERROR] ConditionMgr:805 - Attr not supported : Dmpu
2024-09-12 09:19:03,635 [ERROR] ConditionMgr:805 - Attr not supported : Dmpu
2024-09-12 09:19:03,635 [ERROR] ConditionMgr:805 - Attr not supported : Dmpu
2024-09-12 09:19:03,635 [ERROR] ConditionMgr:805 - Attr not supported : Dmpu
2024-09-12 09:19:03,635 [ERROR] ConditionMgr:805 - Attr not supported : Dmpu
2024-09-12 09:19:03,635 [ERROR] ConditionMgr:805 - Attr not supported : Dmpu
2024-09-12 09:19:03,636 [ERROR] ConditionMgr:805 - Attr not supported : Dmpu
2024-09-12 09:19:03,636 [ERROR] ConditionMgr:805 - Attr not supported : Dmpu
2024-09-12 09:19:03,636 [ERROR] ConditionMgr:805 - Attr not supported : Dmpu
2024-09-12 09:19:03,636 [ERROR] ConditionMgr:805 - Attr not supported : Dmpu
2024-09-12 09:19:03,636 [ERROR] ConditionMgr:805 - Attr not supported : Dmpu
2024-09-12 09:19:03,636 [ERROR] ConditionMgr:805 - Attr not supported : Dmpu
2024-09-12 09:19:03,636 [ERROR] ConditionMgr:805 - Attr not supported : Dmpu
2024-09-12 09:19:03,636 [ERROR] ConditionMgr:805 - Attr not supported : Dmpu
2024-09-12 09:19:03,636 [ERROR] ConditionMgr:805 - Attr not supported : Dmpu
2024-09-12 09:19:03,636 [ERROR] ConditionMgr:805 - Attr not supported : Dmpu
2024-09-12 09:19:03,636 [ERROR] ConditionMgr:805 - Attr not supported : Dmpu
2024-09-12 09:19:03,636 [ERROR] ConditionMgr:805 - Attr not supported : Dmpu
2024-09-12 09:19:03,636 [ERROR] ConditionMgr:805 - Attr not supported : Dmpu
2024-09-12 09:19:03,636 [ERROR] ConditionMgr:805 - Attr not supported : Dmpu
2024-09-12 09:19:03,636 [ERROR] ConditionMgr:805 - Attr not supported : Dmpu
2024-09-12 09:19:03,636 [ERROR] ConditionMgr:805 - Attr not supported : Dmpu
2024-09-12 09:19:03,636 [ERROR] ConditionMgr:805 - Attr not supported : Dmpu
2024-09-12 09:19:03,636 [ERROR] ConditionMgr:805 - Attr not supported : Dmpu
2024-09-12 09:19:03,636 [ERROR] ConditionMgr:805 - Attr not supported : Dmpu
2024-09-12 09:19:03,636 [ERROR] ConditionMgr:805 - Attr not supported : Dmpu
2024-09-12 09:19:03,637 [ERROR] ConditionMgr:805 - Attr not supported : Dmpu
2024-09-12 09:19:03,637 [ERROR] ConditionMgr:805 - Attr not supported : Dmpu
2024-09-12 09:19:03,637 [ERROR] ConditionMgr:805 - Attr not supported : Dmpu
2024-09-12 09:19:03,637 [ERROR] ConditionMgr:805 - Attr not supported : Dmpu
2024-09-12 09:19:03,637 [ERROR] ConditionMgr:805 - Attr not supported : Dmpu
2024-09-12 09:19:03,637 [ERROR] ConditionMgr:805 - Attr not supported : Dmpu
2024-09-12 09:19:03,637 [ERROR] ConditionMgr:805 - Attr not supported : Dmpu
2024-09-12 09:19:03,637 [ERROR] ConditionMgr:805 - Attr not supported : Dmpu
2024-09-12 09:19:03,637 [ERROR] ConditionMgr:805 - Attr not supported : Dmpu
2024-09-12 09:19:03,637 [ERROR] ConditionMgr:805 - Attr not supported : Dmpu
2024-09-12 09:19:03,637 [ERROR] ConditionMgr:805 - Attr not supported : Dmpu
2024-09-12 09:19:03,637 [ERROR] ConditionMgr:805 - Attr not supported : Dmpu
2024-09-12 09:19:03,637 [ERROR] ConditionMgr:805 - Attr not supported : Dmpu
2024-09-12 09:19:03,637 [ERROR] ConditionMgr:805 - Attr not supported : Dmpu
2024-09-12 09:19:03,637 [ERROR] ConditionMgr:805 - Attr not supported : Dmpu
2024-09-12 09:19:03,638 [ERROR] ConditionMgr:805 - Attr not supported : Dmpu
2024-09-12 09:19:03,638 [ERROR] ConditionMgr:805 - Attr not supported : Dmpu
2024-09-12 09:19:03,638 [ERROR] ConditionMgr:805 - Attr not supported : Dmpu
2024-09-12 09:19:03,638 [ERROR] ConditionMgr:805 - Attr not supported : Dmpu
2024-09-12 09:19:03,638 [ERROR] ConditionMgr:805 - Attr not supported : Dmpu
2024-09-12 09:19:03,638 [ERROR] ConditionMgr:805 - Attr not supported : Dmpu
2024-09-12 09:19:03,638 [ERROR] ConditionMgr:805 - Attr not supported : Dmpu
2024-09-12 09:19:03,638 [ERROR] ConditionMgr:805 - Attr not supported : Dmpu
2024-09-12 09:19:03,654 [WARN] PackLoader:240 - Cannot read IP mode file for RealThread.X-CUBE-RT-Thread_Nano.4.1.1
2024-09-12 09:19:03,659 [WARN] PackLoader:240 - Cannot read IP mode file for STMicroelectronics.FP-ATR-SIGFOX1.3.2.0
2024-09-12 09:19:03,674 [WARN] PackLoader:240 - Cannot read IP mode file for STMicroelectronics.X-CUBE-EEPRMA1.5.1.0
2024-09-12 09:19:03,711 [WARN] PackLoader:240 - Cannot read IP mode file for SEGGER.I-CUBE-embOS.1.3.1
2024-09-12 09:19:03,754 [WARN] PackLoader:240 - Cannot read IP mode file for STMicroelectronics.X-CUBE-ALGOBUILD.1.4.0
2024-09-12 09:19:03,770 [WARN] PackLoader:240 - Cannot read IP mode file for STMicroelectronics.X-CUBE-GNSS1.6.0.0
2024-09-12 09:19:03,801 [WARN] PackLoader:240 - Cannot read IP mode file for STMicroelectronics.X-CUBE-AZRTOS-F4.1.1.0
2024-09-12 09:19:03,818 [WARN] PackLoader:240 - Cannot read IP mode file for STMicroelectronics.X-CUBE-FREERTOS.1.2.0
2024-09-12 09:19:03,833 [WARN] PackLoader:240 - Cannot read IP mode file for wolfSSL.I-CUBE-wolfSSL.5.6.6
2024-09-12 09:19:03,866 [WARN] PackLoader:240 - Cannot read IP mode file for STMicroelectronics.X-CUBE-AZRTOS-L5.2.0.0
2024-09-12 09:19:03,887 [WARN] PackLoader:240 - Cannot read IP mode file for STMicroelectronics.X-CUBE-NFC6.3.1.0
2024-09-12 09:19:03,903 [WARN] PackLoader:240 - Cannot read IP mode file for ITTIA_DB.I-CUBE-ITTIADB.8.8.0
2024-09-12 09:19:03,920 [WARN] PackLoader:240 - Cannot read IP mode file for STMicroelectronics.X-CUBE-DPower.1.2.0
2024-09-12 09:19:03,936 [WARN] PackLoader:240 - Cannot read IP mode file for STMicroelectronics.X-CUBE-AI.9.0.0
2024-09-12 09:19:03,956 [WARN] PackLoader:240 - Cannot read IP mode file for STMicroelectronics.X-CUBE-NFC7.1.0.1
2024-09-12 09:19:03,964 [WARN] PackLoader:240 - Cannot read IP mode file for wolfSSL.I-CUBE-wolfTPM.3.2.0
2024-09-12 09:19:03,980 [WARN] PackLoader:240 - Cannot read IP mode file for STMicroelectronics.X-CUBE-NFC6.3.0.0
2024-09-12 09:19:03,994 [WARN] PackLoader:240 - Cannot read IP mode file for STMicroelectronics.X-CUBE-AI.8.1.0
2024-09-12 09:19:04,022 [WARN] ConditionMgr:438 - getConditionDescription Invalid condition id : LAN8742 Phy interface Condition cause : null
2024-09-12 09:19:04,022 [WARN] PackLoader:240 - Cannot read IP mode file for STMicroelectronics.X-CUBE-AZRTOS-L4.2.0.0
2024-09-12 09:19:04,023 [WARN] ConditionMgr:1039 - genDependencies : Invalid condition id : LAN8742 Phy interface Condition cause : null
2024-09-12 09:19:04,023 [WARN] ConditionMgr:1039 - genDependencies : Invalid condition id : LAN8742 Phy interface Condition cause : null
2024-09-12 09:19:04,024 [WARN] ConditionMgr:1039 - genDependencies : Invalid condition id : LAN8742 Phy interface Condition cause : null
2024-09-12 09:19:04,041 [WARN] PackLoader:240 - Cannot read IP mode file for STMicroelectronics.X-CUBE-SFXS2LP1.4.0.0
2024-09-12 09:19:04,079 [WARN] PackLoader:240 - Cannot read IP mode file for STMicroelectronics.X-CUBE-AZRTOS-H7.3.3.0
2024-09-12 09:19:04,112 [WARN] ConditionMgr:438 - getConditionDescription Invalid condition id : UX DEVICE CLASS RTOS Condition cause : null
2024-09-12 09:19:04,112 [WARN] ConditionMgr:438 - getConditionDescription Invalid condition id : UX DEVICE CLASS RTOS Condition cause : null
2024-09-12 09:19:04,114 [WARN] PackLoader:240 - Cannot read IP mode file for STMicroelectronics.X-CUBE-AZRTOS-WB.2.0.0
2024-09-12 09:19:04,115 [WARN] ConditionMgr:1039 - genDependencies : Invalid condition id : UX DEVICE CLASS RTOS Condition cause : null
2024-09-12 09:19:04,115 [WARN] ConditionMgr:1039 - genDependencies : Invalid condition id : UX DEVICE CLASS RTOS Condition cause : null
2024-09-12 09:19:04,116 [WARN] ConditionMgr:1039 - genDependencies : Invalid condition id : UX DEVICE CLASS RTOS Condition cause : null
2024-09-12 09:19:04,116 [WARN] ConditionMgr:1039 - genDependencies : Invalid condition id : UX DEVICE CLASS RTOS Condition cause : null
2024-09-12 09:19:04,116 [WARN] ConditionMgr:1039 - genDependencies : Invalid condition id : UX DEVICE CLASS RTOS Condition cause : null
2024-09-12 09:19:04,121 [WARN] PackLoader:240 - Cannot read IP mode file for STMicroelectronics.X-CUBE-GNSS1.7.0.0
2024-09-12 09:19:04,139 [WARN] PackLoader:240 - Cannot read IP mode file for STMicroelectronics.FP-SNS-STBOX1.2.0.0
2024-09-12 09:19:04,170 [WARN] PackLoader:240 - Cannot read IP mode file for STMicroelectronics.X-CUBE-SUBG2.5.0.0
2024-09-12 09:19:04,202 [WARN] PackLoader:240 - Cannot read IP mode file for STMicroelectronics.X-CUBE-AZRTOS-G4.2.0.0
2024-09-12 09:19:04,227 [WARN] PackLoader:240 - Cannot read IP mode file for Infineon.AIROC-Wi-Fi-Bluetooth-STM32.1.5.1
2024-09-12 09:19:04,243 [WARN] PackLoader:240 - Cannot read IP mode file for STMicroelectronics.FP-SNS-MOTENVWB1.1.3.1
2024-09-12 09:19:04,257 [WARN] PackLoader:240 - Cannot read IP mode file for STMicroelectronics.X-CUBE-ISPU.2.0.0
2024-09-12 09:19:04,271 [WARN] PackLoader:240 - Cannot read IP mode file for STMicroelectronics.X-CUBE-ALS.1.0.2
2024-09-12 09:19:04,316 [WARN] PackLoader:240 - Cannot read IP mode file for STMicroelectronics.X-CUBE-MEMS1.10.0.0
2024-09-12 09:19:04,412 [WARN] PackLoader:240 - Cannot read IP mode file for STMicroelectronics.X-CUBE-FREERTOS.1.1.0
2024-09-12 09:19:04,426 [WARN] PackLoader:240 - Cannot read IP mode file for STMicroelectronics.X-CUBE-TOUCHGFX.4.24.0
2024-09-12 09:19:04,443 [WARN] PackLoader:240 - Cannot read IP mode file for portGmbH.I-Cube-SoM-uGOAL.1.1.0
2024-09-12 09:19:04,458 [WARN] PackLoader:240 - Cannot read IP mode file for STMicroelectronics.X-CUBE-ALS.1.0.1
2024-09-12 09:19:04,484 [WARN] PackLoader:240 - Cannot read IP mode file for STMicroelectronics.X-CUBE-AZRTOS-H7RS.1.0.0
2024-09-12 09:19:04,490 [WARN] PackLoader:240 - Cannot read IP mode file for STMicroelectronics.FP-ATR-ASTRA1.2.0.0
2024-09-12 09:19:04,509 [WARN] PackLoader:240 - Cannot read IP mode file for STMicroelectronics.X-CUBE-TOF1.3.4.2
2024-09-12 09:19:04,533 [WARN] PackLoader:240 - Cannot read IP mode file for STMicroelectronics.X-CUBE-TOF1.3.4.1
2024-09-12 09:19:04,568 [WARN] PackLoader:240 - Cannot read IP mode file for STMicroelectronics.X-CUBE-AZRTOS-H7.3.2.0
2024-09-12 09:19:04,576 [WARN] PackLoader:240 - Cannot read IP mode file for wolfSSL.I-CUBE-wolfSSH.1.4.17
2024-09-12 09:19:04,577 [INFO] ThirdParty:978 - Integrity check success = true
2024-09-12 09:19:04,577 [INFO] IntegrityCheckThread:100 - exiting critical section [integrity check]
2024-09-12 09:19:04,577 [INFO] IntegrityCheckThread:103 - End integrity checks thread
2024-09-12 09:21:46,976 [ERROR] LogOutputStream:75 - [STDERR_REDIRECT] 
2024-09-12 09:21:46,977 [ERROR] LogOutputStream:75 - [STDERR_REDIRECT] 
