2024-09-06 13:38:07,588 [INFO] Activator:176 - 


2024-09-06 13:38:07,590 [INFO] Activator:177 - !SESSION log4j initialized
2024-09-06 13:38:09,969 [INFO] LogOutputStream:77 - [STDOUT_REDIRECT] 
2024-09-06 13:38:18,395 [INFO] ApplicationProperties:184 - Using Application install path: C:\ST\STM32CubeIDE_1.15.0\STM32CubeIDE\plugins\com.st.stm32cube.common.mx_6.12.0.202406281431
2024-09-06 13:38:18,415 [INFO] DbMcusXml:78 - Set database path to: C:\ST\STM32CubeIDE_1.15.0\STM32CubeIDE\plugins\com.st.stm32cube.common.mx_6.12.0.202406281431\\db\/mcu/
2024-09-06 13:38:18,415 [INFO] ApiDb:274 - Set plugin database path to: C:\ST\STM32CubeIDE_1.15.0\STM32CubeIDE\plugins\com.st.stm32cube.common.mx_6.12.0.202406281431\\db\/plugins/boardmanager/
2024-09-06 13:38:18,416 [WARN] ApiDb:259 - Overriding images path with different value:  => C:\ST\STM32CubeIDE_1.15.0\STM32CubeIDE\plugins\com.st.stm32cube.common.mx_6.12.0.202406281431\\db\/plugins/mcufinder/images/
2024-09-06 13:38:18,424 [INFO] ApiDb:250 - Set database path to: C:\Users\conor\.stmcufinder\plugins\mcufinder//mcu/
2024-09-06 13:38:18,425 [INFO] DbMcusAds:125 - Set database path to: C:\Users\conor\.stmcufinder\plugins\mcufinder//mcu/
2024-09-06 13:38:18,428 [INFO] CrossReferenceDbSqlite:203 - Set database path to: C:\Users\conor\.stmcufinder\plugins\mcufinder//mcu/cs/
2024-09-06 13:38:18,566 [INFO] RulesReader:64 - Compatibility file has been processed (297 Rules)
2024-09-06 13:38:18,656 [INFO] DbMcusXml:78 - Set database path to: C:\ST\STM32CubeIDE_1.15.0\STM32CubeIDE\plugins\com.st.stm32cube.common.mx_6.12.0.202406281431\\db\/mcu/
2024-09-06 13:38:18,656 [INFO] ApiDb:274 - Set plugin database path to: C:\ST\STM32CubeIDE_1.15.0\STM32CubeIDE\plugins\com.st.stm32cube.common.mx_6.12.0.202406281431\\db\/plugins/boardmanager/
2024-09-06 13:38:18,656 [INFO] ApiDb:261 - Set plugin images path to: C:\ST\STM32CubeIDE_1.15.0\STM32CubeIDE\plugins\com.st.stm32cube.common.mx_6.12.0.202406281431\\db\/plugins/mcufinder/images/
2024-09-06 13:38:18,656 [WARN] DbFile:41 - Overriding database path with different value: C:\Users\conor\.stmcufinder\plugins\mcufinder/ => C:\Users\conor\.stmcufinder\plugins\mcufinder
2024-09-06 13:38:18,656 [INFO] ApiDb:250 - Set database path to: C:\Users\conor\.stmcufinder\plugins\mcufinder//mcu/
2024-09-06 13:38:18,656 [WARN] DbFile:41 - Overriding database path with different value: C:\Users\conor\.stmcufinder\plugins\mcufinder/ => C:\Users\conor\.stmcufinder\plugins\mcufinder
2024-09-06 13:38:18,657 [INFO] DbMcusAds:125 - Set database path to: C:\Users\conor\.stmcufinder\plugins\mcufinder//mcu/
2024-09-06 13:38:18,657 [WARN] DbFile:41 - Overriding database path with different value: C:\Users\conor\.stmcufinder\plugins\mcufinder/ => C:\Users\conor\.stmcufinder\plugins\mcufinder
2024-09-06 13:38:18,657 [WARN] DbFile:41 - Overriding database path with different value: C:\Users\conor\.stmcufinder\plugins\mcufinder/ => C:\Users\conor\.stmcufinder\plugins\mcufinder
2024-09-06 13:38:18,657 [INFO] CrossReferenceDbSqlite:203 - Set database path to: C:\Users\conor\.stmcufinder\plugins\mcufinder//mcu/cs/
2024-09-06 13:38:18,737 [INFO] MainPanel:268 - HeapMemory: 268435456
2024-09-06 13:38:18,823 [INFO] DbMcusXml:78 - Set database path to: C:\ST\STM32CubeIDE_1.15.0\STM32CubeIDE\plugins\com.st.stm32cube.common.mx_6.12.0.202406281431\\db\/mcu/
2024-09-06 13:38:18,824 [INFO] ApiDb:274 - Set plugin database path to: C:\ST\STM32CubeIDE_1.15.0\STM32CubeIDE\plugins\com.st.stm32cube.common.mx_6.12.0.202406281431\\db\/plugins/boardmanager/
2024-09-06 13:38:18,824 [INFO] ApiDb:261 - Set plugin images path to: C:\ST\STM32CubeIDE_1.15.0\STM32CubeIDE\plugins\com.st.stm32cube.common.mx_6.12.0.202406281431\\db\/plugins/mcufinder/images/
2024-09-06 13:38:18,824 [WARN] DbFile:41 - Overriding database path with different value: C:\Users\conor\.stmcufinder\plugins\mcufinder/ => C:\Users\conor\.stmcufinder\plugins\mcufinder
2024-09-06 13:38:18,824 [INFO] ApiDb:250 - Set database path to: C:\Users\conor\.stmcufinder\plugins\mcufinder//mcu/
2024-09-06 13:38:18,824 [WARN] DbFile:41 - Overriding database path with different value: C:\Users\conor\.stmcufinder\plugins\mcufinder/ => C:\Users\conor\.stmcufinder\plugins\mcufinder
2024-09-06 13:38:18,824 [INFO] DbMcusAds:125 - Set database path to: C:\Users\conor\.stmcufinder\plugins\mcufinder//mcu/
2024-09-06 13:38:18,824 [WARN] DbFile:41 - Overriding database path with different value: C:\Users\conor\.stmcufinder\plugins\mcufinder/ => C:\Users\conor\.stmcufinder\plugins\mcufinder
2024-09-06 13:38:18,824 [WARN] DbFile:41 - Overriding database path with different value: C:\Users\conor\.stmcufinder\plugins\mcufinder/ => C:\Users\conor\.stmcufinder\plugins\mcufinder
2024-09-06 13:38:18,824 [INFO] CrossReferenceDbSqlite:203 - Set database path to: C:\Users\conor\.stmcufinder\plugins\mcufinder//mcu/cs/
2024-09-06 13:38:18,843 [INFO] ApplicationProperties:184 - Using Application install path: C:\ST\STM32CubeIDE_1.15.0\STM32CubeIDE\plugins\com.st.stm32cube.common.mx_6.12.0.202406281431
2024-09-06 13:38:18,844 [INFO] PluginManage:196 - Search for loadable plugins [exclusion list=, ]
2024-09-06 13:38:18,845 [INFO] PluginManage:310 - Check plugin analytics
2024-09-06 13:38:18,994 [INFO] AnalyticsPlugin:253 - Accepted Software Licenses: STM32CubeMX.6.10.0,STM32CubeMX.6.11.1,STM32CubeMX.6.12.0
2024-09-06 13:38:18,994 [INFO] AnalyticsPlugin:255 - Accepted CMSIS Pack Licenses: 
2024-09-06 13:38:18,995 [INFO] AnalyticsPlugin:257 - Accepted Firmware Licenses: FW.G4.1.5.0,FW.G4.1.6.0
2024-09-06 13:38:18,996 [INFO] PluginManage:359 - Loaded plugin analytics (category:tool,tabindex:-1)
2024-09-06 13:38:18,996 [INFO] PluginManage:310 - Check plugin cadmodel
2024-09-06 13:38:19,000 [INFO] CADModel:105 - Init CAD model plugin
2024-09-06 13:38:19,001 [INFO] PluginManage:359 - Loaded plugin cadmodel (category:power,tabindex:5)
2024-09-06 13:38:19,001 [INFO] PluginManage:310 - Check plugin clock
2024-09-06 13:38:19,009 [INFO] PluginManage:359 - Loaded plugin clock (category:base,tabindex:2)
2024-09-06 13:38:19,009 [INFO] PluginManage:310 - Check plugin ddr
2024-09-06 13:38:19,011 [INFO] PluginManage:359 - Loaded plugin ddr (category:tool,tabindex:6)
2024-09-06 13:38:19,011 [INFO] PluginManage:310 - Check plugin filemanager
2024-09-06 13:38:19,140 [INFO] PluginManage:359 - Loaded plugin filemanager (category:base,tabindex:10)
2024-09-06 13:38:19,140 [INFO] PluginManage:310 - Check plugin ipmanager
2024-09-06 13:38:19,146 [INFO] PluginManage:359 - Loaded plugin ipmanager (category:base,tabindex:5)
2024-09-06 13:38:19,146 [INFO] PluginManage:310 - Check plugin lpbam
2024-09-06 13:38:19,153 [INFO] PluginManage:359 - Loaded plugin lpbam (category:base,tabindex:0)
2024-09-06 13:38:19,153 [INFO] PluginManage:310 - Check plugin memorymap
2024-09-06 13:38:19,168 [INFO] PluginManage:359 - Loaded plugin memorymap (category:base,tabindex:4)
2024-09-06 13:38:19,168 [INFO] PluginManage:310 - Check plugin pinoutandconfiguration
2024-09-06 13:38:19,176 [INFO] PluginManage:359 - Loaded plugin pinoutandconfiguration (category:base,tabindex:1)
2024-09-06 13:38:19,176 [INFO] PluginManage:310 - Check plugin pinoutconfig
2024-09-06 13:38:19,266 [WARN] SupportedApi:132 - Cannot load RTOS API schema: s4s-elt-must-match.1: The content of 'definitions' must match (annotation?, (simpleType | complexType)?, (unique | key | keyref)*)). A problem was found starting at: attribute.
2024-09-06 13:38:19,402 [INFO] PluginManage:359 - Loaded plugin pinoutconfig (category:base,tabindex:0)
2024-09-06 13:38:19,403 [INFO] PluginManage:310 - Check plugin power
2024-09-06 13:38:19,409 [INFO] PluginManage:359 - Loaded plugin power (category:power,tabindex:4)
2024-09-06 13:38:19,409 [INFO] PluginManage:310 - Check plugin projectmanager
2024-09-06 13:38:19,423 [INFO] PluginManage:359 - Loaded plugin projectmanager (category:projectmanager,tabindex:4)
2024-09-06 13:38:19,423 [INFO] PluginManage:310 - Check plugin rif
2024-09-06 13:38:19,428 [INFO] PluginManage:359 - Loaded plugin rif (category:base,tabindex:3)
2024-09-06 13:38:19,428 [INFO] PluginManage:310 - Check plugin thirdparty
2024-09-06 13:38:19,547 [INFO] PluginManage:359 - Loaded plugin thirdparty (category:base,tabindex:-1)
2024-09-06 13:38:19,547 [INFO] PluginManage:310 - Check plugin tools
2024-09-06 13:38:19,547 [WARN] IntegrityCheckThread:84 - waiting for thirdparty lock release [integrity check]
2024-09-06 13:38:19,547 [INFO] IntegrityCheckThread:86 - entering critical section [integrity check]
2024-09-06 13:38:19,548 [INFO] ThirdPartyUpdaterWithRetryManager:70 - Updater plugin not ready yet. [1/15]
2024-09-06 13:38:19,549 [INFO] PluginManage:359 - Loaded plugin tools (category:base,tabindex:7)
2024-09-06 13:38:19,549 [INFO] PluginManage:310 - Check plugin tutovideos
2024-09-06 13:38:19,729 [INFO] PluginManage:359 - Loaded plugin tutovideos (category:base,tabindex:-1)
2024-09-06 13:38:19,729 [INFO] PluginManage:310 - Check plugin updater
2024-09-06 13:38:19,744 [INFO] PluginManage:359 - Loaded plugin updater (category:base,tabindex:12)
2024-09-06 13:38:19,744 [INFO] PluginManage:310 - Check plugin userauth
2024-09-06 13:38:19,749 [INFO] UserAuth:113 - Init User Auth plugin
2024-09-06 13:38:19,749 [INFO] PluginManage:359 - Loaded plugin userauth (category:base,tabindex:14)
2024-09-06 13:38:19,750 [INFO] PluginManage:283 - PluginManage : Loaded plugins [18]
2024-09-06 13:38:19,945 [INFO] PinOutPanel:1561 - setPackage(No Configuration,No Configuration)
2024-09-06 13:38:20,046 [INFO] CADModel:165 - CPN selected for project level
2024-09-06 13:38:20,046 [INFO] CADModel:114 - Register for checkConnection events
2024-09-06 13:38:20,061 [INFO] IPUIPlugin:80 - create IPUIPlugin
2024-09-06 13:38:20,061 [INFO] PluginManager:220 - loadIPPluginJar : add adc
2024-09-06 13:38:20,063 [INFO] IPUIPlugin:80 - create IPUIPlugin
2024-09-06 13:38:20,063 [INFO] PluginManager:220 - loadIPPluginJar : add aes
2024-09-06 13:38:20,065 [INFO] IPUIPlugin:80 - create IPUIPlugin
2024-09-06 13:38:20,065 [INFO] PluginManager:220 - loadIPPluginJar : add can
2024-09-06 13:38:20,067 [INFO] IPUIPlugin:80 - create IPUIPlugin
2024-09-06 13:38:20,067 [INFO] PluginManager:220 - loadIPPluginJar : add comp
2024-09-06 13:38:20,070 [INFO] IPUIPlugin:80 - create IPUIPlugin
2024-09-06 13:38:20,070 [INFO] PluginManager:220 - loadIPPluginJar : add cryp
2024-09-06 13:38:20,072 [INFO] IPUIPlugin:80 - create IPUIPlugin
2024-09-06 13:38:20,072 [INFO] PluginManager:220 - loadIPPluginJar : add ddr_ctrl_phy
2024-09-06 13:38:20,075 [INFO] IPUIPlugin:80 - create IPUIPlugin
2024-09-06 13:38:20,075 [INFO] PluginManager:220 - loadIPPluginJar : add dfsdm
2024-09-06 13:38:20,080 [INFO] IPUIPlugin:80 - create IPUIPlugin
2024-09-06 13:38:20,080 [INFO] PluginManager:220 - loadIPPluginJar : add dma
2024-09-06 13:38:20,082 [INFO] IPUIPlugin:80 - create IPUIPlugin
2024-09-06 13:38:20,082 [INFO] PluginManager:220 - loadIPPluginJar : add dma3
2024-09-06 13:38:20,085 [INFO] IPUIPlugin:80 - create IPUIPlugin
2024-09-06 13:38:20,085 [INFO] PluginManager:220 - loadIPPluginJar : add extmemmanager
2024-09-06 13:38:20,087 [INFO] IPUIPlugin:80 - create IPUIPlugin
2024-09-06 13:38:20,087 [INFO] PluginManager:220 - loadIPPluginJar : add fatfs
2024-09-06 13:38:20,090 [INFO] IPUIPlugin:80 - create IPUIPlugin
2024-09-06 13:38:20,091 [INFO] PluginManager:220 - loadIPPluginJar : add fmc
2024-09-06 13:38:20,095 [INFO] IPUIPlugin:80 - create IPUIPlugin
2024-09-06 13:38:20,096 [INFO] PluginManager:220 - loadIPPluginJar : add freertos
2024-09-06 13:38:20,098 [INFO] IPUIPlugin:80 - create IPUIPlugin
2024-09-06 13:38:20,098 [INFO] PluginManager:220 - loadIPPluginJar : add genericplugin
2024-09-06 13:38:20,100 [INFO] IPUIPlugin:80 - create IPUIPlugin
2024-09-06 13:38:20,101 [INFO] PluginManager:220 - loadIPPluginJar : add gfxmmu
2024-09-06 13:38:20,105 [INFO] IPUIPlugin:80 - create IPUIPlugin
2024-09-06 13:38:20,105 [INFO] PluginManager:220 - loadIPPluginJar : add gic
2024-09-06 13:38:20,109 [INFO] IPUIPlugin:80 - create IPUIPlugin
2024-09-06 13:38:20,109 [INFO] PluginManager:220 - loadIPPluginJar : add gpio
2024-09-06 13:38:20,111 [INFO] IPUIPlugin:80 - create IPUIPlugin
2024-09-06 13:38:20,111 [INFO] PluginManager:220 - loadIPPluginJar : add gtzc
2024-09-06 13:38:20,113 [INFO] IPUIPlugin:80 - create IPUIPlugin
2024-09-06 13:38:20,113 [INFO] PluginManager:220 - loadIPPluginJar : add hash
2024-09-06 13:38:20,116 [INFO] IPUIPlugin:80 - create IPUIPlugin
2024-09-06 13:38:20,116 [INFO] PluginManager:220 - loadIPPluginJar : add i2c
2024-09-06 13:38:20,119 [INFO] IPUIPlugin:80 - create IPUIPlugin
2024-09-06 13:38:20,119 [INFO] PluginManager:220 - loadIPPluginJar : add i2s
2024-09-06 13:38:20,121 [INFO] IPUIPlugin:80 - create IPUIPlugin
2024-09-06 13:38:20,121 [INFO] PluginManager:220 - loadIPPluginJar : add i3c
2024-09-06 13:38:20,124 [INFO] IPUIPlugin:80 - create IPUIPlugin
2024-09-06 13:38:20,124 [INFO] PluginManager:220 - loadIPPluginJar : add ipddr
2024-09-06 13:38:20,130 [INFO] IPUIPlugin:80 - create IPUIPlugin
2024-09-06 13:38:20,130 [INFO] PluginManager:220 - loadIPPluginJar : add linkedlist
2024-09-06 13:38:20,133 [INFO] IPUIPlugin:80 - create IPUIPlugin
2024-09-06 13:38:20,133 [INFO] PluginManager:220 - loadIPPluginJar : add lorawan
2024-09-06 13:38:20,134 [INFO] IPUIPlugin:80 - create IPUIPlugin
2024-09-06 13:38:20,134 [INFO] PluginManager:220 - loadIPPluginJar : add ltdc
2024-09-06 13:38:20,138 [INFO] IPUIPlugin:80 - create IPUIPlugin
2024-09-06 13:38:20,139 [INFO] PluginManager:220 - loadIPPluginJar : add mdma
2024-09-06 13:38:20,142 [INFO] IPUIPlugin:80 - create IPUIPlugin
2024-09-06 13:38:20,142 [INFO] PluginManager:220 - loadIPPluginJar : add nvic
2024-09-06 13:38:20,144 [INFO] IPUIPlugin:80 - create IPUIPlugin
2024-09-06 13:38:20,145 [INFO] PluginManager:220 - loadIPPluginJar : add opamp
2024-09-06 13:38:20,148 [INFO] IPUIPlugin:80 - create IPUIPlugin
2024-09-06 13:38:20,148 [INFO] PluginManager:220 - loadIPPluginJar : add openamp
2024-09-06 13:38:20,151 [INFO] IPUIPlugin:80 - create IPUIPlugin
2024-09-06 13:38:20,151 [INFO] PluginManager:220 - loadIPPluginJar : add pdm2pcm
2024-09-06 13:38:20,156 [INFO] IPUIPlugin:80 - create IPUIPlugin
2024-09-06 13:38:20,158 [INFO] PluginManager:220 - loadIPPluginJar : add plateformsettings
2024-09-06 13:38:20,159 [INFO] IPUIPlugin:80 - create IPUIPlugin
2024-09-06 13:38:20,159 [INFO] PluginManager:220 - loadIPPluginJar : add quadspi
2024-09-06 13:38:20,161 [INFO] IPUIPlugin:80 - create IPUIPlugin
2024-09-06 13:38:20,161 [INFO] PluginManager:220 - loadIPPluginJar : add radio
2024-09-06 13:38:20,164 [INFO] IPUIPlugin:80 - create IPUIPlugin
2024-09-06 13:38:20,164 [INFO] PluginManager:220 - loadIPPluginJar : add resmgrutility
2024-09-06 13:38:20,167 [INFO] IPUIPlugin:80 - create IPUIPlugin
2024-09-06 13:38:20,168 [INFO] PluginManager:220 - loadIPPluginJar : add sai
2024-09-06 13:38:20,170 [INFO] IPUIPlugin:80 - create IPUIPlugin
2024-09-06 13:38:20,170 [INFO] PluginManager:220 - loadIPPluginJar : add spi
2024-09-06 13:38:20,174 [INFO] IPUIPlugin:80 - create IPUIPlugin
2024-09-06 13:38:20,174 [INFO] PluginManager:220 - loadIPPluginJar : add stm32_wpan
2024-09-06 13:38:20,175 [INFO] IPUIPlugin:80 - create IPUIPlugin
2024-09-06 13:38:20,175 [INFO] PluginManager:220 - loadIPPluginJar : add tim
2024-09-06 13:38:20,178 [INFO] IPUIPlugin:80 - create IPUIPlugin
2024-09-06 13:38:20,178 [INFO] PluginManager:220 - loadIPPluginJar : add touchsensing
2024-09-06 13:38:20,179 [INFO] IPUIPlugin:80 - create IPUIPlugin
2024-09-06 13:38:20,180 [INFO] PluginManager:220 - loadIPPluginJar : add tracer_emb
2024-09-06 13:38:20,181 [INFO] IPUIPlugin:80 - create IPUIPlugin
2024-09-06 13:38:20,181 [INFO] PluginManager:220 - loadIPPluginJar : add ts
2024-09-06 13:38:20,183 [INFO] IPUIPlugin:80 - create IPUIPlugin
2024-09-06 13:38:20,183 [INFO] PluginManager:220 - loadIPPluginJar : add tsc
2024-09-06 13:38:20,185 [INFO] IPUIPlugin:80 - create IPUIPlugin
2024-09-06 13:38:20,185 [INFO] PluginManager:220 - loadIPPluginJar : add ucpd
2024-09-06 13:38:20,187 [INFO] IPUIPlugin:80 - create IPUIPlugin
2024-09-06 13:38:20,187 [INFO] PluginManager:220 - loadIPPluginJar : add usart
2024-09-06 13:38:20,191 [INFO] IPUIPlugin:80 - create IPUIPlugin
2024-09-06 13:38:20,191 [INFO] PluginManager:220 - loadIPPluginJar : add usbx
2024-09-06 13:38:20,320 [INFO] CADModel:165 - CPN selected for project level
2024-09-06 13:38:20,320 [INFO] CADModel:114 - Register for checkConnection events
2024-09-06 13:38:20,321 [FATAL] Updater:334 - Updater called before beeing initialized
2024-09-06 13:38:20,321 [ERROR] CADModel:125 - Updater not yet initialized, retry later 
2024-09-06 13:38:20,446 [INFO] CADModel:165 - CPN selected for project level
2024-09-06 13:38:20,446 [INFO] CADModel:114 - Register for checkConnection events
2024-09-06 13:38:20,446 [FATAL] Updater:334 - Updater called before beeing initialized
2024-09-06 13:38:20,446 [ERROR] CADModel:125 - Updater not yet initialized, retry later 
2024-09-06 13:38:20,450 [FATAL] Updater:334 - Updater called before beeing initialized
2024-09-06 13:38:20,544 [FATAL] Updater:334 - Updater called before beeing initialized
2024-09-06 13:38:20,548 [INFO] DbMcusAds:53 - JSON generation date=Thu May 16 21:22:00 NZST 2024 (1715851320667)
2024-09-06 13:38:20,558 [FATAL] Updater:334 - Updater called before beeing initialized
2024-09-06 13:38:20,602 [WARN] DetailPanel:346 - Failed to get advertising image, set to default
2024-09-06 13:38:20,718 [FATAL] Updater:334 - Updater called before beeing initialized
2024-09-06 13:38:20,720 [FATAL] Updater:334 - Updater called before beeing initialized
2024-09-06 13:38:20,720 [FATAL] Updater:334 - Updater called before beeing initialized
2024-09-06 13:38:20,720 [WARN] DetailPanel:346 - Failed to get advertising image, set to default
2024-09-06 13:38:20,721 [FATAL] Updater:334 - Updater called before beeing initialized
2024-09-06 13:38:20,763 [ERROR] Updater:1164 - MainUpdater not yet initialized. External WinMGr cannot be set.
2024-09-06 13:38:20,765 [INFO] Updater:1100 - Updater Version found : 6.12.0
2024-09-06 13:38:20,779 [INFO] ApplicationProperties:184 - Using Application install path: C:\ST\STM32CubeIDE_1.15.0\STM32CubeIDE\plugins\com.st.stm32cube.common.mx_6.12.0.202406281431
2024-09-06 13:38:22,358 [ERROR] LogOutputStream:75 - [STDERR_REDIRECT] Sep 06, 2024 1:38:22 PM java.util.prefs.WindowsPreferences <init>
2024-09-06 13:38:22,360 [ERROR] LogOutputStream:75 - [STDERR_REDIRECT] WARNING: Could not open/create prefs root node Software\JavaSoft\Prefs at root 0xffffffff80000002. Windows RegCreateKeyEx(...) returned error code 5.
2024-09-06 13:38:22,360 [ERROR] LogOutputStream:75 - [STDERR_REDIRECT] 
2024-09-06 13:38:22,551 [INFO] ThirdPartyUpdaterWithRetryManager:70 - Updater plugin not ready yet. [2/15]
2024-09-06 13:38:22,722 [INFO] MainUpdater:2873 - connection check result : 10
2024-09-06 13:38:22,723 [INFO] MainUpdater:290 - Updater Check For Update Now.
2024-09-06 13:38:22,724 [INFO] MicroXplorer:498 - Change Database Version : DB.6.0.120
2024-09-06 13:38:22,740 [INFO] McuFinderGlobals:63 - Set McuFinder mode to 2 (CubeIDE integrated)
2024-09-06 13:38:22,747 [INFO] UserAuth:417 - Internet connection configuration mode: 1
2024-09-06 13:38:22,782 [INFO] JxBrowserEngine:152 - Initiate JxBrowser Engine with user profile folder
2024-09-06 13:38:22,945 [INFO] CheckServerUpdateThread:120 - End of CheckServer Thread
2024-09-06 13:38:25,916 [INFO] WebApp:167 - Instantiating new browser for Auth
2024-09-06 13:38:25,916 [WARN] PackLoader:240 - Cannot read IP mode file for STMicroelectronics.FP-SNS-MOTENVWB1.1.4.0
2024-09-06 13:38:25,942 [WARN] PackLoader:240 - Cannot read IP mode file for STMicroelectronics.X-CUBE-SMBUS.2.1.0
2024-09-06 13:38:25,961 [WARN] PackLoader:240 - Cannot read IP mode file for STMicroelectronics.X-CUBE-TOUCHGFX.4.23.1
2024-09-06 13:38:25,975 [WARN] PackLoader:240 - Cannot read IP mode file for STMicroelectronics.X-CUBE-TOUCHGFX.4.23.0
2024-09-06 13:38:25,993 [WARN] PackLoader:240 - Cannot read IP mode file for STMicroelectronics.X-CUBE-TOUCHGFX.4.23.2
2024-09-06 13:38:26,040 [WARN] PackLoader:240 - Cannot read IP mode file for STMicroelectronics.X-CUBE-AZRTOS-F7.1.1.0
2024-09-06 13:38:26,065 [WARN] PackLoader:240 - Cannot read IP mode file for STMicroelectronics.FP-SNS-MOTENV1.4.3.2
2024-09-06 13:38:26,155 [WARN] PackLoader:240 - Cannot read IP mode file for STMicroelectronics.X-CUBE-MEMS1.11.0.0
2024-09-06 13:38:26,280 [WARN] PackLoader:240 - Cannot read IP mode file for STMicroelectronics.FP-SNS-FLIGHT1.5.0.2
2024-09-06 13:38:26,296 [WARN] PackLoader:240 - Cannot read IP mode file for STMicroelectronics.X-CUBE-DISPLAY.3.0.0
2024-09-06 13:38:26,313 [WARN] PackLoader:240 - Cannot read IP mode file for STMicroelectronics.X-CUBE-BLE1.7.0.0
2024-09-06 13:38:26,329 [WARN] PackLoader:240 - Cannot read IP mode file for emotas.I-CUBE-CANOPEN.1.3.0
2024-09-06 13:38:26,345 [WARN] PackLoader:240 - Cannot read IP mode file for STMicroelectronics.X-CUBE-BLEMGR.3.1.0
2024-09-06 13:38:26,359 [WARN] PackLoader:240 - Cannot read IP mode file for STMicroelectronics.FP-SNS-SMARTAG2.1.2.0
2024-09-06 13:38:26,382 [INFO] LogOutputStream:77 - [STDOUT_REDIRECT] 1 : Invalid condition id : UX_CORESTACK_Condition cause : null
2024-09-06 13:38:26,382 [INFO] LogOutputStream:77 - [STDOUT_REDIRECT] 1 : Invalid condition id : UX_CORESTACK_Condition cause : null
2024-09-06 13:38:26,383 [INFO] LogOutputStream:77 - [STDOUT_REDIRECT] 1 : Invalid condition id : UX_CORESTACK_Condition cause : null
2024-09-06 13:38:26,385 [INFO] LogOutputStream:77 - [STDOUT_REDIRECT] 1 : Invalid condition id : UX_CORESTACK_Condition cause : null
2024-09-06 13:38:26,386 [INFO] LogOutputStream:77 - [STDOUT_REDIRECT] 1 : Invalid condition id : UX_CORESTACK_Condition cause : null
2024-09-06 13:38:26,389 [WARN] PackLoader:240 - Cannot read IP mode file for STMicroelectronics.X-CUBE-AZRTOS-WL.2.0.0
2024-09-06 13:38:26,405 [WARN] PackLoader:240 - Cannot read IP mode file for STMicroelectronics.FP-SNS-MOTENV1.5.0.0
2024-09-06 13:38:26,422 [WARN] PackLoader:240 - Cannot read IP mode file for wolfSSL.I-CUBE-wolfMQTT.1.19.0
2024-09-06 13:38:26,442 [WARN] PackLoader:240 - Cannot read IP mode file for WES.I-CUBE-Cesium.1.3.0
2024-09-06 13:38:26,458 [WARN] PackLoader:240 - Cannot read IP mode file for STMicroelectronics.X-CUBE-BLE2.3.3.0
2024-09-06 13:38:26,474 [WARN] PackLoader:240 - Cannot read IP mode file for STMicroelectronics.X-CUBE-TCPP.4.1.0
2024-09-06 13:38:26,491 [WARN] PackLoader:240 - Cannot read IP mode file for STMicroelectronics.X-CUBE-ALGOBUILD.1.3.0
2024-09-06 13:38:26,518 [WARN] PackLoader:240 - Cannot read IP mode file for STMicroelectronics.X-CUBE-AZRTOS-G0.1.1.0
2024-09-06 13:38:26,532 [WARN] PackLoader:240 - Cannot read IP mode file for STMicroelectronics.X-CUBE-SAFEA1.1.2.2
2024-09-06 13:38:26,546 [WARN] PackLoader:240 - Cannot read IP mode file for STMicroelectronics.X-CUBE-NFC4.3.0.0
2024-09-06 13:38:26,562 [WARN] PackLoader:240 - Cannot read IP mode file for EmbeddedOffice.I-CUBE-FS-RTOS.1.0.1
2024-09-06 13:38:26,563 [ERROR] ConditionMgr:805 - Attr not supported : Dmpu
2024-09-06 13:38:26,563 [ERROR] ConditionMgr:805 - Attr not supported : Dmpu
2024-09-06 13:38:26,563 [ERROR] ConditionMgr:805 - Attr not supported : Dmpu
2024-09-06 13:38:26,563 [ERROR] ConditionMgr:805 - Attr not supported : Dmpu
2024-09-06 13:38:26,563 [ERROR] ConditionMgr:805 - Attr not supported : Dmpu
2024-09-06 13:38:26,563 [ERROR] ConditionMgr:805 - Attr not supported : Dmpu
2024-09-06 13:38:26,563 [ERROR] ConditionMgr:805 - Attr not supported : Dmpu
2024-09-06 13:38:26,563 [ERROR] ConditionMgr:805 - Attr not supported : Dmpu
2024-09-06 13:38:26,563 [ERROR] ConditionMgr:805 - Attr not supported : Dmpu
2024-09-06 13:38:26,563 [ERROR] ConditionMgr:805 - Attr not supported : Dmpu
2024-09-06 13:38:26,563 [ERROR] ConditionMgr:805 - Attr not supported : Dmpu
2024-09-06 13:38:26,563 [ERROR] ConditionMgr:805 - Attr not supported : Dmpu
2024-09-06 13:38:26,563 [ERROR] ConditionMgr:805 - Attr not supported : Dmpu
2024-09-06 13:38:26,563 [ERROR] ConditionMgr:805 - Attr not supported : Dmpu
2024-09-06 13:38:26,563 [ERROR] ConditionMgr:805 - Attr not supported : Dmpu
2024-09-06 13:38:26,563 [ERROR] ConditionMgr:805 - Attr not supported : Dmpu
2024-09-06 13:38:26,564 [ERROR] ConditionMgr:805 - Attr not supported : Dmpu
2024-09-06 13:38:26,564 [ERROR] ConditionMgr:805 - Attr not supported : Dmpu
2024-09-06 13:38:26,564 [ERROR] ConditionMgr:805 - Attr not supported : Dmpu
2024-09-06 13:38:26,564 [ERROR] ConditionMgr:805 - Attr not supported : Dmpu
2024-09-06 13:38:26,564 [ERROR] ConditionMgr:805 - Attr not supported : Dmpu
2024-09-06 13:38:26,564 [ERROR] ConditionMgr:805 - Attr not supported : Dmpu
2024-09-06 13:38:26,564 [ERROR] ConditionMgr:805 - Attr not supported : Dmpu
2024-09-06 13:38:26,564 [ERROR] ConditionMgr:805 - Attr not supported : Dmpu
2024-09-06 13:38:26,564 [ERROR] ConditionMgr:805 - Attr not supported : Dmpu
2024-09-06 13:38:26,564 [ERROR] ConditionMgr:805 - Attr not supported : Dmpu
2024-09-06 13:38:26,564 [ERROR] ConditionMgr:805 - Attr not supported : Dmpu
2024-09-06 13:38:26,564 [ERROR] ConditionMgr:805 - Attr not supported : Dmpu
2024-09-06 13:38:26,564 [ERROR] ConditionMgr:805 - Attr not supported : Dmpu
2024-09-06 13:38:26,564 [ERROR] ConditionMgr:805 - Attr not supported : Dmpu
2024-09-06 13:38:26,564 [ERROR] ConditionMgr:805 - Attr not supported : Dmpu
2024-09-06 13:38:26,564 [ERROR] ConditionMgr:805 - Attr not supported : Dmpu
2024-09-06 13:38:26,565 [ERROR] ConditionMgr:805 - Attr not supported : Dmpu
2024-09-06 13:38:26,565 [ERROR] ConditionMgr:805 - Attr not supported : Dmpu
2024-09-06 13:38:26,565 [ERROR] ConditionMgr:805 - Attr not supported : Dmpu
2024-09-06 13:38:26,565 [ERROR] ConditionMgr:805 - Attr not supported : Dmpu
2024-09-06 13:38:26,565 [ERROR] ConditionMgr:805 - Attr not supported : Dmpu
2024-09-06 13:38:26,565 [ERROR] ConditionMgr:805 - Attr not supported : Dmpu
2024-09-06 13:38:26,565 [ERROR] ConditionMgr:805 - Attr not supported : Dmpu
2024-09-06 13:38:26,565 [ERROR] ConditionMgr:805 - Attr not supported : Dmpu
2024-09-06 13:38:26,565 [ERROR] ConditionMgr:805 - Attr not supported : Dmpu
2024-09-06 13:38:26,565 [ERROR] ConditionMgr:805 - Attr not supported : Dmpu
2024-09-06 13:38:26,565 [ERROR] ConditionMgr:805 - Attr not supported : Dmpu
2024-09-06 13:38:26,565 [ERROR] ConditionMgr:805 - Attr not supported : Dmpu
2024-09-06 13:38:26,565 [ERROR] ConditionMgr:805 - Attr not supported : Dmpu
2024-09-06 13:38:26,565 [ERROR] ConditionMgr:805 - Attr not supported : Dmpu
2024-09-06 13:38:26,565 [ERROR] ConditionMgr:805 - Attr not supported : Dmpu
2024-09-06 13:38:26,565 [ERROR] ConditionMgr:805 - Attr not supported : Dmpu
2024-09-06 13:38:26,565 [ERROR] ConditionMgr:805 - Attr not supported : Dmpu
2024-09-06 13:38:26,565 [ERROR] ConditionMgr:805 - Attr not supported : Dmpu
2024-09-06 13:38:26,566 [ERROR] ConditionMgr:805 - Attr not supported : Dmpu
2024-09-06 13:38:26,566 [ERROR] ConditionMgr:805 - Attr not supported : Dmpu
2024-09-06 13:38:26,566 [ERROR] ConditionMgr:805 - Attr not supported : Dmpu
2024-09-06 13:38:26,566 [ERROR] ConditionMgr:805 - Attr not supported : Dmpu
2024-09-06 13:38:26,566 [ERROR] ConditionMgr:805 - Attr not supported : Dmpu
2024-09-06 13:38:26,566 [ERROR] ConditionMgr:805 - Attr not supported : Dmpu
2024-09-06 13:38:26,566 [ERROR] ConditionMgr:805 - Attr not supported : Dmpu
2024-09-06 13:38:26,566 [ERROR] ConditionMgr:805 - Attr not supported : Dmpu
2024-09-06 13:38:26,566 [ERROR] ConditionMgr:805 - Attr not supported : Dmpu
2024-09-06 13:38:26,566 [ERROR] ConditionMgr:805 - Attr not supported : Dmpu
2024-09-06 13:38:26,566 [ERROR] ConditionMgr:805 - Attr not supported : Dmpu
2024-09-06 13:38:26,566 [ERROR] ConditionMgr:805 - Attr not supported : Dmpu
2024-09-06 13:38:26,566 [ERROR] ConditionMgr:805 - Attr not supported : Dmpu
2024-09-06 13:38:26,567 [ERROR] ConditionMgr:805 - Attr not supported : Dmpu
2024-09-06 13:38:26,580 [WARN] PackLoader:240 - Cannot read IP mode file for RealThread.X-CUBE-RT-Thread_Nano.4.1.1
2024-09-06 13:38:26,595 [WARN] PackLoader:240 - Cannot read IP mode file for STMicroelectronics.FP-ATR-SIGFOX1.3.2.0
2024-09-06 13:38:26,610 [WARN] PackLoader:240 - Cannot read IP mode file for STMicroelectronics.X-CUBE-EEPRMA1.5.1.0
2024-09-06 13:38:26,645 [WARN] PackLoader:240 - Cannot read IP mode file for SEGGER.I-CUBE-embOS.1.3.1
2024-09-06 13:38:26,709 [WARN] PackLoader:240 - Cannot read IP mode file for STMicroelectronics.X-CUBE-ALGOBUILD.1.4.0
2024-09-06 13:38:26,726 [WARN] PackLoader:240 - Cannot read IP mode file for STMicroelectronics.X-CUBE-GNSS1.6.0.0
2024-09-06 13:38:26,756 [WARN] PackLoader:240 - Cannot read IP mode file for STMicroelectronics.X-CUBE-AZRTOS-F4.1.1.0
2024-09-06 13:38:26,776 [WARN] PackLoader:240 - Cannot read IP mode file for STMicroelectronics.X-CUBE-FREERTOS.1.2.0
2024-09-06 13:38:26,792 [WARN] PackLoader:240 - Cannot read IP mode file for wolfSSL.I-CUBE-wolfSSL.5.6.6
2024-09-06 13:38:26,803 [INFO] WebApp:448 - Apply proxy settings
2024-09-06 13:38:26,804 [INFO] WebApp:533 - Chromium requires no authentication
2024-09-06 13:38:26,814 [INFO] WebApp:476 - Direct internet connection detected
2024-09-06 13:38:26,825 [WARN] PackLoader:240 - Cannot read IP mode file for STMicroelectronics.X-CUBE-AZRTOS-L5.2.0.0
2024-09-06 13:38:26,848 [INFO] WebApp:869 - Register for checkConnection events
2024-09-06 13:38:26,848 [INFO] WebApp:448 - Apply proxy settings
2024-09-06 13:38:26,848 [INFO] WebApp:533 - Chromium requires no authentication
2024-09-06 13:38:26,848 [WARN] PackLoader:240 - Cannot read IP mode file for STMicroelectronics.X-CUBE-NFC6.3.1.0
2024-09-06 13:38:26,849 [INFO] WebApp:476 - Direct internet connection detected
2024-09-06 13:38:26,865 [WARN] PackLoader:240 - Cannot read IP mode file for ITTIA_DB.I-CUBE-ITTIADB.8.8.0
2024-09-06 13:38:26,881 [WARN] PackLoader:240 - Cannot read IP mode file for STMicroelectronics.X-CUBE-DPower.1.2.0
2024-09-06 13:38:26,895 [WARN] PackLoader:240 - Cannot read IP mode file for STMicroelectronics.X-CUBE-AI.9.0.0
2024-09-06 13:38:26,911 [WARN] PackLoader:240 - Cannot read IP mode file for STMicroelectronics.X-CUBE-NFC7.1.0.1
2024-09-06 13:38:26,925 [WARN] PackLoader:240 - Cannot read IP mode file for wolfSSL.I-CUBE-wolfTPM.3.2.0
2024-09-06 13:38:26,952 [WARN] PackLoader:240 - Cannot read IP mode file for STMicroelectronics.X-CUBE-NFC6.3.0.0
2024-09-06 13:38:26,970 [WARN] PackLoader:240 - Cannot read IP mode file for STMicroelectronics.X-CUBE-AI.8.1.0
2024-09-06 13:38:27,006 [WARN] ConditionMgr:438 - getConditionDescription Invalid condition id : LAN8742 Phy interface Condition cause : null
2024-09-06 13:38:27,007 [WARN] PackLoader:240 - Cannot read IP mode file for STMicroelectronics.X-CUBE-AZRTOS-L4.2.0.0
2024-09-06 13:38:27,008 [WARN] ConditionMgr:1039 - genDependencies : Invalid condition id : LAN8742 Phy interface Condition cause : null
2024-09-06 13:38:27,008 [WARN] ConditionMgr:1039 - genDependencies : Invalid condition id : LAN8742 Phy interface Condition cause : null
2024-09-06 13:38:27,009 [WARN] ConditionMgr:1039 - genDependencies : Invalid condition id : LAN8742 Phy interface Condition cause : null
2024-09-06 13:38:27,027 [WARN] PackLoader:240 - Cannot read IP mode file for STMicroelectronics.X-CUBE-SFXS2LP1.4.0.0
2024-09-06 13:38:27,063 [WARN] PackLoader:240 - Cannot read IP mode file for STMicroelectronics.X-CUBE-AZRTOS-H7.3.3.0
2024-09-06 13:38:27,093 [WARN] ConditionMgr:438 - getConditionDescription Invalid condition id : UX DEVICE CLASS RTOS Condition cause : null
2024-09-06 13:38:27,093 [WARN] ConditionMgr:438 - getConditionDescription Invalid condition id : UX DEVICE CLASS RTOS Condition cause : null
2024-09-06 13:38:27,095 [WARN] PackLoader:240 - Cannot read IP mode file for STMicroelectronics.X-CUBE-AZRTOS-WB.2.0.0
2024-09-06 13:38:27,096 [WARN] ConditionMgr:1039 - genDependencies : Invalid condition id : UX DEVICE CLASS RTOS Condition cause : null
2024-09-06 13:38:27,096 [WARN] ConditionMgr:1039 - genDependencies : Invalid condition id : UX DEVICE CLASS RTOS Condition cause : null
2024-09-06 13:38:27,097 [WARN] ConditionMgr:1039 - genDependencies : Invalid condition id : UX DEVICE CLASS RTOS Condition cause : null
2024-09-06 13:38:27,097 [WARN] ConditionMgr:1039 - genDependencies : Invalid condition id : UX DEVICE CLASS RTOS Condition cause : null
2024-09-06 13:38:27,097 [WARN] ConditionMgr:1039 - genDependencies : Invalid condition id : UX DEVICE CLASS RTOS Condition cause : null
2024-09-06 13:38:27,116 [WARN] PackLoader:240 - Cannot read IP mode file for STMicroelectronics.FP-SNS-STBOX1.2.0.0
2024-09-06 13:38:27,133 [INFO] WebApp:220 - Starting web application
2024-09-06 13:38:27,134 [INFO] WebApp:578 - Web application path used C:\ST\STM32CubeIDE_1.15.0\STM32CubeIDE\plugins\com.st.stm32cube.common.mx_6.12.0.202406281431\db\plugins\mcufinder\reactClient1\index.html
2024-09-06 13:38:27,140 [WARN] PackLoader:240 - Cannot read IP mode file for STMicroelectronics.X-CUBE-SUBG2.5.0.0
2024-09-06 13:38:27,175 [WARN] PackLoader:240 - Cannot read IP mode file for STMicroelectronics.X-CUBE-AZRTOS-G4.2.0.0
2024-09-06 13:38:27,203 [WARN] PackLoader:240 - Cannot read IP mode file for Infineon.AIROC-Wi-Fi-Bluetooth-STM32.1.5.1
2024-09-06 13:38:27,221 [WARN] PackLoader:240 - Cannot read IP mode file for STMicroelectronics.FP-SNS-MOTENVWB1.1.3.1
2024-09-06 13:38:27,237 [WARN] PackLoader:240 - Cannot read IP mode file for STMicroelectronics.X-CUBE-ISPU.2.0.0
2024-09-06 13:38:27,254 [WARN] PackLoader:240 - Cannot read IP mode file for STMicroelectronics.X-CUBE-ALS.1.0.2
2024-09-06 13:38:27,310 [WARN] PackLoader:240 - Cannot read IP mode file for STMicroelectronics.X-CUBE-MEMS1.10.0.0
2024-09-06 13:38:27,326 [INFO] UserAuth:417 - Internet connection configuration mode: 1
2024-09-06 13:38:27,334 [INFO] WebApp:186 - Connection restablished
2024-09-06 13:38:27,428 [WARN] PackLoader:240 - Cannot read IP mode file for STMicroelectronics.X-CUBE-FREERTOS.1.1.0
2024-09-06 13:38:27,442 [WARN] PackLoader:240 - Cannot read IP mode file for STMicroelectronics.X-CUBE-TOUCHGFX.4.24.0
2024-09-06 13:38:27,458 [WARN] PackLoader:240 - Cannot read IP mode file for portGmbH.I-Cube-SoM-uGOAL.1.1.0
2024-09-06 13:38:27,473 [WARN] PackLoader:240 - Cannot read IP mode file for STMicroelectronics.X-CUBE-ALS.1.0.1
2024-09-06 13:38:27,507 [WARN] PackLoader:240 - Cannot read IP mode file for STMicroelectronics.X-CUBE-AZRTOS-H7RS.1.0.0
2024-09-06 13:38:27,522 [WARN] PackLoader:240 - Cannot read IP mode file for STMicroelectronics.FP-ATR-ASTRA1.2.0.0
2024-09-06 13:38:27,544 [WARN] PackLoader:240 - Cannot read IP mode file for STMicroelectronics.X-CUBE-TOF1.3.4.2
2024-09-06 13:38:27,571 [WARN] PackLoader:240 - Cannot read IP mode file for STMicroelectronics.X-CUBE-TOF1.3.4.1
2024-09-06 13:38:27,611 [WARN] PackLoader:240 - Cannot read IP mode file for STMicroelectronics.X-CUBE-AZRTOS-H7.3.2.0
2024-09-06 13:38:27,645 [WARN] PackLoader:240 - Cannot read IP mode file for wolfSSL.I-CUBE-wolfSSH.1.4.17
2024-09-06 13:38:27,647 [INFO] ThirdParty:978 - Integrity check success = true
2024-09-06 13:38:27,647 [INFO] IntegrityCheckThread:100 - exiting critical section [integrity check]
2024-09-06 13:38:27,647 [INFO] IntegrityCheckThread:103 - End integrity checks thread
2024-09-06 15:14:24,190 [INFO] WebApp:189 - Connection lost
2024-09-06 15:14:31,419 [INFO] WebApp:186 - Connection restablished
2024-09-06 20:47:57,274 [ERROR] LogOutputStream:75 - [STDERR_REDIRECT] 
