ARM GAS  /tmp/ccPwhBq7.s 			page 1


   1              		.cpu cortex-m4
   2              		.eabi_attribute 27, 1
   3              		.eabi_attribute 28, 1
   4              		.eabi_attribute 20, 1
   5              		.eabi_attribute 21, 1
   6              		.eabi_attribute 23, 3
   7              		.eabi_attribute 24, 1
   8              		.eabi_attribute 25, 1
   9              		.eabi_attribute 26, 1
  10              		.eabi_attribute 30, 1
  11              		.eabi_attribute 34, 1
  12              		.eabi_attribute 18, 4
  13              		.file	"dac.c"
  14              		.text
  15              	.Ltext0:
  16              		.cfi_sections	.debug_frame
  17              		.section	.text.MX_DAC1_Init,"ax",%progbits
  18              		.align	1
  19              		.global	MX_DAC1_Init
  20              		.arch armv7e-m
  21              		.syntax unified
  22              		.thumb
  23              		.thumb_func
  24              		.fpu fpv4-sp-d16
  26              	MX_DAC1_Init:
  27              	.LFB1026:
  28              		.file 1 "Core/Src/dac.c"
   1:Core/Src/dac.c **** /* USER CODE BEGIN Header */
   2:Core/Src/dac.c **** /**
   3:Core/Src/dac.c ****   ******************************************************************************
   4:Core/Src/dac.c ****   * @file    dac.c
   5:Core/Src/dac.c ****   * @brief   This file provides code for the configuration
   6:Core/Src/dac.c ****   *          of the DAC instances.
   7:Core/Src/dac.c ****   ******************************************************************************
   8:Core/Src/dac.c ****   * @attention
   9:Core/Src/dac.c ****   *
  10:Core/Src/dac.c ****   * Copyright (c) 2024 STMicroelectronics.
  11:Core/Src/dac.c ****   * All rights reserved.
  12:Core/Src/dac.c ****   *
  13:Core/Src/dac.c ****   * This software is licensed under terms that can be found in the LICENSE file
  14:Core/Src/dac.c ****   * in the root directory of this software component.
  15:Core/Src/dac.c ****   * If no LICENSE file comes with this software, it is provided AS-IS.
  16:Core/Src/dac.c ****   *
  17:Core/Src/dac.c ****   ******************************************************************************
  18:Core/Src/dac.c ****   */
  19:Core/Src/dac.c **** /* USER CODE END Header */
  20:Core/Src/dac.c **** /* Includes ------------------------------------------------------------------*/
  21:Core/Src/dac.c **** #include "dac.h"
  22:Core/Src/dac.c **** 
  23:Core/Src/dac.c **** /* USER CODE BEGIN 0 */
  24:Core/Src/dac.c **** 
  25:Core/Src/dac.c **** /* USER CODE END 0 */
  26:Core/Src/dac.c **** 
  27:Core/Src/dac.c **** DAC_HandleTypeDef hdac1;
  28:Core/Src/dac.c **** 
  29:Core/Src/dac.c **** /* DAC1 init function */
  30:Core/Src/dac.c **** void MX_DAC1_Init(void)
ARM GAS  /tmp/ccPwhBq7.s 			page 2


  31:Core/Src/dac.c **** {
  29              		.loc 1 31 1 view -0
  30              		.cfi_startproc
  31              		@ args = 0, pretend = 0, frame = 48
  32              		@ frame_needed = 0, uses_anonymous_args = 0
  33 0000 00B5     		push	{lr}
  34              	.LCFI0:
  35              		.cfi_def_cfa_offset 4
  36              		.cfi_offset 14, -4
  37 0002 8DB0     		sub	sp, sp, #52
  38              	.LCFI1:
  39              		.cfi_def_cfa_offset 56
  32:Core/Src/dac.c **** 
  33:Core/Src/dac.c ****   /* USER CODE BEGIN DAC1_Init 0 */
  34:Core/Src/dac.c **** 
  35:Core/Src/dac.c ****   /* USER CODE END DAC1_Init 0 */
  36:Core/Src/dac.c **** 
  37:Core/Src/dac.c ****   DAC_ChannelConfTypeDef sConfig = {0};
  40              		.loc 1 37 3 view .LVU1
  41              		.loc 1 37 26 is_stmt 0 view .LVU2
  42 0004 3022     		movs	r2, #48
  43 0006 0021     		movs	r1, #0
  44 0008 6846     		mov	r0, sp
  45 000a FFF7FEFF 		bl	memset
  46              	.LVL0:
  38:Core/Src/dac.c **** 
  39:Core/Src/dac.c ****   /* USER CODE BEGIN DAC1_Init 1 */
  40:Core/Src/dac.c **** 
  41:Core/Src/dac.c ****   /* USER CODE END DAC1_Init 1 */
  42:Core/Src/dac.c **** 
  43:Core/Src/dac.c ****   /** DAC Initialization
  44:Core/Src/dac.c ****   */
  45:Core/Src/dac.c ****   hdac1.Instance = DAC1;
  47              		.loc 1 45 3 is_stmt 1 view .LVU3
  48              		.loc 1 45 18 is_stmt 0 view .LVU4
  49 000e 1548     		ldr	r0, .L9
  50 0010 154B     		ldr	r3, .L9+4
  51 0012 0360     		str	r3, [r0]
  46:Core/Src/dac.c ****   if (HAL_DAC_Init(&hdac1) != HAL_OK)
  52              		.loc 1 46 3 is_stmt 1 view .LVU5
  53              		.loc 1 46 7 is_stmt 0 view .LVU6
  54 0014 FFF7FEFF 		bl	HAL_DAC_Init
  55              	.LVL1:
  56              		.loc 1 46 6 view .LVU7
  57 0018 D8B9     		cbnz	r0, .L6
  58              	.L2:
  47:Core/Src/dac.c ****   {
  48:Core/Src/dac.c ****     Error_Handler();
  49:Core/Src/dac.c ****   }
  50:Core/Src/dac.c **** 
  51:Core/Src/dac.c ****   /** DAC channel OUT1 config
  52:Core/Src/dac.c ****   */
  53:Core/Src/dac.c ****   sConfig.DAC_HighFrequency = DAC_HIGH_FREQUENCY_INTERFACE_MODE_AUTOMATIC;
  59              		.loc 1 53 3 is_stmt 1 view .LVU8
  60              		.loc 1 53 29 is_stmt 0 view .LVU9
  61 001a 0223     		movs	r3, #2
  62 001c 0093     		str	r3, [sp]
ARM GAS  /tmp/ccPwhBq7.s 			page 3


  54:Core/Src/dac.c ****   sConfig.DAC_DMADoubleDataMode = DISABLE;
  63              		.loc 1 54 3 is_stmt 1 view .LVU10
  64              		.loc 1 54 33 is_stmt 0 view .LVU11
  65 001e 0022     		movs	r2, #0
  66 0020 8DF80420 		strb	r2, [sp, #4]
  55:Core/Src/dac.c ****   sConfig.DAC_SignedFormat = DISABLE;
  67              		.loc 1 55 3 is_stmt 1 view .LVU12
  68              		.loc 1 55 28 is_stmt 0 view .LVU13
  69 0024 8DF80520 		strb	r2, [sp, #5]
  56:Core/Src/dac.c ****   sConfig.DAC_SampleAndHold = DAC_SAMPLEANDHOLD_DISABLE;
  70              		.loc 1 56 3 is_stmt 1 view .LVU14
  71              		.loc 1 56 29 is_stmt 0 view .LVU15
  72 0028 0292     		str	r2, [sp, #8]
  57:Core/Src/dac.c ****   sConfig.DAC_Trigger = DAC_TRIGGER_NONE;
  73              		.loc 1 57 3 is_stmt 1 view .LVU16
  74              		.loc 1 57 23 is_stmt 0 view .LVU17
  75 002a 0392     		str	r2, [sp, #12]
  58:Core/Src/dac.c ****   sConfig.DAC_Trigger2 = DAC_TRIGGER_NONE;
  76              		.loc 1 58 3 is_stmt 1 view .LVU18
  77              		.loc 1 58 24 is_stmt 0 view .LVU19
  78 002c 0492     		str	r2, [sp, #16]
  59:Core/Src/dac.c ****   sConfig.DAC_OutputBuffer = DAC_OUTPUTBUFFER_ENABLE;
  79              		.loc 1 59 3 is_stmt 1 view .LVU20
  80              		.loc 1 59 28 is_stmt 0 view .LVU21
  81 002e 0592     		str	r2, [sp, #20]
  60:Core/Src/dac.c ****   sConfig.DAC_ConnectOnChipPeripheral = DAC_CHIPCONNECT_EXTERNAL;
  82              		.loc 1 60 3 is_stmt 1 view .LVU22
  83              		.loc 1 60 39 is_stmt 0 view .LVU23
  84 0030 0123     		movs	r3, #1
  85 0032 0693     		str	r3, [sp, #24]
  61:Core/Src/dac.c ****   sConfig.DAC_UserTrimming = DAC_TRIMMING_FACTORY;
  86              		.loc 1 61 3 is_stmt 1 view .LVU24
  87              		.loc 1 61 28 is_stmt 0 view .LVU25
  88 0034 0792     		str	r2, [sp, #28]
  62:Core/Src/dac.c ****   if (HAL_DAC_ConfigChannel(&hdac1, &sConfig, DAC_CHANNEL_1) != HAL_OK)
  89              		.loc 1 62 3 is_stmt 1 view .LVU26
  90              		.loc 1 62 7 is_stmt 0 view .LVU27
  91 0036 6946     		mov	r1, sp
  92 0038 0A48     		ldr	r0, .L9
  93 003a FFF7FEFF 		bl	HAL_DAC_ConfigChannel
  94              	.LVL2:
  95              		.loc 1 62 6 view .LVU28
  96 003e 58B9     		cbnz	r0, .L7
  97              	.L3:
  63:Core/Src/dac.c ****   {
  64:Core/Src/dac.c ****     Error_Handler();
  65:Core/Src/dac.c ****   }
  66:Core/Src/dac.c **** 
  67:Core/Src/dac.c ****   /** DAC channel OUT2 config
  68:Core/Src/dac.c ****   */
  69:Core/Src/dac.c ****   if (HAL_DAC_ConfigChannel(&hdac1, &sConfig, DAC_CHANNEL_2) != HAL_OK)
  98              		.loc 1 69 3 is_stmt 1 view .LVU29
  99              		.loc 1 69 7 is_stmt 0 view .LVU30
 100 0040 1022     		movs	r2, #16
 101 0042 6946     		mov	r1, sp
 102 0044 0748     		ldr	r0, .L9
 103 0046 FFF7FEFF 		bl	HAL_DAC_ConfigChannel
ARM GAS  /tmp/ccPwhBq7.s 			page 4


 104              	.LVL3:
 105              		.loc 1 69 6 view .LVU31
 106 004a 40B9     		cbnz	r0, .L8
 107              	.L1:
  70:Core/Src/dac.c ****   {
  71:Core/Src/dac.c ****     Error_Handler();
  72:Core/Src/dac.c ****   }
  73:Core/Src/dac.c ****   /* USER CODE BEGIN DAC1_Init 2 */
  74:Core/Src/dac.c **** 
  75:Core/Src/dac.c ****   /* USER CODE END DAC1_Init 2 */
  76:Core/Src/dac.c **** 
  77:Core/Src/dac.c **** }
 108              		.loc 1 77 1 view .LVU32
 109 004c 0DB0     		add	sp, sp, #52
 110              	.LCFI2:
 111              		.cfi_remember_state
 112              		.cfi_def_cfa_offset 4
 113              		@ sp needed
 114 004e 5DF804FB 		ldr	pc, [sp], #4
 115              	.L6:
 116              	.LCFI3:
 117              		.cfi_restore_state
  48:Core/Src/dac.c ****   }
 118              		.loc 1 48 5 is_stmt 1 view .LVU33
 119 0052 FFF7FEFF 		bl	Error_Handler
 120              	.LVL4:
 121 0056 E0E7     		b	.L2
 122              	.L7:
  64:Core/Src/dac.c ****   }
 123              		.loc 1 64 5 view .LVU34
 124 0058 FFF7FEFF 		bl	Error_Handler
 125              	.LVL5:
 126 005c F0E7     		b	.L3
 127              	.L8:
  71:Core/Src/dac.c ****   }
 128              		.loc 1 71 5 view .LVU35
 129 005e FFF7FEFF 		bl	Error_Handler
 130              	.LVL6:
 131              		.loc 1 77 1 is_stmt 0 view .LVU36
 132 0062 F3E7     		b	.L1
 133              	.L10:
 134              		.align	2
 135              	.L9:
 136 0064 00000000 		.word	.LANCHOR0
 137 0068 00080050 		.word	1342179328
 138              		.cfi_endproc
 139              	.LFE1026:
 141              		.section	.text.HAL_DAC_MspInit,"ax",%progbits
 142              		.align	1
 143              		.global	HAL_DAC_MspInit
 144              		.syntax unified
 145              		.thumb
 146              		.thumb_func
 147              		.fpu fpv4-sp-d16
 149              	HAL_DAC_MspInit:
 150              	.LVL7:
 151              	.LFB1027:
ARM GAS  /tmp/ccPwhBq7.s 			page 5


  78:Core/Src/dac.c **** 
  79:Core/Src/dac.c **** void HAL_DAC_MspInit(DAC_HandleTypeDef* dacHandle)
  80:Core/Src/dac.c **** {
 152              		.loc 1 80 1 is_stmt 1 view -0
 153              		.cfi_startproc
 154              		@ args = 0, pretend = 0, frame = 32
 155              		@ frame_needed = 0, uses_anonymous_args = 0
 156              		.loc 1 80 1 is_stmt 0 view .LVU38
 157 0000 00B5     		push	{lr}
 158              	.LCFI4:
 159              		.cfi_def_cfa_offset 4
 160              		.cfi_offset 14, -4
 161 0002 89B0     		sub	sp, sp, #36
 162              	.LCFI5:
 163              		.cfi_def_cfa_offset 40
  81:Core/Src/dac.c **** 
  82:Core/Src/dac.c ****   GPIO_InitTypeDef GPIO_InitStruct = {0};
 164              		.loc 1 82 3 is_stmt 1 view .LVU39
 165              		.loc 1 82 20 is_stmt 0 view .LVU40
 166 0004 0023     		movs	r3, #0
 167 0006 0393     		str	r3, [sp, #12]
 168 0008 0493     		str	r3, [sp, #16]
 169 000a 0593     		str	r3, [sp, #20]
 170 000c 0693     		str	r3, [sp, #24]
 171 000e 0793     		str	r3, [sp, #28]
  83:Core/Src/dac.c ****   if(dacHandle->Instance==DAC1)
 172              		.loc 1 83 3 is_stmt 1 view .LVU41
 173              		.loc 1 83 15 is_stmt 0 view .LVU42
 174 0010 0268     		ldr	r2, [r0]
 175              		.loc 1 83 5 view .LVU43
 176 0012 134B     		ldr	r3, .L15
 177 0014 9A42     		cmp	r2, r3
 178 0016 02D0     		beq	.L14
 179              	.LVL8:
 180              	.L11:
  84:Core/Src/dac.c ****   {
  85:Core/Src/dac.c ****   /* USER CODE BEGIN DAC1_MspInit 0 */
  86:Core/Src/dac.c **** 
  87:Core/Src/dac.c ****   /* USER CODE END DAC1_MspInit 0 */
  88:Core/Src/dac.c ****     /* DAC1 clock enable */
  89:Core/Src/dac.c ****     __HAL_RCC_DAC1_CLK_ENABLE();
  90:Core/Src/dac.c **** 
  91:Core/Src/dac.c ****     __HAL_RCC_GPIOA_CLK_ENABLE();
  92:Core/Src/dac.c ****     /**DAC1 GPIO Configuration
  93:Core/Src/dac.c ****     PA4     ------> DAC1_OUT1
  94:Core/Src/dac.c ****     PA5     ------> DAC1_OUT2
  95:Core/Src/dac.c ****     */
  96:Core/Src/dac.c ****     GPIO_InitStruct.Pin = ADC_DAC_1_Pin|ADC_DAC_2_Pin;
  97:Core/Src/dac.c ****     GPIO_InitStruct.Mode = GPIO_MODE_ANALOG;
  98:Core/Src/dac.c ****     GPIO_InitStruct.Pull = GPIO_NOPULL;
  99:Core/Src/dac.c ****     HAL_GPIO_Init(GPIOA, &GPIO_InitStruct);
 100:Core/Src/dac.c **** 
 101:Core/Src/dac.c ****   /* USER CODE BEGIN DAC1_MspInit 1 */
 102:Core/Src/dac.c **** 
 103:Core/Src/dac.c ****   /* USER CODE END DAC1_MspInit 1 */
 104:Core/Src/dac.c ****   }
 105:Core/Src/dac.c **** }
ARM GAS  /tmp/ccPwhBq7.s 			page 6


 181              		.loc 1 105 1 view .LVU44
 182 0018 09B0     		add	sp, sp, #36
 183              	.LCFI6:
 184              		.cfi_remember_state
 185              		.cfi_def_cfa_offset 4
 186              		@ sp needed
 187 001a 5DF804FB 		ldr	pc, [sp], #4
 188              	.LVL9:
 189              	.L14:
 190              	.LCFI7:
 191              		.cfi_restore_state
  89:Core/Src/dac.c **** 
 192              		.loc 1 89 5 is_stmt 1 view .LVU45
 193              	.LBB2:
  89:Core/Src/dac.c **** 
 194              		.loc 1 89 5 view .LVU46
  89:Core/Src/dac.c **** 
 195              		.loc 1 89 5 view .LVU47
 196 001e 03F17043 		add	r3, r3, #-268435456
 197 0022 03F50233 		add	r3, r3, #133120
 198 0026 DA6C     		ldr	r2, [r3, #76]
 199 0028 42F48032 		orr	r2, r2, #65536
 200 002c DA64     		str	r2, [r3, #76]
  89:Core/Src/dac.c **** 
 201              		.loc 1 89 5 view .LVU48
 202 002e DA6C     		ldr	r2, [r3, #76]
 203 0030 02F48032 		and	r2, r2, #65536
 204 0034 0192     		str	r2, [sp, #4]
  89:Core/Src/dac.c **** 
 205              		.loc 1 89 5 view .LVU49
 206 0036 019A     		ldr	r2, [sp, #4]
 207              	.LBE2:
  89:Core/Src/dac.c **** 
 208              		.loc 1 89 5 view .LVU50
  91:Core/Src/dac.c ****     /**DAC1 GPIO Configuration
 209              		.loc 1 91 5 view .LVU51
 210              	.LBB3:
  91:Core/Src/dac.c ****     /**DAC1 GPIO Configuration
 211              		.loc 1 91 5 view .LVU52
  91:Core/Src/dac.c ****     /**DAC1 GPIO Configuration
 212              		.loc 1 91 5 view .LVU53
 213 0038 DA6C     		ldr	r2, [r3, #76]
 214 003a 42F00102 		orr	r2, r2, #1
 215 003e DA64     		str	r2, [r3, #76]
  91:Core/Src/dac.c ****     /**DAC1 GPIO Configuration
 216              		.loc 1 91 5 view .LVU54
 217 0040 DB6C     		ldr	r3, [r3, #76]
 218 0042 03F00103 		and	r3, r3, #1
 219 0046 0293     		str	r3, [sp, #8]
  91:Core/Src/dac.c ****     /**DAC1 GPIO Configuration
 220              		.loc 1 91 5 view .LVU55
 221 0048 029B     		ldr	r3, [sp, #8]
 222              	.LBE3:
  91:Core/Src/dac.c ****     /**DAC1 GPIO Configuration
 223              		.loc 1 91 5 view .LVU56
  96:Core/Src/dac.c ****     GPIO_InitStruct.Mode = GPIO_MODE_ANALOG;
 224              		.loc 1 96 5 view .LVU57
ARM GAS  /tmp/ccPwhBq7.s 			page 7


  96:Core/Src/dac.c ****     GPIO_InitStruct.Mode = GPIO_MODE_ANALOG;
 225              		.loc 1 96 25 is_stmt 0 view .LVU58
 226 004a 3023     		movs	r3, #48
 227 004c 0393     		str	r3, [sp, #12]
  97:Core/Src/dac.c ****     GPIO_InitStruct.Pull = GPIO_NOPULL;
 228              		.loc 1 97 5 is_stmt 1 view .LVU59
  97:Core/Src/dac.c ****     GPIO_InitStruct.Pull = GPIO_NOPULL;
 229              		.loc 1 97 26 is_stmt 0 view .LVU60
 230 004e 0323     		movs	r3, #3
 231 0050 0493     		str	r3, [sp, #16]
  98:Core/Src/dac.c ****     HAL_GPIO_Init(GPIOA, &GPIO_InitStruct);
 232              		.loc 1 98 5 is_stmt 1 view .LVU61
  99:Core/Src/dac.c **** 
 233              		.loc 1 99 5 view .LVU62
 234 0052 03A9     		add	r1, sp, #12
 235 0054 4FF09040 		mov	r0, #1207959552
 236              	.LVL10:
  99:Core/Src/dac.c **** 
 237              		.loc 1 99 5 is_stmt 0 view .LVU63
 238 0058 FFF7FEFF 		bl	HAL_GPIO_Init
 239              	.LVL11:
 240              		.loc 1 105 1 view .LVU64
 241 005c DCE7     		b	.L11
 242              	.L16:
 243 005e 00BF     		.align	2
 244              	.L15:
 245 0060 00080050 		.word	1342179328
 246              		.cfi_endproc
 247              	.LFE1027:
 249              		.section	.text.HAL_DAC_MspDeInit,"ax",%progbits
 250              		.align	1
 251              		.global	HAL_DAC_MspDeInit
 252              		.syntax unified
 253              		.thumb
 254              		.thumb_func
 255              		.fpu fpv4-sp-d16
 257              	HAL_DAC_MspDeInit:
 258              	.LVL12:
 259              	.LFB1028:
 106:Core/Src/dac.c **** 
 107:Core/Src/dac.c **** void HAL_DAC_MspDeInit(DAC_HandleTypeDef* dacHandle)
 108:Core/Src/dac.c **** {
 260              		.loc 1 108 1 is_stmt 1 view -0
 261              		.cfi_startproc
 262              		@ args = 0, pretend = 0, frame = 0
 263              		@ frame_needed = 0, uses_anonymous_args = 0
 264              		.loc 1 108 1 is_stmt 0 view .LVU66
 265 0000 08B5     		push	{r3, lr}
 266              	.LCFI8:
 267              		.cfi_def_cfa_offset 8
 268              		.cfi_offset 3, -8
 269              		.cfi_offset 14, -4
 109:Core/Src/dac.c **** 
 110:Core/Src/dac.c ****   if(dacHandle->Instance==DAC1)
 270              		.loc 1 110 3 is_stmt 1 view .LVU67
 271              		.loc 1 110 15 is_stmt 0 view .LVU68
 272 0002 0268     		ldr	r2, [r0]
ARM GAS  /tmp/ccPwhBq7.s 			page 8


 273              		.loc 1 110 5 view .LVU69
 274 0004 074B     		ldr	r3, .L21
 275 0006 9A42     		cmp	r2, r3
 276 0008 00D0     		beq	.L20
 277              	.LVL13:
 278              	.L17:
 111:Core/Src/dac.c ****   {
 112:Core/Src/dac.c ****   /* USER CODE BEGIN DAC1_MspDeInit 0 */
 113:Core/Src/dac.c **** 
 114:Core/Src/dac.c ****   /* USER CODE END DAC1_MspDeInit 0 */
 115:Core/Src/dac.c ****     /* Peripheral clock disable */
 116:Core/Src/dac.c ****     __HAL_RCC_DAC1_CLK_DISABLE();
 117:Core/Src/dac.c **** 
 118:Core/Src/dac.c ****     /**DAC1 GPIO Configuration
 119:Core/Src/dac.c ****     PA4     ------> DAC1_OUT1
 120:Core/Src/dac.c ****     PA5     ------> DAC1_OUT2
 121:Core/Src/dac.c ****     */
 122:Core/Src/dac.c ****     HAL_GPIO_DeInit(GPIOA, ADC_DAC_1_Pin|ADC_DAC_2_Pin);
 123:Core/Src/dac.c **** 
 124:Core/Src/dac.c ****   /* USER CODE BEGIN DAC1_MspDeInit 1 */
 125:Core/Src/dac.c **** 
 126:Core/Src/dac.c ****   /* USER CODE END DAC1_MspDeInit 1 */
 127:Core/Src/dac.c ****   }
 128:Core/Src/dac.c **** }
 279              		.loc 1 128 1 view .LVU70
 280 000a 08BD     		pop	{r3, pc}
 281              	.LVL14:
 282              	.L20:
 116:Core/Src/dac.c **** 
 283              		.loc 1 116 5 is_stmt 1 view .LVU71
 284 000c 064A     		ldr	r2, .L21+4
 285 000e D36C     		ldr	r3, [r2, #76]
 286 0010 23F48033 		bic	r3, r3, #65536
 287 0014 D364     		str	r3, [r2, #76]
 122:Core/Src/dac.c **** 
 288              		.loc 1 122 5 view .LVU72
 289 0016 3021     		movs	r1, #48
 290 0018 4FF09040 		mov	r0, #1207959552
 291              	.LVL15:
 122:Core/Src/dac.c **** 
 292              		.loc 1 122 5 is_stmt 0 view .LVU73
 293 001c FFF7FEFF 		bl	HAL_GPIO_DeInit
 294              	.LVL16:
 295              		.loc 1 128 1 view .LVU74
 296 0020 F3E7     		b	.L17
 297              	.L22:
 298 0022 00BF     		.align	2
 299              	.L21:
 300 0024 00080050 		.word	1342179328
 301 0028 00100240 		.word	1073876992
 302              		.cfi_endproc
 303              	.LFE1028:
 305              		.global	hdac1
 306              		.section	.bss.hdac1,"aw",%nobits
 307              		.align	2
 308              		.set	.LANCHOR0,. + 0
 311              	hdac1:
ARM GAS  /tmp/ccPwhBq7.s 			page 9


 312 0000 00000000 		.space	20
 312      00000000 
 312      00000000 
 312      00000000 
 312      00000000 
 313              		.text
 314              	.Letext0:
 315              		.file 2 "/usr/lib/gcc/arm-none-eabi/10.3.1/include/stdint.h"
 316              		.file 3 "Drivers/CMSIS/Device/ST/STM32G4xx/Include/stm32g431xx.h"
 317              		.file 4 "Drivers/CMSIS/Device/ST/STM32G4xx/Include/stm32g4xx.h"
 318              		.file 5 "Drivers/STM32G4xx_HAL_Driver/Inc/stm32g4xx_hal_def.h"
 319              		.file 6 "Drivers/STM32G4xx_HAL_Driver/Inc/stm32g4xx_hal_gpio.h"
 320              		.file 7 "Drivers/STM32G4xx_HAL_Driver/Inc/stm32g4xx_hal_dma.h"
 321              		.file 8 "Drivers/STM32G4xx_HAL_Driver/Inc/stm32g4xx_hal_dac.h"
 322              		.file 9 "Drivers/STM32G4xx_HAL_Driver/Inc/stm32g4xx_ll_dma.h"
 323              		.file 10 "Core/Inc/main.h"
 324              		.file 11 "Core/Inc/dac.h"
 325              		.file 12 "<built-in>"
ARM GAS  /tmp/ccPwhBq7.s 			page 10


DEFINED SYMBOLS
                            *ABS*:0000000000000000 dac.c
     /tmp/ccPwhBq7.s:18     .text.MX_DAC1_Init:0000000000000000 $t
     /tmp/ccPwhBq7.s:26     .text.MX_DAC1_Init:0000000000000000 MX_DAC1_Init
     /tmp/ccPwhBq7.s:136    .text.MX_DAC1_Init:0000000000000064 $d
     /tmp/ccPwhBq7.s:142    .text.HAL_DAC_MspInit:0000000000000000 $t
     /tmp/ccPwhBq7.s:149    .text.HAL_DAC_MspInit:0000000000000000 HAL_DAC_MspInit
     /tmp/ccPwhBq7.s:245    .text.HAL_DAC_MspInit:0000000000000060 $d
     /tmp/ccPwhBq7.s:250    .text.HAL_DAC_MspDeInit:0000000000000000 $t
     /tmp/ccPwhBq7.s:257    .text.HAL_DAC_MspDeInit:0000000000000000 HAL_DAC_MspDeInit
     /tmp/ccPwhBq7.s:300    .text.HAL_DAC_MspDeInit:0000000000000024 $d
     /tmp/ccPwhBq7.s:311    .bss.hdac1:0000000000000000 hdac1
     /tmp/ccPwhBq7.s:307    .bss.hdac1:0000000000000000 $d

UNDEFINED SYMBOLS
memset
HAL_DAC_Init
HAL_DAC_ConfigChannel
Error_Handler
HAL_GPIO_Init
HAL_GPIO_DeInit
