ARM GAS  /tmp/ccetTkm1.s 			page 1


   1              		.cpu cortex-m4
   2              		.eabi_attribute 27, 1
   3              		.eabi_attribute 28, 1
   4              		.eabi_attribute 20, 1
   5              		.eabi_attribute 21, 1
   6              		.eabi_attribute 23, 3
   7              		.eabi_attribute 24, 1
   8              		.eabi_attribute 25, 1
   9              		.eabi_attribute 26, 1
  10              		.eabi_attribute 30, 1
  11              		.eabi_attribute 34, 1
  12              		.eabi_attribute 18, 4
  13              		.file	"gpio.c"
  14              		.text
  15              	.Ltext0:
  16              		.cfi_sections	.debug_frame
  17              		.section	.text.MX_GPIO_Init,"ax",%progbits
  18              		.align	1
  19              		.global	MX_GPIO_Init
  20              		.arch armv7e-m
  21              		.syntax unified
  22              		.thumb
  23              		.thumb_func
  24              		.fpu fpv4-sp-d16
  26              	MX_GPIO_Init:
  27              	.LFB1026:
  28              		.file 1 "Core/Src/gpio.c"
   1:Core/Src/gpio.c **** /* USER CODE BEGIN Header */
   2:Core/Src/gpio.c **** /**
   3:Core/Src/gpio.c ****   ******************************************************************************
   4:Core/Src/gpio.c ****   * @file    gpio.c
   5:Core/Src/gpio.c ****   * @brief   This file provides code for the configuration
   6:Core/Src/gpio.c ****   *          of all used GPIO pins.
   7:Core/Src/gpio.c ****   ******************************************************************************
   8:Core/Src/gpio.c ****   * @attention
   9:Core/Src/gpio.c ****   *
  10:Core/Src/gpio.c ****   * Copyright (c) 2024 STMicroelectronics.
  11:Core/Src/gpio.c ****   * All rights reserved.
  12:Core/Src/gpio.c ****   *
  13:Core/Src/gpio.c ****   * This software is licensed under terms that can be found in the LICENSE file
  14:Core/Src/gpio.c ****   * in the root directory of this software component.
  15:Core/Src/gpio.c ****   * If no LICENSE file comes with this software, it is provided AS-IS.
  16:Core/Src/gpio.c ****   *
  17:Core/Src/gpio.c ****   ******************************************************************************
  18:Core/Src/gpio.c ****   */
  19:Core/Src/gpio.c **** /* USER CODE END Header */
  20:Core/Src/gpio.c **** 
  21:Core/Src/gpio.c **** /* Includes ------------------------------------------------------------------*/
  22:Core/Src/gpio.c **** #include "gpio.h"
  23:Core/Src/gpio.c **** 
  24:Core/Src/gpio.c **** /* USER CODE BEGIN 0 */
  25:Core/Src/gpio.c **** 
  26:Core/Src/gpio.c **** /* USER CODE END 0 */
  27:Core/Src/gpio.c **** 
  28:Core/Src/gpio.c **** /*----------------------------------------------------------------------------*/
  29:Core/Src/gpio.c **** /* Configure GPIO                                                             */
  30:Core/Src/gpio.c **** /*----------------------------------------------------------------------------*/
ARM GAS  /tmp/ccetTkm1.s 			page 2


  31:Core/Src/gpio.c **** /* USER CODE BEGIN 1 */
  32:Core/Src/gpio.c **** 
  33:Core/Src/gpio.c **** /* USER CODE END 1 */
  34:Core/Src/gpio.c **** 
  35:Core/Src/gpio.c **** /** Configure pins as
  36:Core/Src/gpio.c ****         * Analog
  37:Core/Src/gpio.c ****         * Input
  38:Core/Src/gpio.c ****         * Output
  39:Core/Src/gpio.c ****         * EVENT_OUT
  40:Core/Src/gpio.c ****         * EXTI
  41:Core/Src/gpio.c **** */
  42:Core/Src/gpio.c **** void MX_GPIO_Init(void)
  43:Core/Src/gpio.c **** {
  29              		.loc 1 43 1 view -0
  30              		.cfi_startproc
  31              		@ args = 0, pretend = 0, frame = 40
  32              		@ frame_needed = 0, uses_anonymous_args = 0
  33 0000 2DE9F043 		push	{r4, r5, r6, r7, r8, r9, lr}
  34              	.LCFI0:
  35              		.cfi_def_cfa_offset 28
  36              		.cfi_offset 4, -28
  37              		.cfi_offset 5, -24
  38              		.cfi_offset 6, -20
  39              		.cfi_offset 7, -16
  40              		.cfi_offset 8, -12
  41              		.cfi_offset 9, -8
  42              		.cfi_offset 14, -4
  43 0004 8BB0     		sub	sp, sp, #44
  44              	.LCFI1:
  45              		.cfi_def_cfa_offset 72
  44:Core/Src/gpio.c **** 
  45:Core/Src/gpio.c ****   GPIO_InitTypeDef GPIO_InitStruct = {0};
  46              		.loc 1 45 3 view .LVU1
  47              		.loc 1 45 20 is_stmt 0 view .LVU2
  48 0006 0024     		movs	r4, #0
  49 0008 0594     		str	r4, [sp, #20]
  50 000a 0694     		str	r4, [sp, #24]
  51 000c 0794     		str	r4, [sp, #28]
  52 000e 0894     		str	r4, [sp, #32]
  53 0010 0994     		str	r4, [sp, #36]
  46:Core/Src/gpio.c **** 
  47:Core/Src/gpio.c ****   /* GPIO Ports Clock Enable */
  48:Core/Src/gpio.c ****   __HAL_RCC_GPIOC_CLK_ENABLE();
  54              		.loc 1 48 3 is_stmt 1 view .LVU3
  55              	.LBB2:
  56              		.loc 1 48 3 view .LVU4
  57              		.loc 1 48 3 view .LVU5
  58 0012 494B     		ldr	r3, .L3
  59 0014 DA6C     		ldr	r2, [r3, #76]
  60 0016 42F00402 		orr	r2, r2, #4
  61 001a DA64     		str	r2, [r3, #76]
  62              		.loc 1 48 3 view .LVU6
  63 001c DA6C     		ldr	r2, [r3, #76]
  64 001e 02F00402 		and	r2, r2, #4
  65 0022 0092     		str	r2, [sp]
  66              		.loc 1 48 3 view .LVU7
  67 0024 009A     		ldr	r2, [sp]
ARM GAS  /tmp/ccetTkm1.s 			page 3


  68              	.LBE2:
  69              		.loc 1 48 3 view .LVU8
  49:Core/Src/gpio.c ****   __HAL_RCC_GPIOF_CLK_ENABLE();
  70              		.loc 1 49 3 view .LVU9
  71              	.LBB3:
  72              		.loc 1 49 3 view .LVU10
  73              		.loc 1 49 3 view .LVU11
  74 0026 DA6C     		ldr	r2, [r3, #76]
  75 0028 42F02002 		orr	r2, r2, #32
  76 002c DA64     		str	r2, [r3, #76]
  77              		.loc 1 49 3 view .LVU12
  78 002e DA6C     		ldr	r2, [r3, #76]
  79 0030 02F02002 		and	r2, r2, #32
  80 0034 0192     		str	r2, [sp, #4]
  81              		.loc 1 49 3 view .LVU13
  82 0036 019A     		ldr	r2, [sp, #4]
  83              	.LBE3:
  84              		.loc 1 49 3 view .LVU14
  50:Core/Src/gpio.c ****   __HAL_RCC_GPIOA_CLK_ENABLE();
  85              		.loc 1 50 3 view .LVU15
  86              	.LBB4:
  87              		.loc 1 50 3 view .LVU16
  88              		.loc 1 50 3 view .LVU17
  89 0038 DA6C     		ldr	r2, [r3, #76]
  90 003a 42F00102 		orr	r2, r2, #1
  91 003e DA64     		str	r2, [r3, #76]
  92              		.loc 1 50 3 view .LVU18
  93 0040 DA6C     		ldr	r2, [r3, #76]
  94 0042 02F00102 		and	r2, r2, #1
  95 0046 0292     		str	r2, [sp, #8]
  96              		.loc 1 50 3 view .LVU19
  97 0048 029A     		ldr	r2, [sp, #8]
  98              	.LBE4:
  99              		.loc 1 50 3 view .LVU20
  51:Core/Src/gpio.c ****   __HAL_RCC_GPIOB_CLK_ENABLE();
 100              		.loc 1 51 3 view .LVU21
 101              	.LBB5:
 102              		.loc 1 51 3 view .LVU22
 103              		.loc 1 51 3 view .LVU23
 104 004a DA6C     		ldr	r2, [r3, #76]
 105 004c 42F00202 		orr	r2, r2, #2
 106 0050 DA64     		str	r2, [r3, #76]
 107              		.loc 1 51 3 view .LVU24
 108 0052 DA6C     		ldr	r2, [r3, #76]
 109 0054 02F00202 		and	r2, r2, #2
 110 0058 0392     		str	r2, [sp, #12]
 111              		.loc 1 51 3 view .LVU25
 112 005a 039A     		ldr	r2, [sp, #12]
 113              	.LBE5:
 114              		.loc 1 51 3 view .LVU26
  52:Core/Src/gpio.c ****   __HAL_RCC_GPIOD_CLK_ENABLE();
 115              		.loc 1 52 3 view .LVU27
 116              	.LBB6:
 117              		.loc 1 52 3 view .LVU28
 118              		.loc 1 52 3 view .LVU29
 119 005c DA6C     		ldr	r2, [r3, #76]
 120 005e 42F00802 		orr	r2, r2, #8
ARM GAS  /tmp/ccetTkm1.s 			page 4


 121 0062 DA64     		str	r2, [r3, #76]
 122              		.loc 1 52 3 view .LVU30
 123 0064 DB6C     		ldr	r3, [r3, #76]
 124 0066 03F00803 		and	r3, r3, #8
 125 006a 0493     		str	r3, [sp, #16]
 126              		.loc 1 52 3 view .LVU31
 127 006c 049B     		ldr	r3, [sp, #16]
 128              	.LBE6:
 129              		.loc 1 52 3 view .LVU32
  53:Core/Src/gpio.c **** 
  54:Core/Src/gpio.c ****   /*Configure GPIO pin Output Level */
  55:Core/Src/gpio.c ****   HAL_GPIO_WritePin(GPIOB, PWM_2_Pin|DIGITAL_IO_5_Pin|DIGITAL_IO_1_Pin|DIGITAL_IO_3_Pin
 130              		.loc 1 55 3 view .LVU33
 131 006e 334F     		ldr	r7, .L3+4
 132 0070 2246     		mov	r2, r4
 133 0072 4AF2A241 		movw	r1, #42146
 134 0076 3846     		mov	r0, r7
 135 0078 FFF7FEFF 		bl	HAL_GPIO_WritePin
 136              	.LVL0:
  56:Core/Src/gpio.c ****                           |WARN_STATUS_Pin|OK_STATUS_Pin, GPIO_PIN_RESET);
  57:Core/Src/gpio.c **** 
  58:Core/Src/gpio.c ****   /*Configure GPIO pin Output Level */
  59:Core/Src/gpio.c ****   HAL_GPIO_WritePin(GPIOC, DOWN_BTN_Pin|UP_BTN_Pin|ENTER_BTN_Pin|PWR_STATUS_Pin, GPIO_PIN_RESET);
 137              		.loc 1 59 3 view .LVU34
 138 007c 304E     		ldr	r6, .L3+8
 139 007e 2246     		mov	r2, r4
 140 0080 4FF47071 		mov	r1, #960
 141 0084 3046     		mov	r0, r6
 142 0086 FFF7FEFF 		bl	HAL_GPIO_WritePin
 143              	.LVL1:
  60:Core/Src/gpio.c **** 
  61:Core/Src/gpio.c ****   /*Configure GPIO pin Output Level */
  62:Core/Src/gpio.c ****   HAL_GPIO_WritePin(SD_CARD_EN_GPIO_Port, SD_CARD_EN_Pin, GPIO_PIN_RESET);
 144              		.loc 1 62 3 view .LVU35
 145 008a 2246     		mov	r2, r4
 146 008c 4FF40041 		mov	r1, #32768
 147 0090 4FF09040 		mov	r0, #1207959552
 148 0094 FFF7FEFF 		bl	HAL_GPIO_WritePin
 149              	.LVL2:
  63:Core/Src/gpio.c **** 
  64:Core/Src/gpio.c ****   /*Configure GPIO pin Output Level */
  65:Core/Src/gpio.c ****   HAL_GPIO_WritePin(ERROR_STATUS_GPIO_Port, ERROR_STATUS_Pin, GPIO_PIN_RESET);
 150              		.loc 1 65 3 view .LVU36
 151 0098 DFF8A880 		ldr	r8, .L3+12
 152 009c 2246     		mov	r2, r4
 153 009e 0421     		movs	r1, #4
 154 00a0 4046     		mov	r0, r8
 155 00a2 FFF7FEFF 		bl	HAL_GPIO_WritePin
 156              	.LVL3:
  66:Core/Src/gpio.c **** 
  67:Core/Src/gpio.c ****   /*Configure GPIO pins : PCPin PCPin PCPin */
  68:Core/Src/gpio.c ****   GPIO_InitStruct.Pin = COMMS_IO_1_Pin|COMMS_IO_2_Pin|COMMS_IO_3_Pin;
 157              		.loc 1 68 3 view .LVU37
 158              		.loc 1 68 23 is_stmt 0 view .LVU38
 159 00a6 4FF46043 		mov	r3, #57344
 160 00aa 0593     		str	r3, [sp, #20]
  69:Core/Src/gpio.c ****   GPIO_InitStruct.Mode = GPIO_MODE_INPUT;
ARM GAS  /tmp/ccetTkm1.s 			page 5


 161              		.loc 1 69 3 is_stmt 1 view .LVU39
 162              		.loc 1 69 24 is_stmt 0 view .LVU40
 163 00ac 0694     		str	r4, [sp, #24]
  70:Core/Src/gpio.c ****   GPIO_InitStruct.Pull = GPIO_NOPULL;
 164              		.loc 1 70 3 is_stmt 1 view .LVU41
 165              		.loc 1 70 24 is_stmt 0 view .LVU42
 166 00ae 0794     		str	r4, [sp, #28]
  71:Core/Src/gpio.c ****   HAL_GPIO_Init(GPIOC, &GPIO_InitStruct);
 167              		.loc 1 71 3 is_stmt 1 view .LVU43
 168 00b0 05A9     		add	r1, sp, #20
 169 00b2 3046     		mov	r0, r6
 170 00b4 FFF7FEFF 		bl	HAL_GPIO_Init
 171              	.LVL4:
  72:Core/Src/gpio.c **** 
  73:Core/Src/gpio.c ****   /*Configure GPIO pin : PtPin */
  74:Core/Src/gpio.c ****   GPIO_InitStruct.Pin = WAKE_BTN_Pin;
 172              		.loc 1 74 3 view .LVU44
 173              		.loc 1 74 23 is_stmt 0 view .LVU45
 174 00b8 4FF00409 		mov	r9, #4
 175 00bc CDF81490 		str	r9, [sp, #20]
  75:Core/Src/gpio.c ****   GPIO_InitStruct.Mode = GPIO_MODE_INPUT;
 176              		.loc 1 75 3 is_stmt 1 view .LVU46
 177              		.loc 1 75 24 is_stmt 0 view .LVU47
 178 00c0 0694     		str	r4, [sp, #24]
  76:Core/Src/gpio.c ****   GPIO_InitStruct.Pull = GPIO_NOPULL;
 179              		.loc 1 76 3 is_stmt 1 view .LVU48
 180              		.loc 1 76 24 is_stmt 0 view .LVU49
 181 00c2 0794     		str	r4, [sp, #28]
  77:Core/Src/gpio.c ****   HAL_GPIO_Init(WAKE_BTN_GPIO_Port, &GPIO_InitStruct);
 182              		.loc 1 77 3 is_stmt 1 view .LVU50
 183 00c4 05A9     		add	r1, sp, #20
 184 00c6 4FF09040 		mov	r0, #1207959552
 185 00ca FFF7FEFF 		bl	HAL_GPIO_Init
 186              	.LVL5:
  78:Core/Src/gpio.c **** 
  79:Core/Src/gpio.c ****   /*Configure GPIO pins : PBPin PBPin PBPin PBPin
  80:Core/Src/gpio.c ****                            PBPin PBPin */
  81:Core/Src/gpio.c ****   GPIO_InitStruct.Pin = PWM_2_Pin|DIGITAL_IO_5_Pin|DIGITAL_IO_1_Pin|DIGITAL_IO_3_Pin
 187              		.loc 1 81 3 view .LVU51
 188              		.loc 1 81 23 is_stmt 0 view .LVU52
 189 00ce 4AF2A243 		movw	r3, #42146
 190 00d2 0593     		str	r3, [sp, #20]
  82:Core/Src/gpio.c ****                           |WARN_STATUS_Pin|OK_STATUS_Pin;
  83:Core/Src/gpio.c ****   GPIO_InitStruct.Mode = GPIO_MODE_OUTPUT_PP;
 191              		.loc 1 83 3 is_stmt 1 view .LVU53
 192              		.loc 1 83 24 is_stmt 0 view .LVU54
 193 00d4 0125     		movs	r5, #1
 194 00d6 0695     		str	r5, [sp, #24]
  84:Core/Src/gpio.c ****   GPIO_InitStruct.Pull = GPIO_NOPULL;
 195              		.loc 1 84 3 is_stmt 1 view .LVU55
 196              		.loc 1 84 24 is_stmt 0 view .LVU56
 197 00d8 0794     		str	r4, [sp, #28]
  85:Core/Src/gpio.c ****   GPIO_InitStruct.Speed = GPIO_SPEED_FREQ_LOW;
 198              		.loc 1 85 3 is_stmt 1 view .LVU57
 199              		.loc 1 85 25 is_stmt 0 view .LVU58
 200 00da 0894     		str	r4, [sp, #32]
  86:Core/Src/gpio.c ****   HAL_GPIO_Init(GPIOB, &GPIO_InitStruct);
ARM GAS  /tmp/ccetTkm1.s 			page 6


 201              		.loc 1 86 3 is_stmt 1 view .LVU59
 202 00dc 05A9     		add	r1, sp, #20
 203 00de 3846     		mov	r0, r7
 204 00e0 FFF7FEFF 		bl	HAL_GPIO_Init
 205              	.LVL6:
  87:Core/Src/gpio.c **** 
  88:Core/Src/gpio.c ****   /*Configure GPIO pins : PBPin PBPin PBPin */
  89:Core/Src/gpio.c ****   GPIO_InitStruct.Pin = PWM_1_Pin|DIGITAL_IO_6_Pin|SD_CARD_DETECT_Pin;
 206              		.loc 1 89 3 view .LVU60
 207              		.loc 1 89 23 is_stmt 0 view .LVU61
 208 00e4 40F60423 		movw	r3, #2564
 209 00e8 0593     		str	r3, [sp, #20]
  90:Core/Src/gpio.c ****   GPIO_InitStruct.Mode = GPIO_MODE_INPUT;
 210              		.loc 1 90 3 is_stmt 1 view .LVU62
 211              		.loc 1 90 24 is_stmt 0 view .LVU63
 212 00ea 0694     		str	r4, [sp, #24]
  91:Core/Src/gpio.c ****   GPIO_InitStruct.Pull = GPIO_NOPULL;
 213              		.loc 1 91 3 is_stmt 1 view .LVU64
 214              		.loc 1 91 24 is_stmt 0 view .LVU65
 215 00ec 0794     		str	r4, [sp, #28]
  92:Core/Src/gpio.c ****   HAL_GPIO_Init(GPIOB, &GPIO_InitStruct);
 216              		.loc 1 92 3 is_stmt 1 view .LVU66
 217 00ee 05A9     		add	r1, sp, #20
 218 00f0 3846     		mov	r0, r7
 219 00f2 FFF7FEFF 		bl	HAL_GPIO_Init
 220              	.LVL7:
  93:Core/Src/gpio.c **** 
  94:Core/Src/gpio.c ****   /*Configure GPIO pins : PCPin PCPin PCPin PCPin */
  95:Core/Src/gpio.c ****   GPIO_InitStruct.Pin = DOWN_BTN_Pin|UP_BTN_Pin|ENTER_BTN_Pin|PWR_STATUS_Pin;
 221              		.loc 1 95 3 view .LVU67
 222              		.loc 1 95 23 is_stmt 0 view .LVU68
 223 00f6 4FF47073 		mov	r3, #960
 224 00fa 0593     		str	r3, [sp, #20]
  96:Core/Src/gpio.c ****   GPIO_InitStruct.Mode = GPIO_MODE_OUTPUT_PP;
 225              		.loc 1 96 3 is_stmt 1 view .LVU69
 226              		.loc 1 96 24 is_stmt 0 view .LVU70
 227 00fc 0695     		str	r5, [sp, #24]
  97:Core/Src/gpio.c ****   GPIO_InitStruct.Pull = GPIO_NOPULL;
 228              		.loc 1 97 3 is_stmt 1 view .LVU71
 229              		.loc 1 97 24 is_stmt 0 view .LVU72
 230 00fe 0794     		str	r4, [sp, #28]
  98:Core/Src/gpio.c ****   GPIO_InitStruct.Speed = GPIO_SPEED_FREQ_LOW;
 231              		.loc 1 98 3 is_stmt 1 view .LVU73
 232              		.loc 1 98 25 is_stmt 0 view .LVU74
 233 0100 0894     		str	r4, [sp, #32]
  99:Core/Src/gpio.c ****   HAL_GPIO_Init(GPIOC, &GPIO_InitStruct);
 234              		.loc 1 99 3 is_stmt 1 view .LVU75
 235 0102 05A9     		add	r1, sp, #20
 236 0104 3046     		mov	r0, r6
 237 0106 FFF7FEFF 		bl	HAL_GPIO_Init
 238              	.LVL8:
 100:Core/Src/gpio.c **** 
 101:Core/Src/gpio.c ****   /*Configure GPIO pin : PtPin */
 102:Core/Src/gpio.c ****   GPIO_InitStruct.Pin = SD_CARD_EN_Pin;
 239              		.loc 1 102 3 view .LVU76
 240              		.loc 1 102 23 is_stmt 0 view .LVU77
 241 010a 4FF40043 		mov	r3, #32768
ARM GAS  /tmp/ccetTkm1.s 			page 7


 242 010e 0593     		str	r3, [sp, #20]
 103:Core/Src/gpio.c ****   GPIO_InitStruct.Mode = GPIO_MODE_OUTPUT_PP;
 243              		.loc 1 103 3 is_stmt 1 view .LVU78
 244              		.loc 1 103 24 is_stmt 0 view .LVU79
 245 0110 0695     		str	r5, [sp, #24]
 104:Core/Src/gpio.c ****   GPIO_InitStruct.Pull = GPIO_NOPULL;
 246              		.loc 1 104 3 is_stmt 1 view .LVU80
 247              		.loc 1 104 24 is_stmt 0 view .LVU81
 248 0112 0794     		str	r4, [sp, #28]
 105:Core/Src/gpio.c ****   GPIO_InitStruct.Speed = GPIO_SPEED_FREQ_LOW;
 249              		.loc 1 105 3 is_stmt 1 view .LVU82
 250              		.loc 1 105 25 is_stmt 0 view .LVU83
 251 0114 0894     		str	r4, [sp, #32]
 106:Core/Src/gpio.c ****   HAL_GPIO_Init(SD_CARD_EN_GPIO_Port, &GPIO_InitStruct);
 252              		.loc 1 106 3 is_stmt 1 view .LVU84
 253 0116 05A9     		add	r1, sp, #20
 254 0118 4FF09040 		mov	r0, #1207959552
 255 011c FFF7FEFF 		bl	HAL_GPIO_Init
 256              	.LVL9:
 107:Core/Src/gpio.c **** 
 108:Core/Src/gpio.c ****   /*Configure GPIO pin : PtPin */
 109:Core/Src/gpio.c ****   GPIO_InitStruct.Pin = ERROR_STATUS_Pin;
 257              		.loc 1 109 3 view .LVU85
 258              		.loc 1 109 23 is_stmt 0 view .LVU86
 259 0120 CDF81490 		str	r9, [sp, #20]
 110:Core/Src/gpio.c ****   GPIO_InitStruct.Mode = GPIO_MODE_OUTPUT_PP;
 260              		.loc 1 110 3 is_stmt 1 view .LVU87
 261              		.loc 1 110 24 is_stmt 0 view .LVU88
 262 0124 0695     		str	r5, [sp, #24]
 111:Core/Src/gpio.c ****   GPIO_InitStruct.Pull = GPIO_NOPULL;
 263              		.loc 1 111 3 is_stmt 1 view .LVU89
 264              		.loc 1 111 24 is_stmt 0 view .LVU90
 265 0126 0794     		str	r4, [sp, #28]
 112:Core/Src/gpio.c ****   GPIO_InitStruct.Speed = GPIO_SPEED_FREQ_LOW;
 266              		.loc 1 112 3 is_stmt 1 view .LVU91
 267              		.loc 1 112 25 is_stmt 0 view .LVU92
 268 0128 0894     		str	r4, [sp, #32]
 113:Core/Src/gpio.c ****   HAL_GPIO_Init(ERROR_STATUS_GPIO_Port, &GPIO_InitStruct);
 269              		.loc 1 113 3 is_stmt 1 view .LVU93
 270 012a 05A9     		add	r1, sp, #20
 271 012c 4046     		mov	r0, r8
 272 012e FFF7FEFF 		bl	HAL_GPIO_Init
 273              	.LVL10:
 114:Core/Src/gpio.c **** 
 115:Core/Src/gpio.c **** }
 274              		.loc 1 115 1 is_stmt 0 view .LVU94
 275 0132 0BB0     		add	sp, sp, #44
 276              	.LCFI2:
 277              		.cfi_def_cfa_offset 28
 278              		@ sp needed
 279 0134 BDE8F083 		pop	{r4, r5, r6, r7, r8, r9, pc}
 280              	.L4:
 281              		.align	2
 282              	.L3:
 283 0138 00100240 		.word	1073876992
 284 013c 00040048 		.word	1207960576
 285 0140 00080048 		.word	1207961600
ARM GAS  /tmp/ccetTkm1.s 			page 8


 286 0144 000C0048 		.word	1207962624
 287              		.cfi_endproc
 288              	.LFE1026:
 290              		.text
 291              	.Letext0:
 292              		.file 2 "/usr/lib/gcc/arm-none-eabi/10.3.1/include/stdint.h"
 293              		.file 3 "Drivers/CMSIS/Device/ST/STM32G4xx/Include/stm32g431xx.h"
 294              		.file 4 "Drivers/STM32G4xx_HAL_Driver/Inc/stm32g4xx_hal_gpio.h"
 295              		.file 5 "Drivers/STM32G4xx_HAL_Driver/Inc/stm32g4xx_ll_dma.h"
ARM GAS  /tmp/ccetTkm1.s 			page 9


DEFINED SYMBOLS
                            *ABS*:0000000000000000 gpio.c
     /tmp/ccetTkm1.s:18     .text.MX_GPIO_Init:0000000000000000 $t
     /tmp/ccetTkm1.s:26     .text.MX_GPIO_Init:0000000000000000 MX_GPIO_Init
     /tmp/ccetTkm1.s:283    .text.MX_GPIO_Init:0000000000000138 $d

UNDEFINED SYMBOLS
HAL_GPIO_WritePin
HAL_GPIO_Init
