ARM GAS  /tmp/ccIZCL8t.s 			page 1


   1              		.cpu cortex-m4
   2              		.eabi_attribute 27, 1
   3              		.eabi_attribute 28, 1
   4              		.eabi_attribute 20, 1
   5              		.eabi_attribute 21, 1
   6              		.eabi_attribute 23, 3
   7              		.eabi_attribute 24, 1
   8              		.eabi_attribute 25, 1
   9              		.eabi_attribute 26, 1
  10              		.eabi_attribute 30, 1
  11              		.eabi_attribute 34, 1
  12              		.eabi_attribute 18, 4
  13              		.file	"i2c.c"
  14              		.text
  15              	.Ltext0:
  16              		.cfi_sections	.debug_frame
  17              		.section	.text.MX_I2C2_Init,"ax",%progbits
  18              		.align	1
  19              		.global	MX_I2C2_Init
  20              		.arch armv7e-m
  21              		.syntax unified
  22              		.thumb
  23              		.thumb_func
  24              		.fpu fpv4-sp-d16
  26              	MX_I2C2_Init:
  27              	.LFB1026:
  28              		.file 1 "Core/Src/i2c.c"
   1:Core/Src/i2c.c **** /* USER CODE BEGIN Header */
   2:Core/Src/i2c.c **** /**
   3:Core/Src/i2c.c ****   ******************************************************************************
   4:Core/Src/i2c.c ****   * @file    i2c.c
   5:Core/Src/i2c.c ****   * @brief   This file provides code for the configuration
   6:Core/Src/i2c.c ****   *          of the I2C instances.
   7:Core/Src/i2c.c ****   ******************************************************************************
   8:Core/Src/i2c.c ****   * @attention
   9:Core/Src/i2c.c ****   *
  10:Core/Src/i2c.c ****   * Copyright (c) 2024 STMicroelectronics.
  11:Core/Src/i2c.c ****   * All rights reserved.
  12:Core/Src/i2c.c ****   *
  13:Core/Src/i2c.c ****   * This software is licensed under terms that can be found in the LICENSE file
  14:Core/Src/i2c.c ****   * in the root directory of this software component.
  15:Core/Src/i2c.c ****   * If no LICENSE file comes with this software, it is provided AS-IS.
  16:Core/Src/i2c.c ****   *
  17:Core/Src/i2c.c ****   ******************************************************************************
  18:Core/Src/i2c.c ****   */
  19:Core/Src/i2c.c **** /* USER CODE END Header */
  20:Core/Src/i2c.c **** /* Includes ------------------------------------------------------------------*/
  21:Core/Src/i2c.c **** #include "i2c.h"
  22:Core/Src/i2c.c **** 
  23:Core/Src/i2c.c **** /* USER CODE BEGIN 0 */
  24:Core/Src/i2c.c **** 
  25:Core/Src/i2c.c **** /* USER CODE END 0 */
  26:Core/Src/i2c.c **** 
  27:Core/Src/i2c.c **** I2C_HandleTypeDef hi2c2;
  28:Core/Src/i2c.c **** 
  29:Core/Src/i2c.c **** /* I2C2 init function */
  30:Core/Src/i2c.c **** void MX_I2C2_Init(void)
ARM GAS  /tmp/ccIZCL8t.s 			page 2


  31:Core/Src/i2c.c **** {
  29              		.loc 1 31 1 view -0
  30              		.cfi_startproc
  31              		@ args = 0, pretend = 0, frame = 0
  32              		@ frame_needed = 0, uses_anonymous_args = 0
  33 0000 08B5     		push	{r3, lr}
  34              	.LCFI0:
  35              		.cfi_def_cfa_offset 8
  36              		.cfi_offset 3, -8
  37              		.cfi_offset 14, -4
  32:Core/Src/i2c.c **** 
  33:Core/Src/i2c.c ****   /* USER CODE BEGIN I2C2_Init 0 */
  34:Core/Src/i2c.c **** 
  35:Core/Src/i2c.c ****   /* USER CODE END I2C2_Init 0 */
  36:Core/Src/i2c.c **** 
  37:Core/Src/i2c.c ****   /* USER CODE BEGIN I2C2_Init 1 */
  38:Core/Src/i2c.c **** 
  39:Core/Src/i2c.c ****   /* USER CODE END I2C2_Init 1 */
  40:Core/Src/i2c.c ****   hi2c2.Instance = I2C2;
  38              		.loc 1 40 3 view .LVU1
  39              		.loc 1 40 18 is_stmt 0 view .LVU2
  40 0002 1348     		ldr	r0, .L9
  41 0004 134B     		ldr	r3, .L9+4
  42 0006 0360     		str	r3, [r0]
  41:Core/Src/i2c.c ****   hi2c2.Init.Timing = 0x00000103;
  43              		.loc 1 41 3 is_stmt 1 view .LVU3
  44              		.loc 1 41 21 is_stmt 0 view .LVU4
  45 0008 40F20313 		movw	r3, #259
  46 000c 4360     		str	r3, [r0, #4]
  42:Core/Src/i2c.c ****   hi2c2.Init.OwnAddress1 = 0;
  47              		.loc 1 42 3 is_stmt 1 view .LVU5
  48              		.loc 1 42 26 is_stmt 0 view .LVU6
  49 000e 0023     		movs	r3, #0
  50 0010 8360     		str	r3, [r0, #8]
  43:Core/Src/i2c.c ****   hi2c2.Init.AddressingMode = I2C_ADDRESSINGMODE_7BIT;
  51              		.loc 1 43 3 is_stmt 1 view .LVU7
  52              		.loc 1 43 29 is_stmt 0 view .LVU8
  53 0012 0122     		movs	r2, #1
  54 0014 C260     		str	r2, [r0, #12]
  44:Core/Src/i2c.c ****   hi2c2.Init.DualAddressMode = I2C_DUALADDRESS_DISABLE;
  55              		.loc 1 44 3 is_stmt 1 view .LVU9
  56              		.loc 1 44 30 is_stmt 0 view .LVU10
  57 0016 0361     		str	r3, [r0, #16]
  45:Core/Src/i2c.c ****   hi2c2.Init.OwnAddress2 = 0;
  58              		.loc 1 45 3 is_stmt 1 view .LVU11
  59              		.loc 1 45 26 is_stmt 0 view .LVU12
  60 0018 4361     		str	r3, [r0, #20]
  46:Core/Src/i2c.c ****   hi2c2.Init.OwnAddress2Masks = I2C_OA2_NOMASK;
  61              		.loc 1 46 3 is_stmt 1 view .LVU13
  62              		.loc 1 46 31 is_stmt 0 view .LVU14
  63 001a 8361     		str	r3, [r0, #24]
  47:Core/Src/i2c.c ****   hi2c2.Init.GeneralCallMode = I2C_GENERALCALL_DISABLE;
  64              		.loc 1 47 3 is_stmt 1 view .LVU15
  65              		.loc 1 47 30 is_stmt 0 view .LVU16
  66 001c C361     		str	r3, [r0, #28]
  48:Core/Src/i2c.c ****   hi2c2.Init.NoStretchMode = I2C_NOSTRETCH_DISABLE;
  67              		.loc 1 48 3 is_stmt 1 view .LVU17
ARM GAS  /tmp/ccIZCL8t.s 			page 3


  68              		.loc 1 48 28 is_stmt 0 view .LVU18
  69 001e 0362     		str	r3, [r0, #32]
  49:Core/Src/i2c.c ****   if (HAL_I2C_Init(&hi2c2) != HAL_OK)
  70              		.loc 1 49 3 is_stmt 1 view .LVU19
  71              		.loc 1 49 7 is_stmt 0 view .LVU20
  72 0020 FFF7FEFF 		bl	HAL_I2C_Init
  73              	.LVL0:
  74              		.loc 1 49 6 view .LVU21
  75 0024 50B9     		cbnz	r0, .L6
  76              	.L2:
  50:Core/Src/i2c.c ****   {
  51:Core/Src/i2c.c ****     Error_Handler();
  52:Core/Src/i2c.c ****   }
  53:Core/Src/i2c.c **** 
  54:Core/Src/i2c.c ****   /** Configure Analogue filter
  55:Core/Src/i2c.c ****   */
  56:Core/Src/i2c.c ****   if (HAL_I2CEx_ConfigAnalogFilter(&hi2c2, I2C_ANALOGFILTER_ENABLE) != HAL_OK)
  77              		.loc 1 56 3 is_stmt 1 view .LVU22
  78              		.loc 1 56 7 is_stmt 0 view .LVU23
  79 0026 0021     		movs	r1, #0
  80 0028 0948     		ldr	r0, .L9
  81 002a FFF7FEFF 		bl	HAL_I2CEx_ConfigAnalogFilter
  82              	.LVL1:
  83              		.loc 1 56 6 view .LVU24
  84 002e 40B9     		cbnz	r0, .L7
  85              	.L3:
  57:Core/Src/i2c.c ****   {
  58:Core/Src/i2c.c ****     Error_Handler();
  59:Core/Src/i2c.c ****   }
  60:Core/Src/i2c.c **** 
  61:Core/Src/i2c.c ****   /** Configure Digital filter
  62:Core/Src/i2c.c ****   */
  63:Core/Src/i2c.c ****   if (HAL_I2CEx_ConfigDigitalFilter(&hi2c2, 0) != HAL_OK)
  86              		.loc 1 63 3 is_stmt 1 view .LVU25
  87              		.loc 1 63 7 is_stmt 0 view .LVU26
  88 0030 0021     		movs	r1, #0
  89 0032 0748     		ldr	r0, .L9
  90 0034 FFF7FEFF 		bl	HAL_I2CEx_ConfigDigitalFilter
  91              	.LVL2:
  92              		.loc 1 63 6 view .LVU27
  93 0038 30B9     		cbnz	r0, .L8
  94              	.L1:
  64:Core/Src/i2c.c ****   {
  65:Core/Src/i2c.c ****     Error_Handler();
  66:Core/Src/i2c.c ****   }
  67:Core/Src/i2c.c ****   /* USER CODE BEGIN I2C2_Init 2 */
  68:Core/Src/i2c.c **** 
  69:Core/Src/i2c.c ****   /* USER CODE END I2C2_Init 2 */
  70:Core/Src/i2c.c **** 
  71:Core/Src/i2c.c **** }
  95              		.loc 1 71 1 view .LVU28
  96 003a 08BD     		pop	{r3, pc}
  97              	.L6:
  51:Core/Src/i2c.c ****   }
  98              		.loc 1 51 5 is_stmt 1 view .LVU29
  99 003c FFF7FEFF 		bl	Error_Handler
 100              	.LVL3:
ARM GAS  /tmp/ccIZCL8t.s 			page 4


 101 0040 F1E7     		b	.L2
 102              	.L7:
  58:Core/Src/i2c.c ****   }
 103              		.loc 1 58 5 view .LVU30
 104 0042 FFF7FEFF 		bl	Error_Handler
 105              	.LVL4:
 106 0046 F3E7     		b	.L3
 107              	.L8:
  65:Core/Src/i2c.c ****   }
 108              		.loc 1 65 5 view .LVU31
 109 0048 FFF7FEFF 		bl	Error_Handler
 110              	.LVL5:
 111              		.loc 1 71 1 is_stmt 0 view .LVU32
 112 004c F5E7     		b	.L1
 113              	.L10:
 114 004e 00BF     		.align	2
 115              	.L9:
 116 0050 00000000 		.word	.LANCHOR0
 117 0054 00580040 		.word	1073764352
 118              		.cfi_endproc
 119              	.LFE1026:
 121              		.section	.text.HAL_I2C_MspInit,"ax",%progbits
 122              		.align	1
 123              		.global	HAL_I2C_MspInit
 124              		.syntax unified
 125              		.thumb
 126              		.thumb_func
 127              		.fpu fpv4-sp-d16
 129              	HAL_I2C_MspInit:
 130              	.LVL6:
 131              	.LFB1027:
  72:Core/Src/i2c.c **** 
  73:Core/Src/i2c.c **** void HAL_I2C_MspInit(I2C_HandleTypeDef* i2cHandle)
  74:Core/Src/i2c.c **** {
 132              		.loc 1 74 1 is_stmt 1 view -0
 133              		.cfi_startproc
 134              		@ args = 0, pretend = 0, frame = 104
 135              		@ frame_needed = 0, uses_anonymous_args = 0
 136              		.loc 1 74 1 is_stmt 0 view .LVU34
 137 0000 F0B5     		push	{r4, r5, r6, r7, lr}
 138              	.LCFI1:
 139              		.cfi_def_cfa_offset 20
 140              		.cfi_offset 4, -20
 141              		.cfi_offset 5, -16
 142              		.cfi_offset 6, -12
 143              		.cfi_offset 7, -8
 144              		.cfi_offset 14, -4
 145 0002 9BB0     		sub	sp, sp, #108
 146              	.LCFI2:
 147              		.cfi_def_cfa_offset 128
 148 0004 0446     		mov	r4, r0
  75:Core/Src/i2c.c **** 
  76:Core/Src/i2c.c ****   GPIO_InitTypeDef GPIO_InitStruct = {0};
 149              		.loc 1 76 3 is_stmt 1 view .LVU35
 150              		.loc 1 76 20 is_stmt 0 view .LVU36
 151 0006 0021     		movs	r1, #0
 152 0008 1591     		str	r1, [sp, #84]
ARM GAS  /tmp/ccIZCL8t.s 			page 5


 153 000a 1691     		str	r1, [sp, #88]
 154 000c 1791     		str	r1, [sp, #92]
 155 000e 1891     		str	r1, [sp, #96]
 156 0010 1991     		str	r1, [sp, #100]
  77:Core/Src/i2c.c ****   RCC_PeriphCLKInitTypeDef PeriphClkInit = {0};
 157              		.loc 1 77 3 is_stmt 1 view .LVU37
 158              		.loc 1 77 28 is_stmt 0 view .LVU38
 159 0012 4422     		movs	r2, #68
 160 0014 04A8     		add	r0, sp, #16
 161              	.LVL7:
 162              		.loc 1 77 28 view .LVU39
 163 0016 FFF7FEFF 		bl	memset
 164              	.LVL8:
  78:Core/Src/i2c.c ****   if(i2cHandle->Instance==I2C2)
 165              		.loc 1 78 3 is_stmt 1 view .LVU40
 166              		.loc 1 78 15 is_stmt 0 view .LVU41
 167 001a 2268     		ldr	r2, [r4]
 168              		.loc 1 78 5 view .LVU42
 169 001c 224B     		ldr	r3, .L17
 170 001e 9A42     		cmp	r2, r3
 171 0020 01D0     		beq	.L15
 172              	.LVL9:
 173              	.L11:
  79:Core/Src/i2c.c ****   {
  80:Core/Src/i2c.c ****   /* USER CODE BEGIN I2C2_MspInit 0 */
  81:Core/Src/i2c.c **** 
  82:Core/Src/i2c.c ****   /* USER CODE END I2C2_MspInit 0 */
  83:Core/Src/i2c.c **** 
  84:Core/Src/i2c.c ****   /** Initializes the peripherals clocks
  85:Core/Src/i2c.c ****   */
  86:Core/Src/i2c.c ****     PeriphClkInit.PeriphClockSelection = RCC_PERIPHCLK_I2C2;
  87:Core/Src/i2c.c ****     PeriphClkInit.I2c2ClockSelection = RCC_I2C2CLKSOURCE_PCLK1;
  88:Core/Src/i2c.c ****     if (HAL_RCCEx_PeriphCLKConfig(&PeriphClkInit) != HAL_OK)
  89:Core/Src/i2c.c ****     {
  90:Core/Src/i2c.c ****       Error_Handler();
  91:Core/Src/i2c.c ****     }
  92:Core/Src/i2c.c **** 
  93:Core/Src/i2c.c ****     __HAL_RCC_GPIOC_CLK_ENABLE();
  94:Core/Src/i2c.c ****     __HAL_RCC_GPIOA_CLK_ENABLE();
  95:Core/Src/i2c.c ****     /**I2C2 GPIO Configuration
  96:Core/Src/i2c.c ****     PC4     ------> I2C2_SCL
  97:Core/Src/i2c.c ****     PA8     ------> I2C2_SDA
  98:Core/Src/i2c.c ****     */
  99:Core/Src/i2c.c ****     GPIO_InitStruct.Pin = GPIO_PIN_4;
 100:Core/Src/i2c.c ****     GPIO_InitStruct.Mode = GPIO_MODE_AF_OD;
 101:Core/Src/i2c.c ****     GPIO_InitStruct.Pull = GPIO_NOPULL;
 102:Core/Src/i2c.c ****     GPIO_InitStruct.Speed = GPIO_SPEED_FREQ_LOW;
 103:Core/Src/i2c.c ****     GPIO_InitStruct.Alternate = GPIO_AF4_I2C2;
 104:Core/Src/i2c.c ****     HAL_GPIO_Init(GPIOC, &GPIO_InitStruct);
 105:Core/Src/i2c.c **** 
 106:Core/Src/i2c.c ****     GPIO_InitStruct.Pin = GPIO_PIN_8;
 107:Core/Src/i2c.c ****     GPIO_InitStruct.Mode = GPIO_MODE_AF_OD;
 108:Core/Src/i2c.c ****     GPIO_InitStruct.Pull = GPIO_NOPULL;
 109:Core/Src/i2c.c ****     GPIO_InitStruct.Speed = GPIO_SPEED_FREQ_LOW;
 110:Core/Src/i2c.c ****     GPIO_InitStruct.Alternate = GPIO_AF4_I2C2;
 111:Core/Src/i2c.c ****     HAL_GPIO_Init(GPIOA, &GPIO_InitStruct);
 112:Core/Src/i2c.c **** 
ARM GAS  /tmp/ccIZCL8t.s 			page 6


 113:Core/Src/i2c.c ****     /* I2C2 clock enable */
 114:Core/Src/i2c.c ****     __HAL_RCC_I2C2_CLK_ENABLE();
 115:Core/Src/i2c.c ****   /* USER CODE BEGIN I2C2_MspInit 1 */
 116:Core/Src/i2c.c **** 
 117:Core/Src/i2c.c ****   /* USER CODE END I2C2_MspInit 1 */
 118:Core/Src/i2c.c ****   }
 119:Core/Src/i2c.c **** }
 174              		.loc 1 119 1 view .LVU43
 175 0022 1BB0     		add	sp, sp, #108
 176              	.LCFI3:
 177              		.cfi_remember_state
 178              		.cfi_def_cfa_offset 20
 179              		@ sp needed
 180 0024 F0BD     		pop	{r4, r5, r6, r7, pc}
 181              	.LVL10:
 182              	.L15:
 183              	.LCFI4:
 184              		.cfi_restore_state
  86:Core/Src/i2c.c ****     PeriphClkInit.I2c2ClockSelection = RCC_I2C2CLKSOURCE_PCLK1;
 185              		.loc 1 86 5 is_stmt 1 view .LVU44
  86:Core/Src/i2c.c ****     PeriphClkInit.I2c2ClockSelection = RCC_I2C2CLKSOURCE_PCLK1;
 186              		.loc 1 86 40 is_stmt 0 view .LVU45
 187 0026 8023     		movs	r3, #128
 188 0028 0493     		str	r3, [sp, #16]
  87:Core/Src/i2c.c ****     if (HAL_RCCEx_PeriphCLKConfig(&PeriphClkInit) != HAL_OK)
 189              		.loc 1 87 5 is_stmt 1 view .LVU46
  88:Core/Src/i2c.c ****     {
 190              		.loc 1 88 5 view .LVU47
  88:Core/Src/i2c.c ****     {
 191              		.loc 1 88 9 is_stmt 0 view .LVU48
 192 002a 04A8     		add	r0, sp, #16
 193 002c FFF7FEFF 		bl	HAL_RCCEx_PeriphCLKConfig
 194              	.LVL11:
  88:Core/Src/i2c.c ****     {
 195              		.loc 1 88 8 view .LVU49
 196 0030 0028     		cmp	r0, #0
 197 0032 35D1     		bne	.L16
 198              	.L13:
  93:Core/Src/i2c.c ****     __HAL_RCC_GPIOA_CLK_ENABLE();
 199              		.loc 1 93 5 is_stmt 1 view .LVU50
 200              	.LBB2:
  93:Core/Src/i2c.c ****     __HAL_RCC_GPIOA_CLK_ENABLE();
 201              		.loc 1 93 5 view .LVU51
  93:Core/Src/i2c.c ****     __HAL_RCC_GPIOA_CLK_ENABLE();
 202              		.loc 1 93 5 view .LVU52
 203 0034 1D4C     		ldr	r4, .L17+4
 204              	.LVL12:
  93:Core/Src/i2c.c ****     __HAL_RCC_GPIOA_CLK_ENABLE();
 205              		.loc 1 93 5 is_stmt 0 view .LVU53
 206 0036 E36C     		ldr	r3, [r4, #76]
 207 0038 43F00403 		orr	r3, r3, #4
 208 003c E364     		str	r3, [r4, #76]
  93:Core/Src/i2c.c ****     __HAL_RCC_GPIOA_CLK_ENABLE();
 209              		.loc 1 93 5 is_stmt 1 view .LVU54
 210 003e E36C     		ldr	r3, [r4, #76]
 211 0040 03F00403 		and	r3, r3, #4
 212 0044 0193     		str	r3, [sp, #4]
ARM GAS  /tmp/ccIZCL8t.s 			page 7


  93:Core/Src/i2c.c ****     __HAL_RCC_GPIOA_CLK_ENABLE();
 213              		.loc 1 93 5 view .LVU55
 214 0046 019B     		ldr	r3, [sp, #4]
 215              	.LBE2:
  93:Core/Src/i2c.c ****     __HAL_RCC_GPIOA_CLK_ENABLE();
 216              		.loc 1 93 5 view .LVU56
  94:Core/Src/i2c.c ****     /**I2C2 GPIO Configuration
 217              		.loc 1 94 5 view .LVU57
 218              	.LBB3:
  94:Core/Src/i2c.c ****     /**I2C2 GPIO Configuration
 219              		.loc 1 94 5 view .LVU58
  94:Core/Src/i2c.c ****     /**I2C2 GPIO Configuration
 220              		.loc 1 94 5 view .LVU59
 221 0048 E36C     		ldr	r3, [r4, #76]
 222 004a 43F00103 		orr	r3, r3, #1
 223 004e E364     		str	r3, [r4, #76]
  94:Core/Src/i2c.c ****     /**I2C2 GPIO Configuration
 224              		.loc 1 94 5 view .LVU60
 225 0050 E36C     		ldr	r3, [r4, #76]
 226 0052 03F00103 		and	r3, r3, #1
 227 0056 0293     		str	r3, [sp, #8]
  94:Core/Src/i2c.c ****     /**I2C2 GPIO Configuration
 228              		.loc 1 94 5 view .LVU61
 229 0058 029B     		ldr	r3, [sp, #8]
 230              	.LBE3:
  94:Core/Src/i2c.c ****     /**I2C2 GPIO Configuration
 231              		.loc 1 94 5 view .LVU62
  99:Core/Src/i2c.c ****     GPIO_InitStruct.Mode = GPIO_MODE_AF_OD;
 232              		.loc 1 99 5 view .LVU63
  99:Core/Src/i2c.c ****     GPIO_InitStruct.Mode = GPIO_MODE_AF_OD;
 233              		.loc 1 99 25 is_stmt 0 view .LVU64
 234 005a 1023     		movs	r3, #16
 235 005c 1593     		str	r3, [sp, #84]
 100:Core/Src/i2c.c ****     GPIO_InitStruct.Pull = GPIO_NOPULL;
 236              		.loc 1 100 5 is_stmt 1 view .LVU65
 100:Core/Src/i2c.c ****     GPIO_InitStruct.Pull = GPIO_NOPULL;
 237              		.loc 1 100 26 is_stmt 0 view .LVU66
 238 005e 1227     		movs	r7, #18
 239 0060 1697     		str	r7, [sp, #88]
 101:Core/Src/i2c.c ****     GPIO_InitStruct.Speed = GPIO_SPEED_FREQ_LOW;
 240              		.loc 1 101 5 is_stmt 1 view .LVU67
 101:Core/Src/i2c.c ****     GPIO_InitStruct.Speed = GPIO_SPEED_FREQ_LOW;
 241              		.loc 1 101 26 is_stmt 0 view .LVU68
 242 0062 0025     		movs	r5, #0
 243 0064 1795     		str	r5, [sp, #92]
 102:Core/Src/i2c.c ****     GPIO_InitStruct.Alternate = GPIO_AF4_I2C2;
 244              		.loc 1 102 5 is_stmt 1 view .LVU69
 102:Core/Src/i2c.c ****     GPIO_InitStruct.Alternate = GPIO_AF4_I2C2;
 245              		.loc 1 102 27 is_stmt 0 view .LVU70
 246 0066 1895     		str	r5, [sp, #96]
 103:Core/Src/i2c.c ****     HAL_GPIO_Init(GPIOC, &GPIO_InitStruct);
 247              		.loc 1 103 5 is_stmt 1 view .LVU71
 103:Core/Src/i2c.c ****     HAL_GPIO_Init(GPIOC, &GPIO_InitStruct);
 248              		.loc 1 103 31 is_stmt 0 view .LVU72
 249 0068 0426     		movs	r6, #4
 250 006a 1996     		str	r6, [sp, #100]
 104:Core/Src/i2c.c **** 
ARM GAS  /tmp/ccIZCL8t.s 			page 8


 251              		.loc 1 104 5 is_stmt 1 view .LVU73
 252 006c 15A9     		add	r1, sp, #84
 253 006e 1048     		ldr	r0, .L17+8
 254 0070 FFF7FEFF 		bl	HAL_GPIO_Init
 255              	.LVL13:
 106:Core/Src/i2c.c ****     GPIO_InitStruct.Mode = GPIO_MODE_AF_OD;
 256              		.loc 1 106 5 view .LVU74
 106:Core/Src/i2c.c ****     GPIO_InitStruct.Mode = GPIO_MODE_AF_OD;
 257              		.loc 1 106 25 is_stmt 0 view .LVU75
 258 0074 4FF48073 		mov	r3, #256
 259 0078 1593     		str	r3, [sp, #84]
 107:Core/Src/i2c.c ****     GPIO_InitStruct.Pull = GPIO_NOPULL;
 260              		.loc 1 107 5 is_stmt 1 view .LVU76
 107:Core/Src/i2c.c ****     GPIO_InitStruct.Pull = GPIO_NOPULL;
 261              		.loc 1 107 26 is_stmt 0 view .LVU77
 262 007a 1697     		str	r7, [sp, #88]
 108:Core/Src/i2c.c ****     GPIO_InitStruct.Speed = GPIO_SPEED_FREQ_LOW;
 263              		.loc 1 108 5 is_stmt 1 view .LVU78
 108:Core/Src/i2c.c ****     GPIO_InitStruct.Speed = GPIO_SPEED_FREQ_LOW;
 264              		.loc 1 108 26 is_stmt 0 view .LVU79
 265 007c 1795     		str	r5, [sp, #92]
 109:Core/Src/i2c.c ****     GPIO_InitStruct.Alternate = GPIO_AF4_I2C2;
 266              		.loc 1 109 5 is_stmt 1 view .LVU80
 109:Core/Src/i2c.c ****     GPIO_InitStruct.Alternate = GPIO_AF4_I2C2;
 267              		.loc 1 109 27 is_stmt 0 view .LVU81
 268 007e 1895     		str	r5, [sp, #96]
 110:Core/Src/i2c.c ****     HAL_GPIO_Init(GPIOA, &GPIO_InitStruct);
 269              		.loc 1 110 5 is_stmt 1 view .LVU82
 110:Core/Src/i2c.c ****     HAL_GPIO_Init(GPIOA, &GPIO_InitStruct);
 270              		.loc 1 110 31 is_stmt 0 view .LVU83
 271 0080 1996     		str	r6, [sp, #100]
 111:Core/Src/i2c.c **** 
 272              		.loc 1 111 5 is_stmt 1 view .LVU84
 273 0082 15A9     		add	r1, sp, #84
 274 0084 4FF09040 		mov	r0, #1207959552
 275 0088 FFF7FEFF 		bl	HAL_GPIO_Init
 276              	.LVL14:
 114:Core/Src/i2c.c ****   /* USER CODE BEGIN I2C2_MspInit 1 */
 277              		.loc 1 114 5 view .LVU85
 278              	.LBB4:
 114:Core/Src/i2c.c ****   /* USER CODE BEGIN I2C2_MspInit 1 */
 279              		.loc 1 114 5 view .LVU86
 114:Core/Src/i2c.c ****   /* USER CODE BEGIN I2C2_MspInit 1 */
 280              		.loc 1 114 5 view .LVU87
 281 008c A36D     		ldr	r3, [r4, #88]
 282 008e 43F48003 		orr	r3, r3, #4194304
 283 0092 A365     		str	r3, [r4, #88]
 114:Core/Src/i2c.c ****   /* USER CODE BEGIN I2C2_MspInit 1 */
 284              		.loc 1 114 5 view .LVU88
 285 0094 A36D     		ldr	r3, [r4, #88]
 286 0096 03F48003 		and	r3, r3, #4194304
 287 009a 0393     		str	r3, [sp, #12]
 114:Core/Src/i2c.c ****   /* USER CODE BEGIN I2C2_MspInit 1 */
 288              		.loc 1 114 5 view .LVU89
 289 009c 039B     		ldr	r3, [sp, #12]
 290              	.LBE4:
 114:Core/Src/i2c.c ****   /* USER CODE BEGIN I2C2_MspInit 1 */
ARM GAS  /tmp/ccIZCL8t.s 			page 9


 291              		.loc 1 114 5 view .LVU90
 292              		.loc 1 119 1 is_stmt 0 view .LVU91
 293 009e C0E7     		b	.L11
 294              	.LVL15:
 295              	.L16:
  90:Core/Src/i2c.c ****     }
 296              		.loc 1 90 7 is_stmt 1 view .LVU92
 297 00a0 FFF7FEFF 		bl	Error_Handler
 298              	.LVL16:
 299 00a4 C6E7     		b	.L13
 300              	.L18:
 301 00a6 00BF     		.align	2
 302              	.L17:
 303 00a8 00580040 		.word	1073764352
 304 00ac 00100240 		.word	1073876992
 305 00b0 00080048 		.word	1207961600
 306              		.cfi_endproc
 307              	.LFE1027:
 309              		.section	.text.HAL_I2C_MspDeInit,"ax",%progbits
 310              		.align	1
 311              		.global	HAL_I2C_MspDeInit
 312              		.syntax unified
 313              		.thumb
 314              		.thumb_func
 315              		.fpu fpv4-sp-d16
 317              	HAL_I2C_MspDeInit:
 318              	.LVL17:
 319              	.LFB1028:
 120:Core/Src/i2c.c **** 
 121:Core/Src/i2c.c **** void HAL_I2C_MspDeInit(I2C_HandleTypeDef* i2cHandle)
 122:Core/Src/i2c.c **** {
 320              		.loc 1 122 1 view -0
 321              		.cfi_startproc
 322              		@ args = 0, pretend = 0, frame = 0
 323              		@ frame_needed = 0, uses_anonymous_args = 0
 324              		.loc 1 122 1 is_stmt 0 view .LVU94
 325 0000 08B5     		push	{r3, lr}
 326              	.LCFI5:
 327              		.cfi_def_cfa_offset 8
 328              		.cfi_offset 3, -8
 329              		.cfi_offset 14, -4
 123:Core/Src/i2c.c **** 
 124:Core/Src/i2c.c ****   if(i2cHandle->Instance==I2C2)
 330              		.loc 1 124 3 is_stmt 1 view .LVU95
 331              		.loc 1 124 15 is_stmt 0 view .LVU96
 332 0002 0268     		ldr	r2, [r0]
 333              		.loc 1 124 5 view .LVU97
 334 0004 094B     		ldr	r3, .L23
 335 0006 9A42     		cmp	r2, r3
 336 0008 00D0     		beq	.L22
 337              	.LVL18:
 338              	.L19:
 125:Core/Src/i2c.c ****   {
 126:Core/Src/i2c.c ****   /* USER CODE BEGIN I2C2_MspDeInit 0 */
 127:Core/Src/i2c.c **** 
 128:Core/Src/i2c.c ****   /* USER CODE END I2C2_MspDeInit 0 */
 129:Core/Src/i2c.c ****     /* Peripheral clock disable */
ARM GAS  /tmp/ccIZCL8t.s 			page 10


 130:Core/Src/i2c.c ****     __HAL_RCC_I2C2_CLK_DISABLE();
 131:Core/Src/i2c.c **** 
 132:Core/Src/i2c.c ****     /**I2C2 GPIO Configuration
 133:Core/Src/i2c.c ****     PC4     ------> I2C2_SCL
 134:Core/Src/i2c.c ****     PA8     ------> I2C2_SDA
 135:Core/Src/i2c.c ****     */
 136:Core/Src/i2c.c ****     HAL_GPIO_DeInit(GPIOC, GPIO_PIN_4);
 137:Core/Src/i2c.c **** 
 138:Core/Src/i2c.c ****     HAL_GPIO_DeInit(GPIOA, GPIO_PIN_8);
 139:Core/Src/i2c.c **** 
 140:Core/Src/i2c.c ****   /* USER CODE BEGIN I2C2_MspDeInit 1 */
 141:Core/Src/i2c.c **** 
 142:Core/Src/i2c.c ****   /* USER CODE END I2C2_MspDeInit 1 */
 143:Core/Src/i2c.c ****   }
 144:Core/Src/i2c.c **** }
 339              		.loc 1 144 1 view .LVU98
 340 000a 08BD     		pop	{r3, pc}
 341              	.LVL19:
 342              	.L22:
 130:Core/Src/i2c.c **** 
 343              		.loc 1 130 5 is_stmt 1 view .LVU99
 344 000c 084A     		ldr	r2, .L23+4
 345 000e 936D     		ldr	r3, [r2, #88]
 346 0010 23F48003 		bic	r3, r3, #4194304
 347 0014 9365     		str	r3, [r2, #88]
 136:Core/Src/i2c.c **** 
 348              		.loc 1 136 5 view .LVU100
 349 0016 1021     		movs	r1, #16
 350 0018 0648     		ldr	r0, .L23+8
 351              	.LVL20:
 136:Core/Src/i2c.c **** 
 352              		.loc 1 136 5 is_stmt 0 view .LVU101
 353 001a FFF7FEFF 		bl	HAL_GPIO_DeInit
 354              	.LVL21:
 138:Core/Src/i2c.c **** 
 355              		.loc 1 138 5 is_stmt 1 view .LVU102
 356 001e 4FF48071 		mov	r1, #256
 357 0022 4FF09040 		mov	r0, #1207959552
 358 0026 FFF7FEFF 		bl	HAL_GPIO_DeInit
 359              	.LVL22:
 360              		.loc 1 144 1 is_stmt 0 view .LVU103
 361 002a EEE7     		b	.L19
 362              	.L24:
 363              		.align	2
 364              	.L23:
 365 002c 00580040 		.word	1073764352
 366 0030 00100240 		.word	1073876992
 367 0034 00080048 		.word	1207961600
 368              		.cfi_endproc
 369              	.LFE1028:
 371              		.global	hi2c2
 372              		.section	.bss.hi2c2,"aw",%nobits
 373              		.align	2
 374              		.set	.LANCHOR0,. + 0
 377              	hi2c2:
 378 0000 00000000 		.space	84
 378      00000000 
ARM GAS  /tmp/ccIZCL8t.s 			page 11


 378      00000000 
 378      00000000 
 378      00000000 
 379              		.text
 380              	.Letext0:
 381              		.file 2 "/usr/lib/gcc/arm-none-eabi/10.3.1/include/stdint.h"
 382              		.file 3 "Drivers/CMSIS/Device/ST/STM32G4xx/Include/stm32g431xx.h"
 383              		.file 4 "Drivers/STM32G4xx_HAL_Driver/Inc/stm32g4xx_hal_def.h"
 384              		.file 5 "Drivers/STM32G4xx_HAL_Driver/Inc/stm32g4xx_hal_rcc_ex.h"
 385              		.file 6 "Drivers/STM32G4xx_HAL_Driver/Inc/stm32g4xx_hal_gpio.h"
 386              		.file 7 "Drivers/STM32G4xx_HAL_Driver/Inc/stm32g4xx_hal_dma.h"
 387              		.file 8 "Drivers/STM32G4xx_HAL_Driver/Inc/stm32g4xx_hal_i2c.h"
 388              		.file 9 "Drivers/STM32G4xx_HAL_Driver/Inc/stm32g4xx_ll_dma.h"
 389              		.file 10 "Core/Inc/main.h"
 390              		.file 11 "Drivers/STM32G4xx_HAL_Driver/Inc/stm32g4xx_hal_i2c_ex.h"
 391              		.file 12 "Core/Inc/i2c.h"
 392              		.file 13 "<built-in>"
ARM GAS  /tmp/ccIZCL8t.s 			page 12


DEFINED SYMBOLS
                            *ABS*:0000000000000000 i2c.c
     /tmp/ccIZCL8t.s:18     .text.MX_I2C2_Init:0000000000000000 $t
     /tmp/ccIZCL8t.s:26     .text.MX_I2C2_Init:0000000000000000 MX_I2C2_Init
     /tmp/ccIZCL8t.s:116    .text.MX_I2C2_Init:0000000000000050 $d
     /tmp/ccIZCL8t.s:122    .text.HAL_I2C_MspInit:0000000000000000 $t
     /tmp/ccIZCL8t.s:129    .text.HAL_I2C_MspInit:0000000000000000 HAL_I2C_MspInit
     /tmp/ccIZCL8t.s:303    .text.HAL_I2C_MspInit:00000000000000a8 $d
     /tmp/ccIZCL8t.s:310    .text.HAL_I2C_MspDeInit:0000000000000000 $t
     /tmp/ccIZCL8t.s:317    .text.HAL_I2C_MspDeInit:0000000000000000 HAL_I2C_MspDeInit
     /tmp/ccIZCL8t.s:365    .text.HAL_I2C_MspDeInit:000000000000002c $d
     /tmp/ccIZCL8t.s:377    .bss.hi2c2:0000000000000000 hi2c2
     /tmp/ccIZCL8t.s:373    .bss.hi2c2:0000000000000000 $d

UNDEFINED SYMBOLS
HAL_I2C_Init
HAL_I2CEx_ConfigAnalogFilter
HAL_I2CEx_ConfigDigitalFilter
Error_Handler
memset
HAL_RCCEx_PeriphCLKConfig
HAL_GPIO_Init
HAL_GPIO_DeInit
