2024-07-22 14:11:23,632 [INFO] Activator:176 - 


2024-07-22 14:11:23,639 [INFO] Activator:177 - !SESSION log4j initialized
2024-07-22 14:11:29,140 [INFO] LogOutputStream:77 - [STDOUT_REDIRECT] 
2024-07-22 14:11:31,943 [INFO] ApplicationProperties:184 - Using Application install path: C:\ST\STM32CubeIDE_1.15.0\STM32CubeIDE\plugins\com.st.stm32cube.common.mx_6.11.1.202404110753
2024-07-22 14:11:31,964 [INFO] DbMcusXml:78 - Set database path to: C:\ST\STM32CubeIDE_1.15.0\STM32CubeIDE\plugins\com.st.stm32cube.common.mx_6.11.1.202404110753\\db\/mcu/
2024-07-22 14:11:31,965 [INFO] ApiDb:274 - Set plugin database path to: C:\ST\STM32CubeIDE_1.15.0\STM32CubeIDE\plugins\com.st.stm32cube.common.mx_6.11.1.202404110753\\db\/plugins/boardmanager/
2024-07-22 14:11:31,965 [WARN] ApiDb:259 - Overriding images path with different value:  => C:\ST\STM32CubeIDE_1.15.0\STM32CubeIDE\plugins\com.st.stm32cube.common.mx_6.11.1.202404110753\\db\/plugins/mcufinder/images/
2024-07-22 14:11:31,979 [INFO] ApiDb:250 - Set database path to: C:\Users\conor\.stmcufinder\plugins\mcufinder//mcu/
2024-07-22 14:11:31,980 [INFO] DbMcusAds:125 - Set database path to: C:\Users\conor\.stmcufinder\plugins\mcufinder//mcu/
2024-07-22 14:11:31,982 [INFO] CrossReferenceDbSqlite:203 - Set database path to: C:\Users\conor\.stmcufinder\plugins\mcufinder//mcu/cs/
2024-07-22 14:11:32,100 [INFO] RulesReader:64 - Compatibility file has been processed (297 Rules)
2024-07-22 14:11:32,182 [INFO] DbMcusXml:78 - Set database path to: C:\ST\STM32CubeIDE_1.15.0\STM32CubeIDE\plugins\com.st.stm32cube.common.mx_6.11.1.202404110753\\db\/mcu/
2024-07-22 14:11:32,183 [INFO] ApiDb:274 - Set plugin database path to: C:\ST\STM32CubeIDE_1.15.0\STM32CubeIDE\plugins\com.st.stm32cube.common.mx_6.11.1.202404110753\\db\/plugins/boardmanager/
2024-07-22 14:11:32,183 [INFO] ApiDb:261 - Set plugin images path to: C:\ST\STM32CubeIDE_1.15.0\STM32CubeIDE\plugins\com.st.stm32cube.common.mx_6.11.1.202404110753\\db\/plugins/mcufinder/images/
2024-07-22 14:11:32,183 [WARN] DbFile:41 - Overriding database path with different value: C:\Users\conor\.stmcufinder\plugins\mcufinder/ => C:\Users\conor\.stmcufinder\plugins\mcufinder
2024-07-22 14:11:32,183 [INFO] ApiDb:250 - Set database path to: C:\Users\conor\.stmcufinder\plugins\mcufinder//mcu/
2024-07-22 14:11:32,183 [WARN] DbFile:41 - Overriding database path with different value: C:\Users\conor\.stmcufinder\plugins\mcufinder/ => C:\Users\conor\.stmcufinder\plugins\mcufinder
2024-07-22 14:11:32,183 [INFO] DbMcusAds:125 - Set database path to: C:\Users\conor\.stmcufinder\plugins\mcufinder//mcu/
2024-07-22 14:11:32,183 [WARN] DbFile:41 - Overriding database path with different value: C:\Users\conor\.stmcufinder\plugins\mcufinder/ => C:\Users\conor\.stmcufinder\plugins\mcufinder
2024-07-22 14:11:32,183 [WARN] DbFile:41 - Overriding database path with different value: C:\Users\conor\.stmcufinder\plugins\mcufinder/ => C:\Users\conor\.stmcufinder\plugins\mcufinder
2024-07-22 14:11:32,183 [INFO] CrossReferenceDbSqlite:203 - Set database path to: C:\Users\conor\.stmcufinder\plugins\mcufinder//mcu/cs/
2024-07-22 14:11:32,268 [INFO] MainPanel:264 - HeapMemory: 268435456
2024-07-22 14:11:32,390 [INFO] DbMcusXml:78 - Set database path to: C:\ST\STM32CubeIDE_1.15.0\STM32CubeIDE\plugins\com.st.stm32cube.common.mx_6.11.1.202404110753\\db\/mcu/
2024-07-22 14:11:32,390 [INFO] ApiDb:274 - Set plugin database path to: C:\ST\STM32CubeIDE_1.15.0\STM32CubeIDE\plugins\com.st.stm32cube.common.mx_6.11.1.202404110753\\db\/plugins/boardmanager/
2024-07-22 14:11:32,390 [INFO] ApiDb:261 - Set plugin images path to: C:\ST\STM32CubeIDE_1.15.0\STM32CubeIDE\plugins\com.st.stm32cube.common.mx_6.11.1.202404110753\\db\/plugins/mcufinder/images/
2024-07-22 14:11:32,391 [WARN] DbFile:41 - Overriding database path with different value: C:\Users\conor\.stmcufinder\plugins\mcufinder/ => C:\Users\conor\.stmcufinder\plugins\mcufinder
2024-07-22 14:11:32,391 [INFO] ApiDb:250 - Set database path to: C:\Users\conor\.stmcufinder\plugins\mcufinder//mcu/
2024-07-22 14:11:32,391 [WARN] DbFile:41 - Overriding database path with different value: C:\Users\conor\.stmcufinder\plugins\mcufinder/ => C:\Users\conor\.stmcufinder\plugins\mcufinder
2024-07-22 14:11:32,391 [INFO] DbMcusAds:125 - Set database path to: C:\Users\conor\.stmcufinder\plugins\mcufinder//mcu/
2024-07-22 14:11:32,391 [WARN] DbFile:41 - Overriding database path with different value: C:\Users\conor\.stmcufinder\plugins\mcufinder/ => C:\Users\conor\.stmcufinder\plugins\mcufinder
2024-07-22 14:11:32,391 [WARN] DbFile:41 - Overriding database path with different value: C:\Users\conor\.stmcufinder\plugins\mcufinder/ => C:\Users\conor\.stmcufinder\plugins\mcufinder
2024-07-22 14:11:32,392 [INFO] CrossReferenceDbSqlite:203 - Set database path to: C:\Users\conor\.stmcufinder\plugins\mcufinder//mcu/cs/
2024-07-22 14:11:32,410 [INFO] ApplicationProperties:184 - Using Application install path: C:\ST\STM32CubeIDE_1.15.0\STM32CubeIDE\plugins\com.st.stm32cube.common.mx_6.11.1.202404110753
2024-07-22 14:11:32,412 [INFO] PluginManage:196 - Search for loadable plugins [exclusion list=, ]
2024-07-22 14:11:32,414 [INFO] PluginManage:310 - Check plugin analytics
2024-07-22 14:11:32,643 [INFO] AnalyticsPlugin:253 - Accepted Software Licenses: STM32CubeMX.6.10.0,STM32CubeMX.6.11.1
2024-07-22 14:11:32,644 [INFO] AnalyticsPlugin:255 - Accepted CMSIS Pack Licenses: 
2024-07-22 14:11:32,644 [INFO] AnalyticsPlugin:257 - Accepted Firmware Licenses: FW.G4.1.5.0
2024-07-22 14:11:32,649 [INFO] PluginManage:359 - Loaded plugin analytics (category:tool,tabindex:-1)
2024-07-22 14:11:32,649 [INFO] PluginManage:310 - Check plugin cadmodel
2024-07-22 14:11:32,713 [INFO] CADModel:105 - Init CAD model plugin
2024-07-22 14:11:32,714 [INFO] PluginManage:359 - Loaded plugin cadmodel (category:power,tabindex:5)
2024-07-22 14:11:32,714 [INFO] PluginManage:310 - Check plugin clock
2024-07-22 14:11:32,737 [INFO] PluginManage:359 - Loaded plugin clock (category:base,tabindex:2)
2024-07-22 14:11:32,737 [INFO] PluginManage:310 - Check plugin ddr
2024-07-22 14:11:32,741 [INFO] PluginManage:359 - Loaded plugin ddr (category:tool,tabindex:6)
2024-07-22 14:11:32,741 [INFO] PluginManage:310 - Check plugin filemanager
2024-07-22 14:11:32,884 [INFO] PluginManage:359 - Loaded plugin filemanager (category:base,tabindex:10)
2024-07-22 14:11:32,884 [INFO] PluginManage:310 - Check plugin ipmanager
2024-07-22 14:11:32,891 [INFO] PluginManage:359 - Loaded plugin ipmanager (category:base,tabindex:5)
2024-07-22 14:11:32,891 [INFO] PluginManage:310 - Check plugin lpbam
2024-07-22 14:11:32,909 [INFO] PluginManage:359 - Loaded plugin lpbam (category:base,tabindex:0)
2024-07-22 14:11:32,909 [INFO] PluginManage:310 - Check plugin memorymap
2024-07-22 14:11:32,932 [INFO] PluginManage:359 - Loaded plugin memorymap (category:base,tabindex:4)
2024-07-22 14:11:32,932 [INFO] PluginManage:310 - Check plugin pinoutandconfiguration
2024-07-22 14:11:32,948 [INFO] PluginManage:359 - Loaded plugin pinoutandconfiguration (category:base,tabindex:1)
2024-07-22 14:11:32,949 [INFO] PluginManage:310 - Check plugin pinoutconfig
2024-07-22 14:11:33,039 [WARN] SupportedApi:132 - Cannot load RTOS API schema: s4s-elt-must-match.1: The content of 'definitions' must match (annotation?, (simpleType | complexType)?, (unique | key | keyref)*)). A problem was found starting at: attribute.
2024-07-22 14:11:33,144 [INFO] PluginManage:359 - Loaded plugin pinoutconfig (category:base,tabindex:0)
2024-07-22 14:11:33,144 [INFO] PluginManage:310 - Check plugin power
2024-07-22 14:11:33,161 [INFO] PluginManage:359 - Loaded plugin power (category:power,tabindex:4)
2024-07-22 14:11:33,162 [INFO] PluginManage:310 - Check plugin projectmanager
2024-07-22 14:11:33,174 [INFO] PluginManage:359 - Loaded plugin projectmanager (category:projectmanager,tabindex:3)
2024-07-22 14:11:33,174 [INFO] PluginManage:310 - Check plugin thirdparty
2024-07-22 14:11:33,412 [INFO] PluginManage:359 - Loaded plugin thirdparty (category:base,tabindex:-1)
2024-07-22 14:11:33,413 [INFO] PluginManage:310 - Check plugin tools
2024-07-22 14:11:33,412 [WARN] IntegrityCheckThread:84 - waiting for thirdparty lock release [integrity check]
2024-07-22 14:11:33,413 [INFO] IntegrityCheckThread:86 - entering critical section [integrity check]
2024-07-22 14:11:33,413 [INFO] ThirdPartyUpdaterWithRetryManager:70 - Updater plugin not ready yet. [1/15]
2024-07-22 14:11:33,442 [INFO] PluginManage:359 - Loaded plugin tools (category:base,tabindex:7)
2024-07-22 14:11:33,442 [INFO] PluginManage:310 - Check plugin tutovideos
2024-07-22 14:11:33,595 [INFO] PluginManage:359 - Loaded plugin tutovideos (category:base,tabindex:-1)
2024-07-22 14:11:33,595 [INFO] PluginManage:310 - Check plugin updater
2024-07-22 14:11:33,604 [INFO] PluginManage:359 - Loaded plugin updater (category:base,tabindex:12)
2024-07-22 14:11:33,604 [INFO] PluginManage:310 - Check plugin userauth
2024-07-22 14:11:33,609 [INFO] UserAuth:114 - Init User Auth plugin
2024-07-22 14:11:33,609 [INFO] PluginManage:359 - Loaded plugin userauth (category:base,tabindex:14)
2024-07-22 14:11:33,609 [INFO] PluginManage:283 - PluginManage : Loaded plugins [17]
2024-07-22 14:11:33,790 [INFO] PinOutPanel:1561 - setPackage(No Configuration,No Configuration)
2024-07-22 14:11:33,857 [INFO] CADModel:165 - CPN selected for project level
2024-07-22 14:11:33,857 [INFO] CADModel:114 - Register for checkConnection events
2024-07-22 14:11:33,882 [INFO] IPUIPlugin:80 - create IPUIPlugin
2024-07-22 14:11:33,883 [INFO] PluginManager:220 - loadIPPluginJar : add adc
2024-07-22 14:11:33,915 [INFO] IPUIPlugin:80 - create IPUIPlugin
2024-07-22 14:11:33,915 [INFO] PluginManager:220 - loadIPPluginJar : add aes
2024-07-22 14:11:33,954 [INFO] IPUIPlugin:80 - create IPUIPlugin
2024-07-22 14:11:33,954 [INFO] PluginManager:220 - loadIPPluginJar : add can
2024-07-22 14:11:33,975 [INFO] IPUIPlugin:80 - create IPUIPlugin
2024-07-22 14:11:33,975 [INFO] PluginManager:220 - loadIPPluginJar : add comp
2024-07-22 14:11:34,003 [INFO] IPUIPlugin:80 - create IPUIPlugin
2024-07-22 14:11:34,003 [INFO] PluginManager:220 - loadIPPluginJar : add cryp
2024-07-22 14:11:34,026 [INFO] IPUIPlugin:80 - create IPUIPlugin
2024-07-22 14:11:34,027 [INFO] PluginManager:220 - loadIPPluginJar : add dfsdm
2024-07-22 14:11:34,039 [INFO] IPUIPlugin:80 - create IPUIPlugin
2024-07-22 14:11:34,039 [INFO] PluginManager:220 - loadIPPluginJar : add dma
2024-07-22 14:11:34,075 [INFO] IPUIPlugin:80 - create IPUIPlugin
2024-07-22 14:11:34,075 [INFO] PluginManager:220 - loadIPPluginJar : add dma3
2024-07-22 14:11:34,110 [INFO] IPUIPlugin:80 - create IPUIPlugin
2024-07-22 14:11:34,110 [INFO] PluginManager:220 - loadIPPluginJar : add extmemmanager
2024-07-22 14:11:34,128 [INFO] IPUIPlugin:80 - create IPUIPlugin
2024-07-22 14:11:34,128 [INFO] PluginManager:220 - loadIPPluginJar : add fatfs
2024-07-22 14:11:34,168 [INFO] IPUIPlugin:80 - create IPUIPlugin
2024-07-22 14:11:34,168 [INFO] PluginManager:220 - loadIPPluginJar : add fmc
2024-07-22 14:11:34,182 [INFO] IPUIPlugin:80 - create IPUIPlugin
2024-07-22 14:11:34,182 [INFO] PluginManager:220 - loadIPPluginJar : add freertos
2024-07-22 14:11:34,200 [INFO] IPUIPlugin:80 - create IPUIPlugin
2024-07-22 14:11:34,200 [INFO] PluginManager:220 - loadIPPluginJar : add genericplugin
2024-07-22 14:11:34,271 [INFO] IPUIPlugin:80 - create IPUIPlugin
2024-07-22 14:11:34,271 [INFO] PluginManager:220 - loadIPPluginJar : add gfxmmu
2024-07-22 14:11:34,374 [INFO] IPUIPlugin:80 - create IPUIPlugin
2024-07-22 14:11:34,374 [INFO] PluginManager:220 - loadIPPluginJar : add gic
2024-07-22 14:11:34,385 [INFO] IPUIPlugin:80 - create IPUIPlugin
2024-07-22 14:11:34,385 [INFO] PluginManager:220 - loadIPPluginJar : add gpio
2024-07-22 14:11:34,473 [INFO] IPUIPlugin:80 - create IPUIPlugin
2024-07-22 14:11:34,473 [INFO] PluginManager:220 - loadIPPluginJar : add gtzc
2024-07-22 14:11:34,510 [INFO] IPUIPlugin:80 - create IPUIPlugin
2024-07-22 14:11:34,510 [INFO] PluginManager:220 - loadIPPluginJar : add hash
2024-07-22 14:11:34,563 [INFO] IPUIPlugin:80 - create IPUIPlugin
2024-07-22 14:11:34,563 [INFO] PluginManager:220 - loadIPPluginJar : add i2c
2024-07-22 14:11:34,602 [INFO] IPUIPlugin:80 - create IPUIPlugin
2024-07-22 14:11:34,603 [INFO] PluginManager:220 - loadIPPluginJar : add i2s
2024-07-22 14:11:34,644 [INFO] IPUIPlugin:80 - create IPUIPlugin
2024-07-22 14:11:34,644 [INFO] PluginManager:220 - loadIPPluginJar : add i3c
2024-07-22 14:11:34,738 [INFO] IPUIPlugin:80 - create IPUIPlugin
2024-07-22 14:11:34,738 [INFO] PluginManager:220 - loadIPPluginJar : add ipddr
2024-07-22 14:11:34,809 [INFO] IPUIPlugin:80 - create IPUIPlugin
2024-07-22 14:11:34,809 [INFO] PluginManager:220 - loadIPPluginJar : add linkedlist
2024-07-22 14:11:34,836 [INFO] IPUIPlugin:80 - create IPUIPlugin
2024-07-22 14:11:34,836 [INFO] PluginManager:220 - loadIPPluginJar : add lorawan
2024-07-22 14:11:34,865 [INFO] IPUIPlugin:80 - create IPUIPlugin
2024-07-22 14:11:34,866 [INFO] PluginManager:220 - loadIPPluginJar : add ltdc
2024-07-22 14:11:34,879 [INFO] IPUIPlugin:80 - create IPUIPlugin
2024-07-22 14:11:34,879 [INFO] PluginManager:220 - loadIPPluginJar : add mdma
2024-07-22 14:11:34,890 [INFO] IPUIPlugin:80 - create IPUIPlugin
2024-07-22 14:11:34,890 [INFO] PluginManager:220 - loadIPPluginJar : add nvic
2024-07-22 14:11:34,924 [INFO] IPUIPlugin:80 - create IPUIPlugin
2024-07-22 14:11:34,925 [INFO] PluginManager:220 - loadIPPluginJar : add opamp
2024-07-22 14:11:34,981 [INFO] IPUIPlugin:80 - create IPUIPlugin
2024-07-22 14:11:34,982 [INFO] PluginManager:220 - loadIPPluginJar : add openamp
2024-07-22 14:11:35,026 [INFO] IPUIPlugin:80 - create IPUIPlugin
2024-07-22 14:11:35,026 [INFO] PluginManager:220 - loadIPPluginJar : add pdm2pcm
2024-07-22 14:11:35,041 [INFO] IPUIPlugin:80 - create IPUIPlugin
2024-07-22 14:11:35,043 [INFO] PluginManager:220 - loadIPPluginJar : add plateformsettings
2024-07-22 14:11:35,066 [INFO] IPUIPlugin:80 - create IPUIPlugin
2024-07-22 14:11:35,066 [INFO] PluginManager:220 - loadIPPluginJar : add quadspi
2024-07-22 14:11:35,078 [INFO] IPUIPlugin:80 - create IPUIPlugin
2024-07-22 14:11:35,079 [INFO] PluginManager:220 - loadIPPluginJar : add resmgrutility
2024-07-22 14:11:35,124 [INFO] IPUIPlugin:80 - create IPUIPlugin
2024-07-22 14:11:35,124 [INFO] PluginManager:220 - loadIPPluginJar : add sai
2024-07-22 14:11:35,160 [INFO] IPUIPlugin:80 - create IPUIPlugin
2024-07-22 14:11:35,160 [INFO] PluginManager:220 - loadIPPluginJar : add spi
2024-07-22 14:11:35,261 [INFO] IPUIPlugin:80 - create IPUIPlugin
2024-07-22 14:11:35,261 [INFO] PluginManager:220 - loadIPPluginJar : add stm32_wpan
2024-07-22 14:11:35,285 [INFO] IPUIPlugin:80 - create IPUIPlugin
2024-07-22 14:11:35,285 [INFO] PluginManager:220 - loadIPPluginJar : add tim
2024-07-22 14:11:35,337 [INFO] IPUIPlugin:80 - create IPUIPlugin
2024-07-22 14:11:35,337 [INFO] PluginManager:220 - loadIPPluginJar : add touchsensing
2024-07-22 14:11:35,356 [INFO] IPUIPlugin:80 - create IPUIPlugin
2024-07-22 14:11:35,356 [INFO] PluginManager:220 - loadIPPluginJar : add tracer_emb
2024-07-22 14:11:35,377 [INFO] IPUIPlugin:80 - create IPUIPlugin
2024-07-22 14:11:35,377 [INFO] PluginManager:220 - loadIPPluginJar : add ts
2024-07-22 14:11:35,396 [INFO] IPUIPlugin:80 - create IPUIPlugin
2024-07-22 14:11:35,396 [INFO] PluginManager:220 - loadIPPluginJar : add tsc
2024-07-22 14:11:35,417 [INFO] IPUIPlugin:80 - create IPUIPlugin
2024-07-22 14:11:35,417 [INFO] PluginManager:220 - loadIPPluginJar : add ucpd
2024-07-22 14:11:35,457 [INFO] IPUIPlugin:80 - create IPUIPlugin
2024-07-22 14:11:35,457 [INFO] PluginManager:220 - loadIPPluginJar : add usart
2024-07-22 14:11:35,496 [INFO] IPUIPlugin:80 - create IPUIPlugin
2024-07-22 14:11:35,496 [INFO] PluginManager:220 - loadIPPluginJar : add usbx
2024-07-22 14:11:35,619 [INFO] CADModel:165 - CPN selected for project level
2024-07-22 14:11:35,619 [INFO] CADModel:114 - Register for checkConnection events
2024-07-22 14:11:35,619 [FATAL] Updater:308 - Updater called before beeing initialized
2024-07-22 14:11:35,619 [ERROR] CADModel:125 - Updater not yet initialized, retry later 
2024-07-22 14:11:35,785 [INFO] CADModel:165 - CPN selected for project level
2024-07-22 14:11:35,785 [INFO] CADModel:114 - Register for checkConnection events
2024-07-22 14:11:35,785 [FATAL] Updater:308 - Updater called before beeing initialized
2024-07-22 14:11:35,785 [ERROR] CADModel:125 - Updater not yet initialized, retry later 
2024-07-22 14:11:35,788 [FATAL] Updater:308 - Updater called before beeing initialized
2024-07-22 14:11:35,873 [FATAL] Updater:308 - Updater called before beeing initialized
2024-07-22 14:11:35,883 [INFO] DbMcusAds:53 - JSON generation date=Thu May 16 21:22:00 NZST 2024 (1715851320667)
2024-07-22 14:11:35,883 [FATAL] Updater:308 - Updater called before beeing initialized
2024-07-22 14:11:35,918 [WARN] DetailPanel:346 - Failed to get advertising image, set to default
2024-07-22 14:11:36,005 [FATAL] Updater:308 - Updater called before beeing initialized
2024-07-22 14:11:36,007 [FATAL] Updater:308 - Updater called before beeing initialized
2024-07-22 14:11:36,007 [FATAL] Updater:308 - Updater called before beeing initialized
2024-07-22 14:11:36,007 [WARN] DetailPanel:346 - Failed to get advertising image, set to default
2024-07-22 14:11:36,008 [FATAL] Updater:308 - Updater called before beeing initialized
2024-07-22 14:11:36,065 [ERROR] Updater:1120 - MainUpdater not yet initialized. External WinMGr cannot be set.
2024-07-22 14:11:36,076 [INFO] Updater:1056 - Updater Version found : 6.11.1
2024-07-22 14:11:36,094 [INFO] ApplicationProperties:184 - Using Application install path: C:\ST\STM32CubeIDE_1.15.0\STM32CubeIDE\plugins\com.st.stm32cube.common.mx_6.11.1.202404110753
2024-07-22 14:11:36,415 [INFO] ThirdPartyUpdaterWithRetryManager:70 - Updater plugin not ready yet. [2/15]
2024-07-22 14:11:37,674 [ERROR] LogOutputStream:75 - [STDERR_REDIRECT] Jul 22, 2024 2:11:37 PM java.util.prefs.WindowsPreferences <init>
2024-07-22 14:11:37,676 [ERROR] LogOutputStream:75 - [STDERR_REDIRECT] WARNING: Could not open/create prefs root node Software\JavaSoft\Prefs at root 0xffffffff80000002. Windows RegCreateKeyEx(...) returned error code 5.
2024-07-22 14:11:37,676 [ERROR] LogOutputStream:75 - [STDERR_REDIRECT] 
2024-07-22 14:11:38,404 [INFO] MainUpdater:2873 - connection check result : 10
2024-07-22 14:11:38,405 [INFO] MainUpdater:290 - Updater Check For Update Now.
2024-07-22 14:11:38,405 [INFO] MicroXplorer:498 - Change Database Version : DB.6.0.111
2024-07-22 14:11:38,420 [INFO] McuFinderGlobals:63 - Set McuFinder mode to 2 (CubeIDE integrated)
2024-07-22 14:11:38,433 [INFO] UserAuth:415 - Internet connection configuration mode: 1
2024-07-22 14:11:38,458 [INFO] JxBrowserEngine:152 - Initiate JxBrowser Engine with user profile folder
2024-07-22 14:11:38,609 [INFO] CheckServerUpdateThread:120 - End of CheckServer Thread
2024-07-22 14:11:39,591 [WARN] PackLoader:240 - Cannot read IP mode file for STMicroelectronics.FP-SNS-MOTENVWB1.1.4.0
2024-07-22 14:11:39,607 [WARN] PackLoader:240 - Cannot read IP mode file for STMicroelectronics.X-CUBE-SMBUS.2.1.0
2024-07-22 14:11:39,618 [WARN] PackLoader:240 - Cannot read IP mode file for STMicroelectronics.X-CUBE-TOUCHGFX.4.23.1
2024-07-22 14:11:39,626 [WARN] PackLoader:240 - Cannot read IP mode file for STMicroelectronics.X-CUBE-TOUCHGFX.4.23.0
2024-07-22 14:11:39,634 [WARN] PackLoader:240 - Cannot read IP mode file for STMicroelectronics.X-CUBE-TOUCHGFX.4.23.2
2024-07-22 14:11:39,672 [WARN] PackLoader:240 - Cannot read IP mode file for STMicroelectronics.X-CUBE-AZRTOS-F7.1.1.0
2024-07-22 14:11:39,691 [WARN] PackLoader:240 - Cannot read IP mode file for STMicroelectronics.FP-SNS-MOTENV1.4.3.2
2024-07-22 14:11:39,707 [WARN] PackLoader:240 - Cannot read IP mode file for STMicroelectronics.FP-SNS-FLIGHT1.5.0.2
2024-07-22 14:11:39,728 [WARN] PackLoader:240 - Cannot read IP mode file for STMicroelectronics.X-CUBE-DISPLAY.3.0.0
2024-07-22 14:11:39,748 [WARN] PackLoader:240 - Cannot read IP mode file for STMicroelectronics.X-CUBE-BLE1.7.0.0
2024-07-22 14:11:39,761 [WARN] PackLoader:240 - Cannot read IP mode file for emotas.I-CUBE-CANOPEN.1.3.0
2024-07-22 14:11:39,778 [WARN] PackLoader:240 - Cannot read IP mode file for STMicroelectronics.X-CUBE-BLEMGR.3.1.0
2024-07-22 14:11:39,793 [WARN] PackLoader:240 - Cannot read IP mode file for STMicroelectronics.FP-SNS-SMARTAG2.1.2.0
2024-07-22 14:11:39,812 [INFO] LogOutputStream:77 - [STDOUT_REDIRECT] 1 : Invalid condition id : UX_CORESTACK_Condition cause : null
2024-07-22 14:11:39,812 [INFO] LogOutputStream:77 - [STDOUT_REDIRECT] 1 : Invalid condition id : UX_CORESTACK_Condition cause : null
2024-07-22 14:11:39,813 [INFO] LogOutputStream:77 - [STDOUT_REDIRECT] 1 : Invalid condition id : UX_CORESTACK_Condition cause : null
2024-07-22 14:11:39,814 [INFO] LogOutputStream:77 - [STDOUT_REDIRECT] 1 : Invalid condition id : UX_CORESTACK_Condition cause : null
2024-07-22 14:11:39,814 [INFO] LogOutputStream:77 - [STDOUT_REDIRECT] 1 : Invalid condition id : UX_CORESTACK_Condition cause : null
2024-07-22 14:11:39,816 [WARN] PackLoader:240 - Cannot read IP mode file for STMicroelectronics.X-CUBE-AZRTOS-WL.2.0.0
2024-07-22 14:11:39,827 [WARN] PackLoader:240 - Cannot read IP mode file for STMicroelectronics.FP-SNS-MOTENV1.5.0.0
2024-07-22 14:11:39,840 [WARN] PackLoader:240 - Cannot read IP mode file for wolfSSL.I-CUBE-wolfMQTT.1.19.0
2024-07-22 14:11:39,854 [WARN] PackLoader:240 - Cannot read IP mode file for WES.I-CUBE-Cesium.1.3.0
2024-07-22 14:11:39,866 [WARN] PackLoader:240 - Cannot read IP mode file for STMicroelectronics.X-CUBE-BLE2.3.3.0
2024-07-22 14:11:39,879 [WARN] PackLoader:240 - Cannot read IP mode file for STMicroelectronics.X-CUBE-TCPP.4.1.0
2024-07-22 14:11:39,893 [WARN] PackLoader:240 - Cannot read IP mode file for STMicroelectronics.X-CUBE-ALGOBUILD.1.3.0
2024-07-22 14:11:39,921 [WARN] PackLoader:240 - Cannot read IP mode file for STMicroelectronics.X-CUBE-AZRTOS-G0.1.1.0
2024-07-22 14:11:39,937 [WARN] PackLoader:240 - Cannot read IP mode file for STMicroelectronics.X-CUBE-SAFEA1.1.2.2
2024-07-22 14:11:39,952 [WARN] PackLoader:240 - Cannot read IP mode file for STMicroelectronics.X-CUBE-NFC4.3.0.0
2024-07-22 14:11:39,974 [WARN] PackLoader:240 - Cannot read IP mode file for EmbeddedOffice.I-CUBE-FS-RTOS.1.0.1
2024-07-22 14:11:39,975 [ERROR] ConditionMgr:805 - Attr not supported : Dmpu
2024-07-22 14:11:39,975 [ERROR] ConditionMgr:805 - Attr not supported : Dmpu
2024-07-22 14:11:39,975 [ERROR] ConditionMgr:805 - Attr not supported : Dmpu
2024-07-22 14:11:39,975 [ERROR] ConditionMgr:805 - Attr not supported : Dmpu
2024-07-22 14:11:39,975 [ERROR] ConditionMgr:805 - Attr not supported : Dmpu
2024-07-22 14:11:39,975 [ERROR] ConditionMgr:805 - Attr not supported : Dmpu
2024-07-22 14:11:39,975 [ERROR] ConditionMgr:805 - Attr not supported : Dmpu
2024-07-22 14:11:39,975 [ERROR] ConditionMgr:805 - Attr not supported : Dmpu
2024-07-22 14:11:39,975 [ERROR] ConditionMgr:805 - Attr not supported : Dmpu
2024-07-22 14:11:39,975 [ERROR] ConditionMgr:805 - Attr not supported : Dmpu
2024-07-22 14:11:39,975 [ERROR] ConditionMgr:805 - Attr not supported : Dmpu
2024-07-22 14:11:39,975 [ERROR] ConditionMgr:805 - Attr not supported : Dmpu
2024-07-22 14:11:39,975 [ERROR] ConditionMgr:805 - Attr not supported : Dmpu
2024-07-22 14:11:39,975 [ERROR] ConditionMgr:805 - Attr not supported : Dmpu
2024-07-22 14:11:39,975 [ERROR] ConditionMgr:805 - Attr not supported : Dmpu
2024-07-22 14:11:39,975 [ERROR] ConditionMgr:805 - Attr not supported : Dmpu
2024-07-22 14:11:39,975 [ERROR] ConditionMgr:805 - Attr not supported : Dmpu
2024-07-22 14:11:39,975 [ERROR] ConditionMgr:805 - Attr not supported : Dmpu
2024-07-22 14:11:39,976 [ERROR] ConditionMgr:805 - Attr not supported : Dmpu
2024-07-22 14:11:39,976 [ERROR] ConditionMgr:805 - Attr not supported : Dmpu
2024-07-22 14:11:39,976 [ERROR] ConditionMgr:805 - Attr not supported : Dmpu
2024-07-22 14:11:39,976 [ERROR] ConditionMgr:805 - Attr not supported : Dmpu
2024-07-22 14:11:39,976 [ERROR] ConditionMgr:805 - Attr not supported : Dmpu
2024-07-22 14:11:39,976 [ERROR] ConditionMgr:805 - Attr not supported : Dmpu
2024-07-22 14:11:39,976 [ERROR] ConditionMgr:805 - Attr not supported : Dmpu
2024-07-22 14:11:39,976 [ERROR] ConditionMgr:805 - Attr not supported : Dmpu
2024-07-22 14:11:39,976 [ERROR] ConditionMgr:805 - Attr not supported : Dmpu
2024-07-22 14:11:39,976 [ERROR] ConditionMgr:805 - Attr not supported : Dmpu
2024-07-22 14:11:39,976 [ERROR] ConditionMgr:805 - Attr not supported : Dmpu
2024-07-22 14:11:39,976 [ERROR] ConditionMgr:805 - Attr not supported : Dmpu
2024-07-22 14:11:39,976 [ERROR] ConditionMgr:805 - Attr not supported : Dmpu
2024-07-22 14:11:39,976 [ERROR] ConditionMgr:805 - Attr not supported : Dmpu
2024-07-22 14:11:39,976 [ERROR] ConditionMgr:805 - Attr not supported : Dmpu
2024-07-22 14:11:39,976 [ERROR] ConditionMgr:805 - Attr not supported : Dmpu
2024-07-22 14:11:39,976 [ERROR] ConditionMgr:805 - Attr not supported : Dmpu
2024-07-22 14:11:39,976 [ERROR] ConditionMgr:805 - Attr not supported : Dmpu
2024-07-22 14:11:39,976 [ERROR] ConditionMgr:805 - Attr not supported : Dmpu
2024-07-22 14:11:39,977 [ERROR] ConditionMgr:805 - Attr not supported : Dmpu
2024-07-22 14:11:39,977 [ERROR] ConditionMgr:805 - Attr not supported : Dmpu
2024-07-22 14:11:39,977 [ERROR] ConditionMgr:805 - Attr not supported : Dmpu
2024-07-22 14:11:39,977 [ERROR] ConditionMgr:805 - Attr not supported : Dmpu
2024-07-22 14:11:39,977 [ERROR] ConditionMgr:805 - Attr not supported : Dmpu
2024-07-22 14:11:39,977 [ERROR] ConditionMgr:805 - Attr not supported : Dmpu
2024-07-22 14:11:39,977 [ERROR] ConditionMgr:805 - Attr not supported : Dmpu
2024-07-22 14:11:39,977 [ERROR] ConditionMgr:805 - Attr not supported : Dmpu
2024-07-22 14:11:39,977 [ERROR] ConditionMgr:805 - Attr not supported : Dmpu
2024-07-22 14:11:39,977 [ERROR] ConditionMgr:805 - Attr not supported : Dmpu
2024-07-22 14:11:39,977 [ERROR] ConditionMgr:805 - Attr not supported : Dmpu
2024-07-22 14:11:39,977 [ERROR] ConditionMgr:805 - Attr not supported : Dmpu
2024-07-22 14:11:39,977 [ERROR] ConditionMgr:805 - Attr not supported : Dmpu
2024-07-22 14:11:39,977 [ERROR] ConditionMgr:805 - Attr not supported : Dmpu
2024-07-22 14:11:39,977 [ERROR] ConditionMgr:805 - Attr not supported : Dmpu
2024-07-22 14:11:39,977 [ERROR] ConditionMgr:805 - Attr not supported : Dmpu
2024-07-22 14:11:39,977 [ERROR] ConditionMgr:805 - Attr not supported : Dmpu
2024-07-22 14:11:39,978 [ERROR] ConditionMgr:805 - Attr not supported : Dmpu
2024-07-22 14:11:39,978 [ERROR] ConditionMgr:805 - Attr not supported : Dmpu
2024-07-22 14:11:39,978 [ERROR] ConditionMgr:805 - Attr not supported : Dmpu
2024-07-22 14:11:39,978 [ERROR] ConditionMgr:805 - Attr not supported : Dmpu
2024-07-22 14:11:39,978 [ERROR] ConditionMgr:805 - Attr not supported : Dmpu
2024-07-22 14:11:39,978 [ERROR] ConditionMgr:805 - Attr not supported : Dmpu
2024-07-22 14:11:39,978 [ERROR] ConditionMgr:805 - Attr not supported : Dmpu
2024-07-22 14:11:39,978 [ERROR] ConditionMgr:805 - Attr not supported : Dmpu
2024-07-22 14:11:39,978 [ERROR] ConditionMgr:805 - Attr not supported : Dmpu
2024-07-22 14:11:39,978 [ERROR] ConditionMgr:805 - Attr not supported : Dmpu
2024-07-22 14:11:39,992 [WARN] PackLoader:240 - Cannot read IP mode file for RealThread.X-CUBE-RT-Thread_Nano.4.1.1
2024-07-22 14:11:40,006 [WARN] PackLoader:240 - Cannot read IP mode file for STMicroelectronics.FP-ATR-SIGFOX1.3.2.0
2024-07-22 14:11:40,020 [WARN] PackLoader:240 - Cannot read IP mode file for STMicroelectronics.X-CUBE-EEPRMA1.5.1.0
2024-07-22 14:11:40,051 [WARN] PackLoader:240 - Cannot read IP mode file for SEGGER.I-CUBE-embOS.1.3.1
2024-07-22 14:11:40,097 [WARN] PackLoader:240 - Cannot read IP mode file for STMicroelectronics.X-CUBE-ALGOBUILD.1.4.0
2024-07-22 14:11:40,112 [WARN] PackLoader:240 - Cannot read IP mode file for STMicroelectronics.X-CUBE-GNSS1.6.0.0
2024-07-22 14:11:40,136 [WARN] PackLoader:240 - Cannot read IP mode file for STMicroelectronics.X-CUBE-AZRTOS-F4.1.1.0
2024-07-22 14:11:40,151 [WARN] PackLoader:240 - Cannot read IP mode file for STMicroelectronics.X-CUBE-FREERTOS.1.2.0
2024-07-22 14:11:40,164 [WARN] PackLoader:240 - Cannot read IP mode file for wolfSSL.I-CUBE-wolfSSL.5.6.6
2024-07-22 14:11:40,193 [WARN] PackLoader:240 - Cannot read IP mode file for STMicroelectronics.X-CUBE-AZRTOS-L5.2.0.0
2024-07-22 14:11:40,213 [WARN] PackLoader:240 - Cannot read IP mode file for STMicroelectronics.X-CUBE-NFC6.3.1.0
2024-07-22 14:11:40,228 [WARN] PackLoader:240 - Cannot read IP mode file for ITTIA_DB.I-CUBE-ITTIADB.8.8.0
2024-07-22 14:11:40,242 [WARN] PackLoader:240 - Cannot read IP mode file for STMicroelectronics.X-CUBE-DPower.1.2.0
2024-07-22 14:11:40,257 [WARN] PackLoader:240 - Cannot read IP mode file for STMicroelectronics.X-CUBE-AI.9.0.0
2024-07-22 14:11:40,270 [WARN] PackLoader:240 - Cannot read IP mode file for STMicroelectronics.X-CUBE-NFC7.1.0.1
2024-07-22 14:11:40,283 [WARN] PackLoader:240 - Cannot read IP mode file for wolfSSL.I-CUBE-wolfTPM.3.2.0
2024-07-22 14:11:40,300 [WARN] PackLoader:240 - Cannot read IP mode file for STMicroelectronics.X-CUBE-NFC6.3.0.0
2024-07-22 14:11:40,314 [WARN] PackLoader:240 - Cannot read IP mode file for STMicroelectronics.X-CUBE-AI.8.1.0
2024-07-22 14:11:40,341 [WARN] ConditionMgr:438 - getConditionDescription Invalid condition id : LAN8742 Phy interface Condition cause : null
2024-07-22 14:11:40,341 [WARN] PackLoader:240 - Cannot read IP mode file for STMicroelectronics.X-CUBE-AZRTOS-L4.2.0.0
2024-07-22 14:11:40,342 [WARN] ConditionMgr:1039 - genDependencies : Invalid condition id : LAN8742 Phy interface Condition cause : null
2024-07-22 14:11:40,342 [WARN] ConditionMgr:1039 - genDependencies : Invalid condition id : LAN8742 Phy interface Condition cause : null
2024-07-22 14:11:40,343 [WARN] ConditionMgr:1039 - genDependencies : Invalid condition id : LAN8742 Phy interface Condition cause : null
2024-07-22 14:11:40,360 [WARN] PackLoader:240 - Cannot read IP mode file for STMicroelectronics.X-CUBE-SFXS2LP1.4.0.0
2024-07-22 14:11:40,387 [WARN] ConditionMgr:438 - getConditionDescription Invalid condition id : UX DEVICE CLASS RTOS Condition cause : null
2024-07-22 14:11:40,387 [WARN] ConditionMgr:438 - getConditionDescription Invalid condition id : UX DEVICE CLASS RTOS Condition cause : null
2024-07-22 14:11:40,389 [WARN] PackLoader:240 - Cannot read IP mode file for STMicroelectronics.X-CUBE-AZRTOS-WB.2.0.0
2024-07-22 14:11:40,389 [WARN] ConditionMgr:1039 - genDependencies : Invalid condition id : UX DEVICE CLASS RTOS Condition cause : null
2024-07-22 14:11:40,390 [WARN] ConditionMgr:1039 - genDependencies : Invalid condition id : UX DEVICE CLASS RTOS Condition cause : null
2024-07-22 14:11:40,390 [WARN] ConditionMgr:1039 - genDependencies : Invalid condition id : UX DEVICE CLASS RTOS Condition cause : null
2024-07-22 14:11:40,390 [WARN] ConditionMgr:1039 - genDependencies : Invalid condition id : UX DEVICE CLASS RTOS Condition cause : null
2024-07-22 14:11:40,390 [WARN] ConditionMgr:1039 - genDependencies : Invalid condition id : UX DEVICE CLASS RTOS Condition cause : null
2024-07-22 14:11:40,407 [WARN] PackLoader:240 - Cannot read IP mode file for STMicroelectronics.FP-SNS-STBOX1.2.0.0
2024-07-22 14:11:40,447 [WARN] PackLoader:240 - Cannot read IP mode file for STMicroelectronics.X-CUBE-SUBG2.5.0.0
2024-07-22 14:11:40,485 [WARN] PackLoader:240 - Cannot read IP mode file for STMicroelectronics.X-CUBE-AZRTOS-G4.2.0.0
2024-07-22 14:11:40,507 [WARN] PackLoader:240 - Cannot read IP mode file for Infineon.AIROC-Wi-Fi-Bluetooth-STM32.1.5.1
2024-07-22 14:11:40,524 [WARN] PackLoader:240 - Cannot read IP mode file for STMicroelectronics.FP-SNS-MOTENVWB1.1.3.1
2024-07-22 14:11:40,537 [WARN] PackLoader:240 - Cannot read IP mode file for STMicroelectronics.X-CUBE-ISPU.2.0.0
2024-07-22 14:11:40,550 [WARN] PackLoader:240 - Cannot read IP mode file for STMicroelectronics.X-CUBE-ALS.1.0.2
2024-07-22 14:11:40,590 [WARN] PackLoader:240 - Cannot read IP mode file for STMicroelectronics.X-CUBE-MEMS1.10.0.0
2024-07-22 14:11:40,708 [WARN] PackLoader:240 - Cannot read IP mode file for STMicroelectronics.X-CUBE-FREERTOS.1.1.0
2024-07-22 14:11:40,721 [WARN] PackLoader:240 - Cannot read IP mode file for STMicroelectronics.X-CUBE-TOUCHGFX.4.24.0
2024-07-22 14:11:40,734 [WARN] PackLoader:240 - Cannot read IP mode file for portGmbH.I-Cube-SoM-uGOAL.1.1.0
2024-07-22 14:11:40,745 [WARN] PackLoader:240 - Cannot read IP mode file for STMicroelectronics.X-CUBE-ALS.1.0.1
2024-07-22 14:11:40,772 [WARN] PackLoader:240 - Cannot read IP mode file for STMicroelectronics.X-CUBE-AZRTOS-H7RS.1.0.0
2024-07-22 14:11:40,785 [WARN] PackLoader:240 - Cannot read IP mode file for STMicroelectronics.FP-ATR-ASTRA1.2.0.0
2024-07-22 14:11:40,805 [WARN] PackLoader:240 - Cannot read IP mode file for STMicroelectronics.X-CUBE-TOF1.3.4.1
2024-07-22 14:11:40,838 [WARN] PackLoader:240 - Cannot read IP mode file for STMicroelectronics.X-CUBE-AZRTOS-H7.3.2.0
2024-07-22 14:11:40,852 [WARN] PackLoader:240 - Cannot read IP mode file for wolfSSL.I-CUBE-wolfSSH.1.4.17
2024-07-22 14:11:40,853 [INFO] ThirdParty:978 - Integrity check success = true
2024-07-22 14:11:40,853 [INFO] IntegrityCheckThread:100 - exiting critical section [integrity check]
2024-07-22 14:11:40,853 [INFO] IntegrityCheckThread:103 - End integrity checks thread
2024-07-22 14:11:42,432 [INFO] WebApp:161 - Instantiating new browser for Auth
2024-07-22 14:11:43,045 [INFO] WebApp:779 - Register for checkConnection events
2024-07-22 14:11:43,046 [INFO] WebApp:414 - Apply proxy settings
2024-07-22 14:11:43,046 [INFO] WebApp:499 - Chromium requires no authentication
2024-07-22 14:11:43,054 [INFO] WebApp:442 - Direct internet connection detected
2024-07-22 14:11:43,210 [INFO] WebApp:192 - Starting web application
2024-07-22 14:11:43,210 [INFO] WebApp:544 - Web application path used C:\ST\STM32CubeIDE_1.15.0\STM32CubeIDE\plugins\com.st.stm32cube.common.mx_6.11.1.202404110753\db\plugins\mcufinder\reactClient1\index.html
