2024-07-10 01:43:23,763 [ERROR] LogOutputStream:75 - [STDERR_REDIRECT] 
2024-07-10 13:49:28,302 [INFO] Activator:176 - 


2024-07-10 13:49:28,303 [INFO] Activator:177 - !SESSION log4j initialized
2024-07-10 13:49:33,334 [INFO] LogOutputStream:77 - [STDOUT_REDIRECT] 
2024-07-10 13:49:35,697 [INFO] ApplicationProperties:184 - Using Application install path: C:\ST\STM32CubeIDE_1.15.0\STM32CubeIDE\plugins\com.st.stm32cube.common.mx_6.11.1.202404110753
2024-07-10 13:49:35,712 [INFO] DbMcusXml:78 - Set database path to: C:\ST\STM32CubeIDE_1.15.0\STM32CubeIDE\plugins\com.st.stm32cube.common.mx_6.11.1.202404110753\\db\/mcu/
2024-07-10 13:49:35,712 [INFO] ApiDb:274 - Set plugin database path to: C:\ST\STM32CubeIDE_1.15.0\STM32CubeIDE\plugins\com.st.stm32cube.common.mx_6.11.1.202404110753\\db\/plugins/boardmanager/
2024-07-10 13:49:35,712 [WARN] ApiDb:259 - Overriding images path with different value:  => C:\ST\STM32CubeIDE_1.15.0\STM32CubeIDE\plugins\com.st.stm32cube.common.mx_6.11.1.202404110753\\db\/plugins/mcufinder/images/
2024-07-10 13:49:35,723 [INFO] ApiDb:250 - Set database path to: C:\Users\conor\.stmcufinder\plugins\mcufinder//mcu/
2024-07-10 13:49:35,725 [INFO] DbMcusAds:125 - Set database path to: C:\Users\conor\.stmcufinder\plugins\mcufinder//mcu/
2024-07-10 13:49:35,726 [INFO] CrossReferenceDbSqlite:203 - Set database path to: C:\Users\conor\.stmcufinder\plugins\mcufinder//mcu/cs/
2024-07-10 13:49:35,823 [INFO] RulesReader:64 - Compatibility file has been processed (297 Rules)
2024-07-10 13:49:35,894 [INFO] DbMcusXml:78 - Set database path to: C:\ST\STM32CubeIDE_1.15.0\STM32CubeIDE\plugins\com.st.stm32cube.common.mx_6.11.1.202404110753\\db\/mcu/
2024-07-10 13:49:35,894 [INFO] ApiDb:274 - Set plugin database path to: C:\ST\STM32CubeIDE_1.15.0\STM32CubeIDE\plugins\com.st.stm32cube.common.mx_6.11.1.202404110753\\db\/plugins/boardmanager/
2024-07-10 13:49:35,895 [INFO] ApiDb:261 - Set plugin images path to: C:\ST\STM32CubeIDE_1.15.0\STM32CubeIDE\plugins\com.st.stm32cube.common.mx_6.11.1.202404110753\\db\/plugins/mcufinder/images/
2024-07-10 13:49:35,895 [WARN] DbFile:41 - Overriding database path with different value: C:\Users\conor\.stmcufinder\plugins\mcufinder/ => C:\Users\conor\.stmcufinder\plugins\mcufinder
2024-07-10 13:49:35,895 [INFO] ApiDb:250 - Set database path to: C:\Users\conor\.stmcufinder\plugins\mcufinder//mcu/
2024-07-10 13:49:35,895 [WARN] DbFile:41 - Overriding database path with different value: C:\Users\conor\.stmcufinder\plugins\mcufinder/ => C:\Users\conor\.stmcufinder\plugins\mcufinder
2024-07-10 13:49:35,895 [INFO] DbMcusAds:125 - Set database path to: C:\Users\conor\.stmcufinder\plugins\mcufinder//mcu/
2024-07-10 13:49:35,895 [WARN] DbFile:41 - Overriding database path with different value: C:\Users\conor\.stmcufinder\plugins\mcufinder/ => C:\Users\conor\.stmcufinder\plugins\mcufinder
2024-07-10 13:49:35,895 [WARN] DbFile:41 - Overriding database path with different value: C:\Users\conor\.stmcufinder\plugins\mcufinder/ => C:\Users\conor\.stmcufinder\plugins\mcufinder
2024-07-10 13:49:35,895 [INFO] CrossReferenceDbSqlite:203 - Set database path to: C:\Users\conor\.stmcufinder\plugins\mcufinder//mcu/cs/
2024-07-10 13:49:35,960 [INFO] MainPanel:264 - HeapMemory: 268435456
2024-07-10 13:49:36,038 [INFO] DbMcusXml:78 - Set database path to: C:\ST\STM32CubeIDE_1.15.0\STM32CubeIDE\plugins\com.st.stm32cube.common.mx_6.11.1.202404110753\\db\/mcu/
2024-07-10 13:49:36,038 [INFO] ApiDb:274 - Set plugin database path to: C:\ST\STM32CubeIDE_1.15.0\STM32CubeIDE\plugins\com.st.stm32cube.common.mx_6.11.1.202404110753\\db\/plugins/boardmanager/
2024-07-10 13:49:36,038 [INFO] ApiDb:261 - Set plugin images path to: C:\ST\STM32CubeIDE_1.15.0\STM32CubeIDE\plugins\com.st.stm32cube.common.mx_6.11.1.202404110753\\db\/plugins/mcufinder/images/
2024-07-10 13:49:36,039 [WARN] DbFile:41 - Overriding database path with different value: C:\Users\conor\.stmcufinder\plugins\mcufinder/ => C:\Users\conor\.stmcufinder\plugins\mcufinder
2024-07-10 13:49:36,039 [INFO] ApiDb:250 - Set database path to: C:\Users\conor\.stmcufinder\plugins\mcufinder//mcu/
2024-07-10 13:49:36,039 [WARN] DbFile:41 - Overriding database path with different value: C:\Users\conor\.stmcufinder\plugins\mcufinder/ => C:\Users\conor\.stmcufinder\plugins\mcufinder
2024-07-10 13:49:36,039 [INFO] DbMcusAds:125 - Set database path to: C:\Users\conor\.stmcufinder\plugins\mcufinder//mcu/
2024-07-10 13:49:36,039 [WARN] DbFile:41 - Overriding database path with different value: C:\Users\conor\.stmcufinder\plugins\mcufinder/ => C:\Users\conor\.stmcufinder\plugins\mcufinder
2024-07-10 13:49:36,039 [WARN] DbFile:41 - Overriding database path with different value: C:\Users\conor\.stmcufinder\plugins\mcufinder/ => C:\Users\conor\.stmcufinder\plugins\mcufinder
2024-07-10 13:49:36,039 [INFO] CrossReferenceDbSqlite:203 - Set database path to: C:\Users\conor\.stmcufinder\plugins\mcufinder//mcu/cs/
2024-07-10 13:49:36,054 [INFO] ApplicationProperties:184 - Using Application install path: C:\ST\STM32CubeIDE_1.15.0\STM32CubeIDE\plugins\com.st.stm32cube.common.mx_6.11.1.202404110753
2024-07-10 13:49:36,055 [INFO] PluginManage:196 - Search for loadable plugins [exclusion list=, ]
2024-07-10 13:49:36,056 [INFO] PluginManage:310 - Check plugin analytics
2024-07-10 13:49:36,199 [INFO] AnalyticsPlugin:253 - Accepted Software Licenses: STM32CubeMX.6.10.0,STM32CubeMX.6.11.1
2024-07-10 13:49:36,199 [INFO] AnalyticsPlugin:255 - Accepted CMSIS Pack Licenses: 
2024-07-10 13:49:36,200 [INFO] AnalyticsPlugin:257 - Accepted Firmware Licenses: FW.G4.1.5.0
2024-07-10 13:49:36,202 [INFO] PluginManage:359 - Loaded plugin analytics (category:tool,tabindex:-1)
2024-07-10 13:49:36,202 [INFO] PluginManage:310 - Check plugin cadmodel
2024-07-10 13:49:36,242 [INFO] CADModel:105 - Init CAD model plugin
2024-07-10 13:49:36,242 [INFO] PluginManage:359 - Loaded plugin cadmodel (category:power,tabindex:5)
2024-07-10 13:49:36,242 [INFO] PluginManage:310 - Check plugin clock
2024-07-10 13:49:36,260 [INFO] PluginManage:359 - Loaded plugin clock (category:base,tabindex:2)
2024-07-10 13:49:36,260 [INFO] PluginManage:310 - Check plugin ddr
2024-07-10 13:49:36,262 [INFO] PluginManage:359 - Loaded plugin ddr (category:tool,tabindex:6)
2024-07-10 13:49:36,262 [INFO] PluginManage:310 - Check plugin filemanager
2024-07-10 13:49:36,381 [INFO] PluginManage:359 - Loaded plugin filemanager (category:base,tabindex:10)
2024-07-10 13:49:36,381 [INFO] PluginManage:310 - Check plugin ipmanager
2024-07-10 13:49:36,387 [INFO] PluginManage:359 - Loaded plugin ipmanager (category:base,tabindex:5)
2024-07-10 13:49:36,387 [INFO] PluginManage:310 - Check plugin lpbam
2024-07-10 13:49:36,402 [INFO] PluginManage:359 - Loaded plugin lpbam (category:base,tabindex:0)
2024-07-10 13:49:36,402 [INFO] PluginManage:310 - Check plugin memorymap
2024-07-10 13:49:36,421 [INFO] PluginManage:359 - Loaded plugin memorymap (category:base,tabindex:4)
2024-07-10 13:49:36,421 [INFO] PluginManage:310 - Check plugin pinoutandconfiguration
2024-07-10 13:49:36,436 [INFO] PluginManage:359 - Loaded plugin pinoutandconfiguration (category:base,tabindex:1)
2024-07-10 13:49:36,436 [INFO] PluginManage:310 - Check plugin pinoutconfig
2024-07-10 13:49:36,515 [WARN] SupportedApi:132 - Cannot load RTOS API schema: s4s-elt-must-match.1: The content of 'definitions' must match (annotation?, (simpleType | complexType)?, (unique | key | keyref)*)). A problem was found starting at: attribute.
2024-07-10 13:49:36,625 [INFO] PluginManage:359 - Loaded plugin pinoutconfig (category:base,tabindex:0)
2024-07-10 13:49:36,625 [INFO] PluginManage:310 - Check plugin power
2024-07-10 13:49:36,642 [INFO] PluginManage:359 - Loaded plugin power (category:power,tabindex:4)
2024-07-10 13:49:36,642 [INFO] PluginManage:310 - Check plugin projectmanager
2024-07-10 13:49:36,654 [INFO] PluginManage:359 - Loaded plugin projectmanager (category:projectmanager,tabindex:3)
2024-07-10 13:49:36,654 [INFO] PluginManage:310 - Check plugin thirdparty
2024-07-10 13:49:36,888 [INFO] PluginManage:359 - Loaded plugin thirdparty (category:base,tabindex:-1)
2024-07-10 13:49:36,889 [INFO] PluginManage:310 - Check plugin tools
2024-07-10 13:49:36,888 [WARN] IntegrityCheckThread:84 - waiting for thirdparty lock release [integrity check]
2024-07-10 13:49:36,889 [INFO] IntegrityCheckThread:86 - entering critical section [integrity check]
2024-07-10 13:49:36,889 [INFO] ThirdPartyUpdaterWithRetryManager:70 - Updater plugin not ready yet. [1/15]
2024-07-10 13:49:36,918 [INFO] PluginManage:359 - Loaded plugin tools (category:base,tabindex:7)
2024-07-10 13:49:36,918 [INFO] PluginManage:310 - Check plugin tutovideos
2024-07-10 13:49:37,074 [INFO] PluginManage:359 - Loaded plugin tutovideos (category:base,tabindex:-1)
2024-07-10 13:49:37,075 [INFO] PluginManage:310 - Check plugin updater
2024-07-10 13:49:37,084 [INFO] PluginManage:359 - Loaded plugin updater (category:base,tabindex:12)
2024-07-10 13:49:37,084 [INFO] PluginManage:310 - Check plugin userauth
2024-07-10 13:49:37,090 [INFO] UserAuth:114 - Init User Auth plugin
2024-07-10 13:49:37,090 [INFO] PluginManage:359 - Loaded plugin userauth (category:base,tabindex:14)
2024-07-10 13:49:37,090 [INFO] PluginManage:283 - PluginManage : Loaded plugins [17]
2024-07-10 13:49:37,262 [INFO] PinOutPanel:1561 - setPackage(No Configuration,No Configuration)
2024-07-10 13:49:37,329 [INFO] CADModel:165 - CPN selected for project level
2024-07-10 13:49:37,329 [INFO] CADModel:114 - Register for checkConnection events
2024-07-10 13:49:37,356 [INFO] IPUIPlugin:80 - create IPUIPlugin
2024-07-10 13:49:37,356 [INFO] PluginManager:220 - loadIPPluginJar : add adc
2024-07-10 13:49:37,391 [INFO] IPUIPlugin:80 - create IPUIPlugin
2024-07-10 13:49:37,391 [INFO] PluginManager:220 - loadIPPluginJar : add aes
2024-07-10 13:49:37,428 [INFO] IPUIPlugin:80 - create IPUIPlugin
2024-07-10 13:49:37,428 [INFO] PluginManager:220 - loadIPPluginJar : add can
2024-07-10 13:49:37,449 [INFO] IPUIPlugin:80 - create IPUIPlugin
2024-07-10 13:49:37,449 [INFO] PluginManager:220 - loadIPPluginJar : add comp
2024-07-10 13:49:37,478 [INFO] IPUIPlugin:80 - create IPUIPlugin
2024-07-10 13:49:37,478 [INFO] PluginManager:220 - loadIPPluginJar : add cryp
2024-07-10 13:49:37,503 [INFO] IPUIPlugin:80 - create IPUIPlugin
2024-07-10 13:49:37,503 [INFO] PluginManager:220 - loadIPPluginJar : add dfsdm
2024-07-10 13:49:37,516 [INFO] IPUIPlugin:80 - create IPUIPlugin
2024-07-10 13:49:37,516 [INFO] PluginManager:220 - loadIPPluginJar : add dma
2024-07-10 13:49:37,555 [INFO] IPUIPlugin:80 - create IPUIPlugin
2024-07-10 13:49:37,555 [INFO] PluginManager:220 - loadIPPluginJar : add dma3
2024-07-10 13:49:37,591 [INFO] IPUIPlugin:80 - create IPUIPlugin
2024-07-10 13:49:37,591 [INFO] PluginManager:220 - loadIPPluginJar : add extmemmanager
2024-07-10 13:49:37,608 [INFO] IPUIPlugin:80 - create IPUIPlugin
2024-07-10 13:49:37,608 [INFO] PluginManager:220 - loadIPPluginJar : add fatfs
2024-07-10 13:49:37,648 [INFO] IPUIPlugin:80 - create IPUIPlugin
2024-07-10 13:49:37,648 [INFO] PluginManager:220 - loadIPPluginJar : add fmc
2024-07-10 13:49:37,662 [INFO] IPUIPlugin:80 - create IPUIPlugin
2024-07-10 13:49:37,662 [INFO] PluginManager:220 - loadIPPluginJar : add freertos
2024-07-10 13:49:37,680 [INFO] IPUIPlugin:80 - create IPUIPlugin
2024-07-10 13:49:37,680 [INFO] PluginManager:220 - loadIPPluginJar : add genericplugin
2024-07-10 13:49:37,751 [INFO] IPUIPlugin:80 - create IPUIPlugin
2024-07-10 13:49:37,751 [INFO] PluginManager:220 - loadIPPluginJar : add gfxmmu
2024-07-10 13:49:37,852 [INFO] IPUIPlugin:80 - create IPUIPlugin
2024-07-10 13:49:37,852 [INFO] PluginManager:220 - loadIPPluginJar : add gic
2024-07-10 13:49:37,863 [INFO] IPUIPlugin:80 - create IPUIPlugin
2024-07-10 13:49:37,863 [INFO] PluginManager:220 - loadIPPluginJar : add gpio
2024-07-10 13:49:37,936 [INFO] IPUIPlugin:80 - create IPUIPlugin
2024-07-10 13:49:37,937 [INFO] PluginManager:220 - loadIPPluginJar : add gtzc
2024-07-10 13:49:37,963 [INFO] IPUIPlugin:80 - create IPUIPlugin
2024-07-10 13:49:37,963 [INFO] PluginManager:220 - loadIPPluginJar : add hash
2024-07-10 13:49:38,004 [INFO] IPUIPlugin:80 - create IPUIPlugin
2024-07-10 13:49:38,004 [INFO] PluginManager:220 - loadIPPluginJar : add i2c
2024-07-10 13:49:38,034 [INFO] IPUIPlugin:80 - create IPUIPlugin
2024-07-10 13:49:38,034 [INFO] PluginManager:220 - loadIPPluginJar : add i2s
2024-07-10 13:49:38,068 [INFO] IPUIPlugin:80 - create IPUIPlugin
2024-07-10 13:49:38,069 [INFO] PluginManager:220 - loadIPPluginJar : add i3c
2024-07-10 13:49:38,153 [INFO] IPUIPlugin:80 - create IPUIPlugin
2024-07-10 13:49:38,153 [INFO] PluginManager:220 - loadIPPluginJar : add ipddr
2024-07-10 13:49:38,222 [INFO] IPUIPlugin:80 - create IPUIPlugin
2024-07-10 13:49:38,222 [INFO] PluginManager:220 - loadIPPluginJar : add linkedlist
2024-07-10 13:49:38,252 [INFO] IPUIPlugin:80 - create IPUIPlugin
2024-07-10 13:49:38,252 [INFO] PluginManager:220 - loadIPPluginJar : add lorawan
2024-07-10 13:49:38,285 [INFO] IPUIPlugin:80 - create IPUIPlugin
2024-07-10 13:49:38,285 [INFO] PluginManager:220 - loadIPPluginJar : add ltdc
2024-07-10 13:49:38,298 [INFO] IPUIPlugin:80 - create IPUIPlugin
2024-07-10 13:49:38,298 [INFO] PluginManager:220 - loadIPPluginJar : add mdma
2024-07-10 13:49:38,309 [INFO] IPUIPlugin:80 - create IPUIPlugin
2024-07-10 13:49:38,309 [INFO] PluginManager:220 - loadIPPluginJar : add nvic
2024-07-10 13:49:38,340 [INFO] IPUIPlugin:80 - create IPUIPlugin
2024-07-10 13:49:38,340 [INFO] PluginManager:220 - loadIPPluginJar : add opamp
2024-07-10 13:49:38,388 [INFO] IPUIPlugin:80 - create IPUIPlugin
2024-07-10 13:49:38,388 [INFO] PluginManager:220 - loadIPPluginJar : add openamp
2024-07-10 13:49:38,422 [INFO] IPUIPlugin:80 - create IPUIPlugin
2024-07-10 13:49:38,423 [INFO] PluginManager:220 - loadIPPluginJar : add pdm2pcm
2024-07-10 13:49:38,435 [INFO] IPUIPlugin:80 - create IPUIPlugin
2024-07-10 13:49:38,436 [INFO] PluginManager:220 - loadIPPluginJar : add plateformsettings
2024-07-10 13:49:38,455 [INFO] IPUIPlugin:80 - create IPUIPlugin
2024-07-10 13:49:38,455 [INFO] PluginManager:220 - loadIPPluginJar : add quadspi
2024-07-10 13:49:38,467 [INFO] IPUIPlugin:80 - create IPUIPlugin
2024-07-10 13:49:38,467 [INFO] PluginManager:220 - loadIPPluginJar : add resmgrutility
2024-07-10 13:49:38,508 [INFO] IPUIPlugin:80 - create IPUIPlugin
2024-07-10 13:49:38,508 [INFO] PluginManager:220 - loadIPPluginJar : add sai
2024-07-10 13:49:38,539 [INFO] IPUIPlugin:80 - create IPUIPlugin
2024-07-10 13:49:38,539 [INFO] PluginManager:220 - loadIPPluginJar : add spi
2024-07-10 13:49:38,595 [INFO] IPUIPlugin:80 - create IPUIPlugin
2024-07-10 13:49:38,595 [INFO] PluginManager:220 - loadIPPluginJar : add stm32_wpan
2024-07-10 13:49:38,612 [INFO] IPUIPlugin:80 - create IPUIPlugin
2024-07-10 13:49:38,613 [INFO] PluginManager:220 - loadIPPluginJar : add tim
2024-07-10 13:49:38,660 [INFO] IPUIPlugin:80 - create IPUIPlugin
2024-07-10 13:49:38,660 [INFO] PluginManager:220 - loadIPPluginJar : add touchsensing
2024-07-10 13:49:38,678 [INFO] IPUIPlugin:80 - create IPUIPlugin
2024-07-10 13:49:38,678 [INFO] PluginManager:220 - loadIPPluginJar : add tracer_emb
2024-07-10 13:49:38,697 [INFO] IPUIPlugin:80 - create IPUIPlugin
2024-07-10 13:49:38,698 [INFO] PluginManager:220 - loadIPPluginJar : add ts
2024-07-10 13:49:38,716 [INFO] IPUIPlugin:80 - create IPUIPlugin
2024-07-10 13:49:38,716 [INFO] PluginManager:220 - loadIPPluginJar : add tsc
2024-07-10 13:49:38,734 [INFO] IPUIPlugin:80 - create IPUIPlugin
2024-07-10 13:49:38,734 [INFO] PluginManager:220 - loadIPPluginJar : add ucpd
2024-07-10 13:49:38,770 [INFO] IPUIPlugin:80 - create IPUIPlugin
2024-07-10 13:49:38,770 [INFO] PluginManager:220 - loadIPPluginJar : add usart
2024-07-10 13:49:38,805 [INFO] IPUIPlugin:80 - create IPUIPlugin
2024-07-10 13:49:38,805 [INFO] PluginManager:220 - loadIPPluginJar : add usbx
2024-07-10 13:49:38,923 [INFO] CADModel:165 - CPN selected for project level
2024-07-10 13:49:38,924 [INFO] CADModel:114 - Register for checkConnection events
2024-07-10 13:49:38,924 [FATAL] Updater:308 - Updater called before beeing initialized
2024-07-10 13:49:38,924 [ERROR] CADModel:125 - Updater not yet initialized, retry later 
2024-07-10 13:49:39,034 [INFO] CADModel:165 - CPN selected for project level
2024-07-10 13:49:39,034 [INFO] CADModel:114 - Register for checkConnection events
2024-07-10 13:49:39,034 [FATAL] Updater:308 - Updater called before beeing initialized
2024-07-10 13:49:39,034 [ERROR] CADModel:125 - Updater not yet initialized, retry later 
2024-07-10 13:49:39,036 [FATAL] Updater:308 - Updater called before beeing initialized
2024-07-10 13:49:39,122 [FATAL] Updater:308 - Updater called before beeing initialized
2024-07-10 13:49:39,131 [INFO] DbMcusAds:53 - JSON generation date=Thu May 16 21:22:00 NZST 2024 (1715851320667)
2024-07-10 13:49:39,131 [FATAL] Updater:308 - Updater called before beeing initialized
2024-07-10 13:49:39,165 [WARN] DetailPanel:346 - Failed to get advertising image, set to default
2024-07-10 13:49:39,248 [FATAL] Updater:308 - Updater called before beeing initialized
2024-07-10 13:49:39,250 [FATAL] Updater:308 - Updater called before beeing initialized
2024-07-10 13:49:39,250 [FATAL] Updater:308 - Updater called before beeing initialized
2024-07-10 13:49:39,250 [WARN] DetailPanel:346 - Failed to get advertising image, set to default
2024-07-10 13:49:39,251 [FATAL] Updater:308 - Updater called before beeing initialized
2024-07-10 13:49:39,300 [ERROR] Updater:1120 - MainUpdater not yet initialized. External WinMGr cannot be set.
2024-07-10 13:49:39,308 [INFO] Updater:1056 - Updater Version found : 6.11.1
2024-07-10 13:49:39,323 [INFO] ApplicationProperties:184 - Using Application install path: C:\ST\STM32CubeIDE_1.15.0\STM32CubeIDE\plugins\com.st.stm32cube.common.mx_6.11.1.202404110753
2024-07-10 13:49:39,891 [INFO] ThirdPartyUpdaterWithRetryManager:70 - Updater plugin not ready yet. [2/15]
2024-07-10 13:49:40,917 [ERROR] LogOutputStream:75 - [STDERR_REDIRECT] Jul 10, 2024 1:49:40 PM java.util.prefs.WindowsPreferences <init>
2024-07-10 13:49:40,918 [ERROR] LogOutputStream:75 - [STDERR_REDIRECT] WARNING: Could not open/create prefs root node Software\JavaSoft\Prefs at root 0xffffffff80000002. Windows RegCreateKeyEx(...) returned error code 5.
2024-07-10 13:49:40,918 [ERROR] LogOutputStream:75 - [STDERR_REDIRECT] 
2024-07-10 13:49:41,286 [INFO] MainUpdater:2873 - connection check result : 10
2024-07-10 13:49:41,286 [INFO] MainUpdater:290 - Updater Check For Update Now.
2024-07-10 13:49:41,286 [INFO] MicroXplorer:498 - Change Database Version : DB.6.0.111
2024-07-10 13:49:41,301 [INFO] McuFinderGlobals:63 - Set McuFinder mode to 2 (CubeIDE integrated)
2024-07-10 13:49:41,312 [INFO] UserAuth:415 - Internet connection configuration mode: 1
2024-07-10 13:49:41,336 [INFO] JxBrowserEngine:152 - Initiate JxBrowser Engine with user profile folder
2024-07-10 13:49:41,478 [INFO] CheckServerUpdateThread:120 - End of CheckServer Thread
2024-07-10 13:49:43,047 [WARN] PackLoader:240 - Cannot read IP mode file for STMicroelectronics.FP-SNS-MOTENVWB1.1.4.0
2024-07-10 13:49:43,062 [WARN] PackLoader:240 - Cannot read IP mode file for STMicroelectronics.X-CUBE-SMBUS.2.1.0
2024-07-10 13:49:43,074 [WARN] PackLoader:240 - Cannot read IP mode file for STMicroelectronics.X-CUBE-TOUCHGFX.4.23.1
2024-07-10 13:49:43,084 [WARN] PackLoader:240 - Cannot read IP mode file for STMicroelectronics.X-CUBE-TOUCHGFX.4.23.0
2024-07-10 13:49:43,093 [WARN] PackLoader:240 - Cannot read IP mode file for STMicroelectronics.X-CUBE-TOUCHGFX.4.23.2
2024-07-10 13:49:43,127 [WARN] PackLoader:240 - Cannot read IP mode file for STMicroelectronics.X-CUBE-AZRTOS-F7.1.1.0
2024-07-10 13:49:43,142 [WARN] PackLoader:240 - Cannot read IP mode file for STMicroelectronics.FP-SNS-MOTENV1.4.3.2
2024-07-10 13:49:43,155 [WARN] PackLoader:240 - Cannot read IP mode file for STMicroelectronics.FP-SNS-FLIGHT1.5.0.2
2024-07-10 13:49:43,169 [WARN] PackLoader:240 - Cannot read IP mode file for STMicroelectronics.X-CUBE-DISPLAY.3.0.0
2024-07-10 13:49:43,187 [WARN] PackLoader:240 - Cannot read IP mode file for STMicroelectronics.X-CUBE-BLE1.7.0.0
2024-07-10 13:49:43,199 [WARN] PackLoader:240 - Cannot read IP mode file for emotas.I-CUBE-CANOPEN.1.3.0
2024-07-10 13:49:43,214 [WARN] PackLoader:240 - Cannot read IP mode file for STMicroelectronics.X-CUBE-BLEMGR.3.1.0
2024-07-10 13:49:43,226 [WARN] PackLoader:240 - Cannot read IP mode file for STMicroelectronics.FP-SNS-SMARTAG2.1.2.0
2024-07-10 13:49:43,242 [INFO] LogOutputStream:77 - [STDOUT_REDIRECT] 1 : Invalid condition id : UX_CORESTACK_Condition cause : null
2024-07-10 13:49:43,243 [INFO] LogOutputStream:77 - [STDOUT_REDIRECT] 1 : Invalid condition id : UX_CORESTACK_Condition cause : null
2024-07-10 13:49:43,244 [INFO] LogOutputStream:77 - [STDOUT_REDIRECT] 1 : Invalid condition id : UX_CORESTACK_Condition cause : null
2024-07-10 13:49:43,245 [INFO] LogOutputStream:77 - [STDOUT_REDIRECT] 1 : Invalid condition id : UX_CORESTACK_Condition cause : null
2024-07-10 13:49:43,245 [INFO] LogOutputStream:77 - [STDOUT_REDIRECT] 1 : Invalid condition id : UX_CORESTACK_Condition cause : null
2024-07-10 13:49:43,248 [WARN] PackLoader:240 - Cannot read IP mode file for STMicroelectronics.X-CUBE-AZRTOS-WL.2.0.0
2024-07-10 13:49:43,259 [WARN] PackLoader:240 - Cannot read IP mode file for STMicroelectronics.FP-SNS-MOTENV1.5.0.0
2024-07-10 13:49:43,270 [WARN] PackLoader:240 - Cannot read IP mode file for wolfSSL.I-CUBE-wolfMQTT.1.19.0
2024-07-10 13:49:43,282 [WARN] PackLoader:240 - Cannot read IP mode file for WES.I-CUBE-Cesium.1.3.0
2024-07-10 13:49:43,292 [WARN] PackLoader:240 - Cannot read IP mode file for STMicroelectronics.X-CUBE-BLE2.3.3.0
2024-07-10 13:49:43,303 [WARN] PackLoader:240 - Cannot read IP mode file for STMicroelectronics.X-CUBE-TCPP.4.1.0
2024-07-10 13:49:43,316 [WARN] PackLoader:240 - Cannot read IP mode file for STMicroelectronics.X-CUBE-ALGOBUILD.1.3.0
2024-07-10 13:49:43,338 [WARN] PackLoader:240 - Cannot read IP mode file for STMicroelectronics.X-CUBE-AZRTOS-G0.1.1.0
2024-07-10 13:49:43,351 [WARN] PackLoader:240 - Cannot read IP mode file for STMicroelectronics.X-CUBE-SAFEA1.1.2.2
2024-07-10 13:49:43,363 [WARN] PackLoader:240 - Cannot read IP mode file for STMicroelectronics.X-CUBE-NFC4.3.0.0
2024-07-10 13:49:43,379 [WARN] PackLoader:240 - Cannot read IP mode file for EmbeddedOffice.I-CUBE-FS-RTOS.1.0.1
2024-07-10 13:49:43,379 [ERROR] ConditionMgr:805 - Attr not supported : Dmpu
2024-07-10 13:49:43,379 [ERROR] ConditionMgr:805 - Attr not supported : Dmpu
2024-07-10 13:49:43,379 [ERROR] ConditionMgr:805 - Attr not supported : Dmpu
2024-07-10 13:49:43,379 [ERROR] ConditionMgr:805 - Attr not supported : Dmpu
2024-07-10 13:49:43,379 [ERROR] ConditionMgr:805 - Attr not supported : Dmpu
2024-07-10 13:49:43,379 [ERROR] ConditionMgr:805 - Attr not supported : Dmpu
2024-07-10 13:49:43,379 [ERROR] ConditionMgr:805 - Attr not supported : Dmpu
2024-07-10 13:49:43,379 [ERROR] ConditionMgr:805 - Attr not supported : Dmpu
2024-07-10 13:49:43,379 [ERROR] ConditionMgr:805 - Attr not supported : Dmpu
2024-07-10 13:49:43,379 [ERROR] ConditionMgr:805 - Attr not supported : Dmpu
2024-07-10 13:49:43,379 [ERROR] ConditionMgr:805 - Attr not supported : Dmpu
2024-07-10 13:49:43,379 [ERROR] ConditionMgr:805 - Attr not supported : Dmpu
2024-07-10 13:49:43,379 [ERROR] ConditionMgr:805 - Attr not supported : Dmpu
2024-07-10 13:49:43,379 [ERROR] ConditionMgr:805 - Attr not supported : Dmpu
2024-07-10 13:49:43,379 [ERROR] ConditionMgr:805 - Attr not supported : Dmpu
2024-07-10 13:49:43,380 [ERROR] ConditionMgr:805 - Attr not supported : Dmpu
2024-07-10 13:49:43,380 [ERROR] ConditionMgr:805 - Attr not supported : Dmpu
2024-07-10 13:49:43,380 [ERROR] ConditionMgr:805 - Attr not supported : Dmpu
2024-07-10 13:49:43,380 [ERROR] ConditionMgr:805 - Attr not supported : Dmpu
2024-07-10 13:49:43,380 [ERROR] ConditionMgr:805 - Attr not supported : Dmpu
2024-07-10 13:49:43,380 [ERROR] ConditionMgr:805 - Attr not supported : Dmpu
2024-07-10 13:49:43,380 [ERROR] ConditionMgr:805 - Attr not supported : Dmpu
2024-07-10 13:49:43,380 [ERROR] ConditionMgr:805 - Attr not supported : Dmpu
2024-07-10 13:49:43,380 [ERROR] ConditionMgr:805 - Attr not supported : Dmpu
2024-07-10 13:49:43,380 [ERROR] ConditionMgr:805 - Attr not supported : Dmpu
2024-07-10 13:49:43,380 [ERROR] ConditionMgr:805 - Attr not supported : Dmpu
2024-07-10 13:49:43,380 [ERROR] ConditionMgr:805 - Attr not supported : Dmpu
2024-07-10 13:49:43,380 [ERROR] ConditionMgr:805 - Attr not supported : Dmpu
2024-07-10 13:49:43,380 [ERROR] ConditionMgr:805 - Attr not supported : Dmpu
2024-07-10 13:49:43,380 [ERROR] ConditionMgr:805 - Attr not supported : Dmpu
2024-07-10 13:49:43,380 [ERROR] ConditionMgr:805 - Attr not supported : Dmpu
2024-07-10 13:49:43,380 [ERROR] ConditionMgr:805 - Attr not supported : Dmpu
2024-07-10 13:49:43,380 [ERROR] ConditionMgr:805 - Attr not supported : Dmpu
2024-07-10 13:49:43,380 [ERROR] ConditionMgr:805 - Attr not supported : Dmpu
2024-07-10 13:49:43,380 [ERROR] ConditionMgr:805 - Attr not supported : Dmpu
2024-07-10 13:49:43,380 [ERROR] ConditionMgr:805 - Attr not supported : Dmpu
2024-07-10 13:49:43,381 [ERROR] ConditionMgr:805 - Attr not supported : Dmpu
2024-07-10 13:49:43,381 [ERROR] ConditionMgr:805 - Attr not supported : Dmpu
2024-07-10 13:49:43,381 [ERROR] ConditionMgr:805 - Attr not supported : Dmpu
2024-07-10 13:49:43,381 [ERROR] ConditionMgr:805 - Attr not supported : Dmpu
2024-07-10 13:49:43,381 [ERROR] ConditionMgr:805 - Attr not supported : Dmpu
2024-07-10 13:49:43,381 [ERROR] ConditionMgr:805 - Attr not supported : Dmpu
2024-07-10 13:49:43,381 [ERROR] ConditionMgr:805 - Attr not supported : Dmpu
2024-07-10 13:49:43,381 [ERROR] ConditionMgr:805 - Attr not supported : Dmpu
2024-07-10 13:49:43,381 [ERROR] ConditionMgr:805 - Attr not supported : Dmpu
2024-07-10 13:49:43,381 [ERROR] ConditionMgr:805 - Attr not supported : Dmpu
2024-07-10 13:49:43,381 [ERROR] ConditionMgr:805 - Attr not supported : Dmpu
2024-07-10 13:49:43,381 [ERROR] ConditionMgr:805 - Attr not supported : Dmpu
2024-07-10 13:49:43,381 [ERROR] ConditionMgr:805 - Attr not supported : Dmpu
2024-07-10 13:49:43,381 [ERROR] ConditionMgr:805 - Attr not supported : Dmpu
2024-07-10 13:49:43,381 [ERROR] ConditionMgr:805 - Attr not supported : Dmpu
2024-07-10 13:49:43,381 [ERROR] ConditionMgr:805 - Attr not supported : Dmpu
2024-07-10 13:49:43,381 [ERROR] ConditionMgr:805 - Attr not supported : Dmpu
2024-07-10 13:49:43,381 [ERROR] ConditionMgr:805 - Attr not supported : Dmpu
2024-07-10 13:49:43,381 [ERROR] ConditionMgr:805 - Attr not supported : Dmpu
2024-07-10 13:49:43,382 [ERROR] ConditionMgr:805 - Attr not supported : Dmpu
2024-07-10 13:49:43,382 [ERROR] ConditionMgr:805 - Attr not supported : Dmpu
2024-07-10 13:49:43,382 [ERROR] ConditionMgr:805 - Attr not supported : Dmpu
2024-07-10 13:49:43,382 [ERROR] ConditionMgr:805 - Attr not supported : Dmpu
2024-07-10 13:49:43,382 [ERROR] ConditionMgr:805 - Attr not supported : Dmpu
2024-07-10 13:49:43,382 [ERROR] ConditionMgr:805 - Attr not supported : Dmpu
2024-07-10 13:49:43,382 [ERROR] ConditionMgr:805 - Attr not supported : Dmpu
2024-07-10 13:49:43,382 [ERROR] ConditionMgr:805 - Attr not supported : Dmpu
2024-07-10 13:49:43,382 [ERROR] ConditionMgr:805 - Attr not supported : Dmpu
2024-07-10 13:49:43,394 [WARN] PackLoader:240 - Cannot read IP mode file for RealThread.X-CUBE-RT-Thread_Nano.4.1.1
2024-07-10 13:49:43,404 [WARN] PackLoader:240 - Cannot read IP mode file for STMicroelectronics.FP-ATR-SIGFOX1.3.2.0
2024-07-10 13:49:43,416 [WARN] PackLoader:240 - Cannot read IP mode file for STMicroelectronics.X-CUBE-EEPRMA1.5.1.0
2024-07-10 13:49:43,453 [WARN] PackLoader:240 - Cannot read IP mode file for SEGGER.I-CUBE-embOS.1.3.1
2024-07-10 13:49:43,508 [WARN] PackLoader:240 - Cannot read IP mode file for STMicroelectronics.X-CUBE-ALGOBUILD.1.4.0
2024-07-10 13:49:43,550 [WARN] PackLoader:240 - Cannot read IP mode file for STMicroelectronics.X-CUBE-GNSS1.6.0.0
2024-07-10 13:49:43,575 [WARN] PackLoader:240 - Cannot read IP mode file for STMicroelectronics.X-CUBE-AZRTOS-F4.1.1.0
2024-07-10 13:49:43,589 [WARN] PackLoader:240 - Cannot read IP mode file for STMicroelectronics.X-CUBE-FREERTOS.1.2.0
2024-07-10 13:49:43,600 [WARN] PackLoader:240 - Cannot read IP mode file for wolfSSL.I-CUBE-wolfSSL.5.6.6
2024-07-10 13:49:43,624 [WARN] PackLoader:240 - Cannot read IP mode file for STMicroelectronics.X-CUBE-AZRTOS-L5.2.0.0
2024-07-10 13:49:43,639 [WARN] PackLoader:240 - Cannot read IP mode file for STMicroelectronics.X-CUBE-NFC6.3.1.0
2024-07-10 13:49:43,652 [WARN] PackLoader:240 - Cannot read IP mode file for ITTIA_DB.I-CUBE-ITTIADB.8.8.0
2024-07-10 13:49:43,663 [WARN] PackLoader:240 - Cannot read IP mode file for STMicroelectronics.X-CUBE-DPower.1.2.0
2024-07-10 13:49:43,674 [WARN] PackLoader:240 - Cannot read IP mode file for STMicroelectronics.X-CUBE-AI.9.0.0
2024-07-10 13:49:43,687 [WARN] PackLoader:240 - Cannot read IP mode file for STMicroelectronics.X-CUBE-NFC7.1.0.1
2024-07-10 13:49:43,698 [WARN] PackLoader:240 - Cannot read IP mode file for wolfSSL.I-CUBE-wolfTPM.3.2.0
2024-07-10 13:49:43,710 [WARN] PackLoader:240 - Cannot read IP mode file for STMicroelectronics.X-CUBE-NFC6.3.0.0
2024-07-10 13:49:43,720 [WARN] PackLoader:240 - Cannot read IP mode file for STMicroelectronics.X-CUBE-AI.8.1.0
2024-07-10 13:49:43,743 [WARN] ConditionMgr:438 - getConditionDescription Invalid condition id : LAN8742 Phy interface Condition cause : null
2024-07-10 13:49:43,744 [WARN] PackLoader:240 - Cannot read IP mode file for STMicroelectronics.X-CUBE-AZRTOS-L4.2.0.0
2024-07-10 13:49:43,745 [WARN] ConditionMgr:1039 - genDependencies : Invalid condition id : LAN8742 Phy interface Condition cause : null
2024-07-10 13:49:43,745 [WARN] ConditionMgr:1039 - genDependencies : Invalid condition id : LAN8742 Phy interface Condition cause : null
2024-07-10 13:49:43,745 [WARN] ConditionMgr:1039 - genDependencies : Invalid condition id : LAN8742 Phy interface Condition cause : null
2024-07-10 13:49:43,757 [WARN] PackLoader:240 - Cannot read IP mode file for STMicroelectronics.X-CUBE-SFXS2LP1.4.0.0
2024-07-10 13:49:43,777 [WARN] ConditionMgr:438 - getConditionDescription Invalid condition id : UX DEVICE CLASS RTOS Condition cause : null
2024-07-10 13:49:43,777 [WARN] ConditionMgr:438 - getConditionDescription Invalid condition id : UX DEVICE CLASS RTOS Condition cause : null
2024-07-10 13:49:43,779 [WARN] PackLoader:240 - Cannot read IP mode file for STMicroelectronics.X-CUBE-AZRTOS-WB.2.0.0
2024-07-10 13:49:43,779 [WARN] ConditionMgr:1039 - genDependencies : Invalid condition id : UX DEVICE CLASS RTOS Condition cause : null
2024-07-10 13:49:43,779 [WARN] ConditionMgr:1039 - genDependencies : Invalid condition id : UX DEVICE CLASS RTOS Condition cause : null
2024-07-10 13:49:43,779 [WARN] ConditionMgr:1039 - genDependencies : Invalid condition id : UX DEVICE CLASS RTOS Condition cause : null
2024-07-10 13:49:43,779 [WARN] ConditionMgr:1039 - genDependencies : Invalid condition id : UX DEVICE CLASS RTOS Condition cause : null
2024-07-10 13:49:43,779 [WARN] ConditionMgr:1039 - genDependencies : Invalid condition id : UX DEVICE CLASS RTOS Condition cause : null
2024-07-10 13:49:43,795 [WARN] PackLoader:240 - Cannot read IP mode file for STMicroelectronics.X-CUBE-SUBG2.5.0.0
2024-07-10 13:49:43,819 [WARN] PackLoader:240 - Cannot read IP mode file for STMicroelectronics.X-CUBE-AZRTOS-G4.2.0.0
2024-07-10 13:49:43,838 [WARN] PackLoader:240 - Cannot read IP mode file for Infineon.AIROC-Wi-Fi-Bluetooth-STM32.1.5.1
2024-07-10 13:49:43,851 [WARN] PackLoader:240 - Cannot read IP mode file for STMicroelectronics.FP-SNS-MOTENVWB1.1.3.1
2024-07-10 13:49:43,863 [WARN] PackLoader:240 - Cannot read IP mode file for STMicroelectronics.X-CUBE-ISPU.2.0.0
2024-07-10 13:49:43,875 [WARN] PackLoader:240 - Cannot read IP mode file for STMicroelectronics.X-CUBE-ALS.1.0.2
2024-07-10 13:49:43,920 [WARN] PackLoader:240 - Cannot read IP mode file for STMicroelectronics.X-CUBE-MEMS1.10.0.0
2024-07-10 13:49:44,004 [WARN] PackLoader:240 - Cannot read IP mode file for STMicroelectronics.X-CUBE-FREERTOS.1.1.0
2024-07-10 13:49:44,015 [WARN] PackLoader:240 - Cannot read IP mode file for STMicroelectronics.X-CUBE-TOUCHGFX.4.24.0
2024-07-10 13:49:44,027 [WARN] PackLoader:240 - Cannot read IP mode file for portGmbH.I-Cube-SoM-uGOAL.1.1.0
2024-07-10 13:49:44,037 [WARN] PackLoader:240 - Cannot read IP mode file for STMicroelectronics.X-CUBE-ALS.1.0.1
2024-07-10 13:49:44,059 [WARN] PackLoader:240 - Cannot read IP mode file for STMicroelectronics.X-CUBE-AZRTOS-H7RS.1.0.0
2024-07-10 13:49:44,070 [WARN] PackLoader:240 - Cannot read IP mode file for STMicroelectronics.FP-ATR-ASTRA1.2.0.0
2024-07-10 13:49:44,086 [WARN] PackLoader:240 - Cannot read IP mode file for STMicroelectronics.X-CUBE-TOF1.3.4.1
2024-07-10 13:49:44,119 [WARN] PackLoader:240 - Cannot read IP mode file for STMicroelectronics.X-CUBE-AZRTOS-H7.3.2.0
2024-07-10 13:49:44,124 [INFO] ThirdParty:978 - Integrity check success = true
2024-07-10 13:49:44,124 [INFO] IntegrityCheckThread:100 - exiting critical section [integrity check]
2024-07-10 13:49:44,124 [INFO] IntegrityCheckThread:103 - End integrity checks thread
2024-07-10 13:49:45,143 [INFO] WebApp:161 - Instantiating new browser for Auth
2024-07-10 13:49:45,634 [INFO] WebApp:779 - Register for checkConnection events
2024-07-10 13:49:45,634 [INFO] WebApp:414 - Apply proxy settings
2024-07-10 13:49:45,634 [INFO] WebApp:499 - Chromium requires no authentication
2024-07-10 13:49:45,639 [INFO] WebApp:442 - Direct internet connection detected
2024-07-10 13:49:45,763 [INFO] WebApp:192 - Starting web application
2024-07-10 13:49:45,764 [INFO] WebApp:544 - Web application path used C:\ST\STM32CubeIDE_1.15.0\STM32CubeIDE\plugins\com.st.stm32cube.common.mx_6.11.1.202404110753\db\plugins\mcufinder\reactClient1\index.html
