2024-07-11 01:36:54,836 [ERROR] LogOutputStream:75 - [STDERR_REDIRECT] 
2024-07-11 12:45:08,955 [INFO] Activator:176 - 


2024-07-11 12:45:08,956 [INFO] Activator:177 - !SESSION log4j initialized
2024-07-11 12:45:13,997 [INFO] LogOutputStream:77 - [STDOUT_REDIRECT] 
2024-07-11 12:45:16,938 [INFO] ApplicationProperties:184 - Using Application install path: C:\ST\STM32CubeIDE_1.15.0\STM32CubeIDE\plugins\com.st.stm32cube.common.mx_6.11.1.202404110753
2024-07-11 12:45:16,955 [INFO] DbMcusXml:78 - Set database path to: C:\ST\STM32CubeIDE_1.15.0\STM32CubeIDE\plugins\com.st.stm32cube.common.mx_6.11.1.202404110753\\db\/mcu/
2024-07-11 12:45:16,955 [INFO] ApiDb:274 - Set plugin database path to: C:\ST\STM32CubeIDE_1.15.0\STM32CubeIDE\plugins\com.st.stm32cube.common.mx_6.11.1.202404110753\\db\/plugins/boardmanager/
2024-07-11 12:45:16,956 [WARN] ApiDb:259 - Overriding images path with different value:  => C:\ST\STM32CubeIDE_1.15.0\STM32CubeIDE\plugins\com.st.stm32cube.common.mx_6.11.1.202404110753\\db\/plugins/mcufinder/images/
2024-07-11 12:45:16,970 [INFO] ApiDb:250 - Set database path to: C:\Users\conor\.stmcufinder\plugins\mcufinder//mcu/
2024-07-11 12:45:16,971 [INFO] DbMcusAds:125 - Set database path to: C:\Users\conor\.stmcufinder\plugins\mcufinder//mcu/
2024-07-11 12:45:16,973 [INFO] CrossReferenceDbSqlite:203 - Set database path to: C:\Users\conor\.stmcufinder\plugins\mcufinder//mcu/cs/
2024-07-11 12:45:17,100 [INFO] RulesReader:64 - Compatibility file has been processed (297 Rules)
2024-07-11 12:45:17,178 [INFO] DbMcusXml:78 - Set database path to: C:\ST\STM32CubeIDE_1.15.0\STM32CubeIDE\plugins\com.st.stm32cube.common.mx_6.11.1.202404110753\\db\/mcu/
2024-07-11 12:45:17,179 [INFO] ApiDb:274 - Set plugin database path to: C:\ST\STM32CubeIDE_1.15.0\STM32CubeIDE\plugins\com.st.stm32cube.common.mx_6.11.1.202404110753\\db\/plugins/boardmanager/
2024-07-11 12:45:17,179 [INFO] ApiDb:261 - Set plugin images path to: C:\ST\STM32CubeIDE_1.15.0\STM32CubeIDE\plugins\com.st.stm32cube.common.mx_6.11.1.202404110753\\db\/plugins/mcufinder/images/
2024-07-11 12:45:17,179 [WARN] DbFile:41 - Overriding database path with different value: C:\Users\conor\.stmcufinder\plugins\mcufinder/ => C:\Users\conor\.stmcufinder\plugins\mcufinder
2024-07-11 12:45:17,179 [INFO] ApiDb:250 - Set database path to: C:\Users\conor\.stmcufinder\plugins\mcufinder//mcu/
2024-07-11 12:45:17,179 [WARN] DbFile:41 - Overriding database path with different value: C:\Users\conor\.stmcufinder\plugins\mcufinder/ => C:\Users\conor\.stmcufinder\plugins\mcufinder
2024-07-11 12:45:17,179 [INFO] DbMcusAds:125 - Set database path to: C:\Users\conor\.stmcufinder\plugins\mcufinder//mcu/
2024-07-11 12:45:17,179 [WARN] DbFile:41 - Overriding database path with different value: C:\Users\conor\.stmcufinder\plugins\mcufinder/ => C:\Users\conor\.stmcufinder\plugins\mcufinder
2024-07-11 12:45:17,180 [WARN] DbFile:41 - Overriding database path with different value: C:\Users\conor\.stmcufinder\plugins\mcufinder/ => C:\Users\conor\.stmcufinder\plugins\mcufinder
2024-07-11 12:45:17,180 [INFO] CrossReferenceDbSqlite:203 - Set database path to: C:\Users\conor\.stmcufinder\plugins\mcufinder//mcu/cs/
2024-07-11 12:45:17,264 [INFO] MainPanel:264 - HeapMemory: 268435456
2024-07-11 12:45:17,367 [INFO] DbMcusXml:78 - Set database path to: C:\ST\STM32CubeIDE_1.15.0\STM32CubeIDE\plugins\com.st.stm32cube.common.mx_6.11.1.202404110753\\db\/mcu/
2024-07-11 12:45:17,368 [INFO] ApiDb:274 - Set plugin database path to: C:\ST\STM32CubeIDE_1.15.0\STM32CubeIDE\plugins\com.st.stm32cube.common.mx_6.11.1.202404110753\\db\/plugins/boardmanager/
2024-07-11 12:45:17,368 [INFO] ApiDb:261 - Set plugin images path to: C:\ST\STM32CubeIDE_1.15.0\STM32CubeIDE\plugins\com.st.stm32cube.common.mx_6.11.1.202404110753\\db\/plugins/mcufinder/images/
2024-07-11 12:45:17,368 [WARN] DbFile:41 - Overriding database path with different value: C:\Users\conor\.stmcufinder\plugins\mcufinder/ => C:\Users\conor\.stmcufinder\plugins\mcufinder
2024-07-11 12:45:17,368 [INFO] ApiDb:250 - Set database path to: C:\Users\conor\.stmcufinder\plugins\mcufinder//mcu/
2024-07-11 12:45:17,368 [WARN] DbFile:41 - Overriding database path with different value: C:\Users\conor\.stmcufinder\plugins\mcufinder/ => C:\Users\conor\.stmcufinder\plugins\mcufinder
2024-07-11 12:45:17,368 [INFO] DbMcusAds:125 - Set database path to: C:\Users\conor\.stmcufinder\plugins\mcufinder//mcu/
2024-07-11 12:45:17,368 [WARN] DbFile:41 - Overriding database path with different value: C:\Users\conor\.stmcufinder\plugins\mcufinder/ => C:\Users\conor\.stmcufinder\plugins\mcufinder
2024-07-11 12:45:17,368 [WARN] DbFile:41 - Overriding database path with different value: C:\Users\conor\.stmcufinder\plugins\mcufinder/ => C:\Users\conor\.stmcufinder\plugins\mcufinder
2024-07-11 12:45:17,369 [INFO] CrossReferenceDbSqlite:203 - Set database path to: C:\Users\conor\.stmcufinder\plugins\mcufinder//mcu/cs/
2024-07-11 12:45:17,389 [INFO] ApplicationProperties:184 - Using Application install path: C:\ST\STM32CubeIDE_1.15.0\STM32CubeIDE\plugins\com.st.stm32cube.common.mx_6.11.1.202404110753
2024-07-11 12:45:17,391 [INFO] PluginManage:196 - Search for loadable plugins [exclusion list=, ]
2024-07-11 12:45:17,392 [INFO] PluginManage:310 - Check plugin analytics
2024-07-11 12:45:17,571 [INFO] AnalyticsPlugin:253 - Accepted Software Licenses: STM32CubeMX.6.10.0,STM32CubeMX.6.11.1
2024-07-11 12:45:17,571 [INFO] AnalyticsPlugin:255 - Accepted CMSIS Pack Licenses: 
2024-07-11 12:45:17,572 [INFO] AnalyticsPlugin:257 - Accepted Firmware Licenses: FW.G4.1.5.0
2024-07-11 12:45:17,574 [INFO] PluginManage:359 - Loaded plugin analytics (category:tool,tabindex:-1)
2024-07-11 12:45:17,575 [INFO] PluginManage:310 - Check plugin cadmodel
2024-07-11 12:45:17,622 [INFO] CADModel:105 - Init CAD model plugin
2024-07-11 12:45:17,622 [INFO] PluginManage:359 - Loaded plugin cadmodel (category:power,tabindex:5)
2024-07-11 12:45:17,622 [INFO] PluginManage:310 - Check plugin clock
2024-07-11 12:45:17,642 [INFO] PluginManage:359 - Loaded plugin clock (category:base,tabindex:2)
2024-07-11 12:45:17,642 [INFO] PluginManage:310 - Check plugin ddr
2024-07-11 12:45:17,643 [INFO] PluginManage:359 - Loaded plugin ddr (category:tool,tabindex:6)
2024-07-11 12:45:17,644 [INFO] PluginManage:310 - Check plugin filemanager
2024-07-11 12:45:17,789 [INFO] PluginManage:359 - Loaded plugin filemanager (category:base,tabindex:10)
2024-07-11 12:45:17,789 [INFO] PluginManage:310 - Check plugin ipmanager
2024-07-11 12:45:17,797 [INFO] PluginManage:359 - Loaded plugin ipmanager (category:base,tabindex:5)
2024-07-11 12:45:17,797 [INFO] PluginManage:310 - Check plugin lpbam
2024-07-11 12:45:17,817 [INFO] PluginManage:359 - Loaded plugin lpbam (category:base,tabindex:0)
2024-07-11 12:45:17,817 [INFO] PluginManage:310 - Check plugin memorymap
2024-07-11 12:45:17,840 [INFO] PluginManage:359 - Loaded plugin memorymap (category:base,tabindex:4)
2024-07-11 12:45:17,840 [INFO] PluginManage:310 - Check plugin pinoutandconfiguration
2024-07-11 12:45:17,858 [INFO] PluginManage:359 - Loaded plugin pinoutandconfiguration (category:base,tabindex:1)
2024-07-11 12:45:17,858 [INFO] PluginManage:310 - Check plugin pinoutconfig
2024-07-11 12:45:17,949 [WARN] SupportedApi:132 - Cannot load RTOS API schema: s4s-elt-must-match.1: The content of 'definitions' must match (annotation?, (simpleType | complexType)?, (unique | key | keyref)*)). A problem was found starting at: attribute.
2024-07-11 12:45:18,072 [INFO] PluginManage:359 - Loaded plugin pinoutconfig (category:base,tabindex:0)
2024-07-11 12:45:18,073 [INFO] PluginManage:310 - Check plugin power
2024-07-11 12:45:18,090 [INFO] PluginManage:359 - Loaded plugin power (category:power,tabindex:4)
2024-07-11 12:45:18,090 [INFO] PluginManage:310 - Check plugin projectmanager
2024-07-11 12:45:18,103 [INFO] PluginManage:359 - Loaded plugin projectmanager (category:projectmanager,tabindex:3)
2024-07-11 12:45:18,104 [INFO] PluginManage:310 - Check plugin thirdparty
2024-07-11 12:45:18,356 [INFO] PluginManage:359 - Loaded plugin thirdparty (category:base,tabindex:-1)
2024-07-11 12:45:18,356 [WARN] IntegrityCheckThread:84 - waiting for thirdparty lock release [integrity check]
2024-07-11 12:45:18,356 [INFO] PluginManage:310 - Check plugin tools
2024-07-11 12:45:18,356 [INFO] IntegrityCheckThread:86 - entering critical section [integrity check]
2024-07-11 12:45:18,357 [INFO] ThirdPartyUpdaterWithRetryManager:70 - Updater plugin not ready yet. [1/15]
2024-07-11 12:45:18,386 [INFO] PluginManage:359 - Loaded plugin tools (category:base,tabindex:7)
2024-07-11 12:45:18,386 [INFO] PluginManage:310 - Check plugin tutovideos
2024-07-11 12:45:18,560 [INFO] PluginManage:359 - Loaded plugin tutovideos (category:base,tabindex:-1)
2024-07-11 12:45:18,560 [INFO] PluginManage:310 - Check plugin updater
2024-07-11 12:45:18,571 [INFO] PluginManage:359 - Loaded plugin updater (category:base,tabindex:12)
2024-07-11 12:45:18,571 [INFO] PluginManage:310 - Check plugin userauth
2024-07-11 12:45:18,577 [INFO] UserAuth:114 - Init User Auth plugin
2024-07-11 12:45:18,577 [INFO] PluginManage:359 - Loaded plugin userauth (category:base,tabindex:14)
2024-07-11 12:45:18,577 [INFO] PluginManage:283 - PluginManage : Loaded plugins [17]
2024-07-11 12:45:18,774 [INFO] PinOutPanel:1561 - setPackage(No Configuration,No Configuration)
2024-07-11 12:45:18,862 [INFO] CADModel:165 - CPN selected for project level
2024-07-11 12:45:18,862 [INFO] CADModel:114 - Register for checkConnection events
2024-07-11 12:45:18,888 [INFO] IPUIPlugin:80 - create IPUIPlugin
2024-07-11 12:45:18,888 [INFO] PluginManager:220 - loadIPPluginJar : add adc
2024-07-11 12:45:18,925 [INFO] IPUIPlugin:80 - create IPUIPlugin
2024-07-11 12:45:18,926 [INFO] PluginManager:220 - loadIPPluginJar : add aes
2024-07-11 12:45:18,964 [INFO] IPUIPlugin:80 - create IPUIPlugin
2024-07-11 12:45:18,964 [INFO] PluginManager:220 - loadIPPluginJar : add can
2024-07-11 12:45:18,986 [INFO] IPUIPlugin:80 - create IPUIPlugin
2024-07-11 12:45:18,986 [INFO] PluginManager:220 - loadIPPluginJar : add comp
2024-07-11 12:45:19,019 [INFO] IPUIPlugin:80 - create IPUIPlugin
2024-07-11 12:45:19,019 [INFO] PluginManager:220 - loadIPPluginJar : add cryp
2024-07-11 12:45:19,051 [INFO] IPUIPlugin:80 - create IPUIPlugin
2024-07-11 12:45:19,051 [INFO] PluginManager:220 - loadIPPluginJar : add dfsdm
2024-07-11 12:45:19,065 [INFO] IPUIPlugin:80 - create IPUIPlugin
2024-07-11 12:45:19,065 [INFO] PluginManager:220 - loadIPPluginJar : add dma
2024-07-11 12:45:19,104 [INFO] IPUIPlugin:80 - create IPUIPlugin
2024-07-11 12:45:19,104 [INFO] PluginManager:220 - loadIPPluginJar : add dma3
2024-07-11 12:45:19,147 [INFO] IPUIPlugin:80 - create IPUIPlugin
2024-07-11 12:45:19,147 [INFO] PluginManager:220 - loadIPPluginJar : add extmemmanager
2024-07-11 12:45:19,163 [INFO] IPUIPlugin:80 - create IPUIPlugin
2024-07-11 12:45:19,163 [INFO] PluginManager:220 - loadIPPluginJar : add fatfs
2024-07-11 12:45:19,205 [INFO] IPUIPlugin:80 - create IPUIPlugin
2024-07-11 12:45:19,205 [INFO] PluginManager:220 - loadIPPluginJar : add fmc
2024-07-11 12:45:19,219 [INFO] IPUIPlugin:80 - create IPUIPlugin
2024-07-11 12:45:19,219 [INFO] PluginManager:220 - loadIPPluginJar : add freertos
2024-07-11 12:45:19,238 [INFO] IPUIPlugin:80 - create IPUIPlugin
2024-07-11 12:45:19,239 [INFO] PluginManager:220 - loadIPPluginJar : add genericplugin
2024-07-11 12:45:19,311 [INFO] IPUIPlugin:80 - create IPUIPlugin
2024-07-11 12:45:19,311 [INFO] PluginManager:220 - loadIPPluginJar : add gfxmmu
2024-07-11 12:45:19,413 [INFO] IPUIPlugin:80 - create IPUIPlugin
2024-07-11 12:45:19,414 [INFO] PluginManager:220 - loadIPPluginJar : add gic
2024-07-11 12:45:19,427 [INFO] IPUIPlugin:80 - create IPUIPlugin
2024-07-11 12:45:19,427 [INFO] PluginManager:220 - loadIPPluginJar : add gpio
2024-07-11 12:45:19,501 [INFO] IPUIPlugin:80 - create IPUIPlugin
2024-07-11 12:45:19,501 [INFO] PluginManager:220 - loadIPPluginJar : add gtzc
2024-07-11 12:45:19,527 [INFO] IPUIPlugin:80 - create IPUIPlugin
2024-07-11 12:45:19,528 [INFO] PluginManager:220 - loadIPPluginJar : add hash
2024-07-11 12:45:19,572 [INFO] IPUIPlugin:80 - create IPUIPlugin
2024-07-11 12:45:19,572 [INFO] PluginManager:220 - loadIPPluginJar : add i2c
2024-07-11 12:45:19,608 [INFO] IPUIPlugin:80 - create IPUIPlugin
2024-07-11 12:45:19,608 [INFO] PluginManager:220 - loadIPPluginJar : add i2s
2024-07-11 12:45:19,644 [INFO] IPUIPlugin:80 - create IPUIPlugin
2024-07-11 12:45:19,644 [INFO] PluginManager:220 - loadIPPluginJar : add i3c
2024-07-11 12:45:19,735 [INFO] IPUIPlugin:80 - create IPUIPlugin
2024-07-11 12:45:19,735 [INFO] PluginManager:220 - loadIPPluginJar : add ipddr
2024-07-11 12:45:19,810 [INFO] IPUIPlugin:80 - create IPUIPlugin
2024-07-11 12:45:19,810 [INFO] PluginManager:220 - loadIPPluginJar : add linkedlist
2024-07-11 12:45:19,838 [INFO] IPUIPlugin:80 - create IPUIPlugin
2024-07-11 12:45:19,838 [INFO] PluginManager:220 - loadIPPluginJar : add lorawan
2024-07-11 12:45:19,869 [INFO] IPUIPlugin:80 - create IPUIPlugin
2024-07-11 12:45:19,869 [INFO] PluginManager:220 - loadIPPluginJar : add ltdc
2024-07-11 12:45:19,882 [INFO] IPUIPlugin:80 - create IPUIPlugin
2024-07-11 12:45:19,882 [INFO] PluginManager:220 - loadIPPluginJar : add mdma
2024-07-11 12:45:19,893 [INFO] IPUIPlugin:80 - create IPUIPlugin
2024-07-11 12:45:19,893 [INFO] PluginManager:220 - loadIPPluginJar : add nvic
2024-07-11 12:45:19,926 [INFO] IPUIPlugin:80 - create IPUIPlugin
2024-07-11 12:45:19,927 [INFO] PluginManager:220 - loadIPPluginJar : add opamp
2024-07-11 12:45:19,976 [INFO] IPUIPlugin:80 - create IPUIPlugin
2024-07-11 12:45:19,976 [INFO] PluginManager:220 - loadIPPluginJar : add openamp
2024-07-11 12:45:20,013 [INFO] IPUIPlugin:80 - create IPUIPlugin
2024-07-11 12:45:20,014 [INFO] PluginManager:220 - loadIPPluginJar : add pdm2pcm
2024-07-11 12:45:20,026 [INFO] IPUIPlugin:80 - create IPUIPlugin
2024-07-11 12:45:20,028 [INFO] PluginManager:220 - loadIPPluginJar : add plateformsettings
2024-07-11 12:45:20,049 [INFO] IPUIPlugin:80 - create IPUIPlugin
2024-07-11 12:45:20,049 [INFO] PluginManager:220 - loadIPPluginJar : add quadspi
2024-07-11 12:45:20,060 [INFO] IPUIPlugin:80 - create IPUIPlugin
2024-07-11 12:45:20,060 [INFO] PluginManager:220 - loadIPPluginJar : add resmgrutility
2024-07-11 12:45:20,101 [INFO] IPUIPlugin:80 - create IPUIPlugin
2024-07-11 12:45:20,101 [INFO] PluginManager:220 - loadIPPluginJar : add sai
2024-07-11 12:45:20,134 [INFO] IPUIPlugin:80 - create IPUIPlugin
2024-07-11 12:45:20,134 [INFO] PluginManager:220 - loadIPPluginJar : add spi
2024-07-11 12:45:20,191 [INFO] IPUIPlugin:80 - create IPUIPlugin
2024-07-11 12:45:20,191 [INFO] PluginManager:220 - loadIPPluginJar : add stm32_wpan
2024-07-11 12:45:20,211 [INFO] IPUIPlugin:80 - create IPUIPlugin
2024-07-11 12:45:20,211 [INFO] PluginManager:220 - loadIPPluginJar : add tim
2024-07-11 12:45:20,263 [INFO] IPUIPlugin:80 - create IPUIPlugin
2024-07-11 12:45:20,263 [INFO] PluginManager:220 - loadIPPluginJar : add touchsensing
2024-07-11 12:45:20,283 [INFO] IPUIPlugin:80 - create IPUIPlugin
2024-07-11 12:45:20,283 [INFO] PluginManager:220 - loadIPPluginJar : add tracer_emb
2024-07-11 12:45:20,305 [INFO] IPUIPlugin:80 - create IPUIPlugin
2024-07-11 12:45:20,306 [INFO] PluginManager:220 - loadIPPluginJar : add ts
2024-07-11 12:45:20,326 [INFO] IPUIPlugin:80 - create IPUIPlugin
2024-07-11 12:45:20,327 [INFO] PluginManager:220 - loadIPPluginJar : add tsc
2024-07-11 12:45:20,348 [INFO] IPUIPlugin:80 - create IPUIPlugin
2024-07-11 12:45:20,348 [INFO] PluginManager:220 - loadIPPluginJar : add ucpd
2024-07-11 12:45:20,384 [INFO] IPUIPlugin:80 - create IPUIPlugin
2024-07-11 12:45:20,385 [INFO] PluginManager:220 - loadIPPluginJar : add usart
2024-07-11 12:45:20,423 [INFO] IPUIPlugin:80 - create IPUIPlugin
2024-07-11 12:45:20,423 [INFO] PluginManager:220 - loadIPPluginJar : add usbx
2024-07-11 12:45:20,540 [INFO] CADModel:165 - CPN selected for project level
2024-07-11 12:45:20,540 [INFO] CADModel:114 - Register for checkConnection events
2024-07-11 12:45:20,540 [FATAL] Updater:308 - Updater called before beeing initialized
2024-07-11 12:45:20,540 [ERROR] CADModel:125 - Updater not yet initialized, retry later 
2024-07-11 12:45:20,658 [INFO] CADModel:165 - CPN selected for project level
2024-07-11 12:45:20,659 [INFO] CADModel:114 - Register for checkConnection events
2024-07-11 12:45:20,659 [FATAL] Updater:308 - Updater called before beeing initialized
2024-07-11 12:45:20,659 [ERROR] CADModel:125 - Updater not yet initialized, retry later 
2024-07-11 12:45:20,662 [FATAL] Updater:308 - Updater called before beeing initialized
2024-07-11 12:45:20,760 [FATAL] Updater:308 - Updater called before beeing initialized
2024-07-11 12:45:20,773 [INFO] DbMcusAds:53 - JSON generation date=Thu May 16 21:22:00 NZST 2024 (1715851320667)
2024-07-11 12:45:20,773 [FATAL] Updater:308 - Updater called before beeing initialized
2024-07-11 12:45:20,816 [WARN] DetailPanel:346 - Failed to get advertising image, set to default
2024-07-11 12:45:20,904 [FATAL] Updater:308 - Updater called before beeing initialized
2024-07-11 12:45:20,907 [FATAL] Updater:308 - Updater called before beeing initialized
2024-07-11 12:45:20,907 [FATAL] Updater:308 - Updater called before beeing initialized
2024-07-11 12:45:20,907 [WARN] DetailPanel:346 - Failed to get advertising image, set to default
2024-07-11 12:45:20,907 [FATAL] Updater:308 - Updater called before beeing initialized
2024-07-11 12:45:20,960 [ERROR] Updater:1120 - MainUpdater not yet initialized. External WinMGr cannot be set.
2024-07-11 12:45:20,971 [INFO] Updater:1056 - Updater Version found : 6.11.1
2024-07-11 12:45:20,990 [INFO] ApplicationProperties:184 - Using Application install path: C:\ST\STM32CubeIDE_1.15.0\STM32CubeIDE\plugins\com.st.stm32cube.common.mx_6.11.1.202404110753
2024-07-11 12:45:21,358 [INFO] ThirdPartyUpdaterWithRetryManager:70 - Updater plugin not ready yet. [2/15]
2024-07-11 12:45:22,589 [ERROR] LogOutputStream:75 - [STDERR_REDIRECT] Jul 11, 2024 12:45:22 PM java.util.prefs.WindowsPreferences <init>
2024-07-11 12:45:22,591 [ERROR] LogOutputStream:75 - [STDERR_REDIRECT] WARNING: Could not open/create prefs root node Software\JavaSoft\Prefs at root 0xffffffff80000002. Windows RegCreateKeyEx(...) returned error code 5.
2024-07-11 12:45:22,591 [ERROR] LogOutputStream:75 - [STDERR_REDIRECT] 
2024-07-11 12:45:23,151 [INFO] MainUpdater:2873 - connection check result : 10
2024-07-11 12:45:23,152 [INFO] MainUpdater:290 - Updater Check For Update Now.
2024-07-11 12:45:23,152 [INFO] MicroXplorer:498 - Change Database Version : DB.6.0.111
2024-07-11 12:45:23,165 [INFO] McuFinderGlobals:63 - Set McuFinder mode to 2 (CubeIDE integrated)
2024-07-11 12:45:23,175 [INFO] UserAuth:415 - Internet connection configuration mode: 1
2024-07-11 12:45:23,200 [INFO] JxBrowserEngine:152 - Initiate JxBrowser Engine with user profile folder
2024-07-11 12:45:23,352 [INFO] CheckServerUpdateThread:120 - End of CheckServer Thread
2024-07-11 12:45:24,599 [WARN] PackLoader:240 - Cannot read IP mode file for STMicroelectronics.FP-SNS-MOTENVWB1.1.4.0
2024-07-11 12:45:24,621 [WARN] PackLoader:240 - Cannot read IP mode file for STMicroelectronics.X-CUBE-SMBUS.2.1.0
2024-07-11 12:45:24,636 [WARN] PackLoader:240 - Cannot read IP mode file for STMicroelectronics.X-CUBE-TOUCHGFX.4.23.1
2024-07-11 12:45:24,648 [WARN] PackLoader:240 - Cannot read IP mode file for STMicroelectronics.X-CUBE-TOUCHGFX.4.23.0
2024-07-11 12:45:24,659 [WARN] PackLoader:240 - Cannot read IP mode file for STMicroelectronics.X-CUBE-TOUCHGFX.4.23.2
2024-07-11 12:45:24,699 [WARN] PackLoader:240 - Cannot read IP mode file for STMicroelectronics.X-CUBE-AZRTOS-F7.1.1.0
2024-07-11 12:45:24,717 [WARN] PackLoader:240 - Cannot read IP mode file for STMicroelectronics.FP-SNS-MOTENV1.4.3.2
2024-07-11 12:45:24,734 [WARN] PackLoader:240 - Cannot read IP mode file for STMicroelectronics.FP-SNS-FLIGHT1.5.0.2
2024-07-11 12:45:24,752 [WARN] PackLoader:240 - Cannot read IP mode file for STMicroelectronics.X-CUBE-DISPLAY.3.0.0
2024-07-11 12:45:24,774 [WARN] PackLoader:240 - Cannot read IP mode file for STMicroelectronics.X-CUBE-BLE1.7.0.0
2024-07-11 12:45:24,788 [WARN] PackLoader:240 - Cannot read IP mode file for emotas.I-CUBE-CANOPEN.1.3.0
2024-07-11 12:45:24,810 [WARN] PackLoader:240 - Cannot read IP mode file for STMicroelectronics.X-CUBE-BLEMGR.3.1.0
2024-07-11 12:45:24,826 [WARN] PackLoader:240 - Cannot read IP mode file for STMicroelectronics.FP-SNS-SMARTAG2.1.2.0
2024-07-11 12:45:24,846 [INFO] LogOutputStream:77 - [STDOUT_REDIRECT] 1 : Invalid condition id : UX_CORESTACK_Condition cause : null
2024-07-11 12:45:24,846 [INFO] LogOutputStream:77 - [STDOUT_REDIRECT] 1 : Invalid condition id : UX_CORESTACK_Condition cause : null
2024-07-11 12:45:24,847 [INFO] LogOutputStream:77 - [STDOUT_REDIRECT] 1 : Invalid condition id : UX_CORESTACK_Condition cause : null
2024-07-11 12:45:24,849 [INFO] LogOutputStream:77 - [STDOUT_REDIRECT] 1 : Invalid condition id : UX_CORESTACK_Condition cause : null
2024-07-11 12:45:24,849 [INFO] LogOutputStream:77 - [STDOUT_REDIRECT] 1 : Invalid condition id : UX_CORESTACK_Condition cause : null
2024-07-11 12:45:24,852 [WARN] PackLoader:240 - Cannot read IP mode file for STMicroelectronics.X-CUBE-AZRTOS-WL.2.0.0
2024-07-11 12:45:24,874 [WARN] PackLoader:240 - Cannot read IP mode file for STMicroelectronics.FP-SNS-MOTENV1.5.0.0
2024-07-11 12:45:24,903 [WARN] PackLoader:240 - Cannot read IP mode file for wolfSSL.I-CUBE-wolfMQTT.1.19.0
2024-07-11 12:45:24,924 [WARN] PackLoader:240 - Cannot read IP mode file for WES.I-CUBE-Cesium.1.3.0
2024-07-11 12:45:24,939 [WARN] PackLoader:240 - Cannot read IP mode file for STMicroelectronics.X-CUBE-BLE2.3.3.0
2024-07-11 12:45:24,955 [WARN] PackLoader:240 - Cannot read IP mode file for STMicroelectronics.X-CUBE-TCPP.4.1.0
2024-07-11 12:45:24,978 [WARN] PackLoader:240 - Cannot read IP mode file for STMicroelectronics.X-CUBE-ALGOBUILD.1.3.0
2024-07-11 12:45:25,003 [WARN] PackLoader:240 - Cannot read IP mode file for STMicroelectronics.X-CUBE-AZRTOS-G0.1.1.0
2024-07-11 12:45:25,017 [WARN] PackLoader:240 - Cannot read IP mode file for STMicroelectronics.X-CUBE-SAFEA1.1.2.2
2024-07-11 12:45:25,033 [WARN] PackLoader:240 - Cannot read IP mode file for STMicroelectronics.X-CUBE-NFC4.3.0.0
2024-07-11 12:45:25,059 [WARN] PackLoader:240 - Cannot read IP mode file for EmbeddedOffice.I-CUBE-FS-RTOS.1.0.1
2024-07-11 12:45:25,060 [ERROR] ConditionMgr:805 - Attr not supported : Dmpu
2024-07-11 12:45:25,060 [ERROR] ConditionMgr:805 - Attr not supported : Dmpu
2024-07-11 12:45:25,060 [ERROR] ConditionMgr:805 - Attr not supported : Dmpu
2024-07-11 12:45:25,060 [ERROR] ConditionMgr:805 - Attr not supported : Dmpu
2024-07-11 12:45:25,060 [ERROR] ConditionMgr:805 - Attr not supported : Dmpu
2024-07-11 12:45:25,060 [ERROR] ConditionMgr:805 - Attr not supported : Dmpu
2024-07-11 12:45:25,060 [ERROR] ConditionMgr:805 - Attr not supported : Dmpu
2024-07-11 12:45:25,060 [ERROR] ConditionMgr:805 - Attr not supported : Dmpu
2024-07-11 12:45:25,061 [ERROR] ConditionMgr:805 - Attr not supported : Dmpu
2024-07-11 12:45:25,061 [ERROR] ConditionMgr:805 - Attr not supported : Dmpu
2024-07-11 12:45:25,061 [ERROR] ConditionMgr:805 - Attr not supported : Dmpu
2024-07-11 12:45:25,061 [ERROR] ConditionMgr:805 - Attr not supported : Dmpu
2024-07-11 12:45:25,061 [ERROR] ConditionMgr:805 - Attr not supported : Dmpu
2024-07-11 12:45:25,061 [ERROR] ConditionMgr:805 - Attr not supported : Dmpu
2024-07-11 12:45:25,061 [ERROR] ConditionMgr:805 - Attr not supported : Dmpu
2024-07-11 12:45:25,061 [ERROR] ConditionMgr:805 - Attr not supported : Dmpu
2024-07-11 12:45:25,061 [ERROR] ConditionMgr:805 - Attr not supported : Dmpu
2024-07-11 12:45:25,061 [ERROR] ConditionMgr:805 - Attr not supported : Dmpu
2024-07-11 12:45:25,061 [ERROR] ConditionMgr:805 - Attr not supported : Dmpu
2024-07-11 12:45:25,061 [ERROR] ConditionMgr:805 - Attr not supported : Dmpu
2024-07-11 12:45:25,061 [ERROR] ConditionMgr:805 - Attr not supported : Dmpu
2024-07-11 12:45:25,061 [ERROR] ConditionMgr:805 - Attr not supported : Dmpu
2024-07-11 12:45:25,061 [ERROR] ConditionMgr:805 - Attr not supported : Dmpu
2024-07-11 12:45:25,062 [ERROR] ConditionMgr:805 - Attr not supported : Dmpu
2024-07-11 12:45:25,062 [ERROR] ConditionMgr:805 - Attr not supported : Dmpu
2024-07-11 12:45:25,062 [ERROR] ConditionMgr:805 - Attr not supported : Dmpu
2024-07-11 12:45:25,062 [ERROR] ConditionMgr:805 - Attr not supported : Dmpu
2024-07-11 12:45:25,062 [ERROR] ConditionMgr:805 - Attr not supported : Dmpu
2024-07-11 12:45:25,062 [ERROR] ConditionMgr:805 - Attr not supported : Dmpu
2024-07-11 12:45:25,062 [ERROR] ConditionMgr:805 - Attr not supported : Dmpu
2024-07-11 12:45:25,062 [ERROR] ConditionMgr:805 - Attr not supported : Dmpu
2024-07-11 12:45:25,062 [ERROR] ConditionMgr:805 - Attr not supported : Dmpu
2024-07-11 12:45:25,062 [ERROR] ConditionMgr:805 - Attr not supported : Dmpu
2024-07-11 12:45:25,062 [ERROR] ConditionMgr:805 - Attr not supported : Dmpu
2024-07-11 12:45:25,062 [ERROR] ConditionMgr:805 - Attr not supported : Dmpu
2024-07-11 12:45:25,063 [ERROR] ConditionMgr:805 - Attr not supported : Dmpu
2024-07-11 12:45:25,063 [ERROR] ConditionMgr:805 - Attr not supported : Dmpu
2024-07-11 12:45:25,063 [ERROR] ConditionMgr:805 - Attr not supported : Dmpu
2024-07-11 12:45:25,063 [ERROR] ConditionMgr:805 - Attr not supported : Dmpu
2024-07-11 12:45:25,063 [ERROR] ConditionMgr:805 - Attr not supported : Dmpu
2024-07-11 12:45:25,063 [ERROR] ConditionMgr:805 - Attr not supported : Dmpu
2024-07-11 12:45:25,063 [ERROR] ConditionMgr:805 - Attr not supported : Dmpu
2024-07-11 12:45:25,063 [ERROR] ConditionMgr:805 - Attr not supported : Dmpu
2024-07-11 12:45:25,063 [ERROR] ConditionMgr:805 - Attr not supported : Dmpu
2024-07-11 12:45:25,063 [ERROR] ConditionMgr:805 - Attr not supported : Dmpu
2024-07-11 12:45:25,063 [ERROR] ConditionMgr:805 - Attr not supported : Dmpu
2024-07-11 12:45:25,064 [ERROR] ConditionMgr:805 - Attr not supported : Dmpu
2024-07-11 12:45:25,064 [ERROR] ConditionMgr:805 - Attr not supported : Dmpu
2024-07-11 12:45:25,064 [ERROR] ConditionMgr:805 - Attr not supported : Dmpu
2024-07-11 12:45:25,064 [ERROR] ConditionMgr:805 - Attr not supported : Dmpu
2024-07-11 12:45:25,064 [ERROR] ConditionMgr:805 - Attr not supported : Dmpu
2024-07-11 12:45:25,064 [ERROR] ConditionMgr:805 - Attr not supported : Dmpu
2024-07-11 12:45:25,064 [ERROR] ConditionMgr:805 - Attr not supported : Dmpu
2024-07-11 12:45:25,065 [ERROR] ConditionMgr:805 - Attr not supported : Dmpu
2024-07-11 12:45:25,065 [ERROR] ConditionMgr:805 - Attr not supported : Dmpu
2024-07-11 12:45:25,065 [ERROR] ConditionMgr:805 - Attr not supported : Dmpu
2024-07-11 12:45:25,065 [ERROR] ConditionMgr:805 - Attr not supported : Dmpu
2024-07-11 12:45:25,065 [ERROR] ConditionMgr:805 - Attr not supported : Dmpu
2024-07-11 12:45:25,065 [ERROR] ConditionMgr:805 - Attr not supported : Dmpu
2024-07-11 12:45:25,065 [ERROR] ConditionMgr:805 - Attr not supported : Dmpu
2024-07-11 12:45:25,065 [ERROR] ConditionMgr:805 - Attr not supported : Dmpu
2024-07-11 12:45:25,065 [ERROR] ConditionMgr:805 - Attr not supported : Dmpu
2024-07-11 12:45:25,065 [ERROR] ConditionMgr:805 - Attr not supported : Dmpu
2024-07-11 12:45:25,065 [ERROR] ConditionMgr:805 - Attr not supported : Dmpu
2024-07-11 12:45:25,084 [WARN] PackLoader:240 - Cannot read IP mode file for RealThread.X-CUBE-RT-Thread_Nano.4.1.1
2024-07-11 12:45:25,097 [WARN] PackLoader:240 - Cannot read IP mode file for STMicroelectronics.FP-ATR-SIGFOX1.3.2.0
2024-07-11 12:45:25,115 [WARN] PackLoader:240 - Cannot read IP mode file for STMicroelectronics.X-CUBE-EEPRMA1.5.1.0
2024-07-11 12:45:25,155 [WARN] PackLoader:240 - Cannot read IP mode file for SEGGER.I-CUBE-embOS.1.3.1
2024-07-11 12:45:25,200 [WARN] PackLoader:240 - Cannot read IP mode file for STMicroelectronics.X-CUBE-ALGOBUILD.1.4.0
2024-07-11 12:45:25,216 [WARN] PackLoader:240 - Cannot read IP mode file for STMicroelectronics.X-CUBE-GNSS1.6.0.0
2024-07-11 12:45:25,241 [WARN] PackLoader:240 - Cannot read IP mode file for STMicroelectronics.X-CUBE-AZRTOS-F4.1.1.0
2024-07-11 12:45:25,255 [WARN] PackLoader:240 - Cannot read IP mode file for STMicroelectronics.X-CUBE-FREERTOS.1.2.0
2024-07-11 12:45:25,269 [WARN] PackLoader:240 - Cannot read IP mode file for wolfSSL.I-CUBE-wolfSSL.5.6.6
2024-07-11 12:45:25,296 [WARN] PackLoader:240 - Cannot read IP mode file for STMicroelectronics.X-CUBE-AZRTOS-L5.2.0.0
2024-07-11 12:45:25,312 [WARN] PackLoader:240 - Cannot read IP mode file for STMicroelectronics.X-CUBE-NFC6.3.1.0
2024-07-11 12:45:25,326 [WARN] PackLoader:240 - Cannot read IP mode file for ITTIA_DB.I-CUBE-ITTIADB.8.8.0
2024-07-11 12:45:25,341 [WARN] PackLoader:240 - Cannot read IP mode file for STMicroelectronics.X-CUBE-DPower.1.2.0
2024-07-11 12:45:25,356 [WARN] PackLoader:240 - Cannot read IP mode file for STMicroelectronics.X-CUBE-AI.9.0.0
2024-07-11 12:45:25,375 [WARN] PackLoader:240 - Cannot read IP mode file for STMicroelectronics.X-CUBE-NFC7.1.0.1
2024-07-11 12:45:25,392 [WARN] PackLoader:240 - Cannot read IP mode file for wolfSSL.I-CUBE-wolfTPM.3.2.0
2024-07-11 12:45:25,410 [WARN] PackLoader:240 - Cannot read IP mode file for STMicroelectronics.X-CUBE-NFC6.3.0.0
2024-07-11 12:45:25,424 [WARN] PackLoader:240 - Cannot read IP mode file for STMicroelectronics.X-CUBE-AI.8.1.0
2024-07-11 12:45:25,463 [WARN] ConditionMgr:438 - getConditionDescription Invalid condition id : LAN8742 Phy interface Condition cause : null
2024-07-11 12:45:25,463 [WARN] PackLoader:240 - Cannot read IP mode file for STMicroelectronics.X-CUBE-AZRTOS-L4.2.0.0
2024-07-11 12:45:25,465 [WARN] ConditionMgr:1039 - genDependencies : Invalid condition id : LAN8742 Phy interface Condition cause : null
2024-07-11 12:45:25,465 [WARN] ConditionMgr:1039 - genDependencies : Invalid condition id : LAN8742 Phy interface Condition cause : null
2024-07-11 12:45:25,465 [WARN] ConditionMgr:1039 - genDependencies : Invalid condition id : LAN8742 Phy interface Condition cause : null
2024-07-11 12:45:25,503 [WARN] PackLoader:240 - Cannot read IP mode file for STMicroelectronics.X-CUBE-SFXS2LP1.4.0.0
2024-07-11 12:45:25,529 [WARN] ConditionMgr:438 - getConditionDescription Invalid condition id : UX DEVICE CLASS RTOS Condition cause : null
2024-07-11 12:45:25,529 [WARN] ConditionMgr:438 - getConditionDescription Invalid condition id : UX DEVICE CLASS RTOS Condition cause : null
2024-07-11 12:45:25,531 [WARN] PackLoader:240 - Cannot read IP mode file for STMicroelectronics.X-CUBE-AZRTOS-WB.2.0.0
2024-07-11 12:45:25,531 [WARN] ConditionMgr:1039 - genDependencies : Invalid condition id : UX DEVICE CLASS RTOS Condition cause : null
2024-07-11 12:45:25,531 [WARN] ConditionMgr:1039 - genDependencies : Invalid condition id : UX DEVICE CLASS RTOS Condition cause : null
2024-07-11 12:45:25,531 [WARN] ConditionMgr:1039 - genDependencies : Invalid condition id : UX DEVICE CLASS RTOS Condition cause : null
2024-07-11 12:45:25,532 [WARN] ConditionMgr:1039 - genDependencies : Invalid condition id : UX DEVICE CLASS RTOS Condition cause : null
2024-07-11 12:45:25,532 [WARN] ConditionMgr:1039 - genDependencies : Invalid condition id : UX DEVICE CLASS RTOS Condition cause : null
2024-07-11 12:45:25,549 [WARN] PackLoader:240 - Cannot read IP mode file for STMicroelectronics.X-CUBE-SUBG2.5.0.0
2024-07-11 12:45:25,575 [WARN] PackLoader:240 - Cannot read IP mode file for STMicroelectronics.X-CUBE-AZRTOS-G4.2.0.0
2024-07-11 12:45:25,600 [WARN] PackLoader:240 - Cannot read IP mode file for Infineon.AIROC-Wi-Fi-Bluetooth-STM32.1.5.1
2024-07-11 12:45:25,614 [WARN] PackLoader:240 - Cannot read IP mode file for STMicroelectronics.FP-SNS-MOTENVWB1.1.3.1
2024-07-11 12:45:25,627 [WARN] PackLoader:240 - Cannot read IP mode file for STMicroelectronics.X-CUBE-ISPU.2.0.0
2024-07-11 12:45:25,639 [WARN] PackLoader:240 - Cannot read IP mode file for STMicroelectronics.X-CUBE-ALS.1.0.2
2024-07-11 12:45:25,682 [WARN] PackLoader:240 - Cannot read IP mode file for STMicroelectronics.X-CUBE-MEMS1.10.0.0
2024-07-11 12:45:25,785 [WARN] PackLoader:240 - Cannot read IP mode file for STMicroelectronics.X-CUBE-FREERTOS.1.1.0
2024-07-11 12:45:25,795 [WARN] PackLoader:240 - Cannot read IP mode file for STMicroelectronics.X-CUBE-TOUCHGFX.4.24.0
2024-07-11 12:45:25,808 [WARN] PackLoader:240 - Cannot read IP mode file for portGmbH.I-Cube-SoM-uGOAL.1.1.0
2024-07-11 12:45:25,819 [WARN] PackLoader:240 - Cannot read IP mode file for STMicroelectronics.X-CUBE-ALS.1.0.1
2024-07-11 12:45:25,844 [WARN] PackLoader:240 - Cannot read IP mode file for STMicroelectronics.X-CUBE-AZRTOS-H7RS.1.0.0
2024-07-11 12:45:25,856 [WARN] PackLoader:240 - Cannot read IP mode file for STMicroelectronics.FP-ATR-ASTRA1.2.0.0
2024-07-11 12:45:25,873 [WARN] PackLoader:240 - Cannot read IP mode file for STMicroelectronics.X-CUBE-TOF1.3.4.1
2024-07-11 12:45:25,904 [WARN] PackLoader:240 - Cannot read IP mode file for STMicroelectronics.X-CUBE-AZRTOS-H7.3.2.0
2024-07-11 12:45:25,906 [INFO] ThirdParty:978 - Integrity check success = true
2024-07-11 12:45:25,907 [INFO] IntegrityCheckThread:100 - exiting critical section [integrity check]
2024-07-11 12:45:25,907 [INFO] IntegrityCheckThread:103 - End integrity checks thread
2024-07-11 12:45:27,441 [INFO] WebApp:161 - Instantiating new browser for Auth
2024-07-11 12:45:27,939 [INFO] WebApp:779 - Register for checkConnection events
2024-07-11 12:45:27,939 [INFO] WebApp:414 - Apply proxy settings
2024-07-11 12:45:27,940 [INFO] WebApp:499 - Chromium requires no authentication
2024-07-11 12:45:27,945 [INFO] WebApp:442 - Direct internet connection detected
2024-07-11 12:45:28,071 [INFO] WebApp:192 - Starting web application
2024-07-11 12:45:28,071 [INFO] WebApp:544 - Web application path used C:\ST\STM32CubeIDE_1.15.0\STM32CubeIDE\plugins\com.st.stm32cube.common.mx_6.11.1.202404110753\db\plugins\mcufinder\reactClient1\index.html
