2024-08-14 21:38:13,441 [INFO] Activator:176 - 


2024-08-14 21:38:13,448 [INFO] Activator:177 - !SESSION log4j initialized
2024-08-14 21:38:19,086 [INFO] LogOutputStream:77 - [STDOUT_REDIRECT] 
2024-08-14 21:38:22,065 [INFO] ApplicationProperties:184 - Using Application install path: C:\ST\STM32CubeIDE_1.15.0\STM32CubeIDE\plugins\com.st.stm32cube.common.mx_6.11.1.202404110753
2024-08-14 21:38:22,091 [INFO] DbMcusXml:78 - Set database path to: C:\ST\STM32CubeIDE_1.15.0\STM32CubeIDE\plugins\com.st.stm32cube.common.mx_6.11.1.202404110753\\db\/mcu/
2024-08-14 21:38:22,091 [INFO] ApiDb:274 - Set plugin database path to: C:\ST\STM32CubeIDE_1.15.0\STM32CubeIDE\plugins\com.st.stm32cube.common.mx_6.11.1.202404110753\\db\/plugins/boardmanager/
2024-08-14 21:38:22,091 [WARN] ApiDb:259 - Overriding images path with different value:  => C:\ST\STM32CubeIDE_1.15.0\STM32CubeIDE\plugins\com.st.stm32cube.common.mx_6.11.1.202404110753\\db\/plugins/mcufinder/images/
2024-08-14 21:38:22,109 [INFO] ApiDb:250 - Set database path to: C:\Users\conor\.stmcufinder\plugins\mcufinder//mcu/
2024-08-14 21:38:22,110 [INFO] DbMcusAds:125 - Set database path to: C:\Users\conor\.stmcufinder\plugins\mcufinder//mcu/
2024-08-14 21:38:22,113 [INFO] CrossReferenceDbSqlite:203 - Set database path to: C:\Users\conor\.stmcufinder\plugins\mcufinder//mcu/cs/
2024-08-14 21:38:22,237 [INFO] RulesReader:64 - Compatibility file has been processed (297 Rules)
2024-08-14 21:38:22,332 [INFO] DbMcusXml:78 - Set database path to: C:\ST\STM32CubeIDE_1.15.0\STM32CubeIDE\plugins\com.st.stm32cube.common.mx_6.11.1.202404110753\\db\/mcu/
2024-08-14 21:38:22,332 [INFO] ApiDb:274 - Set plugin database path to: C:\ST\STM32CubeIDE_1.15.0\STM32CubeIDE\plugins\com.st.stm32cube.common.mx_6.11.1.202404110753\\db\/plugins/boardmanager/
2024-08-14 21:38:22,333 [INFO] ApiDb:261 - Set plugin images path to: C:\ST\STM32CubeIDE_1.15.0\STM32CubeIDE\plugins\com.st.stm32cube.common.mx_6.11.1.202404110753\\db\/plugins/mcufinder/images/
2024-08-14 21:38:22,333 [WARN] DbFile:41 - Overriding database path with different value: C:\Users\conor\.stmcufinder\plugins\mcufinder/ => C:\Users\conor\.stmcufinder\plugins\mcufinder
2024-08-14 21:38:22,333 [INFO] ApiDb:250 - Set database path to: C:\Users\conor\.stmcufinder\plugins\mcufinder//mcu/
2024-08-14 21:38:22,333 [WARN] DbFile:41 - Overriding database path with different value: C:\Users\conor\.stmcufinder\plugins\mcufinder/ => C:\Users\conor\.stmcufinder\plugins\mcufinder
2024-08-14 21:38:22,333 [INFO] DbMcusAds:125 - Set database path to: C:\Users\conor\.stmcufinder\plugins\mcufinder//mcu/
2024-08-14 21:38:22,333 [WARN] DbFile:41 - Overriding database path with different value: C:\Users\conor\.stmcufinder\plugins\mcufinder/ => C:\Users\conor\.stmcufinder\plugins\mcufinder
2024-08-14 21:38:22,333 [WARN] DbFile:41 - Overriding database path with different value: C:\Users\conor\.stmcufinder\plugins\mcufinder/ => C:\Users\conor\.stmcufinder\plugins\mcufinder
2024-08-14 21:38:22,334 [INFO] CrossReferenceDbSqlite:203 - Set database path to: C:\Users\conor\.stmcufinder\plugins\mcufinder//mcu/cs/
2024-08-14 21:38:22,431 [INFO] MainPanel:264 - HeapMemory: 268435456
2024-08-14 21:38:22,546 [INFO] DbMcusXml:78 - Set database path to: C:\ST\STM32CubeIDE_1.15.0\STM32CubeIDE\plugins\com.st.stm32cube.common.mx_6.11.1.202404110753\\db\/mcu/
2024-08-14 21:38:22,546 [INFO] ApiDb:274 - Set plugin database path to: C:\ST\STM32CubeIDE_1.15.0\STM32CubeIDE\plugins\com.st.stm32cube.common.mx_6.11.1.202404110753\\db\/plugins/boardmanager/
2024-08-14 21:38:22,546 [INFO] ApiDb:261 - Set plugin images path to: C:\ST\STM32CubeIDE_1.15.0\STM32CubeIDE\plugins\com.st.stm32cube.common.mx_6.11.1.202404110753\\db\/plugins/mcufinder/images/
2024-08-14 21:38:22,546 [WARN] DbFile:41 - Overriding database path with different value: C:\Users\conor\.stmcufinder\plugins\mcufinder/ => C:\Users\conor\.stmcufinder\plugins\mcufinder
2024-08-14 21:38:22,546 [INFO] ApiDb:250 - Set database path to: C:\Users\conor\.stmcufinder\plugins\mcufinder//mcu/
2024-08-14 21:38:22,546 [WARN] DbFile:41 - Overriding database path with different value: C:\Users\conor\.stmcufinder\plugins\mcufinder/ => C:\Users\conor\.stmcufinder\plugins\mcufinder
2024-08-14 21:38:22,546 [INFO] DbMcusAds:125 - Set database path to: C:\Users\conor\.stmcufinder\plugins\mcufinder//mcu/
2024-08-14 21:38:22,546 [WARN] DbFile:41 - Overriding database path with different value: C:\Users\conor\.stmcufinder\plugins\mcufinder/ => C:\Users\conor\.stmcufinder\plugins\mcufinder
2024-08-14 21:38:22,547 [WARN] DbFile:41 - Overriding database path with different value: C:\Users\conor\.stmcufinder\plugins\mcufinder/ => C:\Users\conor\.stmcufinder\plugins\mcufinder
2024-08-14 21:38:22,547 [INFO] CrossReferenceDbSqlite:203 - Set database path to: C:\Users\conor\.stmcufinder\plugins\mcufinder//mcu/cs/
2024-08-14 21:38:22,568 [INFO] ApplicationProperties:184 - Using Application install path: C:\ST\STM32CubeIDE_1.15.0\STM32CubeIDE\plugins\com.st.stm32cube.common.mx_6.11.1.202404110753
2024-08-14 21:38:22,570 [INFO] PluginManage:196 - Search for loadable plugins [exclusion list=, ]
2024-08-14 21:38:22,572 [INFO] PluginManage:310 - Check plugin analytics
2024-08-14 21:38:22,766 [INFO] AnalyticsPlugin:253 - Accepted Software Licenses: STM32CubeMX.6.10.0,STM32CubeMX.6.11.1
2024-08-14 21:38:22,766 [INFO] AnalyticsPlugin:255 - Accepted CMSIS Pack Licenses: 
2024-08-14 21:38:22,767 [INFO] AnalyticsPlugin:257 - Accepted Firmware Licenses: FW.G4.1.5.0
2024-08-14 21:38:22,769 [INFO] PluginManage:359 - Loaded plugin analytics (category:tool,tabindex:-1)
2024-08-14 21:38:22,770 [INFO] PluginManage:310 - Check plugin cadmodel
2024-08-14 21:38:22,824 [INFO] CADModel:105 - Init CAD model plugin
2024-08-14 21:38:22,825 [INFO] PluginManage:359 - Loaded plugin cadmodel (category:power,tabindex:5)
2024-08-14 21:38:22,825 [INFO] PluginManage:310 - Check plugin clock
2024-08-14 21:38:22,845 [INFO] PluginManage:359 - Loaded plugin clock (category:base,tabindex:2)
2024-08-14 21:38:22,846 [INFO] PluginManage:310 - Check plugin ddr
2024-08-14 21:38:22,847 [INFO] PluginManage:359 - Loaded plugin ddr (category:tool,tabindex:6)
2024-08-14 21:38:22,848 [INFO] PluginManage:310 - Check plugin filemanager
2024-08-14 21:38:23,005 [INFO] PluginManage:359 - Loaded plugin filemanager (category:base,tabindex:10)
2024-08-14 21:38:23,005 [INFO] PluginManage:310 - Check plugin ipmanager
2024-08-14 21:38:23,014 [INFO] PluginManage:359 - Loaded plugin ipmanager (category:base,tabindex:5)
2024-08-14 21:38:23,014 [INFO] PluginManage:310 - Check plugin lpbam
2024-08-14 21:38:23,036 [INFO] PluginManage:359 - Loaded plugin lpbam (category:base,tabindex:0)
2024-08-14 21:38:23,036 [INFO] PluginManage:310 - Check plugin memorymap
2024-08-14 21:38:23,063 [INFO] PluginManage:359 - Loaded plugin memorymap (category:base,tabindex:4)
2024-08-14 21:38:23,063 [INFO] PluginManage:310 - Check plugin pinoutandconfiguration
2024-08-14 21:38:23,081 [INFO] PluginManage:359 - Loaded plugin pinoutandconfiguration (category:base,tabindex:1)
2024-08-14 21:38:23,081 [INFO] PluginManage:310 - Check plugin pinoutconfig
2024-08-14 21:38:23,192 [WARN] SupportedApi:132 - Cannot load RTOS API schema: s4s-elt-must-match.1: The content of 'definitions' must match (annotation?, (simpleType | complexType)?, (unique | key | keyref)*)). A problem was found starting at: attribute.
2024-08-14 21:38:23,372 [INFO] PluginManage:359 - Loaded plugin pinoutconfig (category:base,tabindex:0)
2024-08-14 21:38:23,372 [INFO] PluginManage:310 - Check plugin power
2024-08-14 21:38:23,394 [INFO] PluginManage:359 - Loaded plugin power (category:power,tabindex:4)
2024-08-14 21:38:23,394 [INFO] PluginManage:310 - Check plugin projectmanager
2024-08-14 21:38:23,411 [INFO] PluginManage:359 - Loaded plugin projectmanager (category:projectmanager,tabindex:3)
2024-08-14 21:38:23,411 [INFO] PluginManage:310 - Check plugin thirdparty
2024-08-14 21:38:23,639 [INFO] PluginManage:359 - Loaded plugin thirdparty (category:base,tabindex:-1)
2024-08-14 21:38:23,639 [INFO] PluginManage:310 - Check plugin tools
2024-08-14 21:38:23,639 [WARN] IntegrityCheckThread:84 - waiting for thirdparty lock release [integrity check]
2024-08-14 21:38:23,640 [INFO] IntegrityCheckThread:86 - entering critical section [integrity check]
2024-08-14 21:38:23,640 [INFO] ThirdPartyUpdaterWithRetryManager:70 - Updater plugin not ready yet. [1/15]
2024-08-14 21:38:23,680 [INFO] PluginManage:359 - Loaded plugin tools (category:base,tabindex:7)
2024-08-14 21:38:23,680 [INFO] PluginManage:310 - Check plugin tutovideos
2024-08-14 21:38:23,865 [INFO] PluginManage:359 - Loaded plugin tutovideos (category:base,tabindex:-1)
2024-08-14 21:38:23,865 [INFO] PluginManage:310 - Check plugin updater
2024-08-14 21:38:23,878 [INFO] PluginManage:359 - Loaded plugin updater (category:base,tabindex:12)
2024-08-14 21:38:23,878 [INFO] PluginManage:310 - Check plugin userauth
2024-08-14 21:38:23,885 [INFO] UserAuth:114 - Init User Auth plugin
2024-08-14 21:38:23,885 [INFO] PluginManage:359 - Loaded plugin userauth (category:base,tabindex:14)
2024-08-14 21:38:23,885 [INFO] PluginManage:283 - PluginManage : Loaded plugins [17]
2024-08-14 21:38:24,148 [INFO] PinOutPanel:1561 - setPackage(No Configuration,No Configuration)
2024-08-14 21:38:24,237 [INFO] CADModel:165 - CPN selected for project level
2024-08-14 21:38:24,238 [INFO] CADModel:114 - Register for checkConnection events
2024-08-14 21:38:24,269 [INFO] IPUIPlugin:80 - create IPUIPlugin
2024-08-14 21:38:24,269 [INFO] PluginManager:220 - loadIPPluginJar : add adc
2024-08-14 21:38:24,310 [INFO] IPUIPlugin:80 - create IPUIPlugin
2024-08-14 21:38:24,310 [INFO] PluginManager:220 - loadIPPluginJar : add aes
2024-08-14 21:38:24,355 [INFO] IPUIPlugin:80 - create IPUIPlugin
2024-08-14 21:38:24,355 [INFO] PluginManager:220 - loadIPPluginJar : add can
2024-08-14 21:38:24,383 [INFO] IPUIPlugin:80 - create IPUIPlugin
2024-08-14 21:38:24,383 [INFO] PluginManager:220 - loadIPPluginJar : add comp
2024-08-14 21:38:24,421 [INFO] IPUIPlugin:80 - create IPUIPlugin
2024-08-14 21:38:24,421 [INFO] PluginManager:220 - loadIPPluginJar : add cryp
2024-08-14 21:38:24,425 [INFO] IPUIPlugin:80 - create IPUIPlugin
2024-08-14 21:38:24,425 [INFO] PluginManager:220 - loadIPPluginJar : add dfsdm
2024-08-14 21:38:24,438 [INFO] IPUIPlugin:80 - create IPUIPlugin
2024-08-14 21:38:24,439 [INFO] PluginManager:220 - loadIPPluginJar : add dma
2024-08-14 21:38:24,487 [INFO] IPUIPlugin:80 - create IPUIPlugin
2024-08-14 21:38:24,488 [INFO] PluginManager:220 - loadIPPluginJar : add dma3
2024-08-14 21:38:24,533 [INFO] IPUIPlugin:80 - create IPUIPlugin
2024-08-14 21:38:24,533 [INFO] PluginManager:220 - loadIPPluginJar : add extmemmanager
2024-08-14 21:38:24,536 [INFO] IPUIPlugin:80 - create IPUIPlugin
2024-08-14 21:38:24,536 [INFO] PluginManager:220 - loadIPPluginJar : add fatfs
2024-08-14 21:38:24,590 [INFO] IPUIPlugin:80 - create IPUIPlugin
2024-08-14 21:38:24,591 [INFO] PluginManager:220 - loadIPPluginJar : add fmc
2024-08-14 21:38:24,608 [INFO] IPUIPlugin:80 - create IPUIPlugin
2024-08-14 21:38:24,608 [INFO] PluginManager:220 - loadIPPluginJar : add freertos
2024-08-14 21:38:24,629 [INFO] IPUIPlugin:80 - create IPUIPlugin
2024-08-14 21:38:24,630 [INFO] PluginManager:220 - loadIPPluginJar : add genericplugin
2024-08-14 21:38:24,723 [INFO] IPUIPlugin:80 - create IPUIPlugin
2024-08-14 21:38:24,724 [INFO] PluginManager:220 - loadIPPluginJar : add gfxmmu
2024-08-14 21:38:24,844 [INFO] IPUIPlugin:80 - create IPUIPlugin
2024-08-14 21:38:24,844 [INFO] PluginManager:220 - loadIPPluginJar : add gic
2024-08-14 21:38:24,856 [INFO] IPUIPlugin:80 - create IPUIPlugin
2024-08-14 21:38:24,856 [INFO] PluginManager:220 - loadIPPluginJar : add gpio
2024-08-14 21:38:24,939 [INFO] IPUIPlugin:80 - create IPUIPlugin
2024-08-14 21:38:24,939 [INFO] PluginManager:220 - loadIPPluginJar : add gtzc
2024-08-14 21:38:24,969 [INFO] IPUIPlugin:80 - create IPUIPlugin
2024-08-14 21:38:24,969 [INFO] PluginManager:220 - loadIPPluginJar : add hash
2024-08-14 21:38:25,015 [INFO] IPUIPlugin:80 - create IPUIPlugin
2024-08-14 21:38:25,015 [INFO] PluginManager:220 - loadIPPluginJar : add i2c
2024-08-14 21:38:25,051 [INFO] IPUIPlugin:80 - create IPUIPlugin
2024-08-14 21:38:25,051 [INFO] PluginManager:220 - loadIPPluginJar : add i2s
2024-08-14 21:38:25,090 [INFO] IPUIPlugin:80 - create IPUIPlugin
2024-08-14 21:38:25,090 [INFO] PluginManager:220 - loadIPPluginJar : add i3c
2024-08-14 21:38:25,186 [INFO] IPUIPlugin:80 - create IPUIPlugin
2024-08-14 21:38:25,186 [INFO] PluginManager:220 - loadIPPluginJar : add ipddr
2024-08-14 21:38:25,278 [INFO] IPUIPlugin:80 - create IPUIPlugin
2024-08-14 21:38:25,278 [INFO] PluginManager:220 - loadIPPluginJar : add linkedlist
2024-08-14 21:38:25,281 [INFO] IPUIPlugin:80 - create IPUIPlugin
2024-08-14 21:38:25,282 [INFO] PluginManager:220 - loadIPPluginJar : add lorawan
2024-08-14 21:38:25,318 [INFO] IPUIPlugin:80 - create IPUIPlugin
2024-08-14 21:38:25,318 [INFO] PluginManager:220 - loadIPPluginJar : add ltdc
2024-08-14 21:38:25,332 [INFO] IPUIPlugin:80 - create IPUIPlugin
2024-08-14 21:38:25,332 [INFO] PluginManager:220 - loadIPPluginJar : add mdma
2024-08-14 21:38:25,344 [INFO] IPUIPlugin:80 - create IPUIPlugin
2024-08-14 21:38:25,344 [INFO] PluginManager:220 - loadIPPluginJar : add nvic
2024-08-14 21:38:25,379 [INFO] IPUIPlugin:80 - create IPUIPlugin
2024-08-14 21:38:25,380 [INFO] PluginManager:220 - loadIPPluginJar : add opamp
2024-08-14 21:38:25,436 [INFO] IPUIPlugin:80 - create IPUIPlugin
2024-08-14 21:38:25,437 [INFO] PluginManager:220 - loadIPPluginJar : add openamp
2024-08-14 21:38:25,474 [INFO] IPUIPlugin:80 - create IPUIPlugin
2024-08-14 21:38:25,474 [INFO] PluginManager:220 - loadIPPluginJar : add pdm2pcm
2024-08-14 21:38:25,488 [INFO] IPUIPlugin:80 - create IPUIPlugin
2024-08-14 21:38:25,489 [INFO] PluginManager:220 - loadIPPluginJar : add plateformsettings
2024-08-14 21:38:25,492 [INFO] IPUIPlugin:80 - create IPUIPlugin
2024-08-14 21:38:25,492 [INFO] PluginManager:220 - loadIPPluginJar : add quadspi
2024-08-14 21:38:25,505 [INFO] IPUIPlugin:80 - create IPUIPlugin
2024-08-14 21:38:25,505 [INFO] PluginManager:220 - loadIPPluginJar : add resmgrutility
2024-08-14 21:38:25,548 [INFO] IPUIPlugin:80 - create IPUIPlugin
2024-08-14 21:38:25,549 [INFO] PluginManager:220 - loadIPPluginJar : add sai
2024-08-14 21:38:25,585 [INFO] IPUIPlugin:80 - create IPUIPlugin
2024-08-14 21:38:25,585 [INFO] PluginManager:220 - loadIPPluginJar : add spi
2024-08-14 21:38:25,647 [INFO] IPUIPlugin:80 - create IPUIPlugin
2024-08-14 21:38:25,648 [INFO] PluginManager:220 - loadIPPluginJar : add stm32_wpan
2024-08-14 21:38:25,650 [INFO] IPUIPlugin:80 - create IPUIPlugin
2024-08-14 21:38:25,650 [INFO] PluginManager:220 - loadIPPluginJar : add tim
2024-08-14 21:38:25,705 [INFO] IPUIPlugin:80 - create IPUIPlugin
2024-08-14 21:38:25,705 [INFO] PluginManager:220 - loadIPPluginJar : add touchsensing
2024-08-14 21:38:25,707 [INFO] IPUIPlugin:80 - create IPUIPlugin
2024-08-14 21:38:25,708 [INFO] PluginManager:220 - loadIPPluginJar : add tracer_emb
2024-08-14 21:38:25,730 [INFO] IPUIPlugin:80 - create IPUIPlugin
2024-08-14 21:38:25,730 [INFO] PluginManager:220 - loadIPPluginJar : add ts
2024-08-14 21:38:25,750 [INFO] IPUIPlugin:80 - create IPUIPlugin
2024-08-14 21:38:25,750 [INFO] PluginManager:220 - loadIPPluginJar : add tsc
2024-08-14 21:38:25,770 [INFO] IPUIPlugin:80 - create IPUIPlugin
2024-08-14 21:38:25,771 [INFO] PluginManager:220 - loadIPPluginJar : add ucpd
2024-08-14 21:38:25,810 [INFO] IPUIPlugin:80 - create IPUIPlugin
2024-08-14 21:38:25,810 [INFO] PluginManager:220 - loadIPPluginJar : add usart
2024-08-14 21:38:25,851 [INFO] IPUIPlugin:80 - create IPUIPlugin
2024-08-14 21:38:25,851 [INFO] PluginManager:220 - loadIPPluginJar : add usbx
2024-08-14 21:38:25,975 [INFO] CADModel:165 - CPN selected for project level
2024-08-14 21:38:25,975 [INFO] CADModel:114 - Register for checkConnection events
2024-08-14 21:38:25,975 [FATAL] Updater:308 - Updater called before beeing initialized
2024-08-14 21:38:25,975 [ERROR] CADModel:125 - Updater not yet initialized, retry later 
2024-08-14 21:38:26,105 [INFO] CADModel:165 - CPN selected for project level
2024-08-14 21:38:26,106 [INFO] CADModel:114 - Register for checkConnection events
2024-08-14 21:38:26,106 [FATAL] Updater:308 - Updater called before beeing initialized
2024-08-14 21:38:26,106 [ERROR] CADModel:125 - Updater not yet initialized, retry later 
2024-08-14 21:38:26,109 [FATAL] Updater:308 - Updater called before beeing initialized
2024-08-14 21:38:26,202 [FATAL] Updater:308 - Updater called before beeing initialized
2024-08-14 21:38:26,206 [INFO] DbMcusAds:53 - JSON generation date=Thu May 16 21:22:00 NZST 2024 (1715851320667)
2024-08-14 21:38:26,206 [FATAL] Updater:308 - Updater called before beeing initialized
2024-08-14 21:38:26,243 [WARN] DetailPanel:346 - Failed to get advertising image, set to default
2024-08-14 21:38:26,363 [FATAL] Updater:308 - Updater called before beeing initialized
2024-08-14 21:38:26,365 [FATAL] Updater:308 - Updater called before beeing initialized
2024-08-14 21:38:26,365 [FATAL] Updater:308 - Updater called before beeing initialized
2024-08-14 21:38:26,366 [WARN] DetailPanel:346 - Failed to get advertising image, set to default
2024-08-14 21:38:26,366 [FATAL] Updater:308 - Updater called before beeing initialized
2024-08-14 21:38:26,421 [ERROR] Updater:1120 - MainUpdater not yet initialized. External WinMGr cannot be set.
2024-08-14 21:38:26,432 [INFO] Updater:1056 - Updater Version found : 6.11.1
2024-08-14 21:38:26,448 [INFO] ApplicationProperties:184 - Using Application install path: C:\ST\STM32CubeIDE_1.15.0\STM32CubeIDE\plugins\com.st.stm32cube.common.mx_6.11.1.202404110753
2024-08-14 21:38:26,641 [INFO] ThirdPartyUpdaterWithRetryManager:70 - Updater plugin not ready yet. [2/15]
2024-08-14 21:38:28,017 [ERROR] LogOutputStream:75 - [STDERR_REDIRECT] Aug 14, 2024 9:38:28 PM java.util.prefs.WindowsPreferences <init>
2024-08-14 21:38:28,018 [ERROR] LogOutputStream:75 - [STDERR_REDIRECT] WARNING: Could not open/create prefs root node Software\JavaSoft\Prefs at root 0xffffffff80000002. Windows RegCreateKeyEx(...) returned error code 5.
2024-08-14 21:38:28,018 [ERROR] LogOutputStream:75 - [STDERR_REDIRECT] 
2024-08-14 21:38:28,250 [INFO] MainUpdater:2873 - connection check result : 10
2024-08-14 21:38:28,251 [INFO] MainUpdater:290 - Updater Check For Update Now.
2024-08-14 21:38:28,251 [INFO] MicroXplorer:498 - Change Database Version : DB.6.0.111
2024-08-14 21:38:28,266 [INFO] McuFinderGlobals:63 - Set McuFinder mode to 2 (CubeIDE integrated)
2024-08-14 21:38:28,273 [INFO] UserAuth:415 - Internet connection configuration mode: 1
2024-08-14 21:38:28,289 [INFO] JxBrowserEngine:152 - Initiate JxBrowser Engine with user profile folder
2024-08-14 21:38:28,426 [INFO] CheckServerUpdateThread:120 - End of CheckServer Thread
2024-08-14 21:38:29,803 [WARN] PackLoader:240 - Cannot read IP mode file for STMicroelectronics.FP-SNS-MOTENVWB1.1.4.0
2024-08-14 21:38:29,812 [WARN] PackLoader:240 - Cannot read IP mode file for STMicroelectronics.X-CUBE-SMBUS.2.1.0
2024-08-14 21:38:29,816 [WARN] PackLoader:240 - Cannot read IP mode file for STMicroelectronics.X-CUBE-TOUCHGFX.4.23.1
2024-08-14 21:38:29,818 [WARN] PackLoader:240 - Cannot read IP mode file for STMicroelectronics.X-CUBE-TOUCHGFX.4.23.0
2024-08-14 21:38:29,821 [WARN] PackLoader:240 - Cannot read IP mode file for STMicroelectronics.X-CUBE-TOUCHGFX.4.23.2
2024-08-14 21:38:29,848 [WARN] PackLoader:240 - Cannot read IP mode file for STMicroelectronics.X-CUBE-AZRTOS-F7.1.1.0
2024-08-14 21:38:29,858 [WARN] PackLoader:240 - Cannot read IP mode file for STMicroelectronics.FP-SNS-MOTENV1.4.3.2
2024-08-14 21:38:29,865 [WARN] PackLoader:240 - Cannot read IP mode file for STMicroelectronics.FP-SNS-FLIGHT1.5.0.2
2024-08-14 21:38:29,873 [WARN] PackLoader:240 - Cannot read IP mode file for STMicroelectronics.X-CUBE-DISPLAY.3.0.0
2024-08-14 21:38:29,884 [WARN] PackLoader:240 - Cannot read IP mode file for STMicroelectronics.X-CUBE-BLE1.7.0.0
2024-08-14 21:38:29,891 [WARN] PackLoader:240 - Cannot read IP mode file for emotas.I-CUBE-CANOPEN.1.3.0
2024-08-14 21:38:29,902 [WARN] PackLoader:240 - Cannot read IP mode file for STMicroelectronics.X-CUBE-BLEMGR.3.1.0
2024-08-14 21:38:29,915 [WARN] PackLoader:240 - Cannot read IP mode file for STMicroelectronics.FP-SNS-SMARTAG2.1.2.0
2024-08-14 21:38:29,924 [INFO] LogOutputStream:77 - [STDOUT_REDIRECT] 1 : Invalid condition id : UX_CORESTACK_Condition cause : null
2024-08-14 21:38:29,925 [INFO] LogOutputStream:77 - [STDOUT_REDIRECT] 1 : Invalid condition id : UX_CORESTACK_Condition cause : null
2024-08-14 21:38:29,926 [INFO] LogOutputStream:77 - [STDOUT_REDIRECT] 1 : Invalid condition id : UX_CORESTACK_Condition cause : null
2024-08-14 21:38:29,927 [INFO] LogOutputStream:77 - [STDOUT_REDIRECT] 1 : Invalid condition id : UX_CORESTACK_Condition cause : null
2024-08-14 21:38:29,928 [INFO] LogOutputStream:77 - [STDOUT_REDIRECT] 1 : Invalid condition id : UX_CORESTACK_Condition cause : null
2024-08-14 21:38:29,931 [WARN] PackLoader:240 - Cannot read IP mode file for STMicroelectronics.X-CUBE-AZRTOS-WL.2.0.0
2024-08-14 21:38:29,937 [WARN] PackLoader:240 - Cannot read IP mode file for STMicroelectronics.FP-SNS-MOTENV1.5.0.0
2024-08-14 21:38:29,942 [WARN] PackLoader:240 - Cannot read IP mode file for wolfSSL.I-CUBE-wolfMQTT.1.19.0
2024-08-14 21:38:29,953 [WARN] PackLoader:240 - Cannot read IP mode file for WES.I-CUBE-Cesium.1.3.0
2024-08-14 21:38:29,958 [WARN] PackLoader:240 - Cannot read IP mode file for STMicroelectronics.X-CUBE-BLE2.3.3.0
2024-08-14 21:38:29,964 [WARN] PackLoader:240 - Cannot read IP mode file for STMicroelectronics.X-CUBE-TCPP.4.1.0
2024-08-14 21:38:29,972 [WARN] PackLoader:240 - Cannot read IP mode file for STMicroelectronics.X-CUBE-ALGOBUILD.1.3.0
2024-08-14 21:38:29,986 [WARN] PackLoader:240 - Cannot read IP mode file for STMicroelectronics.X-CUBE-AZRTOS-G0.1.1.0
2024-08-14 21:38:29,994 [WARN] PackLoader:240 - Cannot read IP mode file for STMicroelectronics.X-CUBE-SAFEA1.1.2.2
2024-08-14 21:38:30,000 [WARN] PackLoader:240 - Cannot read IP mode file for STMicroelectronics.X-CUBE-NFC4.3.0.0
2024-08-14 21:38:30,009 [WARN] PackLoader:240 - Cannot read IP mode file for EmbeddedOffice.I-CUBE-FS-RTOS.1.0.1
2024-08-14 21:38:30,010 [ERROR] ConditionMgr:805 - Attr not supported : Dmpu
2024-08-14 21:38:30,010 [ERROR] ConditionMgr:805 - Attr not supported : Dmpu
2024-08-14 21:38:30,010 [ERROR] ConditionMgr:805 - Attr not supported : Dmpu
2024-08-14 21:38:30,010 [ERROR] ConditionMgr:805 - Attr not supported : Dmpu
2024-08-14 21:38:30,010 [ERROR] ConditionMgr:805 - Attr not supported : Dmpu
2024-08-14 21:38:30,010 [ERROR] ConditionMgr:805 - Attr not supported : Dmpu
2024-08-14 21:38:30,010 [ERROR] ConditionMgr:805 - Attr not supported : Dmpu
2024-08-14 21:38:30,010 [ERROR] ConditionMgr:805 - Attr not supported : Dmpu
2024-08-14 21:38:30,010 [ERROR] ConditionMgr:805 - Attr not supported : Dmpu
2024-08-14 21:38:30,010 [ERROR] ConditionMgr:805 - Attr not supported : Dmpu
2024-08-14 21:38:30,010 [ERROR] ConditionMgr:805 - Attr not supported : Dmpu
2024-08-14 21:38:30,010 [ERROR] ConditionMgr:805 - Attr not supported : Dmpu
2024-08-14 21:38:30,010 [ERROR] ConditionMgr:805 - Attr not supported : Dmpu
2024-08-14 21:38:30,010 [ERROR] ConditionMgr:805 - Attr not supported : Dmpu
2024-08-14 21:38:30,010 [ERROR] ConditionMgr:805 - Attr not supported : Dmpu
2024-08-14 21:38:30,011 [ERROR] ConditionMgr:805 - Attr not supported : Dmpu
2024-08-14 21:38:30,011 [ERROR] ConditionMgr:805 - Attr not supported : Dmpu
2024-08-14 21:38:30,011 [ERROR] ConditionMgr:805 - Attr not supported : Dmpu
2024-08-14 21:38:30,011 [ERROR] ConditionMgr:805 - Attr not supported : Dmpu
2024-08-14 21:38:30,011 [ERROR] ConditionMgr:805 - Attr not supported : Dmpu
2024-08-14 21:38:30,011 [ERROR] ConditionMgr:805 - Attr not supported : Dmpu
2024-08-14 21:38:30,011 [ERROR] ConditionMgr:805 - Attr not supported : Dmpu
2024-08-14 21:38:30,011 [ERROR] ConditionMgr:805 - Attr not supported : Dmpu
2024-08-14 21:38:30,011 [ERROR] ConditionMgr:805 - Attr not supported : Dmpu
2024-08-14 21:38:30,011 [ERROR] ConditionMgr:805 - Attr not supported : Dmpu
2024-08-14 21:38:30,011 [ERROR] ConditionMgr:805 - Attr not supported : Dmpu
2024-08-14 21:38:30,011 [ERROR] ConditionMgr:805 - Attr not supported : Dmpu
2024-08-14 21:38:30,011 [ERROR] ConditionMgr:805 - Attr not supported : Dmpu
2024-08-14 21:38:30,011 [ERROR] ConditionMgr:805 - Attr not supported : Dmpu
2024-08-14 21:38:30,011 [ERROR] ConditionMgr:805 - Attr not supported : Dmpu
2024-08-14 21:38:30,011 [ERROR] ConditionMgr:805 - Attr not supported : Dmpu
2024-08-14 21:38:30,012 [ERROR] ConditionMgr:805 - Attr not supported : Dmpu
2024-08-14 21:38:30,012 [ERROR] ConditionMgr:805 - Attr not supported : Dmpu
2024-08-14 21:38:30,012 [ERROR] ConditionMgr:805 - Attr not supported : Dmpu
2024-08-14 21:38:30,012 [ERROR] ConditionMgr:805 - Attr not supported : Dmpu
2024-08-14 21:38:30,012 [ERROR] ConditionMgr:805 - Attr not supported : Dmpu
2024-08-14 21:38:30,012 [ERROR] ConditionMgr:805 - Attr not supported : Dmpu
2024-08-14 21:38:30,012 [ERROR] ConditionMgr:805 - Attr not supported : Dmpu
2024-08-14 21:38:30,012 [ERROR] ConditionMgr:805 - Attr not supported : Dmpu
2024-08-14 21:38:30,012 [ERROR] ConditionMgr:805 - Attr not supported : Dmpu
2024-08-14 21:38:30,012 [ERROR] ConditionMgr:805 - Attr not supported : Dmpu
2024-08-14 21:38:30,012 [ERROR] ConditionMgr:805 - Attr not supported : Dmpu
2024-08-14 21:38:30,012 [ERROR] ConditionMgr:805 - Attr not supported : Dmpu
2024-08-14 21:38:30,012 [ERROR] ConditionMgr:805 - Attr not supported : Dmpu
2024-08-14 21:38:30,012 [ERROR] ConditionMgr:805 - Attr not supported : Dmpu
2024-08-14 21:38:30,013 [ERROR] ConditionMgr:805 - Attr not supported : Dmpu
2024-08-14 21:38:30,013 [ERROR] ConditionMgr:805 - Attr not supported : Dmpu
2024-08-14 21:38:30,013 [ERROR] ConditionMgr:805 - Attr not supported : Dmpu
2024-08-14 21:38:30,013 [ERROR] ConditionMgr:805 - Attr not supported : Dmpu
2024-08-14 21:38:30,013 [ERROR] ConditionMgr:805 - Attr not supported : Dmpu
2024-08-14 21:38:30,013 [ERROR] ConditionMgr:805 - Attr not supported : Dmpu
2024-08-14 21:38:30,013 [ERROR] ConditionMgr:805 - Attr not supported : Dmpu
2024-08-14 21:38:30,013 [ERROR] ConditionMgr:805 - Attr not supported : Dmpu
2024-08-14 21:38:30,013 [ERROR] ConditionMgr:805 - Attr not supported : Dmpu
2024-08-14 21:38:30,013 [ERROR] ConditionMgr:805 - Attr not supported : Dmpu
2024-08-14 21:38:30,013 [ERROR] ConditionMgr:805 - Attr not supported : Dmpu
2024-08-14 21:38:30,013 [ERROR] ConditionMgr:805 - Attr not supported : Dmpu
2024-08-14 21:38:30,013 [ERROR] ConditionMgr:805 - Attr not supported : Dmpu
2024-08-14 21:38:30,013 [ERROR] ConditionMgr:805 - Attr not supported : Dmpu
2024-08-14 21:38:30,013 [ERROR] ConditionMgr:805 - Attr not supported : Dmpu
2024-08-14 21:38:30,014 [ERROR] ConditionMgr:805 - Attr not supported : Dmpu
2024-08-14 21:38:30,014 [ERROR] ConditionMgr:805 - Attr not supported : Dmpu
2024-08-14 21:38:30,014 [ERROR] ConditionMgr:805 - Attr not supported : Dmpu
2024-08-14 21:38:30,014 [ERROR] ConditionMgr:805 - Attr not supported : Dmpu
2024-08-14 21:38:30,019 [WARN] PackLoader:240 - Cannot read IP mode file for RealThread.X-CUBE-RT-Thread_Nano.4.1.1
2024-08-14 21:38:30,022 [WARN] PackLoader:240 - Cannot read IP mode file for STMicroelectronics.FP-ATR-SIGFOX1.3.2.0
2024-08-14 21:38:30,027 [WARN] PackLoader:240 - Cannot read IP mode file for STMicroelectronics.X-CUBE-EEPRMA1.5.1.0
2024-08-14 21:38:30,049 [WARN] PackLoader:240 - Cannot read IP mode file for SEGGER.I-CUBE-embOS.1.3.1
2024-08-14 21:38:30,084 [WARN] PackLoader:240 - Cannot read IP mode file for STMicroelectronics.X-CUBE-ALGOBUILD.1.4.0
2024-08-14 21:38:30,089 [WARN] PackLoader:240 - Cannot read IP mode file for STMicroelectronics.X-CUBE-GNSS1.6.0.0
2024-08-14 21:38:30,101 [WARN] PackLoader:240 - Cannot read IP mode file for STMicroelectronics.X-CUBE-AZRTOS-F4.1.1.0
2024-08-14 21:38:30,106 [WARN] PackLoader:240 - Cannot read IP mode file for STMicroelectronics.X-CUBE-FREERTOS.1.2.0
2024-08-14 21:38:30,109 [WARN] PackLoader:240 - Cannot read IP mode file for wolfSSL.I-CUBE-wolfSSL.5.6.6
2024-08-14 21:38:30,120 [WARN] PackLoader:240 - Cannot read IP mode file for STMicroelectronics.X-CUBE-AZRTOS-L5.2.0.0
2024-08-14 21:38:30,130 [WARN] PackLoader:240 - Cannot read IP mode file for STMicroelectronics.X-CUBE-NFC6.3.1.0
2024-08-14 21:38:30,138 [WARN] PackLoader:240 - Cannot read IP mode file for ITTIA_DB.I-CUBE-ITTIADB.8.8.0
2024-08-14 21:38:30,143 [WARN] PackLoader:240 - Cannot read IP mode file for STMicroelectronics.X-CUBE-DPower.1.2.0
2024-08-14 21:38:30,148 [WARN] PackLoader:240 - Cannot read IP mode file for STMicroelectronics.X-CUBE-AI.9.0.0
2024-08-14 21:38:30,153 [WARN] PackLoader:240 - Cannot read IP mode file for STMicroelectronics.X-CUBE-NFC7.1.0.1
2024-08-14 21:38:30,157 [WARN] PackLoader:240 - Cannot read IP mode file for wolfSSL.I-CUBE-wolfTPM.3.2.0
2024-08-14 21:38:30,163 [WARN] PackLoader:240 - Cannot read IP mode file for STMicroelectronics.X-CUBE-NFC6.3.0.0
2024-08-14 21:38:30,169 [WARN] PackLoader:240 - Cannot read IP mode file for STMicroelectronics.X-CUBE-AI.8.1.0
2024-08-14 21:38:30,200 [WARN] ConditionMgr:438 - getConditionDescription Invalid condition id : LAN8742 Phy interface Condition cause : null
2024-08-14 21:38:30,201 [WARN] PackLoader:240 - Cannot read IP mode file for STMicroelectronics.X-CUBE-AZRTOS-L4.2.0.0
2024-08-14 21:38:30,204 [WARN] ConditionMgr:1039 - genDependencies : Invalid condition id : LAN8742 Phy interface Condition cause : null
2024-08-14 21:38:30,205 [WARN] ConditionMgr:1039 - genDependencies : Invalid condition id : LAN8742 Phy interface Condition cause : null
2024-08-14 21:38:30,206 [WARN] ConditionMgr:1039 - genDependencies : Invalid condition id : LAN8742 Phy interface Condition cause : null
2024-08-14 21:38:30,214 [WARN] PackLoader:240 - Cannot read IP mode file for STMicroelectronics.X-CUBE-SFXS2LP1.4.0.0
2024-08-14 21:38:30,234 [WARN] PackLoader:240 - Cannot read IP mode file for STMicroelectronics.X-CUBE-AZRTOS-H7.3.3.0
2024-08-14 21:38:30,244 [WARN] ConditionMgr:438 - getConditionDescription Invalid condition id : UX DEVICE CLASS RTOS Condition cause : null
2024-08-14 21:38:30,244 [WARN] ConditionMgr:438 - getConditionDescription Invalid condition id : UX DEVICE CLASS RTOS Condition cause : null
2024-08-14 21:38:30,246 [WARN] PackLoader:240 - Cannot read IP mode file for STMicroelectronics.X-CUBE-AZRTOS-WB.2.0.0
2024-08-14 21:38:30,246 [WARN] ConditionMgr:1039 - genDependencies : Invalid condition id : UX DEVICE CLASS RTOS Condition cause : null
2024-08-14 21:38:30,246 [WARN] ConditionMgr:1039 - genDependencies : Invalid condition id : UX DEVICE CLASS RTOS Condition cause : null
2024-08-14 21:38:30,247 [WARN] ConditionMgr:1039 - genDependencies : Invalid condition id : UX DEVICE CLASS RTOS Condition cause : null
2024-08-14 21:38:30,247 [WARN] ConditionMgr:1039 - genDependencies : Invalid condition id : UX DEVICE CLASS RTOS Condition cause : null
2024-08-14 21:38:30,247 [WARN] ConditionMgr:1039 - genDependencies : Invalid condition id : UX DEVICE CLASS RTOS Condition cause : null
2024-08-14 21:38:30,253 [WARN] PackLoader:240 - Cannot read IP mode file for STMicroelectronics.FP-SNS-STBOX1.2.0.0
2024-08-14 21:38:30,262 [WARN] PackLoader:240 - Cannot read IP mode file for STMicroelectronics.X-CUBE-SUBG2.5.0.0
2024-08-14 21:38:30,276 [WARN] PackLoader:240 - Cannot read IP mode file for STMicroelectronics.X-CUBE-AZRTOS-G4.2.0.0
2024-08-14 21:38:30,286 [WARN] PackLoader:240 - Cannot read IP mode file for Infineon.AIROC-Wi-Fi-Bluetooth-STM32.1.5.1
2024-08-14 21:38:30,292 [WARN] PackLoader:240 - Cannot read IP mode file for STMicroelectronics.FP-SNS-MOTENVWB1.1.3.1
2024-08-14 21:38:30,296 [WARN] PackLoader:240 - Cannot read IP mode file for STMicroelectronics.X-CUBE-ISPU.2.0.0
2024-08-14 21:38:30,300 [WARN] PackLoader:240 - Cannot read IP mode file for STMicroelectronics.X-CUBE-ALS.1.0.2
2024-08-14 21:38:30,326 [WARN] PackLoader:240 - Cannot read IP mode file for STMicroelectronics.X-CUBE-MEMS1.10.0.0
2024-08-14 21:38:30,424 [WARN] PackLoader:240 - Cannot read IP mode file for STMicroelectronics.X-CUBE-FREERTOS.1.1.0
2024-08-14 21:38:30,427 [WARN] PackLoader:240 - Cannot read IP mode file for STMicroelectronics.X-CUBE-TOUCHGFX.4.24.0
2024-08-14 21:38:30,432 [WARN] PackLoader:240 - Cannot read IP mode file for portGmbH.I-Cube-SoM-uGOAL.1.1.0
2024-08-14 21:38:30,435 [WARN] PackLoader:240 - Cannot read IP mode file for STMicroelectronics.X-CUBE-ALS.1.0.1
2024-08-14 21:38:30,450 [WARN] PackLoader:240 - Cannot read IP mode file for STMicroelectronics.X-CUBE-AZRTOS-H7RS.1.0.0
2024-08-14 21:38:30,454 [WARN] PackLoader:240 - Cannot read IP mode file for STMicroelectronics.FP-ATR-ASTRA1.2.0.0
2024-08-14 21:38:30,462 [WARN] PackLoader:240 - Cannot read IP mode file for STMicroelectronics.X-CUBE-TOF1.3.4.2
2024-08-14 21:38:30,476 [WARN] PackLoader:240 - Cannot read IP mode file for STMicroelectronics.X-CUBE-TOF1.3.4.1
2024-08-14 21:38:30,505 [WARN] PackLoader:240 - Cannot read IP mode file for STMicroelectronics.X-CUBE-AZRTOS-H7.3.2.0
2024-08-14 21:38:30,512 [WARN] PackLoader:240 - Cannot read IP mode file for wolfSSL.I-CUBE-wolfSSH.1.4.17
2024-08-14 21:38:30,512 [INFO] ThirdParty:978 - Integrity check success = true
2024-08-14 21:38:30,513 [INFO] IntegrityCheckThread:100 - exiting critical section [integrity check]
2024-08-14 21:38:30,513 [INFO] IntegrityCheckThread:103 - End integrity checks thread
2024-08-14 21:38:32,272 [INFO] WebApp:161 - Instantiating new browser for Auth
2024-08-14 21:38:32,842 [INFO] WebApp:779 - Register for checkConnection events
2024-08-14 21:38:32,842 [INFO] WebApp:414 - Apply proxy settings
2024-08-14 21:38:32,842 [INFO] WebApp:499 - Chromium requires no authentication
2024-08-14 21:38:32,850 [INFO] WebApp:442 - Direct internet connection detected
2024-08-14 21:38:33,005 [INFO] WebApp:192 - Starting web application
2024-08-14 21:38:33,005 [INFO] WebApp:544 - Web application path used C:\ST\STM32CubeIDE_1.15.0\STM32CubeIDE\plugins\com.st.stm32cube.common.mx_6.11.1.202404110753\db\plugins\mcufinder\reactClient1\index.html
